#
# A fatal error has been detected by the Java Runtime Environment:
#
#  SIGSEGV (0xb) at pc=0x00007fa568ac3a93, pid=12265, tid=140348362348288
#
# JRE version: Java(TM) SE Runtime Environment (8.0_77-b03) (build 1.8.0_77-b03)
# Java VM: Java HotSpot(TM) 64-Bit Server VM (25.77-b03 mixed mode linux-amd64 compressed oops)
# Problematic frame:
# V  [libjvm.so+0x984a93]  oopDesc* PSPromotionManager::copy_to_survivor_space<false>(oopDesc*)+0x143
#
# Failed to write core dump. Core dumps have been disabled. To enable core dumping, try "ulimit -c unlimited" before starting Java again
#
# If you would like to submit a bug report, please visit:
#   http://bugreport.java.com/bugreport/crash.jsp
#

---------------  T H R E A D  ---------------

Current thread (0x00007fa560022800):  GCTaskThread [stack: 0x00007fa566385000,0x00007fa566486000] [id=12269]

siginfo: si_signo: 11 (SIGSEGV), si_code: 1 (SEGV_MAPERR), si_addr: 0x0000000000000050

Registers:
RAX=0x00007fa5690c0830, RBX=0x00000000f8a37758, RCX=0x0000000000000003, RDX=0x0000000000000001
RSP=0x00007fa566484a70, RBP=0x00007fa566484ae0, RSI=0x00000000f376ed50, RDI=0x0000000000000048
R8 =0x00000000f8a37778, R9 =0x00000000f8a3ea40, R10=0x00007fa5690e4c19, R11=0x00007fa5692a6a30
R12=0x00000000f376ed50, R13=0x0000000000000000, R14=0x0000000000000000, R15=0x00007fa5600752e8
RIP=0x00007fa568ac3a93, EFLAGS=0x0000000000010206, CSGSFS=0x0000000000000033, ERR=0x0000000000000004
  TRAPNO=0x000000000000000e

Top of Stack: (sp=0x00007fa566484a70)
0x00007fa566484a70:   00007fa566484b50 00007fa5690e4c19
0x00007fa566484a80:   0000000000000000 00007fa560075280
0x00007fa566484a90:   00000000f882f5c1 00007fa566484b00
0x00007fa566484aa0:   00000000f8a36a50 0000000000001000
0x00007fa566484ab0:   00007fa566484ae0 00000000f8a37758
0x00007fa566484ac0:   00007fa560075280 00007fa5690c0820
0x00007fa566484ad0:   0000000000000000 00007fa5600752e8
0x00007fa566484ae0:   00007fa566484bd0 00007fa568ac3318
0x00007fa566484af0:   00007fa566484b50 00007fa566484b60
0x00007fa566484b00:   00007fa566484b70 00007fa566484b30
0x00007fa566484b10:   00007fa566484b40 00007fa566484b90
0x00007fa566484b20:   01007fa560023150 00007fa560075318
0x00007fa566484b30:   00000000f3620298 000000000000000d
0x00007fa566484b40:   0000000000000000 0000000000000003
0x00007fa566484b50:   00007fa566484bd0 00007fa568ac3ebe
0x00007fa566484b60:   0000127700000359 00007fa568c836fb
0x00007fa566484b70:   0000060800000184 00007fa560075280
0x00007fa566484b80:   0000060900000184 00007fa568c8370f
0x00007fa566484b90:   00000000f8a37759 00007fa566484b00
0x00007fa566484ba0:   00007fa566484bc0 00000000f873f2e0
0x00007fa566484bb0:   00007fa5690c0820 0000000000000002
0x00007fa566484bc0:   00007fa566484bf0 00007fa566484bfc
0x00007fa566484bd0:   00007fa566484c30 00007fa568ac711e
0x00007fa566484be0:   00007fa528035720 00007fa560075280
0x00007fa566484bf0:   00000000f873f2e1 10c05221687128a7
0x00007fa566484c00:   00007fa566484c30 00007fa528035720
0x00007fa566484c10:   00007fa560022800 0000000000000001
0x00007fa566484c20:   00007fa560023150 00007fa568c83721
0x00007fa566484c30:   00007fa566484d40 00007fa56871359f
0x00007fa566484c40:   0000000000000000 00007fa566484c80
0x00007fa566484c50:   00007fa566484d00 0000000000000000
0x00007fa566484c60:   00007fa560023190 00007fa5600231a0 

Instructions: (pc=0x00007fa568ac3a93)
0x00007fa568ac3a73:   83 e0 07 48 83 f8 05 75 d3 31 db eb d6 48 8b 05
0x00007fa568ac3a83:   c1 dd 5d 00 8b 7e 08 8b 48 08 48 d3 e7 48 03 38
0x00007fa568ac3a93:   8b 77 08 83 fe 00 0f 8f 0a ff ff ff 0f 85 4b 02
0x00007fa568ac3aa3:   00 00 0f 1f 00 48 8b 07 4c 89 e6 4c 89 55 98 ff 

Register to memory mapping:

RAX=0x00007fa5690c0830: <offset 0xf81830> in /usr/lib/jvm/java-8-oracle/jre/lib/amd64/server/libjvm.so at 0x00007fa56813f000
RBX=0x00000000f8a37758 is an oop

[error occurred during error reporting (printing register info), id 0xb]

Stack: [0x00007fa566385000,0x00007fa566486000],  sp=0x00007fa566484a70,  free space=1022k
Native frames: (J=compiled Java code, j=interpreted, Vv=VM code, C=native code)
V  [libjvm.so+0x984a93]  oopDesc* PSPromotionManager::copy_to_survivor_space<false>(oopDesc*)+0x143
V  [libjvm.so+0x984318]  PSPromotionManager::drain_stacks_depth(bool)+0x7e8
V  [libjvm.so+0x98811e]  StealTask::do_it(GCTaskManager*, unsigned int)+0x19e
V  [libjvm.so+0x5d459f]  GCTaskThread::run()+0x12f
V  [libjvm.so+0x91d9d8]  java_start(Thread*)+0x108


---------------  P R O C E S S  ---------------

Java Threads: ( => current thread )
  0x00007fa4d400b800 JavaThread "pool-6-thread-6" [_thread_blocked, id=12356, stack(0x00007fa540fcf000,0x00007fa5410d0000)]
  0x00007fa4dc001800 JavaThread "pool-6-thread-5" [_thread_blocked, id=12355, stack(0x00007fa5410d0000,0x00007fa5411d1000)]
  0x00007fa4d8069000 JavaThread "pool-6-thread-4" [_thread_blocked, id=12354, stack(0x00007fa5411d1000,0x00007fa5412d2000)]
  0x00007fa4d8067800 JavaThread "pool-6-thread-3" [_thread_blocked, id=12353, stack(0x00007fa5412d2000,0x00007fa5413d3000)]
  0x00007fa4d8066000 JavaThread "pool-6-thread-2" [_thread_blocked, id=12352, stack(0x00007fa5413d3000,0x00007fa5414d4000)]
  0x00007fa4d8062800 JavaThread "pool-6-thread-1" [_thread_blocked, id=12351, stack(0x00007fa5414d4000,0x00007fa5415d5000)]
  0x00007fa4cc09b000 JavaThread "ForkJoinPool-1-worker-1" daemon [_thread_blocked, id=12350, stack(0x00007fa5415d5000,0x00007fa5416d6000)]
  0x00007fa4d8060800 JavaThread "netty-event-loop-3" [_thread_blocked, id=12349, stack(0x00007fa5418d6000,0x00007fa5419d7000)]
  0x00007fa500b6a000 JavaThread "netty-event-loop-2" [_thread_blocked, id=12331, stack(0x00007fa541bd7000,0x00007fa541cd8000)]
  0x00007fa4d8002800 JavaThread "play-dev-mode-akka.actor.default-dispatcher-4" [_thread_blocked, id=12329, stack(0x00007fa541ed8000,0x00007fa541fd9000)]
  0x00007fa5009e4800 JavaThread "play-dev-mode-akka.actor.default-dispatcher-3" [_thread_blocked, id=12328, stack(0x00007fa541fd9000,0x00007fa5420da000)]
  0x00007fa5009e1000 JavaThread "play-dev-mode-akka.actor.default-dispatcher-2" [_thread_blocked, id=12327, stack(0x00007fa5422da000,0x00007fa5423db000)]
  0x00007fa5009a7800 JavaThread "play-dev-mode-scheduler-1" [_thread_blocked, id=12326, stack(0x00007fa5423db000,0x00007fa5424dc000)]
  0x00007fa5007c5000 JavaThread "sbt-play-watch-service" daemon [_thread_blocked, id=12325, stack(0x00007fa542adc000,0x00007fa542bdd000)]
  0x00007fa5007c3000 JavaThread "Thread-1" daemon [_thread_in_native, id=12324, stack(0x00007fa542bdd000,0x00007fa542cde000)]
  0x00007fa4f4003000 JavaThread "pool-4-thread-7" [_thread_blocked, id=12323, stack(0x00007fa543194000,0x00007fa543295000)]
  0x00007fa4f8001000 JavaThread "pool-4-thread-6" [_thread_blocked, id=12322, stack(0x00007fa543295000,0x00007fa543396000)]
  0x00007fa4f4001000 JavaThread "pool-4-thread-5" [_thread_blocked, id=12321, stack(0x00007fa543396000,0x00007fa543497000)]
  0x00007fa5618cc800 JavaThread "pool-4-thread-4" [_thread_blocked, id=12320, stack(0x00007fa543497000,0x00007fa543598000)]
  0x00007fa5618ca800 JavaThread "pool-4-thread-3" [_thread_blocked, id=12319, stack(0x00007fa543598000,0x00007fa543699000)]
  0x00007fa5618ca000 JavaThread "pool-4-thread-2" [_thread_in_native, id=12318, stack(0x00007fa548313000,0x00007fa548414000)]
  0x00007fa5618c6000 JavaThread "pool-4-thread-1" [_thread_blocked, id=12317, stack(0x00007fa548917000,0x00007fa548a18000)]
  0x00007fa4fc04c800 JavaThread "sbt-web-akka.actor.default-dispatcher-4" [_thread_blocked, id=12316, stack(0x00007fa548715000,0x00007fa548816000)]
  0x00007fa5618a8800 JavaThread "sbt-web-akka.actor.default-dispatcher-3" [_thread_blocked, id=12315, stack(0x00007fa548a18000,0x00007fa548b19000)]
  0x00007fa561895800 JavaThread "sbt-web-akka.actor.default-dispatcher-2" [_thread_blocked, id=12314, stack(0x00007fa548614000,0x00007fa548715000)]
  0x00007fa56182b800 JavaThread "sbt-web-scheduler-1" [_thread_blocked, id=12313, stack(0x00007fa548816000,0x00007fa548917000)]
  0x00007fa5600c8800 JavaThread "Service Thread" daemon [_thread_blocked, id=12278, stack(0x00007fa54aa30000,0x00007fa54ab31000)]
  0x00007fa5600bd800 JavaThread "C1 CompilerThread2" daemon [_thread_blocked, id=12277, stack(0x00007fa54ab31000,0x00007fa54ac32000)]
  0x00007fa5600bb800 JavaThread "C2 CompilerThread1" daemon [_thread_blocked, id=12276, stack(0x00007fa54ac32000,0x00007fa54ad33000)]
  0x00007fa5600b8800 JavaThread "C2 CompilerThread0" daemon [_thread_blocked, id=12275, stack(0x00007fa54ad33000,0x00007fa54ae34000)]
  0x00007fa5600b7000 JavaThread "Signal Dispatcher" daemon [_thread_blocked, id=12274, stack(0x00007fa54ae34000,0x00007fa54af35000)]
  0x00007fa560084000 JavaThread "Finalizer" daemon [_thread_blocked, id=12273, stack(0x00007fa54b370000,0x00007fa54b471000)]
  0x00007fa56007f800 JavaThread "Reference Handler" daemon [_thread_blocked, id=12272, stack(0x00007fa54b471000,0x00007fa54b572000)]
  0x00007fa56000a000 JavaThread "main" [_thread_blocked, id=12266, stack(0x00007fa569c12000,0x00007fa569d13000)]

Other Threads:
  0x00007fa560078000 VMThread [stack: 0x00007fa54b572000,0x00007fa54b673000] [id=12271]
  0x00007fa5600cb800 WatcherThread [stack: 0x00007fa54a92f000,0x00007fa54aa30000] [id=12279]

=>0x00007fa560022800 (exited) GCTaskThread [stack: 0x00007fa566385000,0x00007fa566486000] [id=12269]

VM state:at safepoint (normal execution)

VM Mutex/Monitor currently owned by a thread:  ([mutex/lock_event])
[0x00007fa560006320] Threads_lock - owner thread: 0x00007fa560078000
[0x00007fa560006820] Heap_lock - owner thread: 0x00007fa4d8062800

Heap:
 PSYoungGen      total 153088K, used 132257K [0x00000000eab00000, 0x00000000f9080000, 0x0000000100000000)
  eden space 131584K, 84% used [0x00000000eab00000,0x00000000f1763518,0x00000000f2b80000)
  from space 21504K, 98% used [0x00000000f2b80000,0x00000000f4045298,0x00000000f4080000)
  to   space 22528K, 98% used [0x00000000f7a80000,0x00000000f9036a50,0x00000000f9080000)
 ParOldGen       total 349696K, used 14287K [0x00000000c0000000, 0x00000000d5580000, 0x00000000eab00000)
  object space 349696K, 4% used [0x00000000c0000000,0x00000000c0df3cf8,0x00000000d5580000)
 Metaspace       used 67051K, capacity 67624K, committed 67840K, reserved 1103872K
  class space    used 12344K, capacity 12513K, committed 12544K, reserved 1048576K

Card table byte_map: [0x00007fa5667de000,0x00007fa5669df000] byte_map_base: 0x00007fa5661de000

Marking Bits: (ParMarkBitMap*) 0x00007fa5690f4100
 Begin Bits: [0x00007fa564284000, 0x00007fa565284000)
 End Bits:   [0x00007fa565284000, 0x00007fa566284000)

Polling page: 0x00007fa569d3b000

CodeCache: size=245760Kb used=13686Kb max_used=14288Kb free=232073Kb
 bounds [0x00007fa551000000, 0x00007fa551e30000, 0x00007fa560000000]
 total_blobs=5959 nmethods=5466 adapters=403
 compilation: enabled

Compilation events (10 events):
Event: 33,868 Thread 0x00007fa5600bd800 6523       3       java.util.regex.Pattern::atom (379 bytes)
Event: 33,870 Thread 0x00007fa5600bd800 nmethod 6523 0x00007fa5518d55d0 code [0x00007fa5518d58e0, 0x00007fa5518d6e58]
Event: 33,870 Thread 0x00007fa5600bd800 6522       3       java.util.regex.Pattern$GroupHead::<init> (10 bytes)
Event: 33,870 Thread 0x00007fa5600bd800 nmethod 6522 0x00007fa551270f90 code [0x00007fa551271100, 0x00007fa551271330]
Event: 33,878 Thread 0x00007fa5600b8800 6524   !   4       java.net.URL::set (114 bytes)
Event: 33,878 Thread 0x00007fa5600bb800 6525       4       java.net.URLStreamHandler::setURL (40 bytes)
Event: 33,880 Thread 0x00007fa5600b8800 nmethod 6524 0x00007fa551389b50 code [0x00007fa551389ca0, 0x00007fa551389f78]
Event: 33,881 Thread 0x00007fa5600bb800 nmethod 6525 0x00007fa551291dd0 code [0x00007fa551291f20, 0x00007fa551292238]
Event: 33,901 Thread 0x00007fa5600bd800 6526   !   3       sun.misc.URLClassPath$FileLoader::getResource (164 bytes)
Event: 33,903 Thread 0x00007fa5600bd800 nmethod 6526 0x00007fa551162610 code [0x00007fa551162980, 0x00007fa5511645b8]

GC Heap History (10 events):
Event: 17,011 GC heap after
Heap after GC invocations=7 (full 3):
 PSYoungGen      total 153088K, used 64K [0x00000000eab00000, 0x00000000f5580000, 0x0000000100000000)
  eden space 131584K, 0% used [0x00000000eab00000,0x00000000eab00000,0x00000000f2b80000)
  from space 21504K, 0% used [0x00000000f4080000,0x00000000f4090000,0x00000000f5580000)
  to   space 21504K, 0% used [0x00000000f2b80000,0x00000000f2b80000,0x00000000f4080000)
 ParOldGen       total 349696K, used 17802K [0x00000000c0000000, 0x00000000d5580000, 0x00000000eab00000)
  object space 349696K, 5% used [0x00000000c0000000,0x00000000c1162950,0x00000000d5580000)
 Metaspace       used 40202K, capacity 40454K, committed 40704K, reserved 1083392K
  class space    used 7624K, capacity 7656K, committed 7680K, reserved 1048576K
}
Event: 17,011 GC heap before
{Heap before GC invocations=8 (full 4):
 PSYoungGen      total 153088K, used 64K [0x00000000eab00000, 0x00000000f5580000, 0x0000000100000000)
  eden space 131584K, 0% used [0x00000000eab00000,0x00000000eab00000,0x00000000f2b80000)
  from space 21504K, 0% used [0x00000000f4080000,0x00000000f4090000,0x00000000f5580000)
  to   space 21504K, 0% used [0x00000000f2b80000,0x00000000f2b80000,0x00000000f4080000)
 ParOldGen       total 349696K, used 17802K [0x00000000c0000000, 0x00000000d5580000, 0x00000000eab00000)
  object space 349696K, 5% used [0x00000000c0000000,0x00000000c1162950,0x00000000d5580000)
 Metaspace       used 40202K, capacity 40454K, committed 40704K, reserved 1083392K
  class space    used 7624K, capacity 7656K, committed 7680K, reserved 1048576K
Event: 17,069 GC heap after
Heap after GC invocations=8 (full 4):
 PSYoungGen      total 153088K, used 0K [0x00000000eab00000, 0x00000000f5580000, 0x0000000100000000)
  eden space 131584K, 0% used [0x00000000eab00000,0x00000000eab00000,0x00000000f2b80000)
  from space 21504K, 0% used [0x00000000f4080000,0x00000000f4080000,0x00000000f5580000)
  to   space 21504K, 0% used [0x00000000f2b80000,0x00000000f2b80000,0x00000000f4080000)
 ParOldGen       total 349696K, used 14263K [0x00000000c0000000, 0x00000000d5580000, 0x00000000eab00000)
  object space 349696K, 4% used [0x00000000c0000000,0x00000000c0dedcf8,0x00000000d5580000)
 Metaspace       used 40202K, capacity 40454K, committed 40704K, reserved 1083392K
  class space    used 7624K, capacity 7656K, committed 7680K, reserved 1048576K
}
Event: 20,234 GC heap before
{Heap before GC invocations=9 (full 4):
 PSYoungGen      total 153088K, used 131584K [0x00000000eab00000, 0x00000000f5580000, 0x0000000100000000)
  eden space 131584K, 100% used [0x00000000eab00000,0x00000000f2b80000,0x00000000f2b80000)
  from space 21504K, 0% used [0x00000000f4080000,0x00000000f4080000,0x00000000f5580000)
  to   space 21504K, 0% used [0x00000000f2b80000,0x00000000f2b80000,0x00000000f4080000)
 ParOldGen       total 349696K, used 14263K [0x00000000c0000000, 0x00000000d5580000, 0x00000000eab00000)
  object space 349696K, 4% used [0x00000000c0000000,0x00000000c0dedcf8,0x00000000d5580000)
 Metaspace       used 43842K, capacity 44176K, committed 44288K, reserved 1085440K
  class space    used 8569K, capacity 8641K, committed 8704K, reserved 1048576K
Event: 20,243 GC heap after
Heap after GC invocations=9 (full 4):
 PSYoungGen      total 153088K, used 9604K [0x00000000eab00000, 0x00000000f5580000, 0x0000000100000000)
  eden space 131584K, 0% used [0x00000000eab00000,0x00000000eab00000,0x00000000f2b80000)
  from space 21504K, 44% used [0x00000000f2b80000,0x00000000f34e1298,0x00000000f4080000)
  to   space 21504K, 0% used [0x00000000f4080000,0x00000000f4080000,0x00000000f5580000)
 ParOldGen       total 349696K, used 14271K [0x00000000c0000000, 0x00000000d5580000, 0x00000000eab00000)
  object space 349696K, 4% used [0x00000000c0000000,0x00000000c0defcf8,0x00000000d5580000)
 Metaspace       used 43842K, capacity 44176K, committed 44288K, reserved 1085440K
  class space    used 8569K, capacity 8641K, committed 8704K, reserved 1048576K
}
Event: 21,395 GC heap before
{Heap before GC invocations=10 (full 4):
 PSYoungGen      total 153088K, used 141188K [0x00000000eab00000, 0x00000000f5580000, 0x0000000100000000)
  eden space 131584K, 100% used [0x00000000eab00000,0x00000000f2b80000,0x00000000f2b80000)
  from space 21504K, 44% used [0x00000000f2b80000,0x00000000f34e1298,0x00000000f4080000)
  to   space 21504K, 0% used [0x00000000f4080000,0x00000000f4080000,0x00000000f5580000)
 ParOldGen       total 349696K, used 14271K [0x00000000c0000000, 0x00000000d5580000, 0x00000000eab00000)
  object space 349696K, 4% used [0x00000000c0000000,0x00000000c0defcf8,0x00000000d5580000)
 Metaspace       used 47960K, capacity 48304K, committed 48640K, reserved 1089536K
  class space    used 9308K, capacity 9377K, committed 9472K, reserved 1048576K
Event: 21,409 GC heap after
Heap after GC invocations=10 (full 4):
 PSYoungGen      total 153088K, used 10702K [0x00000000eab00000, 0x00000000f8e00000, 0x0000000100000000)
  eden space 131584K, 0% used [0x00000000eab00000,0x00000000eab00000,0x00000000f2b80000)
  from space 21504K, 49% used [0x00000000f4080000,0x00000000f4af39e8,0x00000000f5580000)
  to   space 21504K, 0% used [0x00000000f2b80000,0x00000000f2b80000,0x00000000f4080000)
 ParOldGen       total 349696K, used 14279K [0x00000000c0000000, 0x00000000d5580000, 0x00000000eab00000)
  object space 349696K, 4% used [0x00000000c0000000,0x00000000c0df1cf8,0x00000000d5580000)
 Metaspace       used 47960K, capacity 48304K, committed 48640K, reserved 1089536K
  class space    used 9308K, capacity 9377K, committed 9472K, reserved 1048576K
}
Event: 25,483 GC heap before
{Heap before GC invocations=11 (full 4):
 PSYoungGen      total 153088K, used 142286K [0x00000000eab00000, 0x00000000f8e00000, 0x0000000100000000)
  eden space 131584K, 100% used [0x00000000eab00000,0x00000000f2b80000,0x00000000f2b80000)
  from space 21504K, 49% used [0x00000000f4080000,0x00000000f4af39e8,0x00000000f5580000)
  to   space 21504K, 0% used [0x00000000f2b80000,0x00000000f2b80000,0x00000000f4080000)
 ParOldGen       total 349696K, used 14279K [0x00000000c0000000, 0x00000000d5580000, 0x00000000eab00000)
  object space 349696K, 4% used [0x00000000c0000000,0x00000000c0df1cf8,0x00000000d5580000)
 Metaspace       used 55559K, capacity 56000K, committed 56064K, reserved 1095680K
  class space    used 10622K, capacity 10705K, committed 10752K, reserved 1048576K
Event: 25,506 GC heap after
Heap after GC invocations=11 (full 4):
 PSYoungGen      total 153088K, used 21268K [0x00000000eab00000, 0x00000000f9080000, 0x0000000100000000)
  eden space 131584K, 0% used [0x00000000eab00000,0x00000000eab00000,0x00000000f2b80000)
  from space 21504K, 98% used [0x00000000f2b80000,0x00000000f4045298,0x00000000f4080000)
  to   space 22528K, 0% used [0x00000000f7a80000,0x00000000f7a80000,0x00000000f9080000)
 ParOldGen       total 349696K, used 14287K [0x00000000c0000000, 0x00000000d5580000, 0x00000000eab00000)
  object space 349696K, 4% used [0x00000000c0000000,0x00000000c0df3cf8,0x00000000d5580000)
 Metaspace       used 55559K, capacity 56000K, committed 56064K, reserved 1095680K
  class space    used 10622K, capacity 10705K, committed 10752K, reserved 1048576K
}
Event: 33,921 GC heap before
{Heap before GC invocations=12 (full 4):
 PSYoungGen      total 153088K, used 132257K [0x00000000eab00000, 0x00000000f9080000, 0x0000000100000000)
  eden space 131584K, 84% used [0x00000000eab00000,0x00000000f1763518,0x00000000f2b80000)
  from space 21504K, 98% used [0x00000000f2b80000,0x00000000f4045298,0x00000000f4080000)
  to   space 22528K, 0% used [0x00000000f7a80000,0x00000000f7a80000,0x00000000f9080000)
 ParOldGen       total 349696K, used 14287K [0x00000000c0000000, 0x00000000d5580000, 0x00000000eab00000)
  object space 349696K, 4% used [0x00000000c0000000,0x00000000c0df3cf8,0x00000000d5580000)
 Metaspace       used 67051K, capacity 67624K, committed 67840K, reserved 1103872K
  class space    used 12344K, capacity 12513K, committed 12544K, reserved 1048576K

Deoptimization events (10 events):
Event: 33,689 Thread 0x00007fa4d400b800 Uncommon trap: reason=bimorphic action=maybe_recompile pc=0x00007fa551c84a90 method=sbinary.JavaUTF$class.sbinary$JavaUTF$$fetchBuffers(Lsbinary/JavaUTF;I)Lscala/Tuple2; @ 1
Event: 33,689 Thread 0x00007fa4d400b800 Uncommon trap: reason=class_check action=maybe_recompile pc=0x00007fa55187d2a0 method=sbinary.BasicTypes$$anon$3.reads(Lsbinary/Input;)Lscala/Option; @ 8
Event: 33,689 Thread 0x00007fa4d400b800 Uncommon trap: reason=bimorphic action=maybe_recompile pc=0x00007fa551c84a90 method=sbinary.JavaUTF$class.sbinary$JavaUTF$$fetchBuffers(Lsbinary/JavaUTF;I)Lscala/Tuple2; @ 1
Event: 33,689 Thread 0x00007fa4d400b800 Uncommon trap: reason=class_check action=maybe_recompile pc=0x00007fa55187d2a0 method=sbinary.BasicTypes$$anon$3.reads(Lsbinary/Input;)Lscala/Option; @ 8
Event: 33,689 Thread 0x00007fa4d400b800 Uncommon trap: reason=bimorphic action=maybe_recompile pc=0x00007fa5518651e0 method=sbinary.JavaUTF$class.sbinary$JavaUTF$$fetchBuffers(Lsbinary/JavaUTF;I)Lscala/Tuple2; @ 1
Event: 33,689 Thread 0x00007fa4d400b800 Uncommon trap: reason=class_check action=maybe_recompile pc=0x00007fa55187b8a0 method=sbinary.BasicTypes$$anon$3.reads(Lsbinary/Input;)Lscala/Option; @ 8
Event: 33,690 Thread 0x00007fa4d400b800 Uncommon trap: reason=bimorphic action=maybe_recompile pc=0x00007fa551c59800 method=sbinary.Generic$$anon$2.reads(Lsbinary/Input;)Lscala/collection/Traversable; @ 16
Event: 33,690 Thread 0x00007fa4d400b800 Uncommon trap: reason=bimorphic action=maybe_recompile pc=0x00007fa551c576a8 method=sbinary.Generic$CollectionFormat.reads(Lsbinary/Input;)Ljava/lang/Object; @ 8
Event: 33,863 Thread 0x00007fa4d8067800 Uncommon trap: reason=unstable_if action=reinterpret pc=0x00007fa55183ccb8 method=java.util.regex.Pattern.compile()V @ 126
Event: 33,863 Thread 0x00007fa4d8067800 Uncommon trap: reason=unstable_if action=reinterpret pc=0x00007fa551688af0 method=java.util.regex.Pattern.has(I)Z @ 6

Internal exceptions (10 events):
Event: 24,905 Thread 0x00007fa5618ca000 Exception <a 'java/lang/ClassNotFoundException': ch/qos/logback/core/pattern/PatternLayoutEncoderBaseCustomizer> (0x00000000f01aadb8) thrown at [/HUDSON/workspace/8-2-build-linux-amd64/jdk8u77/6540/hotspot/src/share/vm/classfile/systemDictionary.cpp, line
Event: 24,906 Thread 0x00007fa5618ca000 Exception <a 'java/lang/ClassNotFoundException': ch/qos/logback/classic/encoder/PatternLayoutEncoderCustomizer> (0x00000000f023e078) thrown at [/HUDSON/workspace/8-2-build-linux-amd64/jdk8u77/6540/hotspot/src/share/vm/classfile/systemDictionary.cpp, line 
Event: 24,910 Thread 0x00007fa5618ca000 Exception <a 'java/lang/ClassNotFoundException': ch/qos/logback/core/ConsoleAppenderBeanInfo> (0x00000000f02c70d0) thrown at [/HUDSON/workspace/8-2-build-linux-amd64/jdk8u77/6540/hotspot/src/share/vm/classfile/systemDictionary.cpp, line 210]
Event: 24,910 Thread 0x00007fa5618ca000 Exception <a 'java/lang/ClassNotFoundException': ch/qos/logback/core/ConsoleAppenderCustomizer> (0x00000000f02e0968) thrown at [/HUDSON/workspace/8-2-build-linux-amd64/jdk8u77/6540/hotspot/src/share/vm/classfile/systemDictionary.cpp, line 210]
Event: 26,364 Thread 0x00007fa5618ca000 Exception <a 'java/lang/NoSuchFieldError': method resolution failed> (0x00000000ec402388) thrown at [/HUDSON/workspace/8-2-build-linux-amd64/jdk8u77/6540/hotspot/src/share/vm/prims/methodHandles.cpp, line 1146]
Event: 26,366 Thread 0x00007fa5618ca000 Exception <a 'java/lang/NoSuchFieldError': method resolution failed> (0x00000000ec40fe18) thrown at [/HUDSON/workspace/8-2-build-linux-amd64/jdk8u77/6540/hotspot/src/share/vm/prims/methodHandles.cpp, line 1146]
Event: 26,442 Thread 0x00007fa5618ca000 Implicit null exception at 0x00007fa551acfeea to 0x00007fa551ad0f71
Event: 26,980 Thread 0x00007fa5618ca000 Exception <a 'java/lang/NoSuchMethodError': org.slf4j.impl.StaticMDCBinder.getSingleton()Lorg/slf4j/impl/StaticMDCBinder;> (0x00000000edcb1ce0) thrown at [/HUDSON/workspace/8-2-build-linux-amd64/jdk8u77/6540/hotspot/src/share/vm/interpreter/linkResolver.c
Event: 33,283 Thread 0x00007fa4d8060800 Exception <a 'java/lang/ArrayIndexOutOfBoundsException': 128> (0x00000000ee4f4c48) thrown at [/HUDSON/workspace/8-2-build-linux-amd64/jdk8u77/6540/hotspot/src/share/vm/interpreter/interpreterRuntime.cpp, line 366]
Event: 33,283 Thread 0x00007fa4d8060800 Exception <a 'java/lang/ArrayIndexOutOfBoundsException': 256> (0x00000000ee4f5090) thrown at [/HUDSON/workspace/8-2-build-linux-amd64/jdk8u77/6540/hotspot/src/share/vm/interpreter/interpreterRuntime.cpp, line 366]

Events (10 events):
Event: 33,920 loading class scala/reflect/ManifestFactory$$anon$9 done
Event: 33,920 loading class scala/reflect/ManifestFactory$$anon$10
Event: 33,920 loading class scala/reflect/ManifestFactory$$anon$10 done
Event: 33,920 loading class scala/reflect/ManifestFactory$$anon$11
Event: 33,920 loading class scala/reflect/ManifestFactory$$anon$11 done
Event: 33,921 loading class scala/reflect/ManifestFactory$$anon$12
Event: 33,921 loading class scala/reflect/ManifestFactory$$anon$12 done
Event: 33,921 loading class scala/reflect/ManifestFactory$$anon$13
Event: 33,921 loading class scala/reflect/ManifestFactory$$anon$13 done
Event: 33,921 Executing VM operation: CollectForMetadataAllocation


Dynamic libraries:
00400000-00401000 r-xp 00000000 08:06 2628379                            /usr/lib/jvm/java-8-oracle/bin/java
00600000-00601000 rw-p 00000000 08:06 2628379                            /usr/lib/jvm/java-8-oracle/bin/java
0229b000-022bc000 rw-p 00000000 00:00 0                                  [heap]
c0000000-d5580000 rw-p 00000000 00:00 0 
d5580000-eab00000 ---p 00000000 00:00 0 
eab00000-f9080000 rw-p 00000000 00:00 0 
f9080000-100000000 ---p 00000000 00:00 0 
100000000-100c40000 rw-p 00000000 00:00 0 
100c40000-140000000 ---p 00000000 00:00 0 
7fa4cc000000-7fa4cc0a1000 rw-p 00000000 00:00 0 
7fa4cc0a1000-7fa4d0000000 ---p 00000000 00:00 0 
7fa4d4000000-7fa4d40d8000 rw-p 00000000 00:00 0 
7fa4d40d8000-7fa4d8000000 ---p 00000000 00:00 0 
7fa4d8000000-7fa4d806b000 rw-p 00000000 00:00 0 
7fa4d806b000-7fa4dc000000 ---p 00000000 00:00 0 
7fa4dc000000-7fa4dc021000 rw-p 00000000 00:00 0 
7fa4dc021000-7fa4e0000000 ---p 00000000 00:00 0 
7fa4e0000000-7fa4e0111000 rw-p 00000000 00:00 0 
7fa4e0111000-7fa4e4000000 ---p 00000000 00:00 0 
7fa4e4000000-7fa4e4021000 rw-p 00000000 00:00 0 
7fa4e4021000-7fa4e8000000 ---p 00000000 00:00 0 
7fa4e8000000-7fa4e8021000 rw-p 00000000 00:00 0 
7fa4e8021000-7fa4ec000000 ---p 00000000 00:00 0 
7fa4ec000000-7fa4ec021000 rw-p 00000000 00:00 0 
7fa4ec021000-7fa4f0000000 ---p 00000000 00:00 0 
7fa4f0000000-7fa4f0021000 rw-p 00000000 00:00 0 
7fa4f0021000-7fa4f4000000 ---p 00000000 00:00 0 
7fa4f4000000-7fa4f4021000 rw-p 00000000 00:00 0 
7fa4f4021000-7fa4f8000000 ---p 00000000 00:00 0 
7fa4f8000000-7fa4f8021000 rw-p 00000000 00:00 0 
7fa4f8021000-7fa4fc000000 ---p 00000000 00:00 0 
7fa4fc000000-7fa4fc067000 rw-p 00000000 00:00 0 
7fa4fc067000-7fa500000000 ---p 00000000 00:00 0 
7fa500000000-7fa500e08000 rw-p 00000000 00:00 0 
7fa500e08000-7fa504000000 ---p 00000000 00:00 0 
7fa504000000-7fa5042b1000 rw-p 00000000 00:00 0 
7fa5042b1000-7fa508000000 ---p 00000000 00:00 0 
7fa508000000-7fa5080b5000 rw-p 00000000 00:00 0 
7fa5080b5000-7fa50c000000 ---p 00000000 00:00 0 
7fa50c000000-7fa50c172000 rw-p 00000000 00:00 0 
7fa50c172000-7fa510000000 ---p 00000000 00:00 0 
7fa510000000-7fa51004b000 rw-p 00000000 00:00 0 
7fa51004b000-7fa514000000 ---p 00000000 00:00 0 
7fa514000000-7fa514021000 rw-p 00000000 00:00 0 
7fa514021000-7fa518000000 ---p 00000000 00:00 0 
7fa518000000-7fa518021000 rw-p 00000000 00:00 0 
7fa518021000-7fa51c000000 ---p 00000000 00:00 0 
7fa51c000000-7fa51d81e000 rw-p 00000000 00:00 0 
7fa51d81e000-7fa520000000 ---p 00000000 00:00 0 
7fa520000000-7fa520c25000 rw-p 00000000 00:00 0 
7fa520c25000-7fa524000000 ---p 00000000 00:00 0 
7fa524000000-7fa524021000 rw-p 00000000 00:00 0 
7fa524021000-7fa528000000 ---p 00000000 00:00 0 
7fa528000000-7fa529b11000 rw-p 00000000 00:00 0 
7fa529b11000-7fa52c000000 ---p 00000000 00:00 0 
7fa52c000000-7fa52c021000 rw-p 00000000 00:00 0 
7fa52c021000-7fa530000000 ---p 00000000 00:00 0 
7fa530000000-7fa530021000 rw-p 00000000 00:00 0 
7fa530021000-7fa534000000 ---p 00000000 00:00 0 
7fa534000000-7fa5342af000 rw-p 00000000 00:00 0 
7fa5342af000-7fa538000000 ---p 00000000 00:00 0 
7fa538000000-7fa5380fb000 rw-p 00000000 00:00 0 
7fa5380fb000-7fa53c000000 ---p 00000000 00:00 0 
7fa53c000000-7fa53c021000 rw-p 00000000 00:00 0 
7fa53c021000-7fa540000000 ---p 00000000 00:00 0 
7fa540fce000-7fa540fcf000 rw-p 00000000 00:00 0 
7fa540fcf000-7fa540fd2000 ---p 00000000 00:00 0 
7fa540fd2000-7fa5410d0000 rw-p 00000000 00:00 0                          [stack:12356]
7fa5410d0000-7fa5410d3000 ---p 00000000 00:00 0 
7fa5410d3000-7fa5411d1000 rw-p 00000000 00:00 0                          [stack:12355]
7fa5411d1000-7fa5411d4000 ---p 00000000 00:00 0 
7fa5411d4000-7fa5412d2000 rw-p 00000000 00:00 0                          [stack:12354]
7fa5412d2000-7fa5412d5000 ---p 00000000 00:00 0 
7fa5412d5000-7fa5413d3000 rw-p 00000000 00:00 0                          [stack:12353]
7fa5413d3000-7fa5413d6000 ---p 00000000 00:00 0 
7fa5413d6000-7fa5414d4000 rw-p 00000000 00:00 0                          [stack:12352]
7fa5414d4000-7fa5414d7000 ---p 00000000 00:00 0 
7fa5414d7000-7fa5415d5000 rw-p 00000000 00:00 0                          [stack:12351]
7fa5415d5000-7fa5415d8000 ---p 00000000 00:00 0 
7fa5415d8000-7fa5418d6000 rw-p 00000000 00:00 0                          [stack:12350]
7fa5418d6000-7fa5418d9000 ---p 00000000 00:00 0 
7fa5418d9000-7fa541bd7000 rw-p 00000000 00:00 0                          [stack:12349]
7fa541bd7000-7fa541bda000 ---p 00000000 00:00 0 
7fa541bda000-7fa541ed8000 rw-p 00000000 00:00 0                          [stack:12331]
7fa541ed8000-7fa541edb000 ---p 00000000 00:00 0 
7fa541edb000-7fa541fd9000 rw-p 00000000 00:00 0                          [stack:12329]
7fa541fd9000-7fa541fdc000 ---p 00000000 00:00 0 
7fa541fdc000-7fa5422da000 rw-p 00000000 00:00 0                          [stack:12328]
7fa5422da000-7fa5422dd000 ---p 00000000 00:00 0 
7fa5422dd000-7fa5423db000 rw-p 00000000 00:00 0                          [stack:12327]
7fa5423db000-7fa5423de000 ---p 00000000 00:00 0 
7fa5423de000-7fa5426dc000 rw-p 00000000 00:00 0                          [stack:12326]
7fa5426dc000-7fa5428dc000 rw-p 00000000 00:00 0 
7fa5428dc000-7fa542adc000 rw-p 00000000 00:00 0 
7fa542adc000-7fa542adf000 ---p 00000000 00:00 0 
7fa542adf000-7fa542bdd000 rw-p 00000000 00:00 0                          [stack:12325]
7fa542bdd000-7fa542be0000 ---p 00000000 00:00 0 
7fa542be0000-7fa542cde000 rw-p 00000000 00:00 0                          [stack:12324]
7fa542cde000-7fa542ce2000 r--s 00026000 08:06 6168701                    /home/rafael/.ivy2/cache/com.typesafe.play/play-doc_2.11/jars/play-doc_2.11-1.2.2.jar
7fa542ce2000-7fa542d0d000 r--s 001f5000 08:06 5769662                    /home/rafael/.ivy2/cache/com.google.guava/guava/bundles/guava-16.0.1.jar
7fa542d0d000-7fa542d59000 r--s 00994000 08:06 6173286                    /home/rafael/.ivy2/cache/com.typesafe.play/play-docs_2.11/jars/play-docs_2.11-2.5.1.jar
7fa542d59000-7fa542d5f000 r--s 00081000 08:06 6689244                    /home/rafael/.ivy2/cache/postgresql/postgresql/jars/postgresql-9.1-901-1.jdbc4.jar
7fa542d5f000-7fa542d61000 r--s 0000d000 08:06 5636655                    /home/rafael/.ivy2/cache/commons-logging/commons-logging/jars/commons-logging-1.1.1.jar
7fa542d61000-7fa542d69000 r--s 00040000 08:06 5637258                    /home/rafael/.ivy2/cache/org.apache.httpcomponents/httpclient/jars/httpclient-4.0.1.jar
7fa542d69000-7fa542d6e000 r--s 00026000 08:06 5770497                    /home/rafael/.ivy2/cache/org.apache.httpcomponents/httpcore/jars/httpcore-4.0.1.jar
7fa542d6e000-7fa542d6f000 r--s 00001000 08:06 5769668                    /home/rafael/.ivy2/cache/oauth.signpost/signpost-commonshttp4/jars/signpost-commonshttp4-1.2.1.2.jar
7fa542d6f000-7fa542d72000 r--s 00009000 08:06 5769666                    /home/rafael/.ivy2/cache/oauth.signpost/signpost-core/jars/signpost-core-1.2.1.2.jar
7fa542d72000-7fa542d7c000 r--s 000ae000 08:06 5773841                    /home/rafael/.ivy2/cache/org.javassist/javassist/bundles/javassist-3.20.0-GA.jar
7fa542d7c000-7fa542d7e000 r--s 0000b000 08:06 6694871                    /home/rafael/.ivy2/cache/org.asynchttpclient/netty-codec-dns/jars/netty-codec-dns-2.0.0-RC16.jar
7fa542d7e000-7fa542d80000 r--s 00005000 08:06 6694870                    /home/rafael/.ivy2/cache/org.asynchttpclient/netty-resolver/jars/netty-resolver-2.0.0-RC16.jar
7fa542d80000-7fa542d86000 r--s 00042000 08:06 6559850                    /home/rafael/.ivy2/cache/org.asynchttpclient/netty-resolver-dns/jars/netty-resolver-dns-2.0.0-RC16.jar
7fa542d86000-7fa542d93000 r--s 00097000 08:06 6559849                    /home/rafael/.ivy2/cache/org.asynchttpclient/async-http-client/jars/async-http-client-2.0.0-RC16.jar
7fa542d93000-7fa542d9f000 r--s 00095000 08:06 5773716                    /home/rafael/.ivy2/cache/com.typesafe.play/play-ws_2.11/jars/play-ws_2.11-2.5.1.jar
7fa542d9f000-7fa542da0000 r--s 00008000 08:06 6173280                    /home/rafael/.ivy2/cache/com.typesafe.play/play-java-ws_2.11/jars/play-java-ws_2.11-2.5.1.jar
7fa542da0000-7fa542dbb000 r--s 0012e000 08:06 6168632                    /home/rafael/.ivy2/cache/net.sf.ehcache/ehcache-core/jars/ehcache-core-2.6.11.jar
7fa542dbb000-7fa542dbd000 r--s 00012000 08:06 6173279                    /home/rafael/.ivy2/cache/com.typesafe.play/play-cache_2.11/jars/play-cache_2.11-2.5.1.jar
7fa542dbd000-7fa542dc1000 r--s 00029000 08:06 5773721                    /home/rafael/.ivy2/cache/commons-io/commons-io/jars/commons-io-2.3.jar
7fa542dc1000-7fa542dc7000 r--s 0003f000 08:06 5773839                    /home/rafael/.ivy2/cache/ch.qos.logback/logback-classic/jars/logback-classic-1.1.4.jar
7fa542dc7000-7fa542dd2000 r--s 00065000 08:06 5773838                    /home/rafael/.ivy2/cache/ch.qos.logback/logback-core/jars/logback-core-1.1.4.jar
7fa542dd2000-7fa542dd4000 r--s 00004000 08:06 6559844                    /home/rafael/.ivy2/cache/com.typesafe.play/play-logback_2.11/jars/play-logback_2.11-2.5.1.jar
7fa542dd4000-7fa542dd7000 r--s 0001f000 08:06 6559847                    /home/rafael/.ivy2/cache/io.netty/netty-transport-native-epoll/jars/netty-transport-native-epoll-4.0.34.Final-linux-x86_64.jar
7fa542dd7000-7fa542de0000 r--s 00065000 08:06 6560127                    /home/rafael/.ivy2/cache/io.netty/netty-codec-http/jars/netty-codec-http-4.0.34.Final.jar
7fa542de0000-7fa542de4000 r--s 00020000 08:06 6560130                    /home/rafael/.ivy2/cache/io.netty/netty-codec/jars/netty-codec-4.0.34.Final.jar
7fa542de4000-7fa542dec000 r--s 0004f000 08:06 6560132                    /home/rafael/.ivy2/cache/io.netty/netty-transport/jars/netty-transport-4.0.34.Final.jar
7fa542dec000-7fa542df4000 r--s 00065000 08:06 6560134                    /home/rafael/.ivy2/cache/io.netty/netty-common/jars/netty-common-4.0.34.Final.jar
7fa542df4000-7fa542df7000 r--s 00031000 08:06 6560133                    /home/rafael/.ivy2/cache/io.netty/netty-buffer/jars/netty-buffer-4.0.34.Final.jar
7fa542df7000-7fa542dfd000 r--s 0003e000 08:06 6560131                    /home/rafael/.ivy2/cache/io.netty/netty-handler/jars/netty-handler-4.0.34.Final.jar
7fa542dfd000-7fa542dff000 r--s 00004000 08:06 6559848                    /home/rafael/.ivy2/cache/com.typesafe.netty/netty-reactive-streams/jars/netty-reactive-streams-1.0.5.jar
7fa542dff000-7fa542e00000 r--s 00007000 08:06 6559846                    /home/rafael/.ivy2/cache/com.typesafe.netty/netty-reactive-streams-http/jars/netty-reactive-streams-http-1.0.5.jar
7fa542e00000-7fa542e05000 r--s 00027000 08:06 6173277                    /home/rafael/.ivy2/cache/com.typesafe.play/play-netty-server_2.11/jars/play-netty-server_2.11-2.5.1.jar
7fa542e05000-7fa542e0c000 r--s 0003d000 08:06 6173275                    /home/rafael/.ivy2/cache/com.typesafe.play/play-server_2.11/jars/play-server_2.11-2.5.1.jar
7fa542e0c000-7fa542e0e000 r--s 00003000 08:06 5514970                    /home/rafael/.ivy2/cache/org.jetbrains/annotations/jars/annotations-13.0.jar
7fa542e0e000-7fa542e30000 r--s 001b2000 08:06 6300295                    /home/rafael/.ivy2/cache/org.avaje.ebeanorm/avaje-ebeanorm/jars/avaje-ebeanorm-6.18.1.jar
7fa542e30000-7fa542e35000 r--s 00027000 08:06 6174595                    /home/rafael/.ivy2/cache/com.typesafe.play/play-jdbc-evolutions_2.11/jars/play-jdbc-evolutions_2.11-2.5.0.jar
7fa542e35000-7fa542e39000 r--s 00038000 08:06 6173927                    /home/rafael/.ivy2/cache/org.apache.tomcat/tomcat-servlet-api/jars/tomcat-servlet-api-8.0.32.jar
7fa542e39000-7fa542e3b000 r--s 00003000 08:06 6173926                    /home/rafael/.ivy2/cache/com.google.code.findbugs/jsr305/jars/jsr305-3.0.1.jar
7fa542e3b000-7fa542e3c000 r--s 00003000 08:06 6173925                    /home/rafael/.ivy2/cache/net.jodah/typetools/bundles/typetools-0.4.4.jar
7fa542e3c000-7fa542e68000 r--s 00208000 08:06 5773837                    /home/rafael/.ivy2/cache/com.google.guava/guava/bundles/guava-19.0.jar
7fa542e68000-7fa542e6b000 r--s 0001d000 08:06 6173924                    /home/rafael/.ivy2/cache/org.reflections/reflections/jars/reflections-0.9.10.jar
7fa542e6b000-7fa542e78000 r--s 000a6000 08:06 6173923                    /home/rafael/.ivy2/cache/org.springframework/spring-beans/jars/spring-beans-4.2.4.RELEASE.jar
7fa542e78000-7fa542e8e000 r--s 000f2000 08:06 6173922                    /home/rafael/.ivy2/cache/org.springframework/spring-core/jars/spring-core-4.2.4.RELEASE.jar
7fa542e8e000-7fa542ea7000 r--s 000f3000 08:06 6173921                    /home/rafael/.ivy2/cache/org.springframework/spring-context/jars/spring-context-4.2.4.RELEASE.jar
7fa542ea7000-7fa542ea9000 r--s 00010000 08:06 6560104                    /home/rafael/.ivy2/cache/javax.el/javax.el-api/jars/javax.el-api-3.0.0.jar
7fa542ea9000-7fa542eab000 r--s 0000e000 08:06 5514353                    /home/rafael/.ivy2/cache/com.fasterxml/classmate/bundles/classmate-1.1.0.jar
7fa542eab000-7fa542ead000 r--s 0000f000 08:06 6168602                    /home/rafael/.ivy2/cache/org.jboss.logging/jboss-logging/jars/jboss-logging-3.2.1.Final.jar
7fa542ead000-7fa542eb1000 r--s 0000c000 08:06 6168620                    /home/rafael/.ivy2/cache/javax.validation/validation-api/jars/validation-api-1.1.0.Final.jar
7fa542eb1000-7fa542ec1000 r--s 0009c000 08:06 6173920                    /home/rafael/.ivy2/cache/org.hibernate/hibernate-validator/jars/hibernate-validator-5.2.4.Final.jar
7fa542ec1000-7fa542ec7000 r--s 0003c000 08:06 6173919                    /home/rafael/.ivy2/cache/org.yaml/snakeyaml/bundles/snakeyaml-1.16.jar
7fa542ec7000-7fa542eca000 r--s 0001c000 08:06 6173276                    /home/rafael/.ivy2/cache/com.typesafe.play/play-java_2.11/jars/play-java_2.11-2.5.1.jar
7fa542eca000-7fa542ecf000 r--s 0002d000 08:06 6168630                    /home/rafael/.ivy2/cache/tyrex/tyrex/jars/tyrex-1.0.1.jar
7fa542ecf000-7fa542ed1000 r--s 00007000 08:06 6560124                    /home/rafael/.ivy2/cache/com.googlecode.usc/jdbcdslog/jars/jdbcdslog-1.0.6.2.jar
7fa542ed1000-7fa542ed4000 r--s 0001d000 08:06 6173930                    /home/rafael/.ivy2/cache/com.zaxxer/HikariCP/bundles/HikariCP-2.4.3.jar
7fa542ed4000-7fa542ed7000 r--s 00019000 08:06 6168626                    /home/rafael/.ivy2/cache/com.jolbox/bonecp/bundles/bonecp-0.8.0.RELEASE.jar
7fa542ed7000-7fa542ed9000 r--s 00009000 08:06 6168594                    /home/rafael/.ivy2/cache/com.google.inject.extensions/guice-assistedinject/jars/guice-assistedinject-4.0.jar
7fa542ed9000-7fa542ee7000 r--s 00096000 08:06 6168592                    /home/rafael/.ivy2/cache/com.google.inject/guice/jars/guice-4.0.jar
7fa542ee7000-7fa542ee8000 r--s 00003000 08:06 5769650                    /home/rafael/.ivy2/cache/javax.transaction/jta/jars/jta-1.1.jar
7fa542ee8000-7fa542ef1000 r--s 0002d000 08:06 5769660                    /home/rafael/.ivy2/cache/xml-apis/xml-apis/jars/xml-apis-1.4.01.jar
7fa542ef1000-7fa542f0a000 r--s 00135000 08:06 5769648                    /home/rafael/.ivy2/cache/xerces/xercesImpl/jars/xercesImpl-2.11.0.jar
7fa542f0a000-7fa542f11000 r--s 0003f000 08:06 5637257                    /home/rafael/.ivy2/cache/commons-codec/commons-codec/jars/commons-codec-1.10.jar
7fa542f11000-7fa542f12000 r--s 00004000 08:06 5773829                    /home/rafael/.ivy2/cache/com.typesafe.akka/akka-slf4j_2.11/jars/akka-slf4j_2.11-2.4.2.jar
7fa542f12000-7fa542f1d000 r--s 0005d000 08:06 5374523                    /home/rafael/.ivy2/cache/org.scala-lang.modules/scala-parser-combinators_2.11/bundles/scala-parser-combinators_2.11-1.0.4.jar
7fa542f1d000-7fa542f25000 r--s 00055000 08:06 6560102                    /home/rafael/.ivy2/cache/com.typesafe/ssl-config-core_2.11/bundles/ssl-config-core_2.11-0.1.3.jar
7fa542f25000-7fa542f27000 r--s 00005000 08:06 6560100                    /home/rafael/.ivy2/cache/com.typesafe/ssl-config-akka_2.11/bundles/ssl-config-akka_2.11-0.1.3.jar
7fa542f27000-7fa542f35000 r--s 00081000 08:06 6173918                    /home/rafael/.ivy2/cache/org.scala-lang.modules/scala-java8-compat_2.11/bundles/scala-java8-compat_2.11-0.7.0.jar
7fa542f35000-7fa542f63000 r--s 002e6000 08:06 5382195                    /home/rafael/.ivy2/cache/com.typesafe.akka/akka-actor_2.11/jars/akka-actor_2.11-2.4.2.jar
7fa542f63000-7fa542fa9000 r--s 00395000 08:06 6560098                    /home/rafael/.ivy2/cache/com.typesafe.akka/akka-stream_2.11/jars/akka-stream_2.11-2.4.2.jar
7fa542fa9000-7fa542faa000 r--s 00000000 08:06 6560096                    /home/rafael/.ivy2/cache/org.reactivestreams/reactive-streams/jars/reactive-streams-1.0.0.jar
7fa542faa000-7fa542fb1000 r--s 00040000 08:06 6559845                    /home/rafael/.ivy2/cache/com.typesafe.play/play-streams_2.11/jars/play-streams_2.11-2.5.1.jar
7fa542fb1000-7fa542fb3000 r--s 00003000 08:06 5773828                    /home/rafael/.ivy2/cache/org.slf4j/jcl-over-slf4j/jars/jcl-over-slf4j-1.7.16.jar
7fa542fb3000-7fa542fb5000 r--s 00000000 08:06 5773827                    /home/rafael/.ivy2/cache/org.slf4j/jul-to-slf4j/jars/jul-to-slf4j-1.7.16.jar
7fa542fb5000-7fa542fb6000 r--s 00009000 08:06 5773826                    /home/rafael/.ivy2/cache/org.slf4j/slf4j-api/jars/slf4j-api-1.7.16.jar
7fa542fb6000-7fa542fb7000 r--s 00004000 08:06 6173281                    /home/rafael/.ivy2/cache/com.typesafe.play/play-netty-utils/jars/play-netty-utils-2.5.1.jar
7fa542fb7000-7fa542fba000 r--s 00012000 08:06 6173917                    /home/rafael/.ivy2/cache/com.fasterxml.jackson.datatype/jackson-datatype-jsr310/bundles/jackson-datatype-jsr310-2.7.1.jar
7fa542fba000-7fa542fbc000 r--s 00005000 08:06 6173916                    /home/rafael/.ivy2/cache/com.fasterxml.jackson.datatype/jackson-datatype-jdk8/bundles/jackson-datatype-jdk8-2.7.1.jar
7fa542fbc000-7fa542fcd000 r--s 00114000 08:06 5773832                    /home/rafael/.ivy2/cache/com.fasterxml.jackson.core/jackson-databind/bundles/jackson-databind-2.7.1.jar
7fa542fcd000-7fa542fd0000 r--s 0000a000 08:06 5773831                    /home/rafael/.ivy2/cache/com.fasterxml.jackson.core/jackson-annotations/bundles/jackson-annotations-2.7.1.jar
7fa542fd0000-7fa542fd3000 r--s 0003b000 08:06 5773830                    /home/rafael/.ivy2/cache/com.fasterxml.jackson.core/jackson-core/bundles/jackson-core-2.7.1.jar
7fa542fd3000-7fa54301f000 r--s 00412000 08:06 5768179                    /home/rafael/.ivy2/cache/org.scala-lang/scala-reflect/jars/scala-reflect-2.11.7.jar
7fa54301f000-7fa543023000 r--s 00018000 08:06 5773834                    /home/rafael/.ivy2/cache/org.joda/joda-convert/jars/joda-convert-1.8.1.jar
7fa543023000-7fa543033000 r--s 00089000 08:06 5773833                    /home/rafael/.ivy2/cache/joda-time/joda-time/jars/joda-time-2.9.2.jar
7fa543033000-7fa543034000 r--s 00001000 08:06 5773715                    /home/rafael/.ivy2/cache/com.typesafe.play/play-datacommons_2.11/jars/play-datacommons_2.11-2.5.1.jar
7fa543034000-7fa54303d000 r--s 0005c000 08:06 5773714                    /home/rafael/.ivy2/cache/com.typesafe.play/play-functional_2.11/jars/play-functional_2.11-2.5.1.jar
7fa54303d000-7fa543049000 r--s 00091000 08:06 5773713                    /home/rafael/.ivy2/cache/com.typesafe.play/play-json_2.11/jars/play-json_2.11-2.5.1.jar
7fa543049000-7fa543052000 r--s 00091000 08:06 5769636                    /home/rafael/.ivy2/cache/org.scala-stm/scala-stm_2.11/jars/scala-stm_2.11-0.7.jar
7fa543052000-7fa543065000 r--s 000ad000 08:06 5773712                    /home/rafael/.ivy2/cache/com.typesafe.play/play-iteratees_2.11/jars/play-iteratees_2.11-2.5.1.jar
7fa543065000-7fa5430b5000 r--s 0037e000 08:06 5773711                    /home/rafael/.ivy2/cache/com.typesafe.play/play_2.11/jars/play_2.11-2.5.1.jar
7fa5430b5000-7fa5430b6000 r--s 00001000 08:06 6173283                    /home/rafael/.ivy2/cache/com.typesafe.play/play-jdbc-api_2.11/jars/play-jdbc-api_2.11-2.5.1.jar
7fa5430b6000-7fa5430b9000 r--s 00018000 08:06 6173282                    /home/rafael/.ivy2/cache/com.typesafe.play/play-jdbc_2.11/jars/play-jdbc_2.11-2.5.1.jar
7fa5430b9000-7fa5430ba000 r--s 00002000 08:06 6173278                    /home/rafael/.ivy2/cache/com.typesafe.play/play-java-jdbc_2.11/jars/play-java-jdbc_2.11-2.5.1.jar
7fa5430ba000-7fa543112000 r--s 00523000 08:06 5374443                    /home/rafael/.ivy2/cache/org.scala-lang/scala-library/jars/scala-library-2.11.7.jar
7fa543112000-7fa543114000 r--s 00002000 08:06 6040650                    /home/rafael/.ivy2/cache/com.typesafe.play/play-ebean_2.11/jars/play-ebean_2.11-3.0.0.jar
7fa543114000-7fa54311f000 r--s 00096000 08:06 5374479                    /home/rafael/.ivy2/cache/org.scala-lang.modules/scala-xml_2.11/bundles/scala-xml_2.11-1.0.1.jar
7fa54311f000-7fa543121000 r--s 0000d000 08:06 5770475                    /home/rafael/.ivy2/cache/com.typesafe.play/twirl-api_2.11/jars/twirl-api_2.11-1.1.1.jar
7fa543121000-7fa543122000 r--s 00006000 08:06 8534103                    /home/rafael/Documentos/Projeta/server/lib/javax.servlet.jsp.jstl.jar
7fa543122000-7fa543125000 r--s 00009000 08:06 8534098                    /home/rafael/Documentos/Projeta/server/lib/javax.ejb.jar
7fa543125000-7fa54312a000 r--s 0001b000 08:06 8534100                    /home/rafael/Documentos/Projeta/server/lib/javax.persistence.jar
7fa54312a000-7fa54312c000 r--s 00005000 08:06 8534099                    /home/rafael/Documentos/Projeta/server/lib/javax.jms.jar
7fa54312c000-7fa54312f000 r--s 00011000 08:06 8534102                    /home/rafael/Documentos/Projeta/server/lib/javax.servlet.jsp.jar
7fa54312f000-7fa543130000 r--s 00001000 08:06 8534097                    /home/rafael/Documentos/Projeta/server/lib/javax.annotation.jar
7fa543130000-7fa543133000 r--s 00008000 08:06 8534101                    /home/rafael/Documentos/Projeta/server/lib/javax.resource.jar
7fa543133000-7fa543141000 r--s 001a1000 08:06 6040029                    /home/rafael/.ivy2/cache/com.h2database/h2/jars/h2-1.4.191.jar
7fa543141000-7fa543194000 r--s 00aee000 08:06 6173285                    /home/rafael/.ivy2/cache/com.typesafe.play/play-omnidoc_2.11/jars/play-omnidoc_2.11-2.5.1.jar
7fa543194000-7fa543197000 ---p 00000000 00:00 0 
7fa543197000-7fa543295000 rw-p 00000000 00:00 0                          [stack:12323]
7fa543295000-7fa543298000 ---p 00000000 00:00 0 
7fa543298000-7fa543396000 rw-p 00000000 00:00 0                          [stack:12322]
7fa543396000-7fa543399000 ---p 00000000 00:00 0 
7fa543399000-7fa543497000 rw-p 00000000 00:00 0                          [stack:12321]
7fa543497000-7fa54349a000 ---p 00000000 00:00 0 
7fa54349a000-7fa543598000 rw-p 00000000 00:00 0                          [stack:12320]
7fa543598000-7fa54359b000 ---p 00000000 00:00 0 
7fa54359b000-7fa543899000 rw-p 00000000 00:00 0                          [stack:12319]
7fa543899000-7fa543a99000 rw-p 00000000 00:00 0 
7fa543a99000-7fa543c99000 rw-p 00000000 00:00 0 
7fa543c99000-7fa543c9c000 r--s 0000a000 08:06 7213797                    /home/rafael/.ivy2/cache/javax.persistence/persistence-api/jars/persistence-api-1.0.jar
7fa543c9c000-7fa543c9f000 r--s 00031000 08:06 7090797                    /home/rafael/.ivy2/cache/org.avaje.ebeanorm/avaje-ebeanorm-agent/jars/avaje-ebeanorm-agent-4.9.1.jar
7fa543c9f000-7fa543ca1000 r--s 00005000 08:06 6687132                    /home/rafael/.ivy2/cache/scala_2.10/sbt_0.13/com.typesafe.sbt/sbt-play-ebean/jars/sbt-play-ebean-3.0.0.jar
7fa543ca1000-7fa543cab000 r--s 000a5000 08:06 5769654                    /home/rafael/.ivy2/cache/org.javassist/javassist/bundles/javassist-3.18.2-GA.jar
7fa543cab000-7fa543cac000 r--s 00001000 08:06 6168064                    /home/rafael/.ivy2/cache/com.typesafe.play/play-enhancer/jars/play-enhancer-1.1.0.jar
7fa543cac000-7fa543cae000 r--s 00005000 08:06 6036634                    /home/rafael/.ivy2/cache/scala_2.10/sbt_0.13/com.typesafe.sbt/sbt-play-enhancer/jars/sbt-play-enhancer-1.1.0.jar
7fa543cae000-7fa543caf000 r--s 00001000 08:06 6036678                    /home/rafael/.ivy2/cache/org.webjars/diff/jars/diff-1.0.7.jar
7fa543caf000-7fa543cb1000 r--s 00000000 08:06 6168062                    /home/rafael/.ivy2/cache/org.webjars/debug/jars/debug-0.7.4.jar
7fa543cb1000-7fa543cb4000 r--s 0000c000 08:06 6168060                    /home/rafael/.ivy2/cache/org.webjars/mocha/jars/mocha-1.17.1.jar
7fa543cb4000-7fa543cb9000 r--s 00026000 08:06 6036632                    /home/rafael/.ivy2/cache/scala_2.10/sbt_0.13/com.typesafe.sbt/sbt-mocha/jars/sbt-mocha-1.1.0.jar
7fa543cb9000-7fa543cbc000 r--s 00011000 08:06 6036630                    /home/rafael/.ivy2/cache/scala_2.10/sbt_0.13/com.typesafe.sbt/sbt-digest/jars/sbt-digest-1.1.0.jar
7fa543cbc000-7fa543cbe000 r--s 00035000 08:06 6168058                    /home/rafael/.ivy2/cache/org.webjars/rjs/jars/rjs-2.1.15.jar
7fa543cbe000-7fa543cc1000 r--s 0000f000 08:06 6036628                    /home/rafael/.ivy2/cache/scala_2.10/sbt_0.13/com.typesafe.sbt/sbt-rjs/jars/sbt-rjs-1.0.7.jar
7fa543cc1000-7fa543cc3000 r--s 00000000 08:06 6168052                    /home/rafael/.ivy2/cache/org.webjars/strip-json-comments/jars/strip-json-comments-1.0.2-1.jar
7fa543cc3000-7fa543cc5000 r--s 00000000 08:06 6168056                    /home/rafael/.ivy2/cache/org.webjars/console-browserify/jars/console-browserify-0.1.6-1.jar
7fa543cc5000-7fa543cc7000 r--s 00006000 08:06 6168054                    /home/rafael/.ivy2/cache/org.webjars/underscorejs/jars/underscorejs-1.5.2-2.jar
7fa543cc7000-7fa543cc9000 r--s 00028000 08:06 6168050                    /home/rafael/.ivy2/cache/org.webjars/jshint-node/jars/jshint-node-2.4.3.jar
7fa543cc9000-7fa543cca000 r--s 00004000 08:06 6036626                    /home/rafael/.ivy2/cache/scala_2.10/sbt_0.13/com.typesafe.sbt/sbt-jshint/jars/sbt-jshint-1.0.3.jar
7fa543cca000-7fa543ccd000 r--s 00009000 08:06 6168046                    /home/rafael/.ivy2/cache/org.webjars/clean-css/jars/clean-css-2.2.7.jar
7fa543ccd000-7fa543cce000 r--s 00001000 08:06 6168048                    /home/rafael/.ivy2/cache/org.webjars/amdefine/jars/amdefine-0.1.0-1.jar
7fa543cce000-7fa543ccf000 r--s 00005000 08:06 6168044                    /home/rafael/.ivy2/cache/org.webjars/source-map/jars/source-map-0.1.31-2.jar
7fa543ccf000-7fa543cd1000 r--s 00019000 08:06 6168042                    /home/rafael/.ivy2/cache/org.webjars/less-node/jars/less-node-1.7.5.jar
7fa543cd1000-7fa543cd3000 r--s 00008000 08:06 6036624                    /home/rafael/.ivy2/cache/scala_2.10/sbt_0.13/com.typesafe.sbt/sbt-less/jars/sbt-less-1.0.6.jar
7fa543cd3000-7fa543cd5000 r--s 00000000 08:06 6168040                    /home/rafael/.ivy2/cache/org.webjars/mkdirp/jars/mkdirp-0.3.5.jar
7fa543cd5000-7fa543cd7000 r--s 00013000 08:06 6168038                    /home/rafael/.ivy2/cache/org.webjars/coffee-script-node/jars/coffee-script-node-1.7.1.jar
7fa543cd7000-7fa543cd9000 r--s 00003000 08:06 6036622                    /home/rafael/.ivy2/cache/scala_2.10/sbt_0.13/com.typesafe.sbt/sbt-coffeescript/jars/sbt-coffeescript-1.0.0.jar
7fa543cd9000-7fa543d29000 r--s 0028c000 08:06 6168036                    /home/rafael/.ivy2/cache/org.webjars/npm/jars/npm-2.11.2.jar
7fa543d29000-7fa543d2a000 r--s 00001000 08:06 6167743                    /home/rafael/.ivy2/cache/com.typesafe/npm_2.10/jars/npm_2.10-1.1.1.jar
7fa543d2a000-7fa543d2b000 r--s 00007000 08:06 5770455                    /home/rafael/.ivy2/cache/org.slf4j/slf4j-api/jars/slf4j-api-1.7.12.jar
7fa543d2b000-7fa543d2c000 r--s 00002000 08:06 6167753                    /home/rafael/.ivy2/cache/org.slf4j/slf4j-simple/jars/slf4j-simple-1.7.12.jar
7fa543d2c000-7fa543d30000 r--s 00043000 08:06 6167751                    /home/rafael/.ivy2/cache/io.spray/spray-json_2.10/bundles/spray-json_2.10-1.3.2.jar
7fa543d30000-7fa543d34000 r--s 000ac000 08:06 6167749                    /home/rafael/.ivy2/cache/io.apigee.trireme/trireme-node10src/jars/trireme-node10src-0.8.5.jar
7fa543d34000-7fa543d41000 r--s 0010f000 08:06 6168034                    /home/rafael/.ivy2/cache/io.apigee/rhino/jars/rhino-1.7R5pre4.jar
7fa543d41000-7fa543d49000 r--s 00060000 08:06 6167747                    /home/rafael/.ivy2/cache/io.apigee.trireme/trireme-core/jars/trireme-core-0.8.5.jar
7fa543d49000-7fa543d4a000 r--s 0001e000 08:06 6168030                    /home/rafael/.ivy2/cache/org.fusesource.leveldbjni/leveldbjni-win64/jars/leveldbjni-win64-1.5.jar
7fa543d4a000-7fa543d4b000 r--s 0001b000 08:06 6168028                    /home/rafael/.ivy2/cache/org.fusesource.leveldbjni/leveldbjni-win32/jars/leveldbjni-win32-1.5.jar
7fa543d4b000-7fa543d4c000 r--s 00044000 08:06 6168026                    /home/rafael/.ivy2/cache/org.fusesource.leveldbjni/leveldbjni-linux64/jars/leveldbjni-linux64-1.5.jar
7fa543d4c000-7fa543d4d000 r--s 00044000 08:06 6167993                    /home/rafael/.ivy2/cache/org.fusesource.leveldbjni/leveldbjni-linux32/jars/leveldbjni-linux32-1.5.jar
7fa543d4d000-7fa543d4e000 r--s 00028000 08:06 6167991                    /home/rafael/.ivy2/cache/org.fusesource.leveldbjni/leveldbjni-osx/jars/leveldbjni-osx-1.5.jar
7fa543d4e000-7fa543d4f000 r--s 00004000 08:06 6168032                    /home/rafael/.ivy2/cache/org.fusesource.hawtjni/hawtjni-runtime/jars/hawtjni-runtime-1.8.jar
7fa543d4f000-7fa543d51000 r--s 0000c000 08:06 6167937                    /home/rafael/.ivy2/cache/org.fusesource.leveldbjni/leveldbjni/jars/leveldbjni-1.7.jar
7fa543d51000-7fa543d54000 r--s 000fa000 08:06 6167765                    /home/rafael/.ivy2/cache/org.fusesource.leveldbjni/leveldbjni-all/bundles/leveldbjni-all-1.7.jar
7fa543d54000-7fa543d76000 r--s 00195000 08:06 7217088                    /home/rafael/.ivy2/cache/com.google.guava/guava/jars/guava-12.0.jar
7fa543d76000-7fa543d78000 r--s 00001000 08:06 6167767                    /home/rafael/.ivy2/cache/org.iq80.leveldb/leveldb-api/jars/leveldb-api-0.5.jar
7fa543d78000-7fa543d7c000 r--s 00034000 08:06 6167763                    /home/rafael/.ivy2/cache/org.iq80.leveldb/leveldb/jars/leveldb-0.5.jar
7fa543d7c000-7fa543d8a000 r--s 000bf000 08:06 6167759                    /home/rafael/.ivy2/cache/com.typesafe.akka/akka-persistence-experimental_2.10/jars/akka-persistence-experimental_2.10-2.3.11.jar
7fa543d8a000-7fa543d9a000 r--s 000f7000 08:06 6167757                    /home/rafael/.ivy2/cache/com.typesafe.akka/akka-cluster_2.10/jars/akka-cluster_2.10-2.3.11.jar
7fa543d9a000-7fa543d9c000 r--s 0000a000 08:06 6167761                    /home/rafael/.ivy2/cache/org.uncommons.maths/uncommons-maths/jars/uncommons-maths-1.2.2a.jar
7fa543d9c000-7fa543da4000 r--s 0007b000 08:06 5769681                    /home/rafael/.ivy2/cache/com.google.protobuf/protobuf-java/bundles/protobuf-java-2.5.0.jar
7fa543da4000-7fa543dbc000 r--s 00115000 08:06 5770454                    /home/rafael/.ivy2/cache/io.netty/netty/bundles/netty-3.8.0.Final.jar
7fa543dbc000-7fa543dd2000 r--s 00135000 08:06 6167755                    /home/rafael/.ivy2/cache/com.typesafe.akka/akka-remote_2.10/jars/akka-remote_2.10-2.3.11.jar
7fa543dd2000-7fa543de1000 r--s 000bf000 08:06 6167745                    /home/rafael/.ivy2/cache/com.typesafe.akka/akka-contrib_2.10/jars/akka-contrib_2.10-2.3.11.jar
7fa543de1000-7fa543e07000 r--s 00263000 08:06 5511416                    /home/rafael/.ivy2/cache/com.typesafe.akka/akka-actor_2.10/jars/akka-actor_2.10-2.3.11.jar
7fa543e07000-7fa543e0b000 r--s 00022000 08:06 5637252                    /home/rafael/.ivy2/cache/com.typesafe/jse_2.10/jars/jse_2.10-1.1.2.jar
7fa543e0b000-7fa543e0f000 r--s 00020000 08:06 6036650                    /home/rafael/.ivy2/cache/scala_2.10/sbt_0.13/com.typesafe.sbt/sbt-js-engine/jars/sbt-js-engine-1.1.3.jar
7fa543e0f000-7fa543e12000 r--s 0002e000 08:06 5770453                    /home/rafael/.ivy2/cache/com.fasterxml.jackson.core/jackson-core/bundles/jackson-core-2.3.3.jar
7fa543e12000-7fa543e14000 r--s 00007000 08:06 5770452                    /home/rafael/.ivy2/cache/com.fasterxml.jackson.core/jackson-annotations/bundles/jackson-annotations-2.3.0.jar
7fa543e14000-7fa543e25000 r--s 000cf000 08:06 5770451                    /home/rafael/.ivy2/cache/com.fasterxml.jackson.core/jackson-databind/bundles/jackson-databind-2.3.3.jar
7fa543e25000-7fa543e2c000 r--s 00056000 08:06 5637250                    /home/rafael/.ivy2/cache/org.apache.commons/commons-compress/jars/commons-compress-1.9.jar
7fa543e2c000-7fa543e2d000 r--s 00006000 08:06 6167741                    /home/rafael/.ivy2/cache/org.webjars/webjars-locator-core/jars/webjars-locator-core-0.26.jar
7fa543e2d000-7fa543e2f000 r--s 00002000 08:06 6167739                    /home/rafael/.ivy2/cache/org.webjars/webjars-locator/jars/webjars-locator-0.26.jar
7fa543e2f000-7fa543e37000 r--s 00040000 08:06 6040014                    /home/rafael/.ivy2/cache/scala_2.10/sbt_0.13/com.typesafe.sbt/sbt-web/jars/sbt-web-1.3.0.jar
7fa543e37000-7fa543e77000 r--s 00277000 08:06 6167737                    /home/rafael/.ivy2/cache/org.bouncycastle/bcprov-jdk15on/jars/bcprov-jdk15on-1.51.jar
7fa543e77000-7fa543e7e000 r--s 00038000 08:06 6036666                    /home/rafael/.ivy2/cache/org.bouncycastle/bcpg-jdk15on/jars/bcpg-jdk15on-1.51.jar
7fa543e7e000-7fa543e7f000 r--s 00004000 08:06 6167735                    /home/rafael/.ivy2/cache/org.apache.ant/ant-launcher/jars/ant-launcher-1.9.3.jar
7fa543e7f000-7fa543e9e000 r--s 001cc000 08:06 6036664                    /home/rafael/.ivy2/cache/org.apache.ant/ant/jars/ant-1.9.3.jar
7fa543e9e000-7fa543ea2000 r--s 00020000 08:06 6167701                    /home/rafael/.ivy2/cache/org.eclipse.aether/aether-impl/jars/aether-impl-0.9.0.M2.jar
7fa543ea2000-7fa543ea6000 r--s 0001d000 08:06 6167705                    /home/rafael/.ivy2/cache/org.eclipse.aether/aether-util/jars/aether-util-0.9.0.M2.jar
7fa543ea6000-7fa543ea8000 r--s 00003000 08:06 6167733                    /home/rafael/.ivy2/cache/org.eclipse.aether/aether-spi/jars/aether-spi-0.9.0.M2.jar
7fa543ea8000-7fa543eac000 r--s 0001d000 08:06 6167703                    /home/rafael/.ivy2/cache/org.eclipse.aether/aether-api/jars/aether-api-0.9.0.M2.jar
7fa543eac000-7fa543eae000 r--s 0000e000 08:06 6167699                    /home/rafael/.ivy2/cache/org.apache.maven/maven-aether-provider/jars/maven-aether-provider-3.2.2.jar
7fa543eae000-7fa543eb3000 r--s 00025000 08:06 6167697                    /home/rafael/.ivy2/cache/org.apache.maven/maven-model-builder/jars/maven-model-builder-3.2.2.jar
7fa543eb3000-7fa543eb6000 r--s 0000a000 08:06 6167713                    /home/rafael/.ivy2/cache/org.codehaus.plexus/plexus-classworlds/bundles/plexus-classworlds-2.5.1.jar
7fa543eb6000-7fa543ebc000 r--s 00042000 08:06 6167725                    /home/rafael/.ivy2/cache/org.eclipse.sisu/org.eclipse.sisu.inject/eclipse-plugins/org.eclipse.sisu.inject-0.0.0.M5.jar
7fa543ebc000-7fa543ebe000 r--s 00000000 08:06 6167731                    /home/rafael/.ivy2/cache/aopalliance/aopalliance/jars/aopalliance-1.0.jar
7fa543ebe000-7fa543ec6000 r--s 00050000 08:06 6173729                    /home/rafael/.ivy2/cache/org.sonatype.sisu/sisu-guice/jars/sisu-guice-3.1.0-no_aop.jar
7fa543ec6000-7fa543ec9000 r--s 00006000 08:06 6173730                    /home/rafael/.ivy2/cache/com.google.code.findbugs/jsr305/jars/jsr305-1.3.9.jar
7fa543ec9000-7fa543eca000 r--s 00000000 08:06 6167729                    /home/rafael/.ivy2/cache/javax.inject/javax.inject/jars/javax.inject-1.jar
7fa543eca000-7fa543ecb000 r--s 00001000 08:06 6167727                    /home/rafael/.ivy2/cache/javax.annotation/jsr250-api/jars/jsr250-api-1.0.jar
7fa543ecb000-7fa543ece000 r--s 00008000 08:06 6167721                    /home/rafael/.ivy2/cache/javax.enterprise/cdi-api/jars/cdi-api-1.0.jar
7fa543ece000-7fa543ed4000 r--s 0002a000 08:06 6167707                    /home/rafael/.ivy2/cache/org.eclipse.sisu/org.eclipse.sisu.plexus/eclipse-plugins/org.eclipse.sisu.plexus-0.0.0.M5.jar
7fa543ed4000-7fa543ed6000 r--s 0000a000 08:06 6036662                    /home/rafael/.ivy2/cache/org.apache.maven/maven-plugin-api/jars/maven-plugin-api-3.2.2.jar
7fa543ed6000-7fa543ed9000 r--s 0000b000 08:06 6036676                    /home/rafael/.ivy2/cache/org.apache.maven/maven-artifact/jars/maven-artifact-3.2.2.jar
7fa543ed9000-7fa543edb000 r--s 00005000 08:06 6036674                    /home/rafael/.ivy2/cache/org.apache.maven/maven-repository-metadata/jars/maven-repository-metadata-3.2.2.jar
7fa543edb000-7fa543edd000 r--s 00002000 08:06 6173728                    /home/rafael/.ivy2/cache/org.sonatype.plexus/plexus-cipher/jars/plexus-cipher-1.4.jar
7fa543edd000-7fa543ede000 r--s 00006000 08:06 6167717                    /home/rafael/.ivy2/cache/org.sonatype.plexus/plexus-sec-dispatcher/jars/plexus-sec-dispatcher-1.3.jar
7fa543ede000-7fa543ee0000 r--s 00000000 08:06 6167715                    /home/rafael/.ivy2/cache/org.codehaus.plexus/plexus-component-annotations/jars/plexus-component-annotations-1.5.5.jar
7fa543ee0000-7fa543ee3000 r--s 0000d000 08:06 6167709                    /home/rafael/.ivy2/cache/org.codehaus.plexus/plexus-interpolation/jars/plexus-interpolation-1.19.jar
7fa543ee3000-7fa543ee5000 r--s 00009000 08:06 6036672                    /home/rafael/.ivy2/cache/org.apache.maven/maven-settings-builder/jars/maven-settings-builder-3.2.2.jar
7fa543ee5000-7fa543ee9000 r--s 0003a000 08:06 6167711                    /home/rafael/.ivy2/cache/org.codehaus.plexus/plexus-utils/jars/plexus-utils-3.0.17.jar
7fa543ee9000-7fa543eec000 r--s 00025000 08:06 6036668                    /home/rafael/.ivy2/cache/org.apache.maven/maven-model/jars/maven-model-3.2.2.jar
7fa543eec000-7fa543f02000 r--s 0010a000 08:06 6036658                    /home/rafael/.ivy2/cache/org.vafer/jdeb/jars/jdeb-1.3.jar
7fa543f02000-7fa544000000 r--s 00cd0000 08:06 2899631                    /tmp/sbt-global-plugin0stub/boot/scala-2.10.6/lib/scala-compiler.jar
7fa544000000-7fa54402e000 rw-p 00000000 00:00 0 
7fa54402e000-7fa548000000 ---p 00000000 00:00 0 
7fa548000000-7fa548002000 r--s 00009000 08:06 6036670                    /home/rafael/.ivy2/cache/org.apache.maven/maven-settings/jars/maven-settings-3.2.2.jar
7fa548002000-7fa54800e000 r--s 00081000 08:06 6036660                    /home/rafael/.ivy2/cache/org.apache.maven/maven-core/jars/maven-core-3.2.2.jar
7fa54800e000-7fa548029000 r--s 000f0000 08:06 6040013                    /home/rafael/.ivy2/cache/scala_2.10/sbt_0.13/com.typesafe.sbt/sbt-native-packager/jars/sbt-native-packager-1.0.3.jar
7fa548029000-7fa548031000 r--s 00041000 08:06 6036656                    /home/rafael/.ivy2/cache/com.typesafe.play/twirl-parser_2.10/jars/twirl-parser_2.10-1.1.1.jar
7fa548031000-7fa548066000 r--s 002da000 08:06 2899632                    /tmp/sbt-global-plugin0stub/boot/scala-2.10.6/lib/scala-reflect.jar
7fa548066000-7fa548069000 r--s 00019000 08:06 6036654                    /home/rafael/.ivy2/cache/com.typesafe.play/twirl-compiler_2.10/jars/twirl-compiler_2.10-1.1.1.jar
7fa548069000-7fa54806c000 r--s 00011000 08:06 6036644                    /home/rafael/.ivy2/cache/scala_2.10/sbt_0.13/com.typesafe.sbt/sbt-twirl/jars/sbt-twirl-1.1.1.jar
7fa54806c000-7fa54806e000 r--s 000a0000 08:06 6036642                    /home/rafael/.ivy2/cache/net.contentobjects.jnotify/jnotify/jars/jnotify-0.94-play-1.jar
7fa54806e000-7fa548073000 r--s 0003f000 08:06 5637248                    /home/rafael/.ivy2/cache/com.typesafe/config/bundles/config-1.3.0.jar
7fa548073000-7fa548075000 r--s 00000000 08:06 5773707                    /home/rafael/.ivy2/cache/com.typesafe.play/play-exceptions/jars/play-exceptions-2.5.1.jar
7fa548075000-7fa548076000 r--s 00000000 08:06 5642863                    /home/rafael/.ivy2/cache/com.typesafe.play/build-link/jars/build-link-2.5.1.jar
7fa548076000-7fa54807a000 r--s 00022000 08:06 6041572                    /home/rafael/.ivy2/cache/com.typesafe.play/sbt-run-support_2.10/jars/sbt-run-support_2.10-2.5.1.jar
7fa54807a000-7fa54807e000 r--s 0002a000 08:06 5770449                    /home/rafael/.ivy2/cache/commons-io/commons-io/jars/commons-io-2.4.jar
7fa54807e000-7fa548085000 r--s 00064000 08:06 5511414                    /home/rafael/.ivy2/cache/org.apache.commons/commons-lang3/jars/commons-lang3-3.4.jar
7fa548085000-7fa548087000 r--s 0000d000 08:06 6036652                    /home/rafael/.ivy2/cache/com.typesafe.play/twirl-api_2.10/jars/twirl-api_2.10-1.1.1.jar
7fa548087000-7fa5480fa000 r--s 0065b000 08:06 2899636                    /tmp/sbt-global-plugin0stub/boot/scala-2.10.6/lib/scala-library.jar
7fa5480fa000-7fa54810a000 r--s 00086000 08:06 6041571                    /home/rafael/.ivy2/cache/com.typesafe.play/sbt-routes-compiler_2.10/jars/sbt-routes-compiler_2.10-2.5.1.jar
7fa54810a000-7fa548113000 r--s 00054000 08:06 5773706                    /home/rafael/.ivy2/cache/scala_2.10/sbt_0.13/com.typesafe.play/sbt-plugin/jars/sbt-plugin-2.5.1.jar
7fa548113000-7fa548313000 rw-p 00000000 00:00 0 
7fa548313000-7fa548316000 ---p 00000000 00:00 0 
7fa548316000-7fa548614000 rw-p 00000000 00:00 0                          [stack:12318]
7fa548614000-7fa548617000 ---p 00000000 00:00 0 
7fa548617000-7fa548715000 rw-p 00000000 00:00 0                          [stack:12314]
7fa548715000-7fa548718000 ---p 00000000 00:00 0 
7fa548718000-7fa548816000 rw-p 00000000 00:00 0                          [stack:12316]
7fa548816000-7fa548819000 ---p 00000000 00:00 0 
7fa548819000-7fa548917000 rw-p 00000000 00:00 0                          [stack:12313]
7fa548917000-7fa54891a000 ---p 00000000 00:00 0 
7fa54891a000-7fa548a18000 rw-p 00000000 00:00 0                          [stack:12317]
7fa548a18000-7fa548a1b000 ---p 00000000 00:00 0 
7fa548a1b000-7fa548d19000 rw-p 00000000 00:00 0                          [stack:12315]
7fa548d19000-7fa548f19000 rw-p 00000000 00:00 0 
7fa548f19000-7fa549119000 rw-p 00000000 00:00 0 
7fa549119000-7fa549319000 rw-p 00000000 00:00 0 
7fa549319000-7fa54932b000 r--s 00345000 08:06 2634539                    /usr/lib/jvm/java-8-oracle/jre/lib/resources.jar
7fa54932b000-7fa54952b000 rw-p 00000000 00:00 0 
7fa54952b000-7fa54972b000 rw-p 00000000 00:00 0 
7fa54972b000-7fa54992b000 rw-p 00000000 00:00 0 
7fa54992b000-7fa549b2b000 rw-p 00000000 00:00 0 
7fa549b2b000-7fa549d2b000 rw-p 00000000 00:00 0 
7fa549d2b000-7fa549da4000 r--s 010e3000 08:06 2629352                    /usr/lib/jvm/java-8-oracle/lib/tools.jar
7fa549da4000-7fa549fa4000 rw-p 00000000 00:00 0 
7fa549fa4000-7fa549fae000 r--s 00116000 08:06 2634438                    /usr/lib/jvm/java-8-oracle/jre/lib/ext/localedata.jar
7fa549fae000-7fa549fca000 r--s 00393000 08:06 2634437                    /usr/lib/jvm/java-8-oracle/jre/lib/ext/cldrdata.jar
7fa549fca000-7fa549fce000 r--s 00097000 08:06 2634551                    /usr/lib/jvm/java-8-oracle/jre/lib/jsse.jar
7fa549fce000-7fa549fd5000 r--s 00000000 08:06 919066                     /usr/lib/x86_64-linux-gnu/gconv/gconv-modules.cache
7fa549fd5000-7fa549ff7000 r--p 00000000 08:06 1187377                    /usr/share/locale-langpack/pt_BR/LC_MESSAGES/libc.mo
7fa549ff7000-7fa549ff9000 r--s 0000b000 08:06 2899752                    /tmp/sbt-global-plugin1stub/boot/scala-2.10.6/org.scala-sbt/sbt/0.13.11/xsbti/interface-0.13.11.jar
7fa549ff9000-7fa54a003000 r--s 00085000 08:06 2899869                    /tmp/sbt-global-plugin1stub/boot/scala-2.10.6/org.scala-sbt/sbt/0.13.11/json4s-core_2.10-3.2.10.jar
7fa54a003000-7fa54a203000 rw-p 00000000 00:00 0 
7fa54a203000-7fa54a20b000 r--s 00057000 08:06 2899825                    /tmp/sbt-global-plugin1stub/boot/scala-2.10.6/org.scala-sbt/sbt/0.13.11/completion-0.13.11.jar
7fa54a20b000-7fa54a20d000 r--s 00007000 08:06 2899740                    /tmp/sbt-global-plugin1stub/boot/scala-2.10.6/org.scala-sbt/sbt/0.13.11/compiler-ivy-integration-0.13.11.jar
7fa54a20d000-7fa54a213000 r--s 00040000 08:06 2899739                    /tmp/sbt-global-plugin1stub/boot/scala-2.10.6/org.scala-sbt/sbt/0.13.11/api-0.13.11.jar
7fa54a213000-7fa54a215000 r--s 00012000 08:06 2899867                    /tmp/sbt-global-plugin1stub/boot/scala-2.10.6/org.scala-sbt/sbt/0.13.11/jawn-parser_2.10-0.6.0.jar
7fa54a215000-7fa54a216000 r--s 00005000 08:06 2899854                    /tmp/sbt-global-plugin1stub/boot/scala-2.10.6/org.scala-sbt/sbt/0.13.11/sbt-0.13.11.jar
7fa54a216000-7fa54a21d000 r--s 0003f000 08:06 2899860                    /tmp/sbt-global-plugin1stub/boot/scala-2.10.6/org.scala-sbt/sbt/0.13.11/io-0.13.11.jar
7fa54a21d000-7fa54a224000 r--s 0004b000 08:06 2899743                    /tmp/sbt-global-plugin1stub/boot/scala-2.10.6/org.scala-sbt/sbt/0.13.11/serialization_2.10-0.1.2.jar
7fa54a224000-7fa54a22a000 r--s 00038000 08:06 2899861                    /tmp/sbt-global-plugin1stub/boot/scala-2.10.6/org.scala-sbt/sbt/0.13.11/compile-0.13.11.jar
7fa54a22a000-7fa54a22c000 r--s 0001a000 08:06 2899732                    /tmp/sbt-global-plugin1stub/boot/scala-2.10.6/org.scala-sbt/sbt/0.13.11/jansi-1.11.jar
7fa54a22c000-7fa54a22e000 r--s 0000b000 08:06 2899730                    /tmp/sbt-global-plugin1stub/boot/scala-2.10.6/org.scala-sbt/sbt/0.13.11/tracking-0.13.11.jar
7fa54a22e000-7fa54a232000 r--s 00039000 08:06 2899855                    /tmp/sbt-global-plugin1stub/boot/scala-2.10.6/org.scala-sbt/sbt/0.13.11/jline-2.13.jar
7fa54a232000-7fa54a234000 r--s 00002000 08:06 2899864                    /tmp/sbt-global-plugin1stub/boot/scala-2.10.6/org.scala-sbt/sbt/0.13.11/test-interface-1.0.jar
7fa54a234000-7fa54a238000 r--s 0001d000 08:06 2899746                    /tmp/sbt-global-plugin1stub/boot/scala-2.10.6/org.scala-sbt/sbt/0.13.11/tasks-0.13.11.jar
7fa54a238000-7fa54a26d000 r--s 002da000 08:06 2899757                    /tmp/sbt-global-plugin1stub/boot/scala-2.10.6/org.scala-sbt/sbt/0.13.11/scala-reflect-2.10.6.jar
7fa54a26d000-7fa54a272000 r--s 00037000 08:06 2899826                    /tmp/sbt-global-plugin1stub/boot/scala-2.10.6/org.scala-sbt/sbt/0.13.11/command-0.13.11.jar
7fa54a272000-7fa54a274000 r--s 00017000 08:06 2899734                    /tmp/sbt-global-plugin1stub/boot/scala-2.10.6/org.scala-sbt/sbt/0.13.11/testing-0.13.11.jar
7fa54a274000-7fa54a277000 r--s 00013000 08:06 2899754                    /tmp/sbt-global-plugin1stub/boot/scala-2.10.6/org.scala-sbt/sbt/0.13.11/classpath-0.13.11.jar
7fa54a277000-7fa54a27d000 r--s 00038000 08:06 2899868                    /tmp/sbt-global-plugin1stub/boot/scala-2.10.6/org.scala-sbt/sbt/0.13.11/compiler-interface-0.13.11.jar
7fa54a27d000-7fa54a287000 r--s 0006e000 08:06 2899742                    /tmp/sbt-global-plugin1stub/boot/scala-2.10.6/org.scala-sbt/sbt/0.13.11/incremental-compiler-0.13.11.jar
7fa54a287000-7fa54a28a000 r--s 00018000 08:06 2899738                    /tmp/sbt-global-plugin1stub/boot/scala-2.10.6/org.scala-sbt/sbt/0.13.11/logging-0.13.11.jar
7fa54a28a000-7fa54a28c000 r--s 00014000 08:06 2899756                    /tmp/sbt-global-plugin1stub/boot/scala-2.10.6/org.scala-sbt/sbt/0.13.11/apply-macro-0.13.11.jar
7fa54a28c000-7fa54a28e000 r--s 00001000 08:06 2899859                    /tmp/sbt-global-plugin1stub/boot/scala-2.10.6/org.scala-sbt/sbt/0.13.11/cross-0.13.11.jar
7fa54a28e000-7fa54a290000 r--s 00013000 08:06 2899745                    /tmp/sbt-global-plugin1stub/boot/scala-2.10.6/org.scala-sbt/sbt/0.13.11/json4s-ast_2.10-3.2.10.jar
7fa54a290000-7fa54a295000 r--s 00024000 08:06 2899727                    /tmp/sbt-global-plugin1stub/boot/scala-2.10.6/org.scala-sbt/sbt/0.13.11/persist-0.13.11.jar
7fa54a295000-7fa54a29e000 r--s 0006f000 08:06 2899862                    /tmp/sbt-global-plugin1stub/boot/scala-2.10.6/org.scala-sbt/sbt/0.13.11/actions-0.13.11.jar
7fa54a29e000-7fa54a2a2000 r--s 0001c000 08:06 2899865                    /tmp/sbt-global-plugin1stub/boot/scala-2.10.6/org.scala-sbt/sbt/0.13.11/compiler-integration-0.13.11.jar
7fa54a2a2000-7fa54a2b7000 r--s 00101000 08:06 2899741                    /tmp/sbt-global-plugin1stub/boot/scala-2.10.6/org.scala-sbt/sbt/0.13.11/ivy-2.3.0-sbt-2cc8d2761242b072cedb0a04cb39435c4fa24f9a.jar
7fa54a2b7000-7fa54a2d9000 r--s 001bc000 08:06 2899724                    /tmp/sbt-global-plugin1stub/boot/scala-2.10.6/org.scala-sbt/sbt/0.13.11/ivy-0.13.11.jar
7fa54a2d9000-7fa54a2e5000 r--s 000a4000 08:06 2899852                    /tmp/sbt-global-plugin1stub/boot/scala-2.10.6/org.scala-sbt/sbt/0.13.11/quasiquotes_2.10-2.0.1.jar
7fa54a2e5000-7fa54a2e8000 r--s 0001d000 08:06 2899858                    /tmp/sbt-global-plugin1stub/boot/scala-2.10.6/org.scala-sbt/sbt/0.13.11/task-system-0.13.11.jar
7fa54a2e8000-7fa54a2ea000 r--s 00015000 08:06 2899733                    /tmp/sbt-global-plugin1stub/boot/scala-2.10.6/org.scala-sbt/sbt/0.13.11/classfile-0.13.11.jar
7fa54a2ea000-7fa54a2f8000 r--s 000bc000 08:06 2899735                    /tmp/sbt-global-plugin1stub/boot/scala-2.10.6/org.scala-sbt/sbt/0.13.11/scala-pickling_2.10-0.10.1.jar
7fa54a2f8000-7fa54a2fb000 r--s 0001e000 08:06 2899736                    /tmp/sbt-global-plugin1stub/boot/scala-2.10.6/org.scala-sbt/sbt/0.13.11/run-0.13.11.jar
7fa54a2fb000-7fa54a306000 r--s 00097000 08:06 2899856                    /tmp/sbt-global-plugin1stub/boot/scala-2.10.6/org.scala-sbt/sbt/0.13.11/main-settings-0.13.11.jar
7fa54a306000-7fa54a30a000 r--s 0001b000 08:06 2899827                    /tmp/sbt-global-plugin1stub/boot/scala-2.10.6/org.scala-sbt/sbt/0.13.11/process-0.13.11.jar
7fa54a30a000-7fa54a312000 r--s 00060000 08:06 2899728                    /tmp/sbt-global-plugin1stub/boot/scala-2.10.6/org.scala-sbt/sbt/0.13.11/collections-0.13.11.jar
7fa54a312000-7fa54a314000 r--s 00002000 08:06 2899731                    /tmp/sbt-global-plugin1stub/boot/scala-2.10.6/org.scala-sbt/sbt/0.13.11/control-0.13.11.jar
7fa54a314000-7fa54a341000 r--s 00242000 08:06 2899857                    /tmp/sbt-global-plugin1stub/boot/scala-2.10.6/org.scala-sbt/sbt/0.13.11/main-0.13.11.jar
7fa54a341000-7fa54a345000 r--s 00034000 08:06 2899729                    /tmp/sbt-global-plugin1stub/boot/scala-2.10.6/org.scala-sbt/sbt/0.13.11/jsch-0.1.46.jar
7fa54a345000-7fa54a37a000 r--s 002da000 08:06 2899874                    /tmp/sbt-global-plugin1stub/boot/scala-2.10.6/lib/scala-reflect.jar
7fa54a37a000-7fa54a478000 r--s 00cd0000 08:06 2899873                    /tmp/sbt-global-plugin1stub/boot/scala-2.10.6/lib/scala-compiler.jar
7fa54a478000-7fa54a4eb000 r--s 0065b000 08:06 2899877                    /tmp/sbt-global-plugin1stub/boot/scala-2.10.6/lib/scala-library.jar
7fa54a4eb000-7fa54a4fc000 r-xp 00000000 08:06 2898011                    /usr/lib/jvm/java-8-oracle/jre/lib/amd64/libnio.so
7fa54a4fc000-7fa54a6fb000 ---p 00011000 08:06 2898011                    /usr/lib/jvm/java-8-oracle/jre/lib/amd64/libnio.so
7fa54a6fb000-7fa54a6fc000 rw-p 00010000 08:06 2898011                    /usr/lib/jvm/java-8-oracle/jre/lib/amd64/libnio.so
7fa54a6fc000-7fa54a712000 r-xp 00000000 08:06 2898027                    /usr/lib/jvm/java-8-oracle/jre/lib/amd64/libnet.so
7fa54a712000-7fa54a912000 ---p 00016000 08:06 2898027                    /usr/lib/jvm/java-8-oracle/jre/lib/amd64/libnet.so
7fa54a912000-7fa54a913000 rw-p 00016000 08:06 2898027                    /usr/lib/jvm/java-8-oracle/jre/lib/amd64/libnet.so
7fa54a913000-7fa54a92f000 r--s 0010c000 08:06 2107666                    /home/rafael/.IntelliJIdea15/config/plugins/Scala/launcher/sbt-launch.jar
7fa54a92f000-7fa54a930000 ---p 00000000 00:00 0 
7fa54a930000-7fa54aa30000 rw-p 00000000 00:00 0                          [stack:12279]
7fa54aa30000-7fa54aa33000 ---p 00000000 00:00 0 
7fa54aa33000-7fa54ab31000 rw-p 00000000 00:00 0                          [stack:12278]
7fa54ab31000-7fa54ab34000 ---p 00000000 00:00 0 
7fa54ab34000-7fa54ac32000 rw-p 00000000 00:00 0                          [stack:12277]
7fa54ac32000-7fa54ac35000 ---p 00000000 00:00 0 
7fa54ac35000-7fa54ad33000 rw-p 00000000 00:00 0                          [stack:12276]
7fa54ad33000-7fa54ad36000 ---p 00000000 00:00 0 
7fa54ad36000-7fa54ae34000 rw-p 00000000 00:00 0                          [stack:12275]
7fa54ae34000-7fa54ae37000 ---p 00000000 00:00 0 
7fa54ae37000-7fa54af35000 rw-p 00000000 00:00 0                          [stack:12274]
7fa54af35000-7fa54b370000 r--p 00000000 08:06 667609                     /usr/lib/locale/locale-archive
7fa54b370000-7fa54b373000 ---p 00000000 00:00 0 
7fa54b373000-7fa54b471000 rw-p 00000000 00:00 0                          [stack:12273]
7fa54b471000-7fa54b474000 ---p 00000000 00:00 0 
7fa54b474000-7fa54b572000 rw-p 00000000 00:00 0                          [stack:12272]
7fa54b572000-7fa54b573000 ---p 00000000 00:00 0 
7fa54b573000-7fa54c000000 rw-p 00000000 00:00 0                          [stack:12271]
7fa54c000000-7fa54c021000 rw-p 00000000 00:00 0 
7fa54c021000-7fa550000000 ---p 00000000 00:00 0 
7fa550000000-7fa550001000 r--s 00005000 08:06 2899737                    /tmp/sbt-global-plugin1stub/boot/scala-2.10.6/org.scala-sbt/sbt/0.13.11/test-agent-0.13.11.jar
7fa550001000-7fa550628000 rw-p 00000000 00:00 0 
7fa550628000-7fa550800000 r--s 03d1e000 08:06 2634548                    /usr/lib/jvm/java-8-oracle/jre/lib/rt.jar
7fa550800000-7fa551000000 rw-p 00000000 00:00 0 
7fa551000000-7fa551e30000 rwxp 00000000 00:00 0 
7fa551e30000-7fa560000000 ---p 00000000 00:00 0 
7fa560000000-7fa5618cf000 rw-p 00000000 00:00 0 
7fa5618cf000-7fa564000000 ---p 00000000 00:00 0 
7fa564000000-7fa564001000 r--s 00002000 08:06 2899870                    /tmp/sbt-global-plugin1stub/boot/scala-2.10.6/org.scala-sbt/sbt/0.13.11/launcher-interface-1.0.0-M1.jar
7fa564001000-7fa564003000 r--s 0000e000 08:06 2899755                    /tmp/sbt-global-plugin1stub/boot/scala-2.10.6/org.scala-sbt/sbt/0.13.11/logic-0.13.11.jar
7fa564003000-7fa564005000 r--s 00007000 08:06 2899863                    /tmp/sbt-global-plugin1stub/boot/scala-2.10.6/org.scala-sbt/sbt/0.13.11/paranamer-2.6.jar
7fa564005000-7fa564008000 r--s 0001a000 08:06 2899866                    /tmp/sbt-global-plugin1stub/boot/scala-2.10.6/org.scala-sbt/sbt/0.13.11/cache-0.13.11.jar
7fa564008000-7fa56400a000 r--s 00006000 08:06 2899871                    /tmp/sbt-global-plugin1stub/boot/scala-2.10.6/org.scala-sbt/sbt/0.13.11/relation-0.13.11.jar
7fa56400a000-7fa56400e000 r--s 00022000 08:06 2899760                    /tmp/sbt-global-plugin1stub/boot/scala-2.10.6/org.scala-sbt/sbt/0.13.11/sbinary_2.10-0.4.2.jar
7fa56400e000-7fa566284000 rw-p 00000000 00:00 0 
7fa566284000-7fa566285000 ---p 00000000 00:00 0 
7fa566285000-7fa566385000 rw-p 00000000 00:00 0                          [stack:12270]
7fa566385000-7fa566386000 ---p 00000000 00:00 0 
7fa566386000-7fa566486000 rw-p 00000000 00:00 0                          [stack:12269]
7fa566486000-7fa566487000 ---p 00000000 00:00 0 
7fa566487000-7fa566587000 rw-p 00000000 00:00 0                          [stack:12268]
7fa566587000-7fa566588000 ---p 00000000 00:00 0 
7fa566588000-7fa566733000 rw-p 00000000 00:00 0                          [stack:12267]
7fa566733000-7fa5667de000 ---p 00000000 00:00 0 
7fa5667de000-7fa566889000 rw-p 00000000 00:00 0 
7fa566889000-7fa566933000 ---p 00000000 00:00 0 
7fa566933000-7fa5669a7000 rw-p 00000000 00:00 0 
7fa5669a7000-7fa5669de000 ---p 00000000 00:00 0 
7fa5669de000-7fa566a18000 rw-p 00000000 00:00 0 
7fa566a18000-7fa566d9f000 ---p 00000000 00:00 0 
7fa566d9f000-7fa566db9000 r-xp 00000000 08:06 2898019                    /usr/lib/jvm/java-8-oracle/jre/lib/amd64/libzip.so
7fa566db9000-7fa566fb9000 ---p 0001a000 08:06 2898019                    /usr/lib/jvm/java-8-oracle/jre/lib/amd64/libzip.so
7fa566fb9000-7fa566fba000 rw-p 0001a000 08:06 2898019                    /usr/lib/jvm/java-8-oracle/jre/lib/amd64/libzip.so
7fa566fba000-7fa566fc5000 r-xp 00000000 08:06 3675477                    /lib/x86_64-linux-gnu/libnss_files-2.19.so
7fa566fc5000-7fa5671c4000 ---p 0000b000 08:06 3675477                    /lib/x86_64-linux-gnu/libnss_files-2.19.so
7fa5671c4000-7fa5671c5000 r--p 0000a000 08:06 3675477                    /lib/x86_64-linux-gnu/libnss_files-2.19.so
7fa5671c5000-7fa5671c6000 rw-p 0000b000 08:06 3675477                    /lib/x86_64-linux-gnu/libnss_files-2.19.so
7fa5671c6000-7fa5671d1000 r-xp 00000000 08:06 3675464                    /lib/x86_64-linux-gnu/libnss_nis-2.19.so
7fa5671d1000-7fa5673d0000 ---p 0000b000 08:06 3675464                    /lib/x86_64-linux-gnu/libnss_nis-2.19.so
7fa5673d0000-7fa5673d1000 r--p 0000a000 08:06 3675464                    /lib/x86_64-linux-gnu/libnss_nis-2.19.so
7fa5673d1000-7fa5673d2000 rw-p 0000b000 08:06 3675464                    /lib/x86_64-linux-gnu/libnss_nis-2.19.so
7fa5673d2000-7fa5673e9000 r-xp 00000000 08:06 3675448                    /lib/x86_64-linux-gnu/libnsl-2.19.so
7fa5673e9000-7fa5675e8000 ---p 00017000 08:06 3675448                    /lib/x86_64-linux-gnu/libnsl-2.19.so
7fa5675e8000-7fa5675e9000 r--p 00016000 08:06 3675448                    /lib/x86_64-linux-gnu/libnsl-2.19.so
7fa5675e9000-7fa5675ea000 rw-p 00017000 08:06 3675448                    /lib/x86_64-linux-gnu/libnsl-2.19.so
7fa5675ea000-7fa5675ec000 rw-p 00000000 00:00 0 
7fa5675ec000-7fa5675f5000 r-xp 00000000 08:06 3675447                    /lib/x86_64-linux-gnu/libnss_compat-2.19.so
7fa5675f5000-7fa5677f4000 ---p 00009000 08:06 3675447                    /lib/x86_64-linux-gnu/libnss_compat-2.19.so
7fa5677f4000-7fa5677f5000 r--p 00008000 08:06 3675447                    /lib/x86_64-linux-gnu/libnss_compat-2.19.so
7fa5677f5000-7fa5677f6000 rw-p 00009000 08:06 3675447                    /lib/x86_64-linux-gnu/libnss_compat-2.19.so
7fa5677f6000-7fa567820000 r-xp 00000000 08:06 2897992                    /usr/lib/jvm/java-8-oracle/jre/lib/amd64/libjava.so
7fa567820000-7fa567a20000 ---p 0002a000 08:06 2897992                    /usr/lib/jvm/java-8-oracle/jre/lib/amd64/libjava.so
7fa567a20000-7fa567a22000 rw-p 0002a000 08:06 2897992                    /usr/lib/jvm/java-8-oracle/jre/lib/amd64/libjava.so
7fa567a22000-7fa567a2f000 r-xp 00000000 08:06 2898008                    /usr/lib/jvm/java-8-oracle/jre/lib/amd64/libverify.so
7fa567a2f000-7fa567c2f000 ---p 0000d000 08:06 2898008                    /usr/lib/jvm/java-8-oracle/jre/lib/amd64/libverify.so
7fa567c2f000-7fa567c31000 rw-p 0000d000 08:06 2898008                    /usr/lib/jvm/java-8-oracle/jre/lib/amd64/libverify.so
7fa567c31000-7fa567c38000 r-xp 00000000 08:06 3675471                    /lib/x86_64-linux-gnu/librt-2.19.so
7fa567c38000-7fa567e37000 ---p 00007000 08:06 3675471                    /lib/x86_64-linux-gnu/librt-2.19.so
7fa567e37000-7fa567e38000 r--p 00006000 08:06 3675471                    /lib/x86_64-linux-gnu/librt-2.19.so
7fa567e38000-7fa567e39000 rw-p 00007000 08:06 3675471                    /lib/x86_64-linux-gnu/librt-2.19.so
7fa567e39000-7fa567f3e000 r-xp 00000000 08:06 3675437                    /lib/x86_64-linux-gnu/libm-2.19.so
7fa567f3e000-7fa56813d000 ---p 00105000 08:06 3675437                    /lib/x86_64-linux-gnu/libm-2.19.so
7fa56813d000-7fa56813e000 r--p 00104000 08:06 3675437                    /lib/x86_64-linux-gnu/libm-2.19.so
7fa56813e000-7fa56813f000 rw-p 00105000 08:06 3675437                    /lib/x86_64-linux-gnu/libm-2.19.so
7fa56813f000-7fa568dfe000 r-xp 00000000 08:06 2898021                    /usr/lib/jvm/java-8-oracle/jre/lib/amd64/server/libjvm.so
7fa568dfe000-7fa568ffd000 ---p 00cbf000 08:06 2898021                    /usr/lib/jvm/java-8-oracle/jre/lib/amd64/server/libjvm.so
7fa568ffd000-7fa5690d6000 rw-p 00cbe000 08:06 2898021                    /usr/lib/jvm/java-8-oracle/jre/lib/amd64/server/libjvm.so
7fa5690d6000-7fa56911f000 rw-p 00000000 00:00 0 
7fa56911f000-7fa5692da000 r-xp 00000000 08:06 3675472                    /lib/x86_64-linux-gnu/libc-2.19.so
7fa5692da000-7fa5694d9000 ---p 001bb000 08:06 3675472                    /lib/x86_64-linux-gnu/libc-2.19.so
7fa5694d9000-7fa5694dd000 r--p 001ba000 08:06 3675472                    /lib/x86_64-linux-gnu/libc-2.19.so
7fa5694dd000-7fa5694df000 rw-p 001be000 08:06 3675472                    /lib/x86_64-linux-gnu/libc-2.19.so
7fa5694df000-7fa5694e4000 rw-p 00000000 00:00 0 
7fa5694e4000-7fa5694e7000 r-xp 00000000 08:06 3675444                    /lib/x86_64-linux-gnu/libdl-2.19.so
7fa5694e7000-7fa5696e6000 ---p 00003000 08:06 3675444                    /lib/x86_64-linux-gnu/libdl-2.19.so
7fa5696e6000-7fa5696e7000 r--p 00002000 08:06 3675444                    /lib/x86_64-linux-gnu/libdl-2.19.so
7fa5696e7000-7fa5696e8000 rw-p 00003000 08:06 3675444                    /lib/x86_64-linux-gnu/libdl-2.19.so
7fa5696e8000-7fa5696fd000 r-xp 00000000 08:06 2629365                    /usr/lib/jvm/java-8-oracle/lib/amd64/jli/libjli.so
7fa5696fd000-7fa5698fd000 ---p 00015000 08:06 2629365                    /usr/lib/jvm/java-8-oracle/lib/amd64/jli/libjli.so
7fa5698fd000-7fa5698fe000 rw-p 00015000 08:06 2629365                    /usr/lib/jvm/java-8-oracle/lib/amd64/jli/libjli.so
7fa5698fe000-7fa569917000 r-xp 00000000 08:06 3675449                    /lib/x86_64-linux-gnu/libpthread-2.19.so
7fa569917000-7fa569b16000 ---p 00019000 08:06 3675449                    /lib/x86_64-linux-gnu/libpthread-2.19.so
7fa569b16000-7fa569b17000 r--p 00018000 08:06 3675449                    /lib/x86_64-linux-gnu/libpthread-2.19.so
7fa569b17000-7fa569b18000 rw-p 00019000 08:06 3675449                    /lib/x86_64-linux-gnu/libpthread-2.19.so
7fa569b18000-7fa569b1c000 rw-p 00000000 00:00 0 
7fa569b1c000-7fa569b3f000 r-xp 00000000 08:06 3675451                    /lib/x86_64-linux-gnu/ld-2.19.so
7fa569b3f000-7fa569b40000 r--s 00001000 08:06 2899725                    /tmp/sbt-global-plugin1stub/boot/scala-2.10.6/org.scala-sbt/sbt/0.13.11/json4s-support_2.10-0.6.0.jar
7fa569b40000-7fa569c12000 rw-p 00000000 00:00 0 
7fa569c12000-7fa569c15000 ---p 00000000 00:00 0 
7fa569c15000-7fa569d17000 rw-p 00000000 00:00 0                          [stack:12266]
7fa569d17000-7fa569d1a000 r--s 00018000 08:06 2899875                    /tmp/sbt-global-plugin1stub/boot/scala-2.10.6/lib/jansi.jar
7fa569d1a000-7fa569d1e000 r--s 00025000 08:06 2899876                    /tmp/sbt-global-plugin1stub/boot/scala-2.10.6/lib/jline.jar
7fa569d1e000-7fa569d32000 rw-p 00000000 00:00 0 
7fa569d32000-7fa569d3a000 rw-s 00000000 08:06 2237079                    /tmp/hsperfdata_rafael/12265
7fa569d3a000-7fa569d3b000 rw-p 00000000 00:00 0 
7fa569d3b000-7fa569d3c000 ---p 00000000 00:00 0 
7fa569d3c000-7fa569d3e000 rw-p 00000000 00:00 0 
7fa569d3e000-7fa569d3f000 r--p 00022000 08:06 3675451                    /lib/x86_64-linux-gnu/ld-2.19.so
7fa569d3f000-7fa569d40000 rw-p 00023000 08:06 3675451                    /lib/x86_64-linux-gnu/ld-2.19.so
7fa569d40000-7fa569d41000 rw-p 00000000 00:00 0 
7ffc1d36a000-7ffc1d38b000 rw-p 00000000 00:00 0                          [stack]
7ffc1d3ea000-7ffc1d3ec000 r-xp 00000000 00:00 0                          [vdso]
ffffffffff600000-ffffffffff601000 r-xp 00000000 00:00 0                  [vsyscall]

VM Arguments:
jvm_args: -Dfile.encoding=UTF8 -Djline.terminal=none -Dsbt.log.noformat=true -Dsbt.global.base=/tmp/sbt-global-plugin1stub -Xms512M -Xmx1024M -Xss1M -XX:+CMSClassUnloadingEnabled -XX:MaxPermSize=256M 
java_command: xsbt.boot.Boot run 9090
java_class_path (initial): /home/rafael/.IntelliJIdea15/config/plugins/Scala/launcher/sbt-launch.jar
Launcher Type: SUN_STANDARD

Environment Variables:
JAVA_HOME=/usr/lib/jvm/java-8-oracle
PATH=/usr/local/sbin:/usr/local/bin:/usr/sbin:/usr/bin:/sbin:/bin:/usr/games:/usr/local/games:/usr/lib/jvm/java-8-oracle/bin:/usr/lib/jvm/java-8-oracle/db/bin:/usr/lib/jvm/java-8-oracle/jre/bin
LD_LIBRARY_PATH=/home/rafael/Documentos/idea-IU-143.1821.5/bin:
SHELL=/bin/bash
DISPLAY=:0

Signal Handlers:
SIGSEGV: [libjvm.so+0xabb070], sa_mask[0]=11111111011111111101111111111110, sa_flags=SA_RESTART|SA_SIGINFO
SIGBUS: [libjvm.so+0xabb070], sa_mask[0]=11111111011111111101111111111110, sa_flags=SA_RESTART|SA_SIGINFO
SIGFPE: [libjvm.so+0x918480], sa_mask[0]=11111111011111111101111111111110, sa_flags=SA_RESTART|SA_SIGINFO
SIGPIPE: [libjvm.so+0x918480], sa_mask[0]=11111111011111111101111111111110, sa_flags=SA_RESTART|SA_SIGINFO
SIGXFSZ: [libjvm.so+0x918480], sa_mask[0]=11111111011111111101111111111110, sa_flags=SA_RESTART|SA_SIGINFO
SIGILL: [libjvm.so+0x918480], sa_mask[0]=11111111011111111101111111111110, sa_flags=SA_RESTART|SA_SIGINFO
SIGUSR1: SIG_DFL, sa_mask[0]=00000000000000000000000000000000, sa_flags=none
SIGUSR2: [libjvm.so+0x919ab0], sa_mask[0]=00100000000000000000000000000000, sa_flags=SA_RESTART|SA_SIGINFO
SIGHUP: [libjvm.so+0x91aeb0], sa_mask[0]=11111111011111111101111111111110, sa_flags=SA_RESTART|SA_SIGINFO
SIGINT: [libjvm.so+0x91aeb0], sa_mask[0]=11111111011111111101111111111110, sa_flags=SA_RESTART|SA_SIGINFO
SIGTERM: [libjvm.so+0x91aeb0], sa_mask[0]=11111111011111111101111111111110, sa_flags=SA_RESTART|SA_SIGINFO
SIGQUIT: [libjvm.so+0x91aeb0], sa_mask[0]=11111111011111111101111111111110, sa_flags=SA_RESTART|SA_SIGINFO


---------------  S Y S T E M  ---------------

OS:DISTRIB_ID=Ubuntu
DISTRIB_RELEASE=14.04
DISTRIB_CODENAME=trusty
DISTRIB_DESCRIPTION="Ubuntu 14.04.4 LTS"

uname:Linux 3.13.0-85-generic #129-Ubuntu SMP Thu Mar 17 20:50:15 UTC 2016 x86_64
libc:glibc 2.19 NPTL 2.19 
rlimit: STACK 8192k, CORE 0k, NPROC 31153, NOFILE 4096, AS infinity
load average:6,38 5,30 4,99

/proc/meminfo:
MemTotal:        4009200 kB
MemFree:          223940 kB
Buffers:           62316 kB
Cached:           507924 kB
SwapCached:       111660 kB
Active:          2555672 kB
Inactive:         962464 kB
Active(anon):    2380776 kB
Inactive(anon):   656588 kB
Active(file):     174896 kB
Inactive(file):   305876 kB
Unevictable:          72 kB
Mlocked:              72 kB
SwapTotal:       4153340 kB
SwapFree:        2895684 kB
Dirty:             22188 kB
Writeback:             0 kB
AnonPages:       2873924 kB
Mapped:           270096 kB
Shmem:             89352 kB
Slab:              99688 kB
SReclaimable:      53012 kB
SUnreclaim:        46676 kB
KernelStack:        6328 kB
PageTables:        56472 kB
NFS_Unstable:          0 kB
Bounce:                0 kB
WritebackTmp:          0 kB
CommitLimit:     6157940 kB
Committed_AS:    9781652 kB
VmallocTotal:   34359738367 kB
VmallocUsed:      115572 kB
VmallocChunk:   34359614972 kB
HardwareCorrupted:     0 kB
AnonHugePages:   1056768 kB
HugePages_Total:       0
HugePages_Free:        0
HugePages_Rsvd:        0
HugePages_Surp:        0
Hugepagesize:       2048 kB
DirectMap4k:      197120 kB
DirectMap2M:     3958784 kB


CPU:total 4 (2 cores per cpu, 2 threads per core) family 6 model 58 stepping 9, cmov, cx8, fxsr, mmx, sse, sse2, sse3, ssse3, sse4.1, sse4.2, popcnt, avx, aes, clmul, erms, ht, tsc, tscinvbit, tscinv

/proc/cpuinfo:
processor	: 0
vendor_id	: GenuineIntel
cpu family	: 6
model		: 58
model name	: Intel(R) Core(TM) i5-3230M CPU @ 2.60GHz
stepping	: 9
microcode	: 0x15
cpu MHz		: 2400.000
cache size	: 3072 KB
physical id	: 0
siblings	: 4
core id		: 0
cpu cores	: 2
apicid		: 0
initial apicid	: 0
fpu		: yes
fpu_exception	: yes
cpuid level	: 13
wp		: yes
flags		: fpu vme de pse tsc msr pae mce cx8 apic sep mtrr pge mca cmov pat pse36 clflush dts acpi mmx fxsr sse sse2 ss ht tm pbe syscall nx rdtscp lm constant_tsc arch_perfmon pebs bts rep_good nopl xtopology nonstop_tsc aperfmperf eagerfpu pni pclmulqdq dtes64 monitor ds_cpl vmx est tm2 ssse3 cx16 xtpr pdcm pcid sse4_1 sse4_2 x2apic popcnt tsc_deadline_timer aes xsave avx f16c rdrand lahf_lm ida arat epb xsaveopt pln pts dtherm tpr_shadow vnmi flexpriority ept vpid fsgsbase smep erms
bogomips	: 5187.92
clflush size	: 64
cache_alignment	: 64
address sizes	: 36 bits physical, 48 bits virtual
power management:

processor	: 1
vendor_id	: GenuineIntel
cpu family	: 6
model		: 58
model name	: Intel(R) Core(TM) i5-3230M CPU @ 2.60GHz
stepping	: 9
microcode	: 0x15
cpu MHz		: 2400.000
cache size	: 3072 KB
physical id	: 0
siblings	: 4
core id		: 0
cpu cores	: 2
apicid		: 1
initial apicid	: 1
fpu		: yes
fpu_exception	: yes
cpuid level	: 13
wp		: yes
flags		: fpu vme de pse tsc msr pae mce cx8 apic sep mtrr pge mca cmov pat pse36 clflush dts acpi mmx fxsr sse sse2 ss ht tm pbe syscall nx rdtscp lm constant_tsc arch_perfmon pebs bts rep_good nopl xtopology nonstop_tsc aperfmperf eagerfpu pni pclmulqdq dtes64 monitor ds_cpl vmx est tm2 ssse3 cx16 xtpr pdcm pcid sse4_1 sse4_2 x2apic popcnt tsc_deadline_timer aes xsave avx f16c rdrand lahf_lm ida arat epb xsaveopt pln pts dtherm tpr_shadow vnmi flexpriority ept vpid fsgsbase smep erms
bogomips	: 5187.92
clflush size	: 64
cache_alignment	: 64
address sizes	: 36 bits physical, 48 bits virtual
power management:

processor	: 2
vendor_id	: GenuineIntel
cpu family	: 6
model		: 58
model name	: Intel(R) Core(TM) i5-3230M CPU @ 2.60GHz
stepping	: 9
microcode	: 0x15
cpu MHz		: 2601.000
cache size	: 3072 KB
physical id	: 0
siblings	: 4
core id		: 1
cpu cores	: 2
apicid		: 2
initial apicid	: 2
fpu		: yes
fpu_exception	: yes
cpuid level	: 13
wp		: yes
flags		: fpu vme de pse tsc msr pae mce cx8 apic sep mtrr pge mca cmov pat pse36 clflush dts acpi mmx fxsr sse sse2 ss ht tm pbe syscall nx rdtscp lm constant_tsc arch_perfmon pebs bts rep_good nopl xtopology nonstop_tsc aperfmperf eagerfpu pni pclmulqdq dtes64 monitor ds_cpl vmx est tm2 ssse3 cx16 xtpr pdcm pcid sse4_1 sse4_2 x2apic popcnt tsc_deadline_timer aes xsave avx f16c rdrand lahf_lm ida arat epb xsaveopt pln pts dtherm tpr_shadow vnmi flexpriority ept vpid fsgsbase smep erms
bogomips	: 5187.92
clflush size	: 64
cache_alignment	: 64
address sizes	: 36 bits physical, 48 bits virtual
power management:

processor	: 3
vendor_id	: GenuineIntel
cpu family	: 6
model		: 58
model name	: Intel(R) Core(TM) i5-3230M CPU @ 2.60GHz
stepping	: 9
microcode	: 0x15
cpu MHz		: 2601.000
cache size	: 3072 KB
physical id	: 0
siblings	: 4
core id		: 1
cpu cores	: 2
apicid		: 3
initial apicid	: 3
fpu		: yes
fpu_exception	: yes
cpuid level	: 13
wp		: yes
flags		: fpu vme de pse tsc msr pae mce cx8 apic sep mtrr pge mca cmov pat pse36 clflush dts acpi mmx fxsr sse sse2 ss ht tm pbe syscall nx rdtscp lm constant_tsc arch_perfmon pebs bts rep_good nopl xtopology nonstop_tsc aperfmperf eagerfpu pni pclmulqdq dtes64 monitor ds_cpl vmx est tm2 ssse3 cx16 xtpr pdcm pcid sse4_1 sse4_2 x2apic popcnt tsc_deadline_timer aes xsave avx f16c rdrand lahf_lm ida arat epb xsaveopt pln pts dtherm tpr_shadow vnmi flexpriority ept vpid fsgsbase smep erms
bogomips	: 5187.92
clflush size	: 64
cache_alignment	: 64
address sizes	: 36 bits physical, 48 bits virtual
power management:



Memory: 4k page, physical 4009200k(223940k free), swap 4153340k(2895684k free)

vm_info: Java HotSpot(TM) 64-Bit Server VM (25.77-b03) for linux-amd64 JRE (1.8.0_77-b03), built on Mar 20 2016 22:00:46 by "java_re" with gcc 4.3.0 20080428 (Red Hat 4.3.0-8)

time: Thu Apr 21 00:17:17 2016
elapsed time: 34 seconds (0d 0h 0m 34s)

