#
# A fatal error has been detected by the Java Runtime Environment:
#
#  SIGSEGV (0xb) at pc=0x00007f0847c66f61, pid=8123, tid=139673506014976
#
# JRE version: Java(TM) SE Runtime Environment (8.0_77-b03) (build 1.8.0_77-b03)
# Java VM: Java HotSpot(TM) 64-Bit Server VM (25.77-b03 mixed mode linux-amd64 compressed oops)
# Problematic frame:
# V  [libjvm.so+0x650f61]  oopDesc::size_given_klass(Klass*)+0x1
#
# Failed to write core dump. Core dumps have been disabled. To enable core dumping, try "ulimit -c unlimited" before starting Java again
#
# If you would like to submit a bug report, please visit:
#   http://bugreport.java.com/bugreport/crash.jsp
#

---------------  T H R E A D  ---------------

Current thread (0x00007f084001f000):  GCTaskThread [stack: 0x00007f0845a5e000,0x00007f0845b5f000] [id=8126]

siginfo: si_signo: 11 (SIGSEGV), si_code: 1 (SEGV_MAPERR), si_addr: 0x0000000003b00230

Registers:
RAX=0x00007f0848597830, RBX=0x00007f08485cb100, RCX=0x0000000000000003, RDX=0x000000000001affe
RSP=0x00007f0845b5da70, RBP=0x00007f0845b5daf0, RSI=0x0000000003b00228, RDI=0x00000000c35ffc88
R8 =0x000000000000006c, R9 =0x0000000002000000, R10=0x0000000000000006, R11=0x00007f08485c70e0
R12=0x00000000c35ffc88, R13=0x00000000c35a9110, R14=0x0000000000000006, R15=0x00007f0840074950
RIP=0x00007f0847c66f61, EFLAGS=0x0000000000010206, CSGSFS=0x0000000000000033, ERR=0x0000000000000004
  TRAPNO=0x000000000000000e

Top of Stack: (sp=0x00007f0845b5da70)
0x00007f0845b5da70:   00007f0845b5daf0 00007f0847f10093
0x00007f0845b5da80:   00000000c35a8c90 00000000c35a94a0
0x00007f0845b5da90:   000000000000036b 00000000c36b76f0
0x00007f0845b5daa0:   000024b100002b8e 00007f0840074990
0x00007f0845b5dab0:   000024b100002b8d 0000000000000200
0x00007f0845b5dac0:   00000000c0cbd360 0000000000000000
0x00007f0845b5dad0:   00007f0840074860 0000000000000000
0x00007f0845b5dae0:   00007f0840074950 00007f08481585c5
0x00007f0845b5daf0:   00007f0845b5dc30 00007f0847f6e71d
0x00007f0845b5db00:   0000147500000206 00007f0848de14a4
0x00007f0845b5db10:   00007f0845b5dbd0 00007f0845b5dbc0
0x00007f0845b5db20:   00007f0845b5dbb0 00007f0845b5dba0
0x00007f0845b5db30:   00007f0845b5dbe0 00007f0845b5dbf0
0x00007f0845b5db40:   00007f0845b5dbfc 00007f0840026e80
0x00007f0845b5db50:   00007f07fc3880d0 00007f0847f6e21e
0x00007f0845b5db60:   00007f0845b5dba0 00007f084001f9a0
0x00007f0845b5db70:   00007f084001fd78 00000000000003d8
0x00007f0845b5db80:   00007f0848566940 00007f084001f000
0x00007f0845b5db90:   00007f0840074990 00007f0840074a10
0x00007f0845b5dba0:   00007f0845b5db00 00007f0845b5dbe0
0x00007f0845b5dbb0:   00007f084001ec40 00007f084001f000
0x00007f0845b5dbc0:   0000000000000001 0000000000000000
0x00007f0845b5dbd0:   00007f0845b5dbf0 00007f0847eeca1b
0x00007f0845b5dbe0:   0000000000000000 00007f0800000000
0x00007f0845b5dbf0:   00000000c35a8c90 102c607d47be98a7
0x00007f0845b5dc00:   00007f0845b5dc30 00007f07fc3880d0
0x00007f0845b5dc10:   00007f084001f000 0000000000000001
0x00007f0845b5dc20:   00007f084001f950 00007f08481585c5
0x00007f0845b5dc30:   00007f0845b5dd40 00007f0847bea59f
0x00007f0845b5dc40:   0000000000000000 00007f0845b5dc80
0x00007f0845b5dc50:   00007f0845b5dd00 0000000000000000
0x00007f0845b5dc60:   00007f084001f990 00007f084001f9a0 

Instructions: (pc=0x00007f0847c66f61)
0x00007f0847c66f41:   00 48 8b 01 48 89 45 f0 48 8b 41 08 48 8d 4d f0
0x00007f0847c66f51:   48 89 45 f8 41 ff d0 c9 c3 90 90 90 90 90 90 55
0x00007f0847c66f61:   8b 4e 08 48 89 f2 48 89 e5 83 f9 00 7e 11 f6 c1
0x00007f0847c66f71:   01 75 14 89 c8 c9 c1 f8 03 c3 0f 1f 44 00 00 75 

Register to memory mapping:

RAX=0x00007f0848597830: <offset 0xf81830> in /usr/lib/jvm/java-8-oracle/jre/lib/amd64/server/libjvm.so at 0x00007f0847616000
RBX=0x00007f08485cb100: <offset 0xfb5100> in /usr/lib/jvm/java-8-oracle/jre/lib/amd64/server/libjvm.so at 0x00007f0847616000
RCX=0x0000000000000003 is an unknown value
RDX=0x000000000001affe is an unknown value
RSP=0x00007f0845b5da70 is an unknown value
RBP=0x00007f0845b5daf0 is an unknown value
RSI=0x0000000003b00228 is an unknown value
RDI=0x00000000c35ffc88 is pointing into object: 0x00000000c35ffc80
[C 
 - klass: {type array char}
 - length: 26
R8 =0x000000000000006c is an unknown value
R9 =0x0000000002000000 is an unknown value
R10=0x0000000000000006 is an unknown value
R11=0x00007f08485c70e0: <offset 0xfb10e0> in /usr/lib/jvm/java-8-oracle/jre/lib/amd64/server/libjvm.so at 0x00007f0847616000
R12=0x00000000c35ffc88 is pointing into object: 0x00000000c35ffc80
[C 
 - klass: {type array char}
 - length: 26
R13=0x00000000c35a9110 is pointing into object: 0x00000000c35a8c90
[Lcom.sun.tools.javac.file.ZipFileIndex$Entry; 
 - klass: 'com/sun/tools/javac/file/ZipFileIndex$Entry'[]
 - length: 875
R14=0x0000000000000006 is an unknown value
R15=0x00007f0840074950 is an unknown value


Stack: [0x00007f0845a5e000,0x00007f0845b5f000],  sp=0x00007f0845b5da70,  free space=1022k
Native frames: (J=compiled Java code, j=interpreted, Vv=VM code, C=native code)
V  [libjvm.so+0x650f61]  oopDesc::size_given_klass(Klass*)+0x1
V  [libjvm.so+0x95871d]  StealMarkingTask::do_it(GCTaskManager*, unsigned int)+0x31d
V  [libjvm.so+0x5d459f]  GCTaskThread::run()+0x12f
V  [libjvm.so+0x91d9d8]  java_start(Thread*)+0x108


---------------  P R O C E S S  ---------------

Java Threads: ( => current thread )
  0x00007f07d405f800 JavaThread "pool-10-thread-7" [_thread_blocked, id=8449, stack(0x00007f081a613000,0x00007f081a714000)]
  0x00007f07d4033800 JavaThread "pool-10-thread-6" [_thread_blocked, id=8448, stack(0x00007f081a411000,0x00007f081a512000)]
  0x00007f07b802a000 JavaThread "pool-10-thread-4" [_thread_blocked, id=8446, stack(0x00007f07b29a7000,0x00007f07b2aa8000)]
  0x00007f07b8028800 JavaThread "pool-10-thread-3" [_thread_blocked, id=8445, stack(0x00007f0819256000,0x00007f0819357000)]
  0x00007f07b8027800 JavaThread "pool-10-thread-2" [_thread_blocked, id=8444, stack(0x00007f07b2aa8000,0x00007f07b2ba9000)]
  0x00007f07d4045000 JavaThread "application-akka.actor.default-dispatcher-11" [_thread_blocked, id=8414, stack(0x00007f081b2fb000,0x00007f081b3fc000)]
  0x00007f07ac00b000 JavaThread "netty-event-loop-1" [_thread_blocked, id=8411, stack(0x00007f081814b000,0x00007f081824c000)]
  0x00007f07ac009000 JavaThread "netty-event-loop-8" [_thread_blocked, id=8332, stack(0x00007f07b2da9000,0x00007f07b2eaa000)]
  0x00007f07ac008000 JavaThread "netty-event-loop-7" [_thread_blocked, id=8331, stack(0x00007f07b38aa000,0x00007f07b39ab000)]
  0x00007f07ac007000 JavaThread "netty-event-loop-6" [_thread_blocked, id=8330, stack(0x00007f081844e000,0x00007f081854f000)]
  0x00007f07ac006800 JavaThread "netty-event-loop-5" [_thread_blocked, id=8329, stack(0x00007f081854f000,0x00007f0818650000)]
  0x00007f07ac005800 JavaThread "netty-event-loop-4" [_thread_blocked, id=8328, stack(0x00007f0819054000,0x00007f0819155000)]
  0x00007f07b44b3000 JavaThread "application-scheduler-1" [_thread_blocked, id=8321, stack(0x00007f07b39ab000,0x00007f07b3aac000)]
  0x00007f07b426f000 JavaThread "net.sf.ehcache.CacheManager@66d98f57" daemon [_thread_blocked, id=8316, stack(0x00007f081aef9000,0x00007f081affa000)]
  0x0000000001fcc800 JavaThread "netty-event-loop-3" [_thread_blocked, id=8254, stack(0x00007f081b3fc000,0x00007f081b4fd000)]
  0x00007f07d0b56800 JavaThread "netty-event-loop-2" [_thread_blocked, id=8182, stack(0x00007f0818c52000,0x00007f0818d53000)]
  0x00007f07d09c5000 JavaThread "play-dev-mode-akka.actor.default-dispatcher-3" [_thread_blocked, id=8177, stack(0x00007f0819155000,0x00007f0819256000)]
  0x00007f07d098c800 JavaThread "play-dev-mode-scheduler-1" [_thread_blocked, id=8175, stack(0x00007f0819557000,0x00007f0819658000)]
  0x00007f07d0777000 JavaThread "sbt-play-watch-service" daemon [_thread_blocked, id=8171, stack(0x00007f0819c58000,0x00007f0819d59000)]
  0x00007f07d076d800 JavaThread "Thread-1" daemon [_thread_in_native, id=8170, stack(0x00007f0819d59000,0x00007f0819e5a000)]
  0x00007f0841262000 JavaThread "pool-4-thread-4" [_thread_in_native, id=8167, stack(0x00007f081a512000,0x00007f081a613000)]
  0x00007f07f0061800 JavaThread "sbt-web-akka.actor.default-dispatcher-5" [_thread_blocked, id=8162, stack(0x00007f081b1fa000,0x00007f081b2fb000)]
  0x00007f08411ca000 JavaThread "sbt-web-scheduler-1" [_thread_blocked, id=8158, stack(0x00007f081b6fd000,0x00007f081b7fe000)]
  0x00007f08400da000 JavaThread "Service Thread" daemon [_thread_blocked, id=8137, stack(0x00007f0829dfe000,0x00007f0829eff000)]
  0x00007f08400bd800 JavaThread "C1 CompilerThread2" daemon [_thread_blocked, id=8136, stack(0x00007f0829eff000,0x00007f082a000000)]
  0x00007f08400bb800 JavaThread "C2 CompilerThread1" daemon [_thread_blocked, id=8135, stack(0x00007f08300ba000,0x00007f08301bb000)]
  0x00007f08400b8800 JavaThread "C2 CompilerThread0" daemon [_thread_blocked, id=8134, stack(0x00007f08301bb000,0x00007f08302bc000)]
  0x00007f08400b7000 JavaThread "Signal Dispatcher" daemon [_thread_blocked, id=8133, stack(0x00007f08302bc000,0x00007f08303bd000)]
  0x00007f0840084000 JavaThread "Finalizer" daemon [_thread_blocked, id=8132, stack(0x00007f08307f8000,0x00007f08308f9000)]
  0x00007f084007f800 JavaThread "Reference Handler" daemon [_thread_blocked, id=8131, stack(0x00007f08308f9000,0x00007f08309fa000)]
  0x00007f084000a000 JavaThread "main" [_thread_blocked, id=8125, stack(0x00007f08490e9000,0x00007f08491ea000)]

Other Threads:
  0x00007f0840078000 VMThread [stack: 0x00007f08309fa000,0x00007f0830afb000] [id=8130]
  0x00007f08400dd000 WatcherThread [stack: 0x00007f0829cfd000,0x00007f0829dfe000] [id=8138]

=>0x00007f084001f000 (exited) GCTaskThread [stack: 0x00007f0845a5e000,0x00007f0845b5f000] [id=8126]

VM state:at safepoint (normal execution)

VM Mutex/Monitor currently owned by a thread:  ([mutex/lock_event])
[0x00007f0840006320] Threads_lock - owner thread: 0x00007f0840078000
[0x00007f0840006820] Heap_lock - owner thread: 0x00007f07d4045000

Heap:
 PSYoungGen      total 264704K, used 96K [0x00000000eab00000, 0x0000000100000000, 0x0000000100000000)
  eden space 264192K, 0% used [0x00000000eab00000,0x00000000eab00000,0x00000000fad00000)
  from space 512K, 18% used [0x00000000fad00000,0x00000000fad18000,0x00000000fad80000)
  to   space 43008K, 0% used [0x00000000fd600000,0x00000000fd600000,0x0000000100000000)
 ParOldGen       total 483328K, used 74163K [0x00000000c0000000, 0x00000000dd800000, 0x00000000eab00000)
  object space 483328K, 15% used [0x00000000c0000000,0x00000000c486cde8,0x00000000dd800000)
 Metaspace       used 96948K, capacity 97856K, committed 104448K, reserved 1136640K
  class space    used 16521K, capacity 16801K, committed 17920K, reserved 1048576K

Card table byte_map: [0x00007f0845cb5000,0x00007f0845eb6000] byte_map_base: 0x00007f08456b5000

Marking Bits: (ParMarkBitMap*) 0x00007f08485cb100
 Begin Bits: [0x00007f082a000000, 0x00007f082b000000)
 End Bits:   [0x00007f082b000000, 0x00007f082c000000)

Polling page: 0x00007f0849212000

CodeCache: size=245760Kb used=23684Kb max_used=23785Kb free=222075Kb
 bounds [0x00007f0831000000, 0x00007f0832770000, 0x00007f0840000000]
 total_blobs=9509 nmethods=8942 adapters=477
 compilation: enabled

Compilation events (10 events):
Event: 252,419 Thread 0x00007f08400bd800 11158       3       scala.collection.convert.Wrappers$JSetWrapper::$plus$eq (6 bytes)
Event: 252,420 Thread 0x00007f08400bd800 nmethod 11158 0x00007f08315679d0 code [0x00007f0831567b40, 0x00007f0831567de8]
Event: 252,420 Thread 0x00007f08400bd800 11159       3       sbt.Alternatives$$anon$1$$anonfun$$bar$1::apply (6 bytes)
Event: 252,421 Thread 0x00007f08400bd800 nmethod 11159 0x00007f0831c4c750 code [0x00007f0831c4c960, 0x00007f0831c4d558]
Event: 252,421 Thread 0x00007f08400bd800 11160       3       sbt.Alternatives$$anon$1$$anonfun$$bar$1::apply (29 bytes)
Event: 252,422 Thread 0x00007f08400bd800 nmethod 11160 0x00007f0831de2090 code [0x00007f0831de22a0, 0x00007f0831de2db8]
Event: 252,422 Thread 0x00007f08400bd800 11161       3       sbt.Alternatives$$anon$1$$anonfun$$bar$1$$anonfun$apply$3::<init> (27 bytes)
Event: 252,423 Thread 0x00007f08400bd800 nmethod 11161 0x00007f0831de1910 code [0x00007f0831de1aa0, 0x00007f0831de1e28]
Event: 252,423 Thread 0x00007f08400b8800 nmethod 11162 0x00007f0832274490 code [0x00007f08322745e0, 0x00007f08322746f8]
Event: 252,993 Thread 0x00007f08400bd800 11165       3       java.util.zip.Inflater::finalize (5 bytes)

GC Heap History (10 events):
Event: 49,735 GC heap after
Heap after GC invocations=15 (full 5):
 PSYoungGen      total 309248K, used 0K [0x00000000eab00000, 0x0000000100000000, 0x0000000100000000)
  eden space 276480K, 0% used [0x00000000eab00000,0x00000000eab00000,0x00000000fb900000)
  from space 32768K, 0% used [0x00000000fe000000,0x00000000fe000000,0x0000000100000000)
  to   space 36352K, 0% used [0x00000000fb900000,0x00000000fb900000,0x00000000fdc80000)
 ParOldGen       total 483328K, used 48578K [0x00000000c0000000, 0x00000000dd800000, 0x00000000eab00000)
  object space 483328K, 10% used [0x00000000c0000000,0x00000000c2f70848,0x00000000dd800000)
 Metaspace       used 72141K, capacity 72680K, committed 75948K, reserved 1112064K
  class space    used 12831K, capacity 12977K, committed 13568K, reserved 1048576K
}
Event: 59,346 GC heap before
{Heap before GC invocations=16 (full 5):
 PSYoungGen      total 309248K, used 276480K [0x00000000eab00000, 0x0000000100000000, 0x0000000100000000)
  eden space 276480K, 100% used [0x00000000eab00000,0x00000000fb900000,0x00000000fb900000)
  from space 32768K, 0% used [0x00000000fe000000,0x00000000fe000000,0x0000000100000000)
  to   space 36352K, 0% used [0x00000000fb900000,0x00000000fb900000,0x00000000fdc80000)
 ParOldGen       total 483328K, used 48578K [0x00000000c0000000, 0x00000000dd800000, 0x00000000eab00000)
  object space 483328K, 10% used [0x00000000c0000000,0x00000000c2f70848,0x00000000dd800000)
 Metaspace       used 89314K, capacity 90192K, committed 90624K, reserved 1124352K
  class space    used 15342K, capacity 15552K, committed 15616K, reserved 1048576K
Event: 59,383 GC heap after
Heap after GC invocations=16 (full 5):
 PSYoungGen      total 299008K, used 22220K [0x00000000eab00000, 0x0000000100000000, 0x0000000100000000)
  eden space 276480K, 0% used [0x00000000eab00000,0x00000000eab00000,0x00000000fb900000)
  from space 22528K, 98% used [0x00000000fb900000,0x00000000fceb30e8,0x00000000fcf00000)
  to   space 36864K, 0% used [0x00000000fdc00000,0x00000000fdc00000,0x0000000100000000)
 ParOldGen       total 483328K, used 48586K [0x00000000c0000000, 0x00000000dd800000, 0x00000000eab00000)
  object space 483328K, 10% used [0x00000000c0000000,0x00000000c2f72848,0x00000000dd800000)
 Metaspace       used 89314K, capacity 90192K, committed 90624K, reserved 1124352K
  class space    used 15342K, capacity 15552K, committed 15616K, reserved 1048576K
}
Event: 252,438 GC heap before
{Heap before GC invocations=17 (full 5):
 PSYoungGen      total 299008K, used 239150K [0x00000000eab00000, 0x0000000100000000, 0x0000000100000000)
  eden space 276480K, 78% used [0x00000000eab00000,0x00000000f7ed8860,0x00000000fb900000)
  from space 22528K, 98% used [0x00000000fb900000,0x00000000fceb30e8,0x00000000fcf00000)
  to   space 36864K, 0% used [0x00000000fdc00000,0x00000000fdc00000,0x0000000100000000)
 ParOldGen       total 483328K, used 48586K [0x00000000c0000000, 0x00000000dd800000, 0x00000000eab00000)
  object space 483328K, 10% used [0x00000000c0000000,0x00000000c2f72848,0x00000000dd800000)
 Metaspace       used 102922K, capacity 104006K, committed 104448K, reserved 1136640K
  class space    used 17557K, capacity 17847K, committed 17920K, reserved 1048576K
Event: 252,505 GC heap after
Heap after GC invocations=17 (full 5):
 PSYoungGen      total 301056K, used 36838K [0x00000000eab00000, 0x0000000100000000, 0x0000000100000000)
  eden space 264192K, 0% used [0x00000000eab00000,0x00000000eab00000,0x00000000fad00000)
  from space 36864K, 99% used [0x00000000fdc00000,0x00000000ffff9950,0x0000000100000000)
  to   space 42496K, 0% used [0x00000000fad00000,0x00000000fad00000,0x00000000fd680000)
 ParOldGen       total 483328K, used 49212K [0x00000000c0000000, 0x00000000dd800000, 0x00000000eab00000)
  object space 483328K, 10% used [0x00000000c0000000,0x00000000c300f3e8,0x00000000dd800000)
 Metaspace       used 102922K, capacity 104006K, committed 104448K, reserved 1136640K
  class space    used 17557K, capacity 17847K, committed 17920K, reserved 1048576K
}
Event: 252,505 GC heap before
{Heap before GC invocations=18 (full 6):
 PSYoungGen      total 301056K, used 36838K [0x00000000eab00000, 0x0000000100000000, 0x0000000100000000)
  eden space 264192K, 0% used [0x00000000eab00000,0x00000000eab00000,0x00000000fad00000)
  from space 36864K, 99% used [0x00000000fdc00000,0x00000000ffff9950,0x0000000100000000)
  to   space 42496K, 0% used [0x00000000fad00000,0x00000000fad00000,0x00000000fd680000)
 ParOldGen       total 483328K, used 49212K [0x00000000c0000000, 0x00000000dd800000, 0x00000000eab00000)
  object space 483328K, 10% used [0x00000000c0000000,0x00000000c300f3e8,0x00000000dd800000)
 Metaspace       used 102922K, capacity 104006K, committed 104448K, reserved 1136640K
  class space    used 17557K, capacity 17847K, committed 17920K, reserved 1048576K
Event: 252,993 GC heap after
Heap after GC invocations=18 (full 6):
 PSYoungGen      total 301056K, used 0K [0x00000000eab00000, 0x0000000100000000, 0x0000000100000000)
  eden space 264192K, 0% used [0x00000000eab00000,0x00000000eab00000,0x00000000fad00000)
  from space 36864K, 0% used [0x00000000fdc00000,0x00000000fdc00000,0x0000000100000000)
  to   space 42496K, 0% used [0x00000000fad00000,0x00000000fad00000,0x00000000fd680000)
 ParOldGen       total 483328K, used 74163K [0x00000000c0000000, 0x00000000dd800000, 0x00000000eab00000)
  object space 483328K, 15% used [0x00000000c0000000,0x00000000c486cde8,0x00000000dd800000)
 Metaspace       used 96948K, capacity 97856K, committed 104448K, reserved 1136640K
  class space    used 16521K, capacity 16801K, committed 17920K, reserved 1048576K
}
Event: 252,993 GC heap before
{Heap before GC invocations=19 (full 6):
 PSYoungGen      total 301056K, used 1107K [0x00000000eab00000, 0x0000000100000000, 0x0000000100000000)
  eden space 264192K, 0% used [0x00000000eab00000,0x00000000eac14c88,0x00000000fad00000)
  from space 36864K, 0% used [0x00000000fdc00000,0x00000000fdc00000,0x0000000100000000)
  to   space 42496K, 0% used [0x00000000fad00000,0x00000000fad00000,0x00000000fd680000)
 ParOldGen       total 483328K, used 74163K [0x00000000c0000000, 0x00000000dd800000, 0x00000000eab00000)
  object space 483328K, 15% used [0x00000000c0000000,0x00000000c486cde8,0x00000000dd800000)
 Metaspace       used 96948K, capacity 97856K, committed 104448K, reserved 1136640K
  class space    used 16521K, capacity 16801K, committed 17920K, reserved 1048576K
Event: 253,001 GC heap after
Heap after GC invocations=19 (full 6):
 PSYoungGen      total 264704K, used 96K [0x00000000eab00000, 0x0000000100000000, 0x0000000100000000)
  eden space 264192K, 0% used [0x00000000eab00000,0x00000000eab00000,0x00000000fad00000)
  from space 512K, 18% used [0x00000000fad00000,0x00000000fad18000,0x00000000fad80000)
  to   space 43008K, 0% used [0x00000000fd600000,0x00000000fd600000,0x0000000100000000)
 ParOldGen       total 483328K, used 74163K [0x00000000c0000000, 0x00000000dd800000, 0x00000000eab00000)
  object space 483328K, 15% used [0x00000000c0000000,0x00000000c486cde8,0x00000000dd800000)
 Metaspace       used 96948K, capacity 97856K, committed 104448K, reserved 1136640K
  class space    used 16521K, capacity 16801K, committed 17920K, reserved 1048576K
}
Event: 253,001 GC heap before
{Heap before GC invocations=20 (full 7):
 PSYoungGen      total 264704K, used 96K [0x00000000eab00000, 0x0000000100000000, 0x0000000100000000)
  eden space 264192K, 0% used [0x00000000eab00000,0x00000000eab00000,0x00000000fad00000)
  from space 512K, 18% used [0x00000000fad00000,0x00000000fad18000,0x00000000fad80000)
  to   space 43008K, 0% used [0x00000000fd600000,0x00000000fd600000,0x0000000100000000)
 ParOldGen       total 483328K, used 74163K [0x00000000c0000000, 0x00000000dd800000, 0x00000000eab00000)
  object space 483328K, 15% used [0x00000000c0000000,0x00000000c486cde8,0x00000000dd800000)
 Metaspace       used 96948K, capacity 97856K, committed 104448K, reserved 1136640K
  class space    used 16521K, capacity 16801K, committed 17920K, reserved 1048576K

Deoptimization events (10 events):
Event: 251,522 Thread 0x00007f07d405f800 Uncommon trap: reason=null_check action=make_not_entrant pc=0x00007f0831638f00 method=java.lang.reflect.Array.newInstance(Ljava/lang/Class;I)Ljava/lang/Object; @ 2
Event: 251,523 Thread 0x00007f07d405f800 Uncommon trap: reason=unstable_if action=reinterpret pc=0x00007f08323be29c method=scala.collection.mutable.ArrayBuilder$ofRef.ensureSize(I)V @ 13
Event: 251,532 Thread 0x00007f07d405f800 Uncommon trap: reason=unstable_if action=reinterpret pc=0x00007f083208f008 method=scala.reflect.ClassTag$.apply(Ljava/lang/Class;)Lscala/reflect/ClassTag; @ 290
Event: 251,595 Thread 0x00007f07d405f800 Uncommon trap: reason=bimorphic action=maybe_recompile pc=0x00007f0831ac749c method=scala.collection.generic.GenTraversableFactory$ReusableCBF.apply()Lscala/collection/mutable/Builder; @ 4
Event: 251,595 Thread 0x00007f07d405f800 Uncommon trap: reason=bimorphic action=maybe_recompile pc=0x00007f0831ac749c method=scala.collection.generic.GenTraversableFactory$ReusableCBF.apply()Lscala/collection/mutable/Builder; @ 4
Event: 251,701 Thread 0x00007f07d405f800 Uncommon trap: reason=bimorphic action=maybe_recompile pc=0x00007f0831fbcd60 method=scala.collection.generic.GenMapFactory.newBuilder()Lscala/collection/mutable/Builder; @ 5
Event: 251,708 Thread 0x00007f07d405f800 Uncommon trap: reason=bimorphic action=maybe_recompile pc=0x00007f0831fbcd60 method=scala.collection.generic.GenMapFactory.newBuilder()Lscala/collection/mutable/Builder; @ 5
Event: 251,708 Thread 0x00007f07d405f800 Uncommon trap: reason=bimorphic action=maybe_recompile pc=0x00007f0831fbcd60 method=scala.collection.generic.GenMapFactory.newBuilder()Lscala/collection/mutable/Builder; @ 5
Event: 251,708 Thread 0x00007f07d405f800 Uncommon trap: reason=bimorphic action=maybe_recompile pc=0x00007f0831fbcd60 method=scala.collection.generic.GenMapFactory.newBuilder()Lscala/collection/mutable/Builder; @ 5
Event: 251,984 Thread 0x00007f07b8016800 Uncommon trap: reason=bimorphic action=maybe_recompile pc=0x00007f0832662d2c method=java.util.ComparableTimSort.countRunAndMakeAscending([Ljava/lang/Object;II)I @ 66

Internal exceptions (10 events):
Event: 251,941 Thread 0x00007f07b8016800 Exception <a 'java/lang/NoSuchMethodError': <clinit>> (0x00000000f67256a8) thrown at [/HUDSON/workspace/8-2-build-linux-amd64/jdk8u77/6540/hotspot/src/share/vm/prims/jni.cpp, line 1591]
Event: 251,948 Thread 0x00007f07b8016800 Exception <a 'java/lang/NoSuchMethodError': <clinit>> (0x00000000f6736a40) thrown at [/HUDSON/workspace/8-2-build-linux-amd64/jdk8u77/6540/hotspot/src/share/vm/prims/jni.cpp, line 1591]
Event: 251,949 Thread 0x00007f07b8016800 Exception <a 'java/lang/NoSuchMethodError': <clinit>> (0x00000000f67378d0) thrown at [/HUDSON/workspace/8-2-build-linux-amd64/jdk8u77/6540/hotspot/src/share/vm/prims/jni.cpp, line 1591]
Event: 251,949 Thread 0x00007f07b8016800 Exception <a 'java/lang/NoSuchMethodError': <clinit>> (0x00000000f67385d0) thrown at [/HUDSON/workspace/8-2-build-linux-amd64/jdk8u77/6540/hotspot/src/share/vm/prims/jni.cpp, line 1591]
Event: 251,950 Thread 0x00007f07b8016800 Exception <a 'java/lang/NoSuchMethodError': <clinit>> (0x00000000f6739168) thrown at [/HUDSON/workspace/8-2-build-linux-amd64/jdk8u77/6540/hotspot/src/share/vm/prims/jni.cpp, line 1591]
Event: 251,950 Thread 0x00007f07b8016800 Exception <a 'java/lang/NoSuchMethodError': <clinit>> (0x00000000f673a288) thrown at [/HUDSON/workspace/8-2-build-linux-amd64/jdk8u77/6540/hotspot/src/share/vm/prims/jni.cpp, line 1591]
Event: 251,950 Thread 0x00007f07b8016800 Exception <a 'java/lang/NoSuchMethodError': <clinit>> (0x00000000f673e5f0) thrown at [/HUDSON/workspace/8-2-build-linux-amd64/jdk8u77/6540/hotspot/src/share/vm/prims/jni.cpp, line 1591]
Event: 251,952 Thread 0x00007f07b8016800 Exception <a 'java/lang/NoSuchMethodError': <clinit>> (0x00000000f6740138) thrown at [/HUDSON/workspace/8-2-build-linux-amd64/jdk8u77/6540/hotspot/src/share/vm/prims/jni.cpp, line 1591]
Event: 251,952 Thread 0x00007f07b8016800 Exception <a 'java/lang/NoSuchMethodError': <clinit>> (0x00000000f6740f48) thrown at [/HUDSON/workspace/8-2-build-linux-amd64/jdk8u77/6540/hotspot/src/share/vm/prims/jni.cpp, line 1591]
Event: 251,953 Thread 0x00007f07b8016800 Exception <a 'java/lang/NoSuchMethodError': <clinit>> (0x00000000f6741bf8) thrown at [/HUDSON/workspace/8-2-build-linux-amd64/jdk8u77/6540/hotspot/src/share/vm/prims/jni.cpp, line 1591]

Events (10 events):
Event: 252,438 Executing VM operation: RevokeBias done
Event: 252,438 Thread 0x00007f07c4012000 Thread exited: 0x00007f07c4012000
Event: 252,438 Executing VM operation: RevokeBias
Event: 252,438 Executing VM operation: RevokeBias done
Event: 252,438 Thread 0x00007f07b8016800 Thread exited: 0x00007f07b8016800
Event: 252,438 Executing VM operation: ParallelGCSystemGC
Event: 252,993 Executing VM operation: ParallelGCSystemGC done
Event: 252,993 Thread 0x00007f07b8016800 Thread added: 0x00007f07b8016800
Event: 252,993 Thread 0x00007f07b8016800 Thread exited: 0x00007f07b8016800
Event: 252,993 Executing VM operation: RevokeBias


Dynamic libraries:
00400000-00401000 r-xp 00000000 08:06 2628379                            /usr/lib/jvm/java-8-oracle/bin/java
00600000-00601000 rw-p 00000000 08:06 2628379                            /usr/lib/jvm/java-8-oracle/bin/java
01f4c000-01fd3000 rw-p 00000000 00:00 0                                  [heap]
c0000000-dd800000 rw-p 00000000 00:00 0 
dd800000-eab00000 ---p 00000000 00:00 0 
eab00000-100000000 rw-p 00000000 00:00 0 
100000000-101180000 rw-p 00000000 00:00 0 
101180000-140000000 ---p 00000000 00:00 0 
7f07ac000000-7f07ac021000 rw-p 00000000 00:00 0 
7f07ac021000-7f07b0000000 ---p 00000000 00:00 0 
7f07b1824000-7f07b18a4000 rw-p 00000000 00:00 0 
7f07b18a4000-7f07b1a24000 ---p 00000000 00:00 0 
7f07b1a24000-7f07b1c24000 rw-p 00000000 00:00 0 
7f07b1c24000-7f07b1e24000 rw-p 00000000 00:00 0 
7f07b1e24000-7f07b2024000 rw-p 00000000 00:00 0 
7f07b2024000-7f07b2224000 rw-p 00000000 00:00 0 
7f07b2224000-7f07b223a000 r-xp 00000000 08:06 3674032                    /lib/x86_64-linux-gnu/libgcc_s.so.1
7f07b223a000-7f07b2439000 ---p 00016000 08:06 3674032                    /lib/x86_64-linux-gnu/libgcc_s.so.1
7f07b2439000-7f07b243a000 rw-p 00015000 08:06 3674032                    /lib/x86_64-linux-gnu/libgcc_s.so.1
7f07b245f000-7f07b2491000 r-xp 00000000 08:06 2897998                    /usr/lib/jvm/java-8-oracle/jre/lib/amd64/libsunec.so
7f07b2491000-7f07b2690000 ---p 00032000 08:06 2897998                    /usr/lib/jvm/java-8-oracle/jre/lib/amd64/libsunec.so
7f07b2690000-7f07b2696000 rw-p 00031000 08:06 2897998                    /usr/lib/jvm/java-8-oracle/jre/lib/amd64/libsunec.so
7f07b2696000-7f07b28a6000 rw-p 00000000 00:00 0 
7f07b28a6000-7f07b28a9000 ---p 00000000 00:00 0 
7f07b28a9000-7f07b29a7000 rw-p 00000000 00:00 0 
7f07b29a7000-7f07b29aa000 ---p 00000000 00:00 0 
7f07b29aa000-7f07b2aa8000 rw-p 00000000 00:00 0                          [stack:8446]
7f07b2aa8000-7f07b2aab000 ---p 00000000 00:00 0 
7f07b2aab000-7f07b2da9000 rw-p 00000000 00:00 0                          [stack:8444]
7f07b2da9000-7f07b2dac000 ---p 00000000 00:00 0 
7f07b2dac000-7f07b30aa000 rw-p 00000000 00:00 0                          [stack:8332]
7f07b30aa000-7f07b32aa000 rw-p 00000000 00:00 0 
7f07b32aa000-7f07b34aa000 rw-p 00000000 00:00 0 
7f07b34aa000-7f07b36aa000 rw-p 00000000 00:00 0 
7f07b36aa000-7f07b38aa000 rw-p 00000000 00:00 0 
7f07b38aa000-7f07b38ad000 ---p 00000000 00:00 0 
7f07b38ad000-7f07b39ab000 rw-p 00000000 00:00 0                          [stack:8331]
7f07b39ab000-7f07b39ae000 ---p 00000000 00:00 0 
7f07b39ae000-7f07b3cac000 rw-p 00000000 00:00 0                          [stack:8321]
7f07b3cac000-7f07b3da7000 r--s 00c99000 08:06 5769704                    /home/rafael/.ivy2/cache/org.scala-lang/scala-compiler/jars/scala-compiler-2.11.6.jar
7f07b3da7000-7f07b3e00000 r--s 004f6000 08:06 5374660                    /home/rafael/.ivy2/cache/org.scala-lang/scala-library/jars/scala-library-2.11.6.jar
7f07b3e00000-7f07b4000000 rw-p 00000000 00:00 0 
7f07b4000000-7f07b4505000 rw-p 00000000 00:00 0 
7f07b4505000-7f07b8000000 ---p 00000000 00:00 0 
7f07b8000000-7f07b802b000 rw-p 00000000 00:00 0 
7f07b802b000-7f07bc000000 ---p 00000000 00:00 0 
7f07bc000000-7f07bc45d000 rw-p 00000000 00:00 0 
7f07bc45d000-7f07c0000000 ---p 00000000 00:00 0 
7f07c0000000-7f07c04c7000 rw-p 00000000 00:00 0 
7f07c04c7000-7f07c4000000 ---p 00000000 00:00 0 
7f07c4000000-7f07c4532000 rw-p 00000000 00:00 0 
7f07c4532000-7f07c8000000 ---p 00000000 00:00 0 
7f07c8000000-7f07c843b000 rw-p 00000000 00:00 0 
7f07c843b000-7f07cc000000 ---p 00000000 00:00 0 
7f07cc000000-7f07cc10f000 rw-p 00000000 00:00 0 
7f07cc10f000-7f07d0000000 ---p 00000000 00:00 0 
7f07d0000000-7f07d0d1c000 rw-p 00000000 00:00 0 
7f07d0d1c000-7f07d4000000 ---p 00000000 00:00 0 
7f07d4000000-7f07d4135000 rw-p 00000000 00:00 0 
7f07d4135000-7f07d8000000 ---p 00000000 00:00 0 
7f07d8000000-7f07d84a4000 rw-p 00000000 00:00 0 
7f07d84a4000-7f07dc000000 ---p 00000000 00:00 0 
7f07dc000000-7f07dc05b000 rw-p 00000000 00:00 0 
7f07dc05b000-7f07e0000000 ---p 00000000 00:00 0 
7f07e0000000-7f07e0064000 rw-p 00000000 00:00 0 
7f07e0064000-7f07e4000000 ---p 00000000 00:00 0 
7f07e4000000-7f07e4780000 rw-p 00000000 00:00 0 
7f07e4780000-7f07e8000000 ---p 00000000 00:00 0 
7f07e8000000-7f07e810f000 rw-p 00000000 00:00 0 
7f07e810f000-7f07ec000000 ---p 00000000 00:00 0 
7f07ec000000-7f07ec2c6000 rw-p 00000000 00:00 0 
7f07ec2c6000-7f07f0000000 ---p 00000000 00:00 0 
7f07f0000000-7f07f006e000 rw-p 00000000 00:00 0 
7f07f006e000-7f07f4000000 ---p 00000000 00:00 0 
7f07f4000000-7f07f4021000 rw-p 00000000 00:00 0 
7f07f4021000-7f07f8000000 ---p 00000000 00:00 0 
7f07f8000000-7f07f8021000 rw-p 00000000 00:00 0 
7f07f8021000-7f07fc000000 ---p 00000000 00:00 0 
7f07fc000000-7f07fda36000 rw-p 00000000 00:00 0 
7f07fda36000-7f0800000000 ---p 00000000 00:00 0 
7f0800000000-7f0801160000 rw-p 00000000 00:00 0 
7f0801160000-7f0804000000 ---p 00000000 00:00 0 
7f0804000000-7f0804021000 rw-p 00000000 00:00 0 
7f0804021000-7f0808000000 ---p 00000000 00:00 0 
7f0808000000-7f08099a6000 rw-p 00000000 00:00 0 
7f08099a6000-7f080c000000 ---p 00000000 00:00 0 
7f080c000000-7f080c021000 rw-p 00000000 00:00 0 
7f080c021000-7f0810000000 ---p 00000000 00:00 0 
7f0810000000-7f0810021000 rw-p 00000000 00:00 0 
7f0810021000-7f0814000000 ---p 00000000 00:00 0 
7f0814000000-7f0814021000 rw-p 00000000 00:00 0 
7f0814021000-7f0818000000 ---p 00000000 00:00 0 
7f0818006000-7f0818007000 rw-p 00000000 00:00 0 
7f0818007000-7f081800d000 r--s 0003f000 08:06 2634442                    /usr/lib/jvm/java-8-oracle/jre/lib/ext/sunjce_provider.jar
7f081800d000-7f081800e000 r--s 00009000 08:06 2634435                    /usr/lib/jvm/java-8-oracle/jre/lib/ext/sunec.jar
7f081800e000-7f0818011000 r--s 0001a000 08:06 2634533                    /usr/lib/jvm/java-8-oracle/jre/lib/jce.jar
7f0818011000-7f0818014000 ---p 00000000 00:00 0 
7f0818014000-7f081804a000 rw-p 00000000 00:00 0 
7f081804a000-7f081804d000 ---p 00000000 00:00 0 
7f081804d000-7f081814b000 rw-p 00000000 00:00 0 
7f081814b000-7f081814e000 ---p 00000000 00:00 0 
7f081814e000-7f081824c000 rw-p 00000000 00:00 0                          [stack:8411]
7f081824c000-7f081824f000 ---p 00000000 00:00 0 
7f081824f000-7f081834d000 rw-p 00000000 00:00 0 
7f081834d000-7f0818350000 ---p 00000000 00:00 0 
7f0818350000-7f081844e000 rw-p 00000000 00:00 0 
7f081844e000-7f0818451000 ---p 00000000 00:00 0 
7f0818451000-7f081854f000 rw-p 00000000 00:00 0                          [stack:8330]
7f081854f000-7f0818552000 ---p 00000000 00:00 0 
7f0818552000-7f0818650000 rw-p 00000000 00:00 0                          [stack:8329]
7f0818650000-7f0818653000 ---p 00000000 00:00 0 
7f0818653000-7f0818751000 rw-p 00000000 00:00 0 
7f0818751000-7f0818754000 ---p 00000000 00:00 0 
7f0818754000-7f0818a52000 rw-p 00000000 00:00 0 
7f0818a52000-7f0818c52000 rw-p 00000000 00:00 0 
7f0818c52000-7f0818c55000 ---p 00000000 00:00 0 
7f0818c55000-7f0818f53000 rw-p 00000000 00:00 0                          [stack:8182]
7f0818f53000-7f0818f56000 ---p 00000000 00:00 0 
7f0818f56000-7f0819054000 rw-p 00000000 00:00 0 
7f0819054000-7f0819057000 ---p 00000000 00:00 0 
7f0819057000-7f0819155000 rw-p 00000000 00:00 0                          [stack:8328]
7f0819155000-7f0819158000 ---p 00000000 00:00 0 
7f0819158000-7f0819256000 rw-p 00000000 00:00 0                          [stack:8177]
7f0819256000-7f0819259000 ---p 00000000 00:00 0 
7f0819259000-7f0819557000 rw-p 00000000 00:00 0                          [stack:8445]
7f0819557000-7f081955a000 ---p 00000000 00:00 0 
7f081955a000-7f0819858000 rw-p 00000000 00:00 0                          [stack:8175]
7f0819858000-7f0819a58000 rw-p 00000000 00:00 0 
7f0819a58000-7f0819c58000 rw-p 00000000 00:00 0 
7f0819c58000-7f0819c5b000 ---p 00000000 00:00 0 
7f0819c5b000-7f0819d59000 rw-p 00000000 00:00 0                          [stack:8171]
7f0819d59000-7f0819d5c000 ---p 00000000 00:00 0 
7f0819d5c000-7f0819e5a000 rw-p 00000000 00:00 0                          [stack:8170]
7f0819e5a000-7f0819e5e000 r--s 00026000 08:06 6168701                    /home/rafael/.ivy2/cache/com.typesafe.play/play-doc_2.11/jars/play-doc_2.11-1.2.2.jar
7f0819e5e000-7f0819e89000 r--s 001f5000 08:06 5769662                    /home/rafael/.ivy2/cache/com.google.guava/guava/bundles/guava-16.0.1.jar
7f0819e89000-7f0819ed5000 r--s 00994000 08:06 6173286                    /home/rafael/.ivy2/cache/com.typesafe.play/play-docs_2.11/jars/play-docs_2.11-2.5.1.jar
7f0819ed5000-7f0819edb000 r--s 00081000 08:06 6689244                    /home/rafael/.ivy2/cache/postgresql/postgresql/jars/postgresql-9.1-901-1.jdbc4.jar
7f0819edb000-7f0819edd000 r--s 0000d000 08:06 5636655                    /home/rafael/.ivy2/cache/commons-logging/commons-logging/jars/commons-logging-1.1.1.jar
7f0819edd000-7f0819ee5000 r--s 00040000 08:06 5637258                    /home/rafael/.ivy2/cache/org.apache.httpcomponents/httpclient/jars/httpclient-4.0.1.jar
7f0819ee5000-7f0819eea000 r--s 00026000 08:06 5770497                    /home/rafael/.ivy2/cache/org.apache.httpcomponents/httpcore/jars/httpcore-4.0.1.jar
7f0819eea000-7f0819eeb000 r--s 00001000 08:06 5769668                    /home/rafael/.ivy2/cache/oauth.signpost/signpost-commonshttp4/jars/signpost-commonshttp4-1.2.1.2.jar
7f0819eeb000-7f0819eee000 r--s 00009000 08:06 5769666                    /home/rafael/.ivy2/cache/oauth.signpost/signpost-core/jars/signpost-core-1.2.1.2.jar
7f0819eee000-7f0819ef8000 r--s 000ae000 08:06 5773841                    /home/rafael/.ivy2/cache/org.javassist/javassist/bundles/javassist-3.20.0-GA.jar
7f0819ef8000-7f0819efa000 r--s 0000b000 08:06 6694871                    /home/rafael/.ivy2/cache/org.asynchttpclient/netty-codec-dns/jars/netty-codec-dns-2.0.0-RC16.jar
7f0819efa000-7f0819efc000 r--s 00005000 08:06 6694870                    /home/rafael/.ivy2/cache/org.asynchttpclient/netty-resolver/jars/netty-resolver-2.0.0-RC16.jar
7f0819efc000-7f0819f02000 r--s 00042000 08:06 6559850                    /home/rafael/.ivy2/cache/org.asynchttpclient/netty-resolver-dns/jars/netty-resolver-dns-2.0.0-RC16.jar
7f0819f02000-7f0819f0f000 r--s 00097000 08:06 6559849                    /home/rafael/.ivy2/cache/org.asynchttpclient/async-http-client/jars/async-http-client-2.0.0-RC16.jar
7f0819f0f000-7f0819f1b000 r--s 00095000 08:06 5773716                    /home/rafael/.ivy2/cache/com.typesafe.play/play-ws_2.11/jars/play-ws_2.11-2.5.1.jar
7f0819f1b000-7f0819f1c000 r--s 00008000 08:06 6173280                    /home/rafael/.ivy2/cache/com.typesafe.play/play-java-ws_2.11/jars/play-java-ws_2.11-2.5.1.jar
7f0819f1c000-7f0819f37000 r--s 0012e000 08:06 6168632                    /home/rafael/.ivy2/cache/net.sf.ehcache/ehcache-core/jars/ehcache-core-2.6.11.jar
7f0819f37000-7f0819f39000 r--s 00012000 08:06 6173279                    /home/rafael/.ivy2/cache/com.typesafe.play/play-cache_2.11/jars/play-cache_2.11-2.5.1.jar
7f0819f39000-7f0819f3d000 r--s 00029000 08:06 5773721                    /home/rafael/.ivy2/cache/commons-io/commons-io/jars/commons-io-2.3.jar
7f0819f3d000-7f0819f43000 r--s 0003f000 08:06 5773839                    /home/rafael/.ivy2/cache/ch.qos.logback/logback-classic/jars/logback-classic-1.1.4.jar
7f0819f43000-7f0819f4e000 r--s 00065000 08:06 5773838                    /home/rafael/.ivy2/cache/ch.qos.logback/logback-core/jars/logback-core-1.1.4.jar
7f0819f4e000-7f0819f50000 r--s 00004000 08:06 6559844                    /home/rafael/.ivy2/cache/com.typesafe.play/play-logback_2.11/jars/play-logback_2.11-2.5.1.jar
7f0819f50000-7f0819f53000 r--s 0001f000 08:06 6559847                    /home/rafael/.ivy2/cache/io.netty/netty-transport-native-epoll/jars/netty-transport-native-epoll-4.0.34.Final-linux-x86_64.jar
7f0819f53000-7f0819f5c000 r--s 00065000 08:06 6560127                    /home/rafael/.ivy2/cache/io.netty/netty-codec-http/jars/netty-codec-http-4.0.34.Final.jar
7f0819f5c000-7f0819f60000 r--s 00020000 08:06 6560130                    /home/rafael/.ivy2/cache/io.netty/netty-codec/jars/netty-codec-4.0.34.Final.jar
7f0819f60000-7f0819f68000 r--s 0004f000 08:06 6560132                    /home/rafael/.ivy2/cache/io.netty/netty-transport/jars/netty-transport-4.0.34.Final.jar
7f0819f68000-7f0819f70000 r--s 00065000 08:06 6560134                    /home/rafael/.ivy2/cache/io.netty/netty-common/jars/netty-common-4.0.34.Final.jar
7f0819f70000-7f0819f73000 r--s 00031000 08:06 6560133                    /home/rafael/.ivy2/cache/io.netty/netty-buffer/jars/netty-buffer-4.0.34.Final.jar
7f0819f73000-7f0819f79000 r--s 0003e000 08:06 6560131                    /home/rafael/.ivy2/cache/io.netty/netty-handler/jars/netty-handler-4.0.34.Final.jar
7f0819f79000-7f0819f7b000 r--s 00004000 08:06 6559848                    /home/rafael/.ivy2/cache/com.typesafe.netty/netty-reactive-streams/jars/netty-reactive-streams-1.0.5.jar
7f0819f7b000-7f0819f7c000 r--s 00007000 08:06 6559846                    /home/rafael/.ivy2/cache/com.typesafe.netty/netty-reactive-streams-http/jars/netty-reactive-streams-http-1.0.5.jar
7f0819f7c000-7f0819f81000 r--s 00027000 08:06 6173277                    /home/rafael/.ivy2/cache/com.typesafe.play/play-netty-server_2.11/jars/play-netty-server_2.11-2.5.1.jar
7f0819f81000-7f0819f88000 r--s 0003d000 08:06 6173275                    /home/rafael/.ivy2/cache/com.typesafe.play/play-server_2.11/jars/play-server_2.11-2.5.1.jar
7f0819f88000-7f0819f8a000 r--s 00003000 08:06 5514970                    /home/rafael/.ivy2/cache/org.jetbrains/annotations/jars/annotations-13.0.jar
7f0819f8a000-7f0819fac000 r--s 001b2000 08:06 6300295                    /home/rafael/.ivy2/cache/org.avaje.ebeanorm/avaje-ebeanorm/jars/avaje-ebeanorm-6.18.1.jar
7f0819fac000-7f0819fb1000 r--s 00027000 08:06 6174595                    /home/rafael/.ivy2/cache/com.typesafe.play/play-jdbc-evolutions_2.11/jars/play-jdbc-evolutions_2.11-2.5.0.jar
7f0819fb1000-7f0819fb5000 r--s 00038000 08:06 6173927                    /home/rafael/.ivy2/cache/org.apache.tomcat/tomcat-servlet-api/jars/tomcat-servlet-api-8.0.32.jar
7f0819fb5000-7f0819fb7000 r--s 00003000 08:06 6173926                    /home/rafael/.ivy2/cache/com.google.code.findbugs/jsr305/jars/jsr305-3.0.1.jar
7f0819fb7000-7f0819fb8000 r--s 00003000 08:06 6173925                    /home/rafael/.ivy2/cache/net.jodah/typetools/bundles/typetools-0.4.4.jar
7f0819fb8000-7f0819fe4000 r--s 00208000 08:06 5773837                    /home/rafael/.ivy2/cache/com.google.guava/guava/bundles/guava-19.0.jar
7f0819fe4000-7f0819fe7000 r--s 0001d000 08:06 6173924                    /home/rafael/.ivy2/cache/org.reflections/reflections/jars/reflections-0.9.10.jar
7f0819fe7000-7f0819ff4000 r--s 000a6000 08:06 6173923                    /home/rafael/.ivy2/cache/org.springframework/spring-beans/jars/spring-beans-4.2.4.RELEASE.jar
7f0819ff4000-7f081a00a000 r--s 000f2000 08:06 6173922                    /home/rafael/.ivy2/cache/org.springframework/spring-core/jars/spring-core-4.2.4.RELEASE.jar
7f081a00a000-7f081a023000 r--s 000f3000 08:06 6173921                    /home/rafael/.ivy2/cache/org.springframework/spring-context/jars/spring-context-4.2.4.RELEASE.jar
7f081a023000-7f081a025000 r--s 00010000 08:06 6560104                    /home/rafael/.ivy2/cache/javax.el/javax.el-api/jars/javax.el-api-3.0.0.jar
7f081a025000-7f081a027000 r--s 0000e000 08:06 5514353                    /home/rafael/.ivy2/cache/com.fasterxml/classmate/bundles/classmate-1.1.0.jar
7f081a027000-7f081a029000 r--s 0000f000 08:06 6168602                    /home/rafael/.ivy2/cache/org.jboss.logging/jboss-logging/jars/jboss-logging-3.2.1.Final.jar
7f081a029000-7f081a02d000 r--s 0000c000 08:06 6168620                    /home/rafael/.ivy2/cache/javax.validation/validation-api/jars/validation-api-1.1.0.Final.jar
7f081a02d000-7f081a03d000 r--s 0009c000 08:06 6173920                    /home/rafael/.ivy2/cache/org.hibernate/hibernate-validator/jars/hibernate-validator-5.2.4.Final.jar
7f081a03d000-7f081a043000 r--s 0003c000 08:06 6173919                    /home/rafael/.ivy2/cache/org.yaml/snakeyaml/bundles/snakeyaml-1.16.jar
7f081a043000-7f081a046000 r--s 0001c000 08:06 6173276                    /home/rafael/.ivy2/cache/com.typesafe.play/play-java_2.11/jars/play-java_2.11-2.5.1.jar
7f081a046000-7f081a04b000 r--s 0002d000 08:06 6168630                    /home/rafael/.ivy2/cache/tyrex/tyrex/jars/tyrex-1.0.1.jar
7f081a04b000-7f081a04d000 r--s 00007000 08:06 6560124                    /home/rafael/.ivy2/cache/com.googlecode.usc/jdbcdslog/jars/jdbcdslog-1.0.6.2.jar
7f081a04d000-7f081a050000 r--s 0001d000 08:06 6173930                    /home/rafael/.ivy2/cache/com.zaxxer/HikariCP/bundles/HikariCP-2.4.3.jar
7f081a050000-7f081a053000 r--s 00019000 08:06 6168626                    /home/rafael/.ivy2/cache/com.jolbox/bonecp/bundles/bonecp-0.8.0.RELEASE.jar
7f081a053000-7f081a055000 r--s 00009000 08:06 6168594                    /home/rafael/.ivy2/cache/com.google.inject.extensions/guice-assistedinject/jars/guice-assistedinject-4.0.jar
7f081a055000-7f081a063000 r--s 00096000 08:06 6168592                    /home/rafael/.ivy2/cache/com.google.inject/guice/jars/guice-4.0.jar
7f081a063000-7f081a064000 r--s 00003000 08:06 5769650                    /home/rafael/.ivy2/cache/javax.transaction/jta/jars/jta-1.1.jar
7f081a064000-7f081a06d000 r--s 0002d000 08:06 5769660                    /home/rafael/.ivy2/cache/xml-apis/xml-apis/jars/xml-apis-1.4.01.jar
7f081a06d000-7f081a086000 r--s 00135000 08:06 5769648                    /home/rafael/.ivy2/cache/xerces/xercesImpl/jars/xercesImpl-2.11.0.jar
7f081a086000-7f081a08d000 r--s 0003f000 08:06 5637257                    /home/rafael/.ivy2/cache/commons-codec/commons-codec/jars/commons-codec-1.10.jar
7f081a08d000-7f081a08e000 r--s 00004000 08:06 5773829                    /home/rafael/.ivy2/cache/com.typesafe.akka/akka-slf4j_2.11/jars/akka-slf4j_2.11-2.4.2.jar
7f081a08e000-7f081a099000 r--s 0005d000 08:06 5374523                    /home/rafael/.ivy2/cache/org.scala-lang.modules/scala-parser-combinators_2.11/bundles/scala-parser-combinators_2.11-1.0.4.jar
7f081a099000-7f081a0a1000 r--s 00055000 08:06 6560102                    /home/rafael/.ivy2/cache/com.typesafe/ssl-config-core_2.11/bundles/ssl-config-core_2.11-0.1.3.jar
7f081a0a1000-7f081a0a3000 r--s 00005000 08:06 6560100                    /home/rafael/.ivy2/cache/com.typesafe/ssl-config-akka_2.11/bundles/ssl-config-akka_2.11-0.1.3.jar
7f081a0a3000-7f081a0b1000 r--s 00081000 08:06 6173918                    /home/rafael/.ivy2/cache/org.scala-lang.modules/scala-java8-compat_2.11/bundles/scala-java8-compat_2.11-0.7.0.jar
7f081a0b1000-7f081a0df000 r--s 002e6000 08:06 5382195                    /home/rafael/.ivy2/cache/com.typesafe.akka/akka-actor_2.11/jars/akka-actor_2.11-2.4.2.jar
7f081a0df000-7f081a125000 r--s 00395000 08:06 6560098                    /home/rafael/.ivy2/cache/com.typesafe.akka/akka-stream_2.11/jars/akka-stream_2.11-2.4.2.jar
7f081a125000-7f081a126000 r--s 00000000 08:06 6560096                    /home/rafael/.ivy2/cache/org.reactivestreams/reactive-streams/jars/reactive-streams-1.0.0.jar
7f081a126000-7f081a12d000 r--s 00040000 08:06 6559845                    /home/rafael/.ivy2/cache/com.typesafe.play/play-streams_2.11/jars/play-streams_2.11-2.5.1.jar
7f081a12d000-7f081a12f000 r--s 00003000 08:06 5773828                    /home/rafael/.ivy2/cache/org.slf4j/jcl-over-slf4j/jars/jcl-over-slf4j-1.7.16.jar
7f081a12f000-7f081a131000 r--s 00000000 08:06 5773827                    /home/rafael/.ivy2/cache/org.slf4j/jul-to-slf4j/jars/jul-to-slf4j-1.7.16.jar
7f081a131000-7f081a132000 r--s 00009000 08:06 5773826                    /home/rafael/.ivy2/cache/org.slf4j/slf4j-api/jars/slf4j-api-1.7.16.jar
7f081a132000-7f081a133000 r--s 00004000 08:06 6173281                    /home/rafael/.ivy2/cache/com.typesafe.play/play-netty-utils/jars/play-netty-utils-2.5.1.jar
7f081a133000-7f081a136000 r--s 00012000 08:06 6173917                    /home/rafael/.ivy2/cache/com.fasterxml.jackson.datatype/jackson-datatype-jsr310/bundles/jackson-datatype-jsr310-2.7.1.jar
7f081a136000-7f081a138000 r--s 00005000 08:06 6173916                    /home/rafael/.ivy2/cache/com.fasterxml.jackson.datatype/jackson-datatype-jdk8/bundles/jackson-datatype-jdk8-2.7.1.jar
7f081a138000-7f081a149000 r--s 00114000 08:06 5773832                    /home/rafael/.ivy2/cache/com.fasterxml.jackson.core/jackson-databind/bundles/jackson-databind-2.7.1.jar
7f081a149000-7f081a14c000 r--s 0000a000 08:06 5773831                    /home/rafael/.ivy2/cache/com.fasterxml.jackson.core/jackson-annotations/bundles/jackson-annotations-2.7.1.jar
7f081a14c000-7f081a14f000 r--s 0003b000 08:06 5773830                    /home/rafael/.ivy2/cache/com.fasterxml.jackson.core/jackson-core/bundles/jackson-core-2.7.1.jar
7f081a14f000-7f081a19b000 r--s 00412000 08:06 5768179                    /home/rafael/.ivy2/cache/org.scala-lang/scala-reflect/jars/scala-reflect-2.11.7.jar
7f081a19b000-7f081a19f000 r--s 00018000 08:06 5773834                    /home/rafael/.ivy2/cache/org.joda/joda-convert/jars/joda-convert-1.8.1.jar
7f081a19f000-7f081a1af000 r--s 00089000 08:06 5773833                    /home/rafael/.ivy2/cache/joda-time/joda-time/jars/joda-time-2.9.2.jar
7f081a1af000-7f081a1b0000 r--s 00001000 08:06 5773715                    /home/rafael/.ivy2/cache/com.typesafe.play/play-datacommons_2.11/jars/play-datacommons_2.11-2.5.1.jar
7f081a1b0000-7f081a1b9000 r--s 0005c000 08:06 5773714                    /home/rafael/.ivy2/cache/com.typesafe.play/play-functional_2.11/jars/play-functional_2.11-2.5.1.jar
7f081a1b9000-7f081a1c5000 r--s 00091000 08:06 5773713                    /home/rafael/.ivy2/cache/com.typesafe.play/play-json_2.11/jars/play-json_2.11-2.5.1.jar
7f081a1c5000-7f081a1ce000 r--s 00091000 08:06 5769636                    /home/rafael/.ivy2/cache/org.scala-stm/scala-stm_2.11/jars/scala-stm_2.11-0.7.jar
7f081a1ce000-7f081a1e1000 r--s 000ad000 08:06 5773712                    /home/rafael/.ivy2/cache/com.typesafe.play/play-iteratees_2.11/jars/play-iteratees_2.11-2.5.1.jar
7f081a1e1000-7f081a231000 r--s 0037e000 08:06 5773711                    /home/rafael/.ivy2/cache/com.typesafe.play/play_2.11/jars/play_2.11-2.5.1.jar
7f081a231000-7f081a232000 r--s 00001000 08:06 6173283                    /home/rafael/.ivy2/cache/com.typesafe.play/play-jdbc-api_2.11/jars/play-jdbc-api_2.11-2.5.1.jar
7f081a232000-7f081a235000 r--s 00018000 08:06 6173282                    /home/rafael/.ivy2/cache/com.typesafe.play/play-jdbc_2.11/jars/play-jdbc_2.11-2.5.1.jar
7f081a235000-7f081a236000 r--s 00002000 08:06 6173278                    /home/rafael/.ivy2/cache/com.typesafe.play/play-java-jdbc_2.11/jars/play-java-jdbc_2.11-2.5.1.jar
7f081a236000-7f081a28e000 r--s 00523000 08:06 5374443                    /home/rafael/.ivy2/cache/org.scala-lang/scala-library/jars/scala-library-2.11.7.jar
7f081a28e000-7f081a290000 r--s 00002000 08:06 6040650                    /home/rafael/.ivy2/cache/com.typesafe.play/play-ebean_2.11/jars/play-ebean_2.11-3.0.0.jar
7f081a290000-7f081a29b000 r--s 00096000 08:06 5374479                    /home/rafael/.ivy2/cache/org.scala-lang.modules/scala-xml_2.11/bundles/scala-xml_2.11-1.0.1.jar
7f081a29b000-7f081a29d000 r--s 0000d000 08:06 5770475                    /home/rafael/.ivy2/cache/com.typesafe.play/twirl-api_2.11/jars/twirl-api_2.11-1.1.1.jar
7f081a29d000-7f081a29e000 r--s 00006000 08:06 8534103                    /home/rafael/Documentos/Projeta/server/lib/javax.servlet.jsp.jstl.jar
7f081a29e000-7f081a2a1000 r--s 00009000 08:06 8534098                    /home/rafael/Documentos/Projeta/server/lib/javax.ejb.jar
7f081a2a1000-7f081a2a6000 r--s 0001b000 08:06 8534100                    /home/rafael/Documentos/Projeta/server/lib/javax.persistence.jar
7f081a2a6000-7f081a2a8000 r--s 00005000 08:06 8534099                    /home/rafael/Documentos/Projeta/server/lib/javax.jms.jar
7f081a2a8000-7f081a2ab000 r--s 00011000 08:06 8534102                    /home/rafael/Documentos/Projeta/server/lib/javax.servlet.jsp.jar
7f081a2ab000-7f081a2ac000 r--s 00001000 08:06 8534097                    /home/rafael/Documentos/Projeta/server/lib/javax.annotation.jar
7f081a2ac000-7f081a2af000 r--s 00008000 08:06 8534101                    /home/rafael/Documentos/Projeta/server/lib/javax.resource.jar
7f081a2af000-7f081a2bd000 r--s 001a1000 08:06 6040029                    /home/rafael/.ivy2/cache/com.h2database/h2/jars/h2-1.4.191.jar
7f081a2bd000-7f081a310000 r--s 00aee000 08:06 6173285                    /home/rafael/.ivy2/cache/com.typesafe.play/play-omnidoc_2.11/jars/play-omnidoc_2.11-2.5.1.jar
7f081a310000-7f081a313000 ---p 00000000 00:00 0 
7f081a313000-7f081a411000 rw-p 00000000 00:00 0 
7f081a411000-7f081a414000 ---p 00000000 00:00 0 
7f081a414000-7f081a512000 rw-p 00000000 00:00 0                          [stack:8448]
7f081a512000-7f081a515000 ---p 00000000 00:00 0 
7f081a515000-7f081a613000 rw-p 00000000 00:00 0                          [stack:8167]
7f081a613000-7f081a616000 ---p 00000000 00:00 0 
7f081a616000-7f081a914000 rw-p 00000000 00:00 0                          [stack:8449]
7f081a914000-7f081ab14000 rw-p 00000000 00:00 0 
7f081ab14000-7f081ad14000 rw-p 00000000 00:00 0 
7f081ad14000-7f081ad17000 r--s 0000a000 08:06 7213797                    /home/rafael/.ivy2/cache/javax.persistence/persistence-api/jars/persistence-api-1.0.jar
7f081ad17000-7f081ad1a000 r--s 00031000 08:06 7090797                    /home/rafael/.ivy2/cache/org.avaje.ebeanorm/avaje-ebeanorm-agent/jars/avaje-ebeanorm-agent-4.9.1.jar
7f081ad1a000-7f081ad1c000 r--s 00005000 08:06 6687132                    /home/rafael/.ivy2/cache/scala_2.10/sbt_0.13/com.typesafe.sbt/sbt-play-ebean/jars/sbt-play-ebean-3.0.0.jar
7f081ad1c000-7f081ad26000 r--s 000a5000 08:06 5769654                    /home/rafael/.ivy2/cache/org.javassist/javassist/bundles/javassist-3.18.2-GA.jar
7f081ad26000-7f081ad27000 r--s 00001000 08:06 6168064                    /home/rafael/.ivy2/cache/com.typesafe.play/play-enhancer/jars/play-enhancer-1.1.0.jar
7f081ad27000-7f081ad29000 r--s 00005000 08:06 6036634                    /home/rafael/.ivy2/cache/scala_2.10/sbt_0.13/com.typesafe.sbt/sbt-play-enhancer/jars/sbt-play-enhancer-1.1.0.jar
7f081ad29000-7f081ad2a000 r--s 00001000 08:06 6036678                    /home/rafael/.ivy2/cache/org.webjars/diff/jars/diff-1.0.7.jar
7f081ad2a000-7f081ad2c000 r--s 00000000 08:06 6168062                    /home/rafael/.ivy2/cache/org.webjars/debug/jars/debug-0.7.4.jar
7f081ad2c000-7f081ad2f000 r--s 0000c000 08:06 6168060                    /home/rafael/.ivy2/cache/org.webjars/mocha/jars/mocha-1.17.1.jar
7f081ad2f000-7f081ad34000 r--s 00026000 08:06 6036632                    /home/rafael/.ivy2/cache/scala_2.10/sbt_0.13/com.typesafe.sbt/sbt-mocha/jars/sbt-mocha-1.1.0.jar
7f081ad34000-7f081ad37000 r--s 00011000 08:06 6036630                    /home/rafael/.ivy2/cache/scala_2.10/sbt_0.13/com.typesafe.sbt/sbt-digest/jars/sbt-digest-1.1.0.jar
7f081ad37000-7f081ad39000 r--s 00035000 08:06 6168058                    /home/rafael/.ivy2/cache/org.webjars/rjs/jars/rjs-2.1.15.jar
7f081ad39000-7f081ad3c000 r--s 0000f000 08:06 6036628                    /home/rafael/.ivy2/cache/scala_2.10/sbt_0.13/com.typesafe.sbt/sbt-rjs/jars/sbt-rjs-1.0.7.jar
7f081ad3c000-7f081ad3e000 r--s 00000000 08:06 6168052                    /home/rafael/.ivy2/cache/org.webjars/strip-json-comments/jars/strip-json-comments-1.0.2-1.jar
7f081ad3e000-7f081ad40000 r--s 00000000 08:06 6168056                    /home/rafael/.ivy2/cache/org.webjars/console-browserify/jars/console-browserify-0.1.6-1.jar
7f081ad40000-7f081ad42000 r--s 00006000 08:06 6168054                    /home/rafael/.ivy2/cache/org.webjars/underscorejs/jars/underscorejs-1.5.2-2.jar
7f081ad42000-7f081ad44000 r--s 00028000 08:06 6168050                    /home/rafael/.ivy2/cache/org.webjars/jshint-node/jars/jshint-node-2.4.3.jar
7f081ad44000-7f081ad45000 r--s 00004000 08:06 6036626                    /home/rafael/.ivy2/cache/scala_2.10/sbt_0.13/com.typesafe.sbt/sbt-jshint/jars/sbt-jshint-1.0.3.jar
7f081ad45000-7f081ad48000 r--s 00009000 08:06 6168046                    /home/rafael/.ivy2/cache/org.webjars/clean-css/jars/clean-css-2.2.7.jar
7f081ad48000-7f081ad49000 r--s 00001000 08:06 6168048                    /home/rafael/.ivy2/cache/org.webjars/amdefine/jars/amdefine-0.1.0-1.jar
7f081ad49000-7f081ad4a000 r--s 00005000 08:06 6168044                    /home/rafael/.ivy2/cache/org.webjars/source-map/jars/source-map-0.1.31-2.jar
7f081ad4a000-7f081ad4c000 r--s 00019000 08:06 6168042                    /home/rafael/.ivy2/cache/org.webjars/less-node/jars/less-node-1.7.5.jar
7f081ad4c000-7f081ad4e000 r--s 00008000 08:06 6036624                    /home/rafael/.ivy2/cache/scala_2.10/sbt_0.13/com.typesafe.sbt/sbt-less/jars/sbt-less-1.0.6.jar
7f081ad4e000-7f081ad50000 r--s 00000000 08:06 6168040                    /home/rafael/.ivy2/cache/org.webjars/mkdirp/jars/mkdirp-0.3.5.jar
7f081ad50000-7f081ad52000 r--s 00013000 08:06 6168038                    /home/rafael/.ivy2/cache/org.webjars/coffee-script-node/jars/coffee-script-node-1.7.1.jar
7f081ad52000-7f081ad54000 r--s 00003000 08:06 6036622                    /home/rafael/.ivy2/cache/scala_2.10/sbt_0.13/com.typesafe.sbt/sbt-coffeescript/jars/sbt-coffeescript-1.0.0.jar
7f081ad54000-7f081ada4000 r--s 0028c000 08:06 6168036                    /home/rafael/.ivy2/cache/org.webjars/npm/jars/npm-2.11.2.jar
7f081ada4000-7f081ada5000 r--s 00001000 08:06 6167743                    /home/rafael/.ivy2/cache/com.typesafe/npm_2.10/jars/npm_2.10-1.1.1.jar
7f081ada5000-7f081ada6000 r--s 00007000 08:06 5770455                    /home/rafael/.ivy2/cache/org.slf4j/slf4j-api/jars/slf4j-api-1.7.12.jar
7f081ada6000-7f081ada7000 r--s 00002000 08:06 6167753                    /home/rafael/.ivy2/cache/org.slf4j/slf4j-simple/jars/slf4j-simple-1.7.12.jar
7f081ada7000-7f081adab000 r--s 00043000 08:06 6167751                    /home/rafael/.ivy2/cache/io.spray/spray-json_2.10/bundles/spray-json_2.10-1.3.2.jar
7f081adab000-7f081adaf000 r--s 000ac000 08:06 6167749                    /home/rafael/.ivy2/cache/io.apigee.trireme/trireme-node10src/jars/trireme-node10src-0.8.5.jar
7f081adaf000-7f081adbc000 r--s 0010f000 08:06 6168034                    /home/rafael/.ivy2/cache/io.apigee/rhino/jars/rhino-1.7R5pre4.jar
7f081adbc000-7f081adc4000 r--s 00060000 08:06 6167747                    /home/rafael/.ivy2/cache/io.apigee.trireme/trireme-core/jars/trireme-core-0.8.5.jar
7f081adc4000-7f081adc5000 r--s 0001e000 08:06 6168030                    /home/rafael/.ivy2/cache/org.fusesource.leveldbjni/leveldbjni-win64/jars/leveldbjni-win64-1.5.jar
7f081adc5000-7f081adc6000 r--s 0001b000 08:06 6168028                    /home/rafael/.ivy2/cache/org.fusesource.leveldbjni/leveldbjni-win32/jars/leveldbjni-win32-1.5.jar
7f081adc6000-7f081adc7000 r--s 00044000 08:06 6168026                    /home/rafael/.ivy2/cache/org.fusesource.leveldbjni/leveldbjni-linux64/jars/leveldbjni-linux64-1.5.jar
7f081adc7000-7f081adc8000 r--s 00044000 08:06 6167993                    /home/rafael/.ivy2/cache/org.fusesource.leveldbjni/leveldbjni-linux32/jars/leveldbjni-linux32-1.5.jar
7f081adc8000-7f081adc9000 r--s 00028000 08:06 6167991                    /home/rafael/.ivy2/cache/org.fusesource.leveldbjni/leveldbjni-osx/jars/leveldbjni-osx-1.5.jar
7f081adc9000-7f081adca000 r--s 00004000 08:06 6168032                    /home/rafael/.ivy2/cache/org.fusesource.hawtjni/hawtjni-runtime/jars/hawtjni-runtime-1.8.jar
7f081adca000-7f081adcc000 r--s 0000c000 08:06 6167937                    /home/rafael/.ivy2/cache/org.fusesource.leveldbjni/leveldbjni/jars/leveldbjni-1.7.jar
7f081adcc000-7f081adcf000 r--s 000fa000 08:06 6167765                    /home/rafael/.ivy2/cache/org.fusesource.leveldbjni/leveldbjni-all/bundles/leveldbjni-all-1.7.jar
7f081adcf000-7f081adf1000 r--s 00195000 08:06 7217088                    /home/rafael/.ivy2/cache/com.google.guava/guava/jars/guava-12.0.jar
7f081adf1000-7f081adf3000 r--s 00001000 08:06 6167767                    /home/rafael/.ivy2/cache/org.iq80.leveldb/leveldb-api/jars/leveldb-api-0.5.jar
7f081adf3000-7f081adf7000 r--s 00034000 08:06 6167763                    /home/rafael/.ivy2/cache/org.iq80.leveldb/leveldb/jars/leveldb-0.5.jar
7f081adf7000-7f081ae05000 r--s 000bf000 08:06 6167759                    /home/rafael/.ivy2/cache/com.typesafe.akka/akka-persistence-experimental_2.10/jars/akka-persistence-experimental_2.10-2.3.11.jar
7f081ae05000-7f081ae15000 r--s 000f7000 08:06 6167757                    /home/rafael/.ivy2/cache/com.typesafe.akka/akka-cluster_2.10/jars/akka-cluster_2.10-2.3.11.jar
7f081ae15000-7f081ae17000 r--s 0000a000 08:06 6167761                    /home/rafael/.ivy2/cache/org.uncommons.maths/uncommons-maths/jars/uncommons-maths-1.2.2a.jar
7f081ae17000-7f081ae1f000 r--s 0007b000 08:06 5769681                    /home/rafael/.ivy2/cache/com.google.protobuf/protobuf-java/bundles/protobuf-java-2.5.0.jar
7f081ae1f000-7f081ae37000 r--s 00115000 08:06 5770454                    /home/rafael/.ivy2/cache/io.netty/netty/bundles/netty-3.8.0.Final.jar
7f081ae37000-7f081ae4d000 r--s 00135000 08:06 6167755                    /home/rafael/.ivy2/cache/com.typesafe.akka/akka-remote_2.10/jars/akka-remote_2.10-2.3.11.jar
7f081ae4d000-7f081ae5c000 r--s 000bf000 08:06 6167745                    /home/rafael/.ivy2/cache/com.typesafe.akka/akka-contrib_2.10/jars/akka-contrib_2.10-2.3.11.jar
7f081ae5c000-7f081ae82000 r--s 00263000 08:06 5511416                    /home/rafael/.ivy2/cache/com.typesafe.akka/akka-actor_2.10/jars/akka-actor_2.10-2.3.11.jar
7f081ae82000-7f081ae86000 r--s 00022000 08:06 5637252                    /home/rafael/.ivy2/cache/com.typesafe/jse_2.10/jars/jse_2.10-1.1.2.jar
7f081ae86000-7f081ae8a000 r--s 00020000 08:06 6036650                    /home/rafael/.ivy2/cache/scala_2.10/sbt_0.13/com.typesafe.sbt/sbt-js-engine/jars/sbt-js-engine-1.1.3.jar
7f081ae8a000-7f081ae8d000 r--s 0002e000 08:06 5770453                    /home/rafael/.ivy2/cache/com.fasterxml.jackson.core/jackson-core/bundles/jackson-core-2.3.3.jar
7f081ae8d000-7f081ae8f000 r--s 00007000 08:06 5770452                    /home/rafael/.ivy2/cache/com.fasterxml.jackson.core/jackson-annotations/bundles/jackson-annotations-2.3.0.jar
7f081ae8f000-7f081aea0000 r--s 000cf000 08:06 5770451                    /home/rafael/.ivy2/cache/com.fasterxml.jackson.core/jackson-databind/bundles/jackson-databind-2.3.3.jar
7f081aea0000-7f081aea7000 r--s 00056000 08:06 5637250                    /home/rafael/.ivy2/cache/org.apache.commons/commons-compress/jars/commons-compress-1.9.jar
7f081aea7000-7f081aea8000 r--s 00006000 08:06 6167741                    /home/rafael/.ivy2/cache/org.webjars/webjars-locator-core/jars/webjars-locator-core-0.26.jar
7f081aea8000-7f081aeaa000 r--s 00002000 08:06 6167739                    /home/rafael/.ivy2/cache/org.webjars/webjars-locator/jars/webjars-locator-0.26.jar
7f081aeaa000-7f081aeb2000 r--s 00040000 08:06 6040014                    /home/rafael/.ivy2/cache/scala_2.10/sbt_0.13/com.typesafe.sbt/sbt-web/jars/sbt-web-1.3.0.jar
7f081aeb2000-7f081aef2000 r--s 00277000 08:06 6167737                    /home/rafael/.ivy2/cache/org.bouncycastle/bcprov-jdk15on/jars/bcprov-jdk15on-1.51.jar
7f081aef2000-7f081aef9000 r--s 00038000 08:06 6036666                    /home/rafael/.ivy2/cache/org.bouncycastle/bcpg-jdk15on/jars/bcpg-jdk15on-1.51.jar
7f081aef9000-7f081aefc000 ---p 00000000 00:00 0 
7f081aefc000-7f081b1fa000 rw-p 00000000 00:00 0                          [stack:8316]
7f081b1fa000-7f081b1fd000 ---p 00000000 00:00 0 
7f081b1fd000-7f081b2fb000 rw-p 00000000 00:00 0                          [stack:8162]
7f081b2fb000-7f081b2fe000 ---p 00000000 00:00 0 
7f081b2fe000-7f081b3fc000 rw-p 00000000 00:00 0                          [stack:8414]
7f081b3fc000-7f081b3ff000 ---p 00000000 00:00 0 
7f081b3ff000-7f081b6fd000 rw-p 00000000 00:00 0                          [stack:8254]
7f081b6fd000-7f081b700000 ---p 00000000 00:00 0 
7f081b700000-7f081b7fe000 rw-p 00000000 00:00 0                          [stack:8158]
7f081b7fe000-7f081b801000 ---p 00000000 00:00 0 
7f081b801000-7f081b8ff000 rw-p 00000000 00:00 0 
7f081b8ff000-7f081b902000 ---p 00000000 00:00 0 
7f081b902000-7f081bc00000 rw-p 00000000 00:00 0 
7f081bc00000-7f081be00000 rw-p 00000000 00:00 0 
7f081be00000-7f081c000000 rw-p 00000000 00:00 0 
7f081c000000-7f081c021000 rw-p 00000000 00:00 0 
7f081c021000-7f0820000000 ---p 00000000 00:00 0 
7f0820000000-7f082009b000 rw-p 00000000 00:00 0 
7f082009b000-7f0824000000 ---p 00000000 00:00 0 
7f0824000000-7f0824021000 rw-p 00000000 00:00 0 
7f0824021000-7f0828000000 ---p 00000000 00:00 0 
7f0828000000-7f0828001000 r--s 00004000 08:06 6167735                    /home/rafael/.ivy2/cache/org.apache.ant/ant-launcher/jars/ant-launcher-1.9.3.jar
7f0828001000-7f0828020000 r--s 001cc000 08:06 6036664                    /home/rafael/.ivy2/cache/org.apache.ant/ant/jars/ant-1.9.3.jar
7f0828020000-7f0828024000 r--s 00020000 08:06 6167701                    /home/rafael/.ivy2/cache/org.eclipse.aether/aether-impl/jars/aether-impl-0.9.0.M2.jar
7f0828024000-7f0828028000 r--s 0001d000 08:06 6167705                    /home/rafael/.ivy2/cache/org.eclipse.aether/aether-util/jars/aether-util-0.9.0.M2.jar
7f0828028000-7f082802a000 r--s 00003000 08:06 6167733                    /home/rafael/.ivy2/cache/org.eclipse.aether/aether-spi/jars/aether-spi-0.9.0.M2.jar
7f082802a000-7f082802e000 r--s 0001d000 08:06 6167703                    /home/rafael/.ivy2/cache/org.eclipse.aether/aether-api/jars/aether-api-0.9.0.M2.jar
7f082802e000-7f0828030000 r--s 0000e000 08:06 6167699                    /home/rafael/.ivy2/cache/org.apache.maven/maven-aether-provider/jars/maven-aether-provider-3.2.2.jar
7f0828030000-7f0828035000 r--s 00025000 08:06 6167697                    /home/rafael/.ivy2/cache/org.apache.maven/maven-model-builder/jars/maven-model-builder-3.2.2.jar
7f0828035000-7f0828038000 r--s 0000a000 08:06 6167713                    /home/rafael/.ivy2/cache/org.codehaus.plexus/plexus-classworlds/bundles/plexus-classworlds-2.5.1.jar
7f0828038000-7f082803e000 r--s 00042000 08:06 6167725                    /home/rafael/.ivy2/cache/org.eclipse.sisu/org.eclipse.sisu.inject/eclipse-plugins/org.eclipse.sisu.inject-0.0.0.M5.jar
7f082803e000-7f0828040000 r--s 00000000 08:06 6167731                    /home/rafael/.ivy2/cache/aopalliance/aopalliance/jars/aopalliance-1.0.jar
7f0828040000-7f0828048000 r--s 00050000 08:06 6173729                    /home/rafael/.ivy2/cache/org.sonatype.sisu/sisu-guice/jars/sisu-guice-3.1.0-no_aop.jar
7f0828048000-7f082804b000 r--s 00006000 08:06 6173730                    /home/rafael/.ivy2/cache/com.google.code.findbugs/jsr305/jars/jsr305-1.3.9.jar
7f082804b000-7f082804c000 r--s 00000000 08:06 6167729                    /home/rafael/.ivy2/cache/javax.inject/javax.inject/jars/javax.inject-1.jar
7f082804c000-7f082804d000 r--s 00001000 08:06 6167727                    /home/rafael/.ivy2/cache/javax.annotation/jsr250-api/jars/jsr250-api-1.0.jar
7f082804d000-7f0828050000 r--s 00008000 08:06 6167721                    /home/rafael/.ivy2/cache/javax.enterprise/cdi-api/jars/cdi-api-1.0.jar
7f0828050000-7f0828056000 r--s 0002a000 08:06 6167707                    /home/rafael/.ivy2/cache/org.eclipse.sisu/org.eclipse.sisu.plexus/eclipse-plugins/org.eclipse.sisu.plexus-0.0.0.M5.jar
7f0828056000-7f0828058000 r--s 0000a000 08:06 6036662                    /home/rafael/.ivy2/cache/org.apache.maven/maven-plugin-api/jars/maven-plugin-api-3.2.2.jar
7f0828058000-7f082805b000 r--s 0000b000 08:06 6036676                    /home/rafael/.ivy2/cache/org.apache.maven/maven-artifact/jars/maven-artifact-3.2.2.jar
7f082805b000-7f082805d000 r--s 00005000 08:06 6036674                    /home/rafael/.ivy2/cache/org.apache.maven/maven-repository-metadata/jars/maven-repository-metadata-3.2.2.jar
7f082805d000-7f082805f000 r--s 00002000 08:06 6173728                    /home/rafael/.ivy2/cache/org.sonatype.plexus/plexus-cipher/jars/plexus-cipher-1.4.jar
7f082805f000-7f0828060000 r--s 00006000 08:06 6167717                    /home/rafael/.ivy2/cache/org.sonatype.plexus/plexus-sec-dispatcher/jars/plexus-sec-dispatcher-1.3.jar
7f0828060000-7f0828062000 r--s 00000000 08:06 6167715                    /home/rafael/.ivy2/cache/org.codehaus.plexus/plexus-component-annotations/jars/plexus-component-annotations-1.5.5.jar
7f0828062000-7f0828065000 r--s 0000d000 08:06 6167709                    /home/rafael/.ivy2/cache/org.codehaus.plexus/plexus-interpolation/jars/plexus-interpolation-1.19.jar
7f0828065000-7f0828067000 r--s 00009000 08:06 6036672                    /home/rafael/.ivy2/cache/org.apache.maven/maven-settings-builder/jars/maven-settings-builder-3.2.2.jar
7f0828067000-7f0828069000 r--s 00009000 08:06 6036670                    /home/rafael/.ivy2/cache/org.apache.maven/maven-settings/jars/maven-settings-3.2.2.jar
7f0828069000-7f082806d000 r--s 0003a000 08:06 6167711                    /home/rafael/.ivy2/cache/org.codehaus.plexus/plexus-utils/jars/plexus-utils-3.0.17.jar
7f082806d000-7f0828070000 r--s 00025000 08:06 6036668                    /home/rafael/.ivy2/cache/org.apache.maven/maven-model/jars/maven-model-3.2.2.jar
7f0828070000-7f082807c000 r--s 00081000 08:06 6036660                    /home/rafael/.ivy2/cache/org.apache.maven/maven-core/jars/maven-core-3.2.2.jar
7f082807c000-7f0828092000 r--s 0010a000 08:06 6036658                    /home/rafael/.ivy2/cache/org.vafer/jdeb/jars/jdeb-1.3.jar
7f0828092000-7f08280ad000 r--s 000f0000 08:06 6040013                    /home/rafael/.ivy2/cache/scala_2.10/sbt_0.13/com.typesafe.sbt/sbt-native-packager/jars/sbt-native-packager-1.0.3.jar
7f08280ad000-7f08280b5000 r--s 00041000 08:06 6036656                    /home/rafael/.ivy2/cache/com.typesafe.play/twirl-parser_2.10/jars/twirl-parser_2.10-1.1.1.jar
7f08280b5000-7f08280b8000 r--s 00019000 08:06 6036654                    /home/rafael/.ivy2/cache/com.typesafe.play/twirl-compiler_2.10/jars/twirl-compiler_2.10-1.1.1.jar
7f08280b8000-7f08280bb000 r--s 00011000 08:06 6036644                    /home/rafael/.ivy2/cache/scala_2.10/sbt_0.13/com.typesafe.sbt/sbt-twirl/jars/sbt-twirl-1.1.1.jar
7f08280bb000-7f08280bd000 r--s 000a0000 08:06 6036642                    /home/rafael/.ivy2/cache/net.contentobjects.jnotify/jnotify/jars/jnotify-0.94-play-1.jar
7f08280bd000-7f08280c2000 r--s 0003f000 08:06 5637248                    /home/rafael/.ivy2/cache/com.typesafe/config/bundles/config-1.3.0.jar
7f08280c2000-7f08280c4000 r--s 00000000 08:06 5773707                    /home/rafael/.ivy2/cache/com.typesafe.play/play-exceptions/jars/play-exceptions-2.5.1.jar
7f08280c4000-7f08280c5000 r--s 00000000 08:06 5642863                    /home/rafael/.ivy2/cache/com.typesafe.play/build-link/jars/build-link-2.5.1.jar
7f08280c5000-7f08280c9000 r--s 00022000 08:06 6041572                    /home/rafael/.ivy2/cache/com.typesafe.play/sbt-run-support_2.10/jars/sbt-run-support_2.10-2.5.1.jar
7f08280c9000-7f08280cd000 r--s 0002a000 08:06 5770449                    /home/rafael/.ivy2/cache/commons-io/commons-io/jars/commons-io-2.4.jar
7f08280cd000-7f08280d4000 r--s 00064000 08:06 5511414                    /home/rafael/.ivy2/cache/org.apache.commons/commons-lang3/jars/commons-lang3-3.4.jar
7f08280d4000-7f08280d6000 r--s 0000d000 08:06 6036652                    /home/rafael/.ivy2/cache/com.typesafe.play/twirl-api_2.10/jars/twirl-api_2.10-1.1.1.jar
7f08280d6000-7f08280e6000 r--s 00086000 08:06 6041571                    /home/rafael/.ivy2/cache/com.typesafe.play/sbt-routes-compiler_2.10/jars/sbt-routes-compiler_2.10-2.5.1.jar
7f08280e6000-7f08280ef000 r--s 00054000 08:06 5773706                    /home/rafael/.ivy2/cache/scala_2.10/sbt_0.13/com.typesafe.play/sbt-plugin/jars/sbt-plugin-2.5.1.jar
7f08280ef000-7f08280f2000 ---p 00000000 00:00 0 
7f08280f2000-7f08283f0000 rw-p 00000000 00:00 0 
7f08283f0000-7f08285f0000 rw-p 00000000 00:00 0 
7f08285f0000-7f08287f0000 rw-p 00000000 00:00 0 
7f08287f0000-7f08289f0000 rw-p 00000000 00:00 0 
7f08289f0000-7f0828bf0000 rw-p 00000000 00:00 0 
7f0828bf0000-7f0828c69000 r--s 010e3000 08:06 2629352                    /usr/lib/jvm/java-8-oracle/lib/tools.jar
7f0828c69000-7f0828e69000 rw-p 00000000 00:00 0 
7f0828e69000-7f0829069000 rw-p 00000000 00:00 0 
7f0829069000-7f0829070000 r--s 00000000 08:06 919066                     /usr/lib/x86_64-linux-gnu/gconv/gconv-modules.cache
7f0829070000-7f0829092000 r--p 00000000 08:06 1187377                    /usr/share/locale-langpack/pt_BR/LC_MESSAGES/libc.mo
7f0829092000-7f0829094000 r--s 0000b000 08:06 2368426                    /tmp/sbt-global-plugin0stub/boot/scala-2.10.6/org.scala-sbt/sbt/0.13.11/xsbti/interface-0.13.11.jar
7f0829094000-7f082909e000 r--s 00085000 08:06 2237111                    /tmp/sbt-global-plugin0stub/boot/scala-2.10.6/org.scala-sbt/sbt/0.13.11/json4s-core_2.10-3.2.10.jar
7f082909e000-7f08290a6000 r--s 00057000 08:06 2237086                    /tmp/sbt-global-plugin0stub/boot/scala-2.10.6/org.scala-sbt/sbt/0.13.11/completion-0.13.11.jar
7f08290a6000-7f08290a8000 r--s 00007000 08:06 2237075                    /tmp/sbt-global-plugin0stub/boot/scala-2.10.6/org.scala-sbt/sbt/0.13.11/compiler-ivy-integration-0.13.11.jar
7f08290a8000-7f08290ae000 r--s 00040000 08:06 2237074                    /tmp/sbt-global-plugin0stub/boot/scala-2.10.6/org.scala-sbt/sbt/0.13.11/api-0.13.11.jar
7f08290ae000-7f08290b0000 r--s 00012000 08:06 2237109                    /tmp/sbt-global-plugin0stub/boot/scala-2.10.6/org.scala-sbt/sbt/0.13.11/jawn-parser_2.10-0.6.0.jar
7f08290b0000-7f08290b1000 r--s 00005000 08:06 2237090                    /tmp/sbt-global-plugin0stub/boot/scala-2.10.6/org.scala-sbt/sbt/0.13.11/sbt-0.13.11.jar
7f08290b1000-7f08290b8000 r--s 0003f000 08:06 2237100                    /tmp/sbt-global-plugin0stub/boot/scala-2.10.6/org.scala-sbt/sbt/0.13.11/io-0.13.11.jar
7f08290b8000-7f08290bf000 r--s 0004b000 08:06 2237078                    /tmp/sbt-global-plugin0stub/boot/scala-2.10.6/org.scala-sbt/sbt/0.13.11/serialization_2.10-0.1.2.jar
7f08290bf000-7f08290c5000 r--s 00038000 08:06 2237103                    /tmp/sbt-global-plugin0stub/boot/scala-2.10.6/org.scala-sbt/sbt/0.13.11/compile-0.13.11.jar
7f08290c5000-7f08290c7000 r--s 0001a000 08:06 2237067                    /tmp/sbt-global-plugin0stub/boot/scala-2.10.6/org.scala-sbt/sbt/0.13.11/jansi-1.11.jar
7f08290c7000-7f08290c9000 r--s 0000b000 08:06 2237065                    /tmp/sbt-global-plugin0stub/boot/scala-2.10.6/org.scala-sbt/sbt/0.13.11/tracking-0.13.11.jar
7f08290c9000-7f08290cd000 r--s 00039000 08:06 2237091                    /tmp/sbt-global-plugin0stub/boot/scala-2.10.6/org.scala-sbt/sbt/0.13.11/jline-2.13.jar
7f08290cd000-7f08290cf000 r--s 00002000 08:06 2237106                    /tmp/sbt-global-plugin0stub/boot/scala-2.10.6/org.scala-sbt/sbt/0.13.11/test-interface-1.0.jar
7f08290cf000-7f08290d3000 r--s 0001d000 08:06 2237080                    /tmp/sbt-global-plugin0stub/boot/scala-2.10.6/org.scala-sbt/sbt/0.13.11/tasks-0.13.11.jar
7f08290d3000-7f0829108000 r--s 002da000 08:06 2237084                    /tmp/sbt-global-plugin0stub/boot/scala-2.10.6/org.scala-sbt/sbt/0.13.11/scala-reflect-2.10.6.jar
7f0829108000-7f0829308000 rw-p 00000000 00:00 0 
7f0829308000-7f082930d000 r--s 00037000 08:06 2237087                    /tmp/sbt-global-plugin0stub/boot/scala-2.10.6/org.scala-sbt/sbt/0.13.11/command-0.13.11.jar
7f082930d000-7f082930f000 r--s 00017000 08:06 2237069                    /tmp/sbt-global-plugin0stub/boot/scala-2.10.6/org.scala-sbt/sbt/0.13.11/testing-0.13.11.jar
7f082930f000-7f0829312000 r--s 00013000 08:06 2237081                    /tmp/sbt-global-plugin0stub/boot/scala-2.10.6/org.scala-sbt/sbt/0.13.11/classpath-0.13.11.jar
7f0829312000-7f0829313000 r--s 00005000 08:06 2237072                    /tmp/sbt-global-plugin0stub/boot/scala-2.10.6/org.scala-sbt/sbt/0.13.11/test-agent-0.13.11.jar
7f0829313000-7f0829319000 r--s 00038000 08:06 2237110                    /tmp/sbt-global-plugin0stub/boot/scala-2.10.6/org.scala-sbt/sbt/0.13.11/compiler-interface-0.13.11.jar
7f0829319000-7f0829323000 r--s 0006e000 08:06 2237077                    /tmp/sbt-global-plugin0stub/boot/scala-2.10.6/org.scala-sbt/sbt/0.13.11/incremental-compiler-0.13.11.jar
7f0829323000-7f0829326000 r--s 00018000 08:06 2237073                    /tmp/sbt-global-plugin0stub/boot/scala-2.10.6/org.scala-sbt/sbt/0.13.11/logging-0.13.11.jar
7f0829326000-7f0829328000 r--s 00014000 08:06 2237083                    /tmp/sbt-global-plugin0stub/boot/scala-2.10.6/org.scala-sbt/sbt/0.13.11/apply-macro-0.13.11.jar
7f0829328000-7f082932a000 r--s 00001000 08:06 2237099                    /tmp/sbt-global-plugin0stub/boot/scala-2.10.6/org.scala-sbt/sbt/0.13.11/cross-0.13.11.jar
7f082932a000-7f082932c000 r--s 00013000 08:06 2237079                    /tmp/sbt-global-plugin0stub/boot/scala-2.10.6/org.scala-sbt/sbt/0.13.11/json4s-ast_2.10-3.2.10.jar
7f082932c000-7f0829331000 r--s 00024000 08:06 2237062                    /tmp/sbt-global-plugin0stub/boot/scala-2.10.6/org.scala-sbt/sbt/0.13.11/persist-0.13.11.jar
7f0829331000-7f082933a000 r--s 0006f000 08:06 2237104                    /tmp/sbt-global-plugin0stub/boot/scala-2.10.6/org.scala-sbt/sbt/0.13.11/actions-0.13.11.jar
7f082933a000-7f082933e000 r--s 0001c000 08:06 2237107                    /tmp/sbt-global-plugin0stub/boot/scala-2.10.6/org.scala-sbt/sbt/0.13.11/compiler-integration-0.13.11.jar
7f082933e000-7f0829353000 r--s 00101000 08:06 2237076                    /tmp/sbt-global-plugin0stub/boot/scala-2.10.6/org.scala-sbt/sbt/0.13.11/ivy-2.3.0-sbt-2cc8d2761242b072cedb0a04cb39435c4fa24f9a.jar
7f0829353000-7f0829375000 r--s 001bc000 08:06 2237060                    /tmp/sbt-global-plugin0stub/boot/scala-2.10.6/org.scala-sbt/sbt/0.13.11/ivy-0.13.11.jar
7f0829375000-7f0829381000 r--s 000a4000 08:06 2237089                    /tmp/sbt-global-plugin0stub/boot/scala-2.10.6/org.scala-sbt/sbt/0.13.11/quasiquotes_2.10-2.0.1.jar
7f0829381000-7f0829384000 r--s 0001d000 08:06 2237098                    /tmp/sbt-global-plugin0stub/boot/scala-2.10.6/org.scala-sbt/sbt/0.13.11/task-system-0.13.11.jar
7f0829384000-7f0829386000 r--s 00015000 08:06 2237068                    /tmp/sbt-global-plugin0stub/boot/scala-2.10.6/org.scala-sbt/sbt/0.13.11/classfile-0.13.11.jar
7f0829386000-7f0829394000 r--s 000bc000 08:06 2237070                    /tmp/sbt-global-plugin0stub/boot/scala-2.10.6/org.scala-sbt/sbt/0.13.11/scala-pickling_2.10-0.10.1.jar
7f0829394000-7f0829397000 r--s 0001e000 08:06 2237071                    /tmp/sbt-global-plugin0stub/boot/scala-2.10.6/org.scala-sbt/sbt/0.13.11/run-0.13.11.jar
7f0829397000-7f08293a2000 r--s 00097000 08:06 2237092                    /tmp/sbt-global-plugin0stub/boot/scala-2.10.6/org.scala-sbt/sbt/0.13.11/main-settings-0.13.11.jar
7f08293a2000-7f08293aa000 r--s 00060000 08:06 2237063                    /tmp/sbt-global-plugin0stub/boot/scala-2.10.6/org.scala-sbt/sbt/0.13.11/collections-0.13.11.jar
7f08293aa000-7f08293d7000 r--s 00242000 08:06 2237093                    /tmp/sbt-global-plugin0stub/boot/scala-2.10.6/org.scala-sbt/sbt/0.13.11/main-0.13.11.jar
7f08293d7000-7f08295d7000 rw-p 00000000 00:00 0 
7f08295d7000-7f08296d5000 r--s 00cd0000 08:06 2368428                    /tmp/sbt-global-plugin0stub/boot/scala-2.10.6/lib/scala-compiler.jar
7f08296d5000-7f08298d5000 rw-p 00000000 00:00 0 
7f08298d5000-7f08298e6000 r-xp 00000000 08:06 2898011                    /usr/lib/jvm/java-8-oracle/jre/lib/amd64/libnio.so
7f08298e6000-7f0829ae5000 ---p 00011000 08:06 2898011                    /usr/lib/jvm/java-8-oracle/jre/lib/amd64/libnio.so
7f0829ae5000-7f0829ae6000 rw-p 00010000 08:06 2898011                    /usr/lib/jvm/java-8-oracle/jre/lib/amd64/libnio.so
7f0829ae6000-7f0829afc000 r-xp 00000000 08:06 2898027                    /usr/lib/jvm/java-8-oracle/jre/lib/amd64/libnet.so
7f0829afc000-7f0829cfc000 ---p 00016000 08:06 2898027                    /usr/lib/jvm/java-8-oracle/jre/lib/amd64/libnet.so
7f0829cfc000-7f0829cfd000 rw-p 00016000 08:06 2898027                    /usr/lib/jvm/java-8-oracle/jre/lib/amd64/libnet.so
7f0829cfd000-7f0829cfe000 ---p 00000000 00:00 0 
7f0829cfe000-7f0829dfe000 rw-p 00000000 00:00 0                          [stack:8138]
7f0829dfe000-7f0829e01000 ---p 00000000 00:00 0 
7f0829e01000-7f0829eff000 rw-p 00000000 00:00 0                          [stack:8137]
7f0829eff000-7f0829f02000 ---p 00000000 00:00 0 
7f0829f02000-7f082c000000 rw-p 00000000 00:00 0                          [stack:8136]
7f082c000000-7f082c2af000 rw-p 00000000 00:00 0 
7f082c2af000-7f0830000000 ---p 00000000 00:00 0 
7f0830000000-7f0830001000 r--s 00002000 08:06 2237112                    /tmp/sbt-global-plugin0stub/boot/scala-2.10.6/org.scala-sbt/sbt/0.13.11/launcher-interface-1.0.0-M1.jar
7f0830001000-7f0830005000 r--s 0001b000 08:06 2237088                    /tmp/sbt-global-plugin0stub/boot/scala-2.10.6/org.scala-sbt/sbt/0.13.11/process-0.13.11.jar
7f0830005000-7f0830007000 r--s 00002000 08:06 2237066                    /tmp/sbt-global-plugin0stub/boot/scala-2.10.6/org.scala-sbt/sbt/0.13.11/control-0.13.11.jar
7f0830007000-7f0830009000 r--s 0000e000 08:06 2237082                    /tmp/sbt-global-plugin0stub/boot/scala-2.10.6/org.scala-sbt/sbt/0.13.11/logic-0.13.11.jar
7f0830009000-7f083000d000 r--s 00034000 08:06 2237064                    /tmp/sbt-global-plugin0stub/boot/scala-2.10.6/org.scala-sbt/sbt/0.13.11/jsch-0.1.46.jar
7f083000d000-7f083000f000 r--s 00007000 08:06 2237105                    /tmp/sbt-global-plugin0stub/boot/scala-2.10.6/org.scala-sbt/sbt/0.13.11/paranamer-2.6.jar
7f083000f000-7f0830012000 r--s 0001a000 08:06 2237108                    /tmp/sbt-global-plugin0stub/boot/scala-2.10.6/org.scala-sbt/sbt/0.13.11/cache-0.13.11.jar
7f0830012000-7f0830047000 r--s 002da000 08:06 2368429                    /tmp/sbt-global-plugin0stub/boot/scala-2.10.6/lib/scala-reflect.jar
7f0830047000-7f08300ba000 r--s 0065b000 08:06 2368432                    /tmp/sbt-global-plugin0stub/boot/scala-2.10.6/lib/scala-library.jar
7f08300ba000-7f08300bd000 ---p 00000000 00:00 0 
7f08300bd000-7f08301bb000 rw-p 00000000 00:00 0                          [stack:8135]
7f08301bb000-7f08301be000 ---p 00000000 00:00 0 
7f08301be000-7f08302bc000 rw-p 00000000 00:00 0                          [stack:8134]
7f08302bc000-7f08302bf000 ---p 00000000 00:00 0 
7f08302bf000-7f08303bd000 rw-p 00000000 00:00 0                          [stack:8133]
7f08303bd000-7f08307f8000 r--p 00000000 08:06 667609                     /usr/lib/locale/locale-archive
7f08307f8000-7f08307fb000 ---p 00000000 00:00 0 
7f08307fb000-7f08308f9000 rw-p 00000000 00:00 0                          [stack:8132]
7f08308f9000-7f08308fc000 ---p 00000000 00:00 0 
7f08308fc000-7f08309fa000 rw-p 00000000 00:00 0                          [stack:8131]
7f08309fa000-7f08309fb000 ---p 00000000 00:00 0 
7f08309fb000-7f0831000000 rw-p 00000000 00:00 0                          [stack:8130]
7f0831000000-7f0832770000 rwxp 00000000 00:00 0 
7f0832770000-7f0840000000 ---p 00000000 00:00 0 
7f0840000000-7f0841bab000 rw-p 00000000 00:00 0 
7f0841bab000-7f0844000000 ---p 00000000 00:00 0 
7f0844000000-7f0844002000 r--s 00006000 08:06 2237114                    /tmp/sbt-global-plugin0stub/boot/scala-2.10.6/org.scala-sbt/sbt/0.13.11/relation-0.13.11.jar
7f0844002000-7f0844006000 r--s 00022000 08:06 2237085                    /tmp/sbt-global-plugin0stub/boot/scala-2.10.6/org.scala-sbt/sbt/0.13.11/sbinary_2.10-0.4.2.jar
7f0844006000-7f084400a000 r--s 00025000 08:06 2368431                    /tmp/sbt-global-plugin0stub/boot/scala-2.10.6/lib/jline.jar
7f084400a000-7f084401c000 r--s 00345000 08:06 2634539                    /usr/lib/jvm/java-8-oracle/jre/lib/resources.jar
7f084401c000-7f0844026000 r--s 00116000 08:06 2634438                    /usr/lib/jvm/java-8-oracle/jre/lib/ext/localedata.jar
7f0844026000-7f0844042000 r--s 00393000 08:06 2634437                    /usr/lib/jvm/java-8-oracle/jre/lib/ext/cldrdata.jar
7f0844042000-7f084405e000 r--s 0010c000 08:06 2107666                    /home/rafael/.IntelliJIdea15/config/plugins/Scala/launcher/sbt-launch.jar
7f084405e000-7f0844b0d000 rw-p 00000000 00:00 0 
7f0844b0d000-7f0844ce5000 r--s 03d1e000 08:06 2634548                    /usr/lib/jvm/java-8-oracle/jre/lib/rt.jar
7f0844ce5000-7f084575b000 rw-p 00000000 00:00 0 
7f084575b000-7f084575c000 ---p 00000000 00:00 0 
7f084575c000-7f084585c000 rw-p 00000000 00:00 0                          [stack:8129]
7f084585c000-7f084585d000 ---p 00000000 00:00 0 
7f084585d000-7f084595d000 rw-p 00000000 00:00 0                          [stack:8128]
7f084595d000-7f084595e000 ---p 00000000 00:00 0 
7f084595e000-7f0845a5e000 rw-p 00000000 00:00 0                          [stack:8127]
7f0845a5e000-7f0845a5f000 ---p 00000000 00:00 0 
7f0845a5f000-7f0845c4b000 rw-p 00000000 00:00 0                          [stack:8126]
7f0845c4b000-7f0845cb5000 ---p 00000000 00:00 0 
7f0845cb5000-7f0845da1000 rw-p 00000000 00:00 0 
7f0845da1000-7f0845e0a000 ---p 00000000 00:00 0 
7f0845e0a000-7f0845eb5000 rw-p 00000000 00:00 0 
7f0845eb5000-7f0845f14000 rw-p 00000000 00:00 0 
7f0845f14000-7f0846276000 ---p 00000000 00:00 0 
7f0846276000-7f0846290000 r-xp 00000000 08:06 2898019                    /usr/lib/jvm/java-8-oracle/jre/lib/amd64/libzip.so
7f0846290000-7f0846490000 ---p 0001a000 08:06 2898019                    /usr/lib/jvm/java-8-oracle/jre/lib/amd64/libzip.so
7f0846490000-7f0846491000 rw-p 0001a000 08:06 2898019                    /usr/lib/jvm/java-8-oracle/jre/lib/amd64/libzip.so
7f0846491000-7f084649c000 r-xp 00000000 08:06 3675477                    /lib/x86_64-linux-gnu/libnss_files-2.19.so
7f084649c000-7f084669b000 ---p 0000b000 08:06 3675477                    /lib/x86_64-linux-gnu/libnss_files-2.19.so
7f084669b000-7f084669c000 r--p 0000a000 08:06 3675477                    /lib/x86_64-linux-gnu/libnss_files-2.19.so
7f084669c000-7f084669d000 rw-p 0000b000 08:06 3675477                    /lib/x86_64-linux-gnu/libnss_files-2.19.so
7f084669d000-7f08466a8000 r-xp 00000000 08:06 3675464                    /lib/x86_64-linux-gnu/libnss_nis-2.19.so
7f08466a8000-7f08468a7000 ---p 0000b000 08:06 3675464                    /lib/x86_64-linux-gnu/libnss_nis-2.19.so
7f08468a7000-7f08468a8000 r--p 0000a000 08:06 3675464                    /lib/x86_64-linux-gnu/libnss_nis-2.19.so
7f08468a8000-7f08468a9000 rw-p 0000b000 08:06 3675464                    /lib/x86_64-linux-gnu/libnss_nis-2.19.so
7f08468a9000-7f08468c0000 r-xp 00000000 08:06 3675448                    /lib/x86_64-linux-gnu/libnsl-2.19.so
7f08468c0000-7f0846abf000 ---p 00017000 08:06 3675448                    /lib/x86_64-linux-gnu/libnsl-2.19.so
7f0846abf000-7f0846ac0000 r--p 00016000 08:06 3675448                    /lib/x86_64-linux-gnu/libnsl-2.19.so
7f0846ac0000-7f0846ac1000 rw-p 00017000 08:06 3675448                    /lib/x86_64-linux-gnu/libnsl-2.19.so
7f0846ac1000-7f0846ac3000 rw-p 00000000 00:00 0 
7f0846ac3000-7f0846acc000 r-xp 00000000 08:06 3675447                    /lib/x86_64-linux-gnu/libnss_compat-2.19.so
7f0846acc000-7f0846ccb000 ---p 00009000 08:06 3675447                    /lib/x86_64-linux-gnu/libnss_compat-2.19.so
7f0846ccb000-7f0846ccc000 r--p 00008000 08:06 3675447                    /lib/x86_64-linux-gnu/libnss_compat-2.19.so
7f0846ccc000-7f0846ccd000 rw-p 00009000 08:06 3675447                    /lib/x86_64-linux-gnu/libnss_compat-2.19.so
7f0846ccd000-7f0846cf7000 r-xp 00000000 08:06 2897992                    /usr/lib/jvm/java-8-oracle/jre/lib/amd64/libjava.so
7f0846cf7000-7f0846ef7000 ---p 0002a000 08:06 2897992                    /usr/lib/jvm/java-8-oracle/jre/lib/amd64/libjava.so
7f0846ef7000-7f0846ef9000 rw-p 0002a000 08:06 2897992                    /usr/lib/jvm/java-8-oracle/jre/lib/amd64/libjava.so
7f0846ef9000-7f0846f06000 r-xp 00000000 08:06 2898008                    /usr/lib/jvm/java-8-oracle/jre/lib/amd64/libverify.so
7f0846f06000-7f0847106000 ---p 0000d000 08:06 2898008                    /usr/lib/jvm/java-8-oracle/jre/lib/amd64/libverify.so
7f0847106000-7f0847108000 rw-p 0000d000 08:06 2898008                    /usr/lib/jvm/java-8-oracle/jre/lib/amd64/libverify.so
7f0847108000-7f084710f000 r-xp 00000000 08:06 3675471                    /lib/x86_64-linux-gnu/librt-2.19.so
7f084710f000-7f084730e000 ---p 00007000 08:06 3675471                    /lib/x86_64-linux-gnu/librt-2.19.so
7f084730e000-7f084730f000 r--p 00006000 08:06 3675471                    /lib/x86_64-linux-gnu/librt-2.19.so
7f084730f000-7f0847310000 rw-p 00007000 08:06 3675471                    /lib/x86_64-linux-gnu/librt-2.19.so
7f0847310000-7f0847415000 r-xp 00000000 08:06 3675437                    /lib/x86_64-linux-gnu/libm-2.19.so
7f0847415000-7f0847614000 ---p 00105000 08:06 3675437                    /lib/x86_64-linux-gnu/libm-2.19.so
7f0847614000-7f0847615000 r--p 00104000 08:06 3675437                    /lib/x86_64-linux-gnu/libm-2.19.so
7f0847615000-7f0847616000 rw-p 00105000 08:06 3675437                    /lib/x86_64-linux-gnu/libm-2.19.so
7f0847616000-7f08482d5000 r-xp 00000000 08:06 2898021                    /usr/lib/jvm/java-8-oracle/jre/lib/amd64/server/libjvm.so
7f08482d5000-7f08484d4000 ---p 00cbf000 08:06 2898021                    /usr/lib/jvm/java-8-oracle/jre/lib/amd64/server/libjvm.so
7f08484d4000-7f08485ad000 rw-p 00cbe000 08:06 2898021                    /usr/lib/jvm/java-8-oracle/jre/lib/amd64/server/libjvm.so
7f08485ad000-7f08485f6000 rw-p 00000000 00:00 0 
7f08485f6000-7f08487b1000 r-xp 00000000 08:06 3675472                    /lib/x86_64-linux-gnu/libc-2.19.so
7f08487b1000-7f08489b0000 ---p 001bb000 08:06 3675472                    /lib/x86_64-linux-gnu/libc-2.19.so
7f08489b0000-7f08489b4000 r--p 001ba000 08:06 3675472                    /lib/x86_64-linux-gnu/libc-2.19.so
7f08489b4000-7f08489b6000 rw-p 001be000 08:06 3675472                    /lib/x86_64-linux-gnu/libc-2.19.so
7f08489b6000-7f08489bb000 rw-p 00000000 00:00 0 
7f08489bb000-7f08489be000 r-xp 00000000 08:06 3675444                    /lib/x86_64-linux-gnu/libdl-2.19.so
7f08489be000-7f0848bbd000 ---p 00003000 08:06 3675444                    /lib/x86_64-linux-gnu/libdl-2.19.so
7f0848bbd000-7f0848bbe000 r--p 00002000 08:06 3675444                    /lib/x86_64-linux-gnu/libdl-2.19.so
7f0848bbe000-7f0848bbf000 rw-p 00003000 08:06 3675444                    /lib/x86_64-linux-gnu/libdl-2.19.so
7f0848bbf000-7f0848bd4000 r-xp 00000000 08:06 2629365                    /usr/lib/jvm/java-8-oracle/lib/amd64/jli/libjli.so
7f0848bd4000-7f0848dd4000 ---p 00015000 08:06 2629365                    /usr/lib/jvm/java-8-oracle/lib/amd64/jli/libjli.so
7f0848dd4000-7f0848dd5000 rw-p 00015000 08:06 2629365                    /usr/lib/jvm/java-8-oracle/lib/amd64/jli/libjli.so
7f0848dd5000-7f0848dee000 r-xp 00000000 08:06 3675449                    /lib/x86_64-linux-gnu/libpthread-2.19.so
7f0848dee000-7f0848fed000 ---p 00019000 08:06 3675449                    /lib/x86_64-linux-gnu/libpthread-2.19.so
7f0848fed000-7f0848fee000 r--p 00018000 08:06 3675449                    /lib/x86_64-linux-gnu/libpthread-2.19.so
7f0848fee000-7f0848fef000 rw-p 00019000 08:06 3675449                    /lib/x86_64-linux-gnu/libpthread-2.19.so
7f0848fef000-7f0848ff3000 rw-p 00000000 00:00 0 
7f0848ff3000-7f0849016000 r-xp 00000000 08:06 3675451                    /lib/x86_64-linux-gnu/ld-2.19.so
7f0849016000-7f0849017000 r--s 00001000 08:06 2237061                    /tmp/sbt-global-plugin0stub/boot/scala-2.10.6/org.scala-sbt/sbt/0.13.11/json4s-support_2.10-0.6.0.jar
7f0849017000-7f08490e9000 rw-p 00000000 00:00 0 
7f08490e9000-7f08490ec000 ---p 00000000 00:00 0 
7f08490ec000-7f08491ee000 rw-p 00000000 00:00 0                          [stack:8125]
7f08491ee000-7f08491f1000 r--s 00018000 08:06 2368430                    /tmp/sbt-global-plugin0stub/boot/scala-2.10.6/lib/jansi.jar
7f08491f1000-7f08491f5000 r--s 00097000 08:06 2634551                    /usr/lib/jvm/java-8-oracle/jre/lib/jsse.jar
7f08491f5000-7f0849209000 rw-p 00000000 00:00 0 
7f0849209000-7f0849211000 rw-s 00000000 08:06 2237045                    /tmp/hsperfdata_rafael/8123
7f0849211000-7f0849212000 rw-p 00000000 00:00 0 
7f0849212000-7f0849213000 ---p 00000000 00:00 0 
7f0849213000-7f0849215000 rw-p 00000000 00:00 0 
7f0849215000-7f0849216000 r--p 00022000 08:06 3675451                    /lib/x86_64-linux-gnu/ld-2.19.so
7f0849216000-7f0849217000 rw-p 00023000 08:06 3675451                    /lib/x86_64-linux-gnu/ld-2.19.so
7f0849217000-7f0849218000 rw-p 00000000 00:00 0 
7ffff4a49000-7ffff4a6a000 rw-p 00000000 00:00 0                          [stack]
7ffff4b2b000-7ffff4b2d000 r-xp 00000000 00:00 0                          [vdso]
ffffffffff600000-ffffffffff601000 r-xp 00000000 00:00 0                  [vsyscall]

VM Arguments:
jvm_args: -Dfile.encoding=UTF8 -Djline.terminal=none -Dsbt.log.noformat=true -Dsbt.global.base=/tmp/sbt-global-plugin0stub -Xms512M -Xmx1024M -Xss1M -XX:+CMSClassUnloadingEnabled -XX:MaxPermSize=256M 
java_command: xsbt.boot.Boot run 9090
java_class_path (initial): /home/rafael/.IntelliJIdea15/config/plugins/Scala/launcher/sbt-launch.jar
Launcher Type: SUN_STANDARD

Environment Variables:
JAVA_HOME=/usr/lib/jvm/java-8-oracle
PATH=/usr/local/sbin:/usr/local/bin:/usr/sbin:/usr/bin:/sbin:/bin:/usr/games:/usr/local/games:/usr/lib/jvm/java-8-oracle/bin:/usr/lib/jvm/java-8-oracle/db/bin:/usr/lib/jvm/java-8-oracle/jre/bin
LD_LIBRARY_PATH=/home/rafael/Documentos/idea-IU-143.1821.5/bin:
SHELL=/bin/bash
DISPLAY=:0

Signal Handlers:
SIGSEGV: [libjvm.so+0xabb070], sa_mask[0]=11111111011111111101111111111110, sa_flags=SA_RESTART|SA_SIGINFO
SIGBUS: [libjvm.so+0xabb070], sa_mask[0]=11111111011111111101111111111110, sa_flags=SA_RESTART|SA_SIGINFO
SIGFPE: [libjvm.so+0x918480], sa_mask[0]=11111111011111111101111111111110, sa_flags=SA_RESTART|SA_SIGINFO
SIGPIPE: [libjvm.so+0x918480], sa_mask[0]=11111111011111111101111111111110, sa_flags=SA_RESTART|SA_SIGINFO
SIGXFSZ: [libjvm.so+0x918480], sa_mask[0]=11111111011111111101111111111110, sa_flags=SA_RESTART|SA_SIGINFO
SIGILL: [libjvm.so+0x918480], sa_mask[0]=11111111011111111101111111111110, sa_flags=SA_RESTART|SA_SIGINFO
SIGUSR1: SIG_DFL, sa_mask[0]=00000000000000000000000000000000, sa_flags=none
SIGUSR2: [libjvm.so+0x919ab0], sa_mask[0]=00100000000000000000000000000000, sa_flags=SA_RESTART|SA_SIGINFO
SIGHUP: [libjvm.so+0x91aeb0], sa_mask[0]=11111111011111111101111111111110, sa_flags=SA_RESTART|SA_SIGINFO
SIGINT: [libjvm.so+0x91aeb0], sa_mask[0]=11111111011111111101111111111110, sa_flags=SA_RESTART|SA_SIGINFO
SIGTERM: [libjvm.so+0x91aeb0], sa_mask[0]=11111111011111111101111111111110, sa_flags=SA_RESTART|SA_SIGINFO
SIGQUIT: [libjvm.so+0x91aeb0], sa_mask[0]=11111111011111111101111111111110, sa_flags=SA_RESTART|SA_SIGINFO


---------------  S Y S T E M  ---------------

OS:DISTRIB_ID=Ubuntu
DISTRIB_RELEASE=14.04
DISTRIB_CODENAME=trusty
DISTRIB_DESCRIPTION="Ubuntu 14.04.4 LTS"

uname:Linux 3.13.0-85-generic #129-Ubuntu SMP Thu Mar 17 20:50:15 UTC 2016 x86_64
libc:glibc 2.19 NPTL 2.19 
rlimit: STACK 8192k, CORE 0k, NPROC 31153, NOFILE 4096, AS infinity
load average:2,82 2,74 1,59

/proc/meminfo:
MemTotal:        4009200 kB
MemFree:          117432 kB
Buffers:           33904 kB
Cached:           640984 kB
SwapCached:         2236 kB
Active:          2438240 kB
Inactive:        1195540 kB
Active(anon):    2109840 kB
Inactive(anon):   858284 kB
Active(file):     328400 kB
Inactive(file):   337256 kB
Unevictable:          56 kB
Mlocked:              56 kB
SwapTotal:       4153340 kB
SwapFree:        4148452 kB
Dirty:             21200 kB
Writeback:             0 kB
AnonPages:       2957072 kB
Mapped:           231676 kB
Shmem:              8972 kB
Slab:             128336 kB
SReclaimable:      92528 kB
SUnreclaim:        35808 kB
KernelStack:        4712 kB
PageTables:        37916 kB
NFS_Unstable:          0 kB
Bounce:                0 kB
WritebackTmp:          0 kB
CommitLimit:     6157940 kB
Committed_AS:    6391652 kB
VmallocTotal:   34359738367 kB
VmallocUsed:      115316 kB
VmallocChunk:   34359617532 kB
HardwareCorrupted:     0 kB
AnonHugePages:    780288 kB
HugePages_Total:       0
HugePages_Free:        0
HugePages_Rsvd:        0
HugePages_Surp:        0
Hugepagesize:       2048 kB
DirectMap4k:      180736 kB
DirectMap2M:     3975168 kB


CPU:total 4 (2 cores per cpu, 2 threads per core) family 6 model 58 stepping 9, cmov, cx8, fxsr, mmx, sse, sse2, sse3, ssse3, sse4.1, sse4.2, popcnt, avx, aes, clmul, erms, ht, tsc, tscinvbit, tscinv

/proc/cpuinfo:
processor	: 0
vendor_id	: GenuineIntel
cpu family	: 6
model		: 58
model name	: Intel(R) Core(TM) i5-3230M CPU @ 2.60GHz
stepping	: 9
microcode	: 0x15
cpu MHz		: 2600.000
cache size	: 3072 KB
physical id	: 0
siblings	: 4
core id		: 0
cpu cores	: 2
apicid		: 0
initial apicid	: 0
fpu		: yes
fpu_exception	: yes
cpuid level	: 13
wp		: yes
flags		: fpu vme de pse tsc msr pae mce cx8 apic sep mtrr pge mca cmov pat pse36 clflush dts acpi mmx fxsr sse sse2 ss ht tm pbe syscall nx rdtscp lm constant_tsc arch_perfmon pebs bts rep_good nopl xtopology nonstop_tsc aperfmperf eagerfpu pni pclmulqdq dtes64 monitor ds_cpl vmx est tm2 ssse3 cx16 xtpr pdcm pcid sse4_1 sse4_2 x2apic popcnt tsc_deadline_timer aes xsave avx f16c rdrand lahf_lm ida arat epb xsaveopt pln pts dtherm tpr_shadow vnmi flexpriority ept vpid fsgsbase smep erms
bogomips	: 5187.93
clflush size	: 64
cache_alignment	: 64
address sizes	: 36 bits physical, 48 bits virtual
power management:

processor	: 1
vendor_id	: GenuineIntel
cpu family	: 6
model		: 58
model name	: Intel(R) Core(TM) i5-3230M CPU @ 2.60GHz
stepping	: 9
microcode	: 0x15
cpu MHz		: 2600.000
cache size	: 3072 KB
physical id	: 0
siblings	: 4
core id		: 0
cpu cores	: 2
apicid		: 1
initial apicid	: 1
fpu		: yes
fpu_exception	: yes
cpuid level	: 13
wp		: yes
flags		: fpu vme de pse tsc msr pae mce cx8 apic sep mtrr pge mca cmov pat pse36 clflush dts acpi mmx fxsr sse sse2 ss ht tm pbe syscall nx rdtscp lm constant_tsc arch_perfmon pebs bts rep_good nopl xtopology nonstop_tsc aperfmperf eagerfpu pni pclmulqdq dtes64 monitor ds_cpl vmx est tm2 ssse3 cx16 xtpr pdcm pcid sse4_1 sse4_2 x2apic popcnt tsc_deadline_timer aes xsave avx f16c rdrand lahf_lm ida arat epb xsaveopt pln pts dtherm tpr_shadow vnmi flexpriority ept vpid fsgsbase smep erms
bogomips	: 5187.93
clflush size	: 64
cache_alignment	: 64
address sizes	: 36 bits physical, 48 bits virtual
power management:

processor	: 2
vendor_id	: GenuineIntel
cpu family	: 6
model		: 58
model name	: Intel(R) Core(TM) i5-3230M CPU @ 2.60GHz
stepping	: 9
microcode	: 0x15
cpu MHz		: 2600.000
cache size	: 3072 KB
physical id	: 0
siblings	: 4
core id		: 1
cpu cores	: 2
apicid		: 2
initial apicid	: 2
fpu		: yes
fpu_exception	: yes
cpuid level	: 13
wp		: yes
flags		: fpu vme de pse tsc msr pae mce cx8 apic sep mtrr pge mca cmov pat pse36 clflush dts acpi mmx fxsr sse sse2 ss ht tm pbe syscall nx rdtscp lm constant_tsc arch_perfmon pebs bts rep_good nopl xtopology nonstop_tsc aperfmperf eagerfpu pni pclmulqdq dtes64 monitor ds_cpl vmx est tm2 ssse3 cx16 xtpr pdcm pcid sse4_1 sse4_2 x2apic popcnt tsc_deadline_timer aes xsave avx f16c rdrand lahf_lm ida arat epb xsaveopt pln pts dtherm tpr_shadow vnmi flexpriority ept vpid fsgsbase smep erms
bogomips	: 5187.93
clflush size	: 64
cache_alignment	: 64
address sizes	: 36 bits physical, 48 bits virtual
power management:

processor	: 3
vendor_id	: GenuineIntel
cpu family	: 6
model		: 58
model name	: Intel(R) Core(TM) i5-3230M CPU @ 2.60GHz
stepping	: 9
microcode	: 0x15
cpu MHz		: 2600.000
cache size	: 3072 KB
physical id	: 0
siblings	: 4
core id		: 1
cpu cores	: 2
apicid		: 3
initial apicid	: 3
fpu		: yes
fpu_exception	: yes
cpuid level	: 13
wp		: yes
flags		: fpu vme de pse tsc msr pae mce cx8 apic sep mtrr pge mca cmov pat pse36 clflush dts acpi mmx fxsr sse sse2 ss ht tm pbe syscall nx rdtscp lm constant_tsc arch_perfmon pebs bts rep_good nopl xtopology nonstop_tsc aperfmperf eagerfpu pni pclmulqdq dtes64 monitor ds_cpl vmx est tm2 ssse3 cx16 xtpr pdcm pcid sse4_1 sse4_2 x2apic popcnt tsc_deadline_timer aes xsave avx f16c rdrand lahf_lm ida arat epb xsaveopt pln pts dtherm tpr_shadow vnmi flexpriority ept vpid fsgsbase smep erms
bogomips	: 5187.93
clflush size	: 64
cache_alignment	: 64
address sizes	: 36 bits physical, 48 bits virtual
power management:



Memory: 4k page, physical 4009200k(117432k free), swap 4153340k(4148452k free)

vm_info: Java HotSpot(TM) 64-Bit Server VM (25.77-b03) for linux-amd64 JRE (1.8.0_77-b03), built on Mar 20 2016 22:00:46 by "java_re" with gcc 4.3.0 20080428 (Red Hat 4.3.0-8)

time: Tue Apr 19 16:16:11 2016
elapsed time: 254 seconds (0d 0h 4m 14s)

