#
# A fatal error has been detected by the Java Runtime Environment:
#
#  SIGSEGV (0xb) at pc=0x00007f3160531163, pid=8931, tid=139850066089728
#
# JRE version: Java(TM) SE Runtime Environment (8.0_77-b03) (build 1.8.0_77-b03)
# Java VM: Java HotSpot(TM) 64-Bit Server VM (25.77-b03 mixed mode linux-amd64 compressed oops)
# Problematic frame:
# V  [libjvm.so+0x8d7163]  Monitor::ILock(Thread*)+0x33
#
# Failed to write core dump. Core dumps have been disabled. To enable core dumping, try "ulimit -c unlimited" before starting Java again
#
# If you would like to submit a bug report, please visit:
#   http://bugreport.java.com/bugreport/crash.jsp
#

---------------  T H R E A D  ---------------

Current thread (0x00007f315800a000):  JavaThread "main" [_thread_in_vm, id=8932, stack(0x00007f316172d000,0x00007f316182e000)]

siginfo: si_signo: 11 (SIGSEGV), si_code: 128 (SI_KERNEL), si_addr: 0x0000000000000000

Registers:
RAX=0x0000000000000000, RBX=0x00cb7f3158003120, RCX=0x0000000000000001, RDX=0x0000000000000000
RSP=0x00007f3161827200, RBP=0x00007f3161827220, RSI=0x0000000000000001, RDI=0x00cb7f3158003120
R8 =0x0000000000000001, R9 =0x00000000000003cb, R10=0x00007f3160ff6fe0, R11=0x000000001c03f381
R12=0x00007f315800a000, R13=0x00007f3160c0b0e0, R14=0x00007f315800a000, R15=0x00007f3161827260
RIP=0x00007f3160531163, EFLAGS=0x0000000000010202, CSGSFS=0x0000000000000033, ERR=0x0000000000000000
  TRAPNO=0x000000000000000d

Top of Stack: (sp=0x00007f3161827200)
0x00007f3161827200:   00cb7f3158003120 00007f315800a000
0x00007f3161827210:   0000000000000000 00cb7f3158003120
0x00007f3161827220:   00007f3161827240 00007f316053155f
0x00007f3161827230:   00cb7f3158003110 00007f31607753e8
0x00007f3161827240:   00007f3161827360 00007f3160165f7b
0x00007f3161827250:   00007f3161827727 403736dec6497af3
0x00007f3161827260:   0000003000000010 00007f3161827370
0x00007f3161827270:   00007f3161827280 0000000000000000
0x00007f3161827280:   000000005d3b3cc8 00007f315800a000
0x00007f3161827290:   00007f3161827628 000000000000001b
0x00007f31618272a0:   0000000000000500 0000200600000000
0x00007f31618272b0:   ffffffffffffffff 0000000000000000
0x00007f31618272c0:   00007f315d7421b8 00007f315800a000
0x00007f31618272d0:   00007f31ffffffff 00000000c00ddee8
0x00007f31618272e0:   00000000c00039a8 00007f3160ff6fe0
0x00007f31618272f0:   0000000000000000 00007f315800a000
0x00007f3161827300:   00007f31580075c8 00000000412354d8
0x00007f3161827310:   00000000eec1c278 00000000eec1c298
0x00007f3161827320:   00007f315800a000 0000000000000000
0x00007f3161827330:   00007f3141235388 00007f3161827620
0x00007f3161827340:   0000000000000000 00007f315800a000
0x00007f3161827350:   00007f315800a000 0000000000000000
0x00007f3161827360:   00007f3161827450 00007f31601d40d1
0x00007f3161827370:   0000003000000018 00007f3161827460
0x00007f3161827380:   00007f3161827390 00007f3161827400
0x00007f3161827390:   00007f3161827400 00007f3141235200
0x00007f31618273a0:   00007f315800a6f0 00007f3161827620
0x00007f31618273b0:   00007f315800a6f0 00000000000003cb
0x00007f31618273c0:   00007f3161827530 00007f31602e6795
0x00007f31618273d0:   00007f3100000003 00007f315800a000
0x00007f31618273e0:   00007f3161827610 00007f31618276d0
0x00007f31618273f0:   00007f314904e220 00007f310000000a 

Instructions: (pc=0x00007f3160531163)
0x00007f3160531143:   31 a2 68 00 41 54 53 41 83 7d 00 01 48 89 fb 74
0x00007f3160531153:   7c 31 d2 be 01 00 00 00 48 89 d0 80 f9 00 74 01
0x00007f3160531163:   f0 48 0f b1 33 48 85 c0 48 89 c2 75 24 eb 4e 66
0x00007f3160531173:   0f 1f 44 00 00 48 89 d6 48 89 d0 48 83 ce 01 80 

Register to memory mapping:

RAX=0x0000000000000000 is an unknown value
RBX=0x00cb7f3158003120 is an unknown value
RCX=0x0000000000000001 is an unknown value
RDX=0x0000000000000000 is an unknown value
RSP=0x00007f3161827200 is pointing into the stack for thread: 0x00007f315800a000
RBP=0x00007f3161827220 is pointing into the stack for thread: 0x00007f315800a000
RSI=0x0000000000000001 is an unknown value
RDI=0x00cb7f3158003120 is an unknown value
R8 =0x0000000000000001 is an unknown value
R9 =0x00000000000003cb is an unknown value
R10=0x00007f3160ff6fe0: <offset 0x3bcfe0> in /lib/x86_64-linux-gnu/libc.so.6 at 0x00007f3160c3a000
R11=0x000000001c03f381 is an unknown value
R12=0x00007f315800a000 is a thread
R13=0x00007f3160c0b0e0: <offset 0xfb10e0> in /usr/lib/jvm/java-8-oracle/jre/lib/amd64/server/libjvm.so at 0x00007f315fc5a000
R14=0x00007f315800a000 is a thread
R15=0x00007f3161827260 is pointing into the stack for thread: 0x00007f315800a000


Stack: [0x00007f316172d000,0x00007f316182e000],  sp=0x00007f3161827200,  free space=1000k
Native frames: (J=compiled Java code, j=interpreted, Vv=VM code, C=native code)
V  [libjvm.so+0x8d7163]  Monitor::ILock(Thread*)+0x33
V  [libjvm.so+0x8d755f]  Monitor::lock_without_safepoint_check()+0x2f
V  [libjvm.so+0x50bf7b]  Events::log(Thread*, char const*, ...)+0x10b
V  [libjvm.so+0x57a0d1]  EventMark::EventMark(char const*, ...)+0xd1
V  [libjvm.so+0x46351d]  ClassLoader::load_classfile(Symbol*, Thread*)+0x8d
V  [libjvm.so+0xa319c0]  SystemDictionary::load_instance_class(Symbol*, Handle, Thread*)+0x380
V  [libjvm.so+0xa3091c]  SystemDictionary::resolve_instance_class_or_null(Symbol*, Handle, Handle, Thread*)+0x7cc
V  [libjvm.so+0x71254b]  JVM_FindClassFromBootLoader+0x22b
C  [libjava.so+0xe84b]  Java_java_lang_ClassLoader_findBootstrapClass+0x9b
J 167  java.lang.ClassLoader.findBootstrapClass(Ljava/lang/String;)Ljava/lang/Class; (0 bytes) @ 0x00007f3149167e7c [0x00007f3149167dc0+0xbc]
J 843 C2 java.lang.ClassLoader.loadClass(Ljava/lang/String;Z)Ljava/lang/Class; (122 bytes) @ 0x00007f31492e6bcc [0x00007f31492e6800+0x3cc]
J 843 C2 java.lang.ClassLoader.loadClass(Ljava/lang/String;Z)Ljava/lang/Class; (122 bytes) @ 0x00007f31492e6af8 [0x00007f31492e6800+0x2f8]
J 166 C1 sun.misc.Launcher$AppClassLoader.loadClass(Ljava/lang/String;Z)Ljava/lang/Class; (85 bytes) @ 0x00007f3149168f8c [0x00007f3149168600+0x98c]
J 843 C2 java.lang.ClassLoader.loadClass(Ljava/lang/String;Z)Ljava/lang/Class; (122 bytes) @ 0x00007f31492e6af8 [0x00007f31492e6800+0x2f8]
J 361 C1 xsbt.boot.BootFilteredLoader.loadClass(Ljava/lang/String;Z)Ljava/lang/Class; (52 bytes) @ 0x00007f31491ed97c [0x00007f31491ed240+0x73c]
J 843 C2 java.lang.ClassLoader.loadClass(Ljava/lang/String;Z)Ljava/lang/Class; (122 bytes) @ 0x00007f31492e6af8 [0x00007f31492e6800+0x2f8]
J 843 C2 java.lang.ClassLoader.loadClass(Ljava/lang/String;Z)Ljava/lang/Class; (122 bytes) @ 0x00007f31492e6af8 [0x00007f31492e6800+0x2f8]
J 165 C1 java.lang.ClassLoader.loadClass(Ljava/lang/String;)Ljava/lang/Class; (7 bytes) @ 0x00007f3149168244 [0x00007f3149168140+0x104]
v  ~StubRoutines::call_stub
V  [libjvm.so+0x68c616]  JavaCalls::call_helper(JavaValue*, methodHandle*, JavaCallArguments*, Thread*)+0x1056
V  [libjvm.so+0x68cb21]  JavaCalls::call_virtual(JavaValue*, KlassHandle, Symbol*, Symbol*, JavaCallArguments*, Thread*)+0x321
V  [libjvm.so+0x68cf76]  JavaCalls::call_virtual(JavaValue*, Handle, KlassHandle, Symbol*, Symbol*, Handle, Thread*)+0x56
V  [libjvm.so+0xa31a30]  SystemDictionary::load_instance_class(Symbol*, Handle, Thread*)+0x3f0
V  [libjvm.so+0xa3091c]  SystemDictionary::resolve_instance_class_or_null(Symbol*, Handle, Handle, Thread*)+0x7cc
V  [libjvm.so+0xa31e53]  SystemDictionary::resolve_or_fail(Symbol*, Handle, Handle, bool, Thread*)+0x33
V  [libjvm.so+0x4f0ce8]  ConstantPool::klass_at_impl(constantPoolHandle, int, Thread*)+0x158
V  [libjvm.so+0x4f63c0]  ConstantPool::klass_ref_at(int, Thread*)+0xa0
V  [libjvm.so+0x7ee39a]  LinkResolver::resolve_field_access(fieldDescriptor&, constantPoolHandle, int, Bytecodes::Code, Thread*)+0x9a
V  [libjvm.so+0x683f55]  InterpreterRuntime::resolve_get_put(JavaThread*, Bytecodes::Code)+0x125
j  sbt.Classpaths$.baseGlobalDefaults()Lscala/collection/Seq;+677
j  sbt.Classpaths$.<init>()V+655
j  sbt.Classpaths$.<clinit>()V+3
v  ~StubRoutines::call_stub
V  [libjvm.so+0x68c616]  JavaCalls::call_helper(JavaValue*, methodHandle*, JavaCallArguments*, Thread*)+0x1056
V  [libjvm.so+0x63e967]  InstanceKlass::call_class_initializer_impl(instanceKlassHandle, Thread*)+0xd7
V  [libjvm.so+0x64122c]  InstanceKlass::initialize_impl(instanceKlassHandle, Thread*)+0x1ac
V  [libjvm.so+0x6415f1]  InstanceKlass::initialize(Thread*)+0x41
V  [libjvm.so+0x7ee2df]  LinkResolver::resolve_field(fieldDescriptor&, KlassHandle, Symbol*, Symbol*, KlassHandle, Bytecodes::Code, bool, bool, Thread*)+0x4df
V  [libjvm.so+0x7ee545]  LinkResolver::resolve_field_access(fieldDescriptor&, constantPoolHandle, int, Bytecodes::Code, Thread*)+0x245
V  [libjvm.so+0x683f55]  InterpreterRuntime::resolve_get_put(JavaThread*, Bytecodes::Code)+0x125
j  sbt.plugins.IvyPlugin$.projectSettings$lzycompute()Lscala/collection/Seq;+16
j  sbt.plugins.IvyPlugin$.projectSettings()Lscala/collection/Seq;+12
j  sbt.Load$$anonfun$autoPluginSettings$1$1.apply(Lsbt/AutoPlugin;)Lscala/collection/Seq;+1
j  sbt.Load$$anonfun$autoPluginSettings$1$1.apply(Ljava/lang/Object;)Ljava/lang/Object;+5
J 1849 C1 scala.collection.TraversableLike$$anonfun$flatMap$1.apply(Ljava/lang/Object;)Ljava/lang/Object; (6 bytes) @ 0x00007f3149577794 [0x00007f31495775c0+0x1d4]
J 1080 C1 scala.collection.immutable.List.foreach(Lscala/Function1;)V (32 bytes) @ 0x00007f314936d184 [0x00007f314936cfc0+0x1c4]
j  scala.collection.TraversableLike$class.flatMap(Lscala/collection/TraversableLike;Lscala/Function1;Lscala/collection/generic/CanBuildFrom;)Ljava/lang/Object;+17
j  scala.collection.AbstractTraversable.flatMap(Lscala/Function1;Lscala/collection/generic/CanBuildFrom;)Ljava/lang/Object;+3
j  sbt.Load$.autoPluginSettings$1(Lsbt/AddSettings$AutoPlugins;Lscala/collection/Seq;)Lscala/collection/Seq;+26
j  sbt.Load$.sbt$Load$$expandSettings$1(Lsbt/AddSettings;Lsbt/Project;Lsbt/LoadedPlugins;Lsbt/Load$InjectSettings;Lscala/collection/mutable/Map;Lsbt/Project;Lscala/collection/Seq;Lscala/runtime/ObjectRef;Lscala/runtime/VolatileByteRef;)Lscala/collection/Seq;+241
j  sbt.Load$$anonfun$sbt$Load$$expandSettings$1$2.apply(Lscala/collection/Seq;Lsbt/AddSettings;)Lscala/collection/Seq;+37
j  sbt.Load$$anonfun$sbt$Load$$expandSettings$1$2.apply(Ljava/lang/Object;Ljava/lang/Object;)Ljava/lang/Object;+9
j  scala.collection.IndexedSeqOptimized$class.foldl(Lscala/collection/IndexedSeqOptimized;IILjava/lang/Object;Lscala/Function2;)Ljava/lang/Object;+22
j  scala.collection.IndexedSeqOptimized$class.foldLeft(Lscala/collection/IndexedSeqOptimized;Ljava/lang/Object;Lscala/Function2;)Ljava/lang/Object;+10
j  scala.collection.mutable.WrappedArray.foldLeft(Ljava/lang/Object;Lscala/Function2;)Ljava/lang/Object;+3
j  scala.collection.TraversableOnce$class.$div$colon(Lscala/collection/TraversableOnce;Ljava/lang/Object;Lscala/Function2;)Ljava/lang/Object;+3
j  scala.collection.AbstractTraversable.$div$colon(Ljava/lang/Object;Lscala/Function2;)Ljava/lang/Object;+3
j  sbt.Load$.sbt$Load$$expandSettings$1(Lsbt/AddSettings;Lsbt/Project;Lsbt/LoadedPlugins;Lsbt/Load$InjectSettings;Lscala/collection/mutable/Map;Lsbt/Project;Lscala/collection/Seq;Lscala/runtime/ObjectRef;Lscala/runtime/VolatileByteRef;)Lscala/collection/Seq;+303
j  sbt.Load$.resolveProject(Lsbt/Project;Lscala/collection/Seq;Lsbt/LoadedPlugins;Lsbt/Load$InjectSettings;Lscala/collection/mutable/Map;Lsbt/Logger;)Lsbt/Project;+122
j  sbt.Load$.finalizeProject$1(Lsbt/Project;Lscala/collection/Seq;Lsbt/LoadedPlugins;Lsbt/Load$InjectSettings;Lscala/collection/mutable/Map;Lsbt/Logger;)Lsbt/Project;+37
j  sbt.Load$.loadTransitive(Lscala/collection/Seq;Ljava/io/File;Lsbt/LoadedPlugins;Lscala/Function0;Lsbt/Load$InjectSettings;Lscala/collection/Seq;Lscala/collection/mutable/Map;Lsbt/Logger;ZLjava/net/URI;Lsbt/PluginManagement$Context;Lscala/collection/Seq;)Lsbt/Load$LoadedProjects;+796
j  sbt.Load$.loadProjects$1(Lscala/collection/Seq;ZLjava/net/URI;Lsbt/LoadBuildConfiguration;Ljava/io/File;Ljava/io/File;Lsbt/LoadedPlugins;Lscala/runtime/ObjectRef;Lscala/collection/mutable/HashMap;Lscala/runtime/VolatileByteRef;)Lsbt/Load$LoadedProjects;+49
j  sbt.Load$.loadUnit(Ljava/net/URI;Ljava/io/File;Lsbt/State;Lsbt/LoadBuildConfiguration;)Lsbt/BuildUnit;+265
j  sbt.Load$$anonfun$18$$anonfun$apply$11.apply()Lsbt/BuildUnit;+31
j  sbt.Load$$anonfun$18$$anonfun$apply$11.apply()Ljava/lang/Object;+1
j  sbt.BuildLoader$$anonfun$componentLoader$1$$anonfun$apply$4$$anonfun$apply$5$$anonfun$apply$6.apply()Lsbt/BuildUnit;+4
j  sbt.BuildLoader$$anonfun$componentLoader$1$$anonfun$apply$4$$anonfun$apply$5$$anonfun$apply$6.apply()Ljava/lang/Object;+1
j  sbt.BuildLoader.apply(Ljava/net/URI;)Lsbt/BuildUnit;+53
j  sbt.Load$.loadAll(Lscala/collection/immutable/List;Lscala/collection/immutable/Map;Lsbt/BuildLoader;Lscala/collection/immutable/Map;)Lscala/Tuple3;+65
j  sbt.Load$.loadURI(Ljava/net/URI;Lsbt/BuildLoader;Lscala/collection/immutable/List;)Lsbt/PartBuild;+36
j  sbt.Load$.load(Ljava/io/File;Lsbt/BuildLoader;Lscala/collection/immutable/List;)Lsbt/PartBuild;+10
j  sbt.Load$.load(Ljava/io/File;Lsbt/State;Lsbt/LoadBuildConfiguration;)Lsbt/PartBuild;+126
j  sbt.Load$.apply(Ljava/io/File;Lsbt/State;Lsbt/LoadBuildConfiguration;)Lscala/Tuple2;+27
j  sbt.Load$.buildPluginDefinition(Ljava/io/File;Lsbt/State;Lsbt/LoadBuildConfiguration;)Lsbt/PluginData;+4
j  sbt.Load$.buildPlugins(Ljava/io/File;Lsbt/State;Lsbt/LoadBuildConfiguration;)Lsbt/LoadedPlugins;+7
j  sbt.Load$.plugins(Ljava/io/File;Lsbt/State;Lsbt/LoadBuildConfiguration;)Lsbt/LoadedPlugins;+20
j  sbt.Load$.loadUnit(Ljava/net/URI;Ljava/io/File;Lsbt/State;Lsbt/LoadBuildConfiguration;)Lsbt/BuildUnit;+167
j  sbt.Load$$anonfun$18$$anonfun$apply$11.apply()Lsbt/BuildUnit;+31
j  sbt.Load$$anonfun$18$$anonfun$apply$11.apply()Ljava/lang/Object;+1
j  sbt.BuildLoader$$anonfun$componentLoader$1$$anonfun$apply$4$$anonfun$apply$5$$anonfun$apply$6.apply()Lsbt/BuildUnit;+4
j  sbt.BuildLoader$$anonfun$componentLoader$1$$anonfun$apply$4$$anonfun$apply$5$$anonfun$apply$6.apply()Ljava/lang/Object;+1
j  sbt.BuildLoader.apply(Ljava/net/URI;)Lsbt/BuildUnit;+53
j  sbt.Load$.loadAll(Lscala/collection/immutable/List;Lscala/collection/immutable/Map;Lsbt/BuildLoader;Lscala/collection/immutable/Map;)Lscala/Tuple3;+65
j  sbt.Load$.loadURI(Ljava/net/URI;Lsbt/BuildLoader;Lscala/collection/immutable/List;)Lsbt/PartBuild;+36
j  sbt.Load$.load(Ljava/io/File;Lsbt/BuildLoader;Lscala/collection/immutable/List;)Lsbt/PartBuild;+10
j  sbt.Load$.load(Ljava/io/File;Lsbt/State;Lsbt/LoadBuildConfiguration;)Lsbt/PartBuild;+126
j  sbt.Load$.apply(Ljava/io/File;Lsbt/State;Lsbt/LoadBuildConfiguration;)Lscala/Tuple2;+27
j  sbt.Load$.defaultLoad(Lsbt/State;Ljava/io/File;Lsbt/Logger;ZLscala/collection/immutable/List;)Lscala/Tuple2;+204
j  sbt.BuiltinCommands$.doLoadProject(Lsbt/State;Lscala/Enumeration$Value;)Lsbt/State;+154
j  sbt.BuiltinCommands$$anonfun$loadProjectImpl$2.apply(Lsbt/State;Lscala/Enumeration$Value;)Lsbt/State;+5
j  sbt.BuiltinCommands$$anonfun$loadProjectImpl$2.apply(Ljava/lang/Object;Ljava/lang/Object;)Ljava/lang/Object;+9
j  sbt.Command$$anonfun$applyEffect$1$$anonfun$apply$2.apply(Ljava/lang/Object;)Lsbt/State;+12
j  sbt.Command$$anonfun$applyEffect$1$$anonfun$apply$2.apply(Ljava/lang/Object;)Ljava/lang/Object;+2
j  sbt.Command$$anonfun$applyEffect$2$$anonfun$apply$3.apply()Lsbt/State;+11
j  sbt.Command$$anonfun$applyEffect$2$$anonfun$apply$3.apply()Ljava/lang/Object;+1
j  sbt.Command$.process(Ljava/lang/String;Lsbt/State;)Lsbt/State;+55
j  sbt.MainLoop$$anonfun$1$$anonfun$apply$1.apply(Ljava/lang/String;Lsbt/State;)Lsbt/State;+5
j  sbt.MainLoop$$anonfun$1$$anonfun$apply$1.apply(Ljava/lang/Object;Ljava/lang/Object;)Ljava/lang/Object;+9
j  sbt.State$$anon$1.process(Lscala/Function2;)Lsbt/State;+270
j  sbt.MainLoop$$anonfun$1.apply()Lsbt/State;+18
...<more frames>...

Java frames: (J=compiled Java code, j=interpreted, Vv=VM code)
J 167  java.lang.ClassLoader.findBootstrapClass(Ljava/lang/String;)Ljava/lang/Class; (0 bytes) @ 0x00007f3149167e0c [0x00007f3149167dc0+0x4c]
J 843 C2 java.lang.ClassLoader.loadClass(Ljava/lang/String;Z)Ljava/lang/Class; (122 bytes) @ 0x00007f31492e6bcc [0x00007f31492e6800+0x3cc]
J 843 C2 java.lang.ClassLoader.loadClass(Ljava/lang/String;Z)Ljava/lang/Class; (122 bytes) @ 0x00007f31492e6af8 [0x00007f31492e6800+0x2f8]
J 166 C1 sun.misc.Launcher$AppClassLoader.loadClass(Ljava/lang/String;Z)Ljava/lang/Class; (85 bytes) @ 0x00007f3149168f8c [0x00007f3149168600+0x98c]
J 843 C2 java.lang.ClassLoader.loadClass(Ljava/lang/String;Z)Ljava/lang/Class; (122 bytes) @ 0x00007f31492e6af8 [0x00007f31492e6800+0x2f8]
J 361 C1 xsbt.boot.BootFilteredLoader.loadClass(Ljava/lang/String;Z)Ljava/lang/Class; (52 bytes) @ 0x00007f31491ed97c [0x00007f31491ed240+0x73c]
J 843 C2 java.lang.ClassLoader.loadClass(Ljava/lang/String;Z)Ljava/lang/Class; (122 bytes) @ 0x00007f31492e6af8 [0x00007f31492e6800+0x2f8]
J 843 C2 java.lang.ClassLoader.loadClass(Ljava/lang/String;Z)Ljava/lang/Class; (122 bytes) @ 0x00007f31492e6af8 [0x00007f31492e6800+0x2f8]
J 165 C1 java.lang.ClassLoader.loadClass(Ljava/lang/String;)Ljava/lang/Class; (7 bytes) @ 0x00007f3149168244 [0x00007f3149168140+0x104]
v  ~StubRoutines::call_stub
j  sbt.Classpaths$.baseGlobalDefaults()Lscala/collection/Seq;+677
j  sbt.Classpaths$.<init>()V+655
j  sbt.Classpaths$.<clinit>()V+3
v  ~StubRoutines::call_stub
j  sbt.plugins.IvyPlugin$.projectSettings$lzycompute()Lscala/collection/Seq;+16
j  sbt.plugins.IvyPlugin$.projectSettings()Lscala/collection/Seq;+12
j  sbt.Load$$anonfun$autoPluginSettings$1$1.apply(Lsbt/AutoPlugin;)Lscala/collection/Seq;+1
j  sbt.Load$$anonfun$autoPluginSettings$1$1.apply(Ljava/lang/Object;)Ljava/lang/Object;+5
J 1849 C1 scala.collection.TraversableLike$$anonfun$flatMap$1.apply(Ljava/lang/Object;)Ljava/lang/Object; (6 bytes) @ 0x00007f3149577794 [0x00007f31495775c0+0x1d4]
J 1080 C1 scala.collection.immutable.List.foreach(Lscala/Function1;)V (32 bytes) @ 0x00007f314936d184 [0x00007f314936cfc0+0x1c4]
j  scala.collection.TraversableLike$class.flatMap(Lscala/collection/TraversableLike;Lscala/Function1;Lscala/collection/generic/CanBuildFrom;)Ljava/lang/Object;+17
j  scala.collection.AbstractTraversable.flatMap(Lscala/Function1;Lscala/collection/generic/CanBuildFrom;)Ljava/lang/Object;+3
j  sbt.Load$.autoPluginSettings$1(Lsbt/AddSettings$AutoPlugins;Lscala/collection/Seq;)Lscala/collection/Seq;+26
j  sbt.Load$.sbt$Load$$expandSettings$1(Lsbt/AddSettings;Lsbt/Project;Lsbt/LoadedPlugins;Lsbt/Load$InjectSettings;Lscala/collection/mutable/Map;Lsbt/Project;Lscala/collection/Seq;Lscala/runtime/ObjectRef;Lscala/runtime/VolatileByteRef;)Lscala/collection/Seq;+241
j  sbt.Load$$anonfun$sbt$Load$$expandSettings$1$2.apply(Lscala/collection/Seq;Lsbt/AddSettings;)Lscala/collection/Seq;+37
j  sbt.Load$$anonfun$sbt$Load$$expandSettings$1$2.apply(Ljava/lang/Object;Ljava/lang/Object;)Ljava/lang/Object;+9
j  scala.collection.IndexedSeqOptimized$class.foldl(Lscala/collection/IndexedSeqOptimized;IILjava/lang/Object;Lscala/Function2;)Ljava/lang/Object;+22
j  scala.collection.IndexedSeqOptimized$class.foldLeft(Lscala/collection/IndexedSeqOptimized;Ljava/lang/Object;Lscala/Function2;)Ljava/lang/Object;+10
j  scala.collection.mutable.WrappedArray.foldLeft(Ljava/lang/Object;Lscala/Function2;)Ljava/lang/Object;+3
j  scala.collection.TraversableOnce$class.$div$colon(Lscala/collection/TraversableOnce;Ljava/lang/Object;Lscala/Function2;)Ljava/lang/Object;+3
j  scala.collection.AbstractTraversable.$div$colon(Ljava/lang/Object;Lscala/Function2;)Ljava/lang/Object;+3
j  sbt.Load$.sbt$Load$$expandSettings$1(Lsbt/AddSettings;Lsbt/Project;Lsbt/LoadedPlugins;Lsbt/Load$InjectSettings;Lscala/collection/mutable/Map;Lsbt/Project;Lscala/collection/Seq;Lscala/runtime/ObjectRef;Lscala/runtime/VolatileByteRef;)Lscala/collection/Seq;+303
j  sbt.Load$.resolveProject(Lsbt/Project;Lscala/collection/Seq;Lsbt/LoadedPlugins;Lsbt/Load$InjectSettings;Lscala/collection/mutable/Map;Lsbt/Logger;)Lsbt/Project;+122
j  sbt.Load$.finalizeProject$1(Lsbt/Project;Lscala/collection/Seq;Lsbt/LoadedPlugins;Lsbt/Load$InjectSettings;Lscala/collection/mutable/Map;Lsbt/Logger;)Lsbt/Project;+37
j  sbt.Load$.loadTransitive(Lscala/collection/Seq;Ljava/io/File;Lsbt/LoadedPlugins;Lscala/Function0;Lsbt/Load$InjectSettings;Lscala/collection/Seq;Lscala/collection/mutable/Map;Lsbt/Logger;ZLjava/net/URI;Lsbt/PluginManagement$Context;Lscala/collection/Seq;)Lsbt/Load$LoadedProjects;+796
j  sbt.Load$.loadProjects$1(Lscala/collection/Seq;ZLjava/net/URI;Lsbt/LoadBuildConfiguration;Ljava/io/File;Ljava/io/File;Lsbt/LoadedPlugins;Lscala/runtime/ObjectRef;Lscala/collection/mutable/HashMap;Lscala/runtime/VolatileByteRef;)Lsbt/Load$LoadedProjects;+49
j  sbt.Load$.loadUnit(Ljava/net/URI;Ljava/io/File;Lsbt/State;Lsbt/LoadBuildConfiguration;)Lsbt/BuildUnit;+265
j  sbt.Load$$anonfun$18$$anonfun$apply$11.apply()Lsbt/BuildUnit;+31
j  sbt.Load$$anonfun$18$$anonfun$apply$11.apply()Ljava/lang/Object;+1
j  sbt.BuildLoader$$anonfun$componentLoader$1$$anonfun$apply$4$$anonfun$apply$5$$anonfun$apply$6.apply()Lsbt/BuildUnit;+4
j  sbt.BuildLoader$$anonfun$componentLoader$1$$anonfun$apply$4$$anonfun$apply$5$$anonfun$apply$6.apply()Ljava/lang/Object;+1
j  sbt.BuildLoader.apply(Ljava/net/URI;)Lsbt/BuildUnit;+53
j  sbt.Load$.loadAll(Lscala/collection/immutable/List;Lscala/collection/immutable/Map;Lsbt/BuildLoader;Lscala/collection/immutable/Map;)Lscala/Tuple3;+65
j  sbt.Load$.loadURI(Ljava/net/URI;Lsbt/BuildLoader;Lscala/collection/immutable/List;)Lsbt/PartBuild;+36
j  sbt.Load$.load(Ljava/io/File;Lsbt/BuildLoader;Lscala/collection/immutable/List;)Lsbt/PartBuild;+10
j  sbt.Load$.load(Ljava/io/File;Lsbt/State;Lsbt/LoadBuildConfiguration;)Lsbt/PartBuild;+126
j  sbt.Load$.apply(Ljava/io/File;Lsbt/State;Lsbt/LoadBuildConfiguration;)Lscala/Tuple2;+27
j  sbt.Load$.buildPluginDefinition(Ljava/io/File;Lsbt/State;Lsbt/LoadBuildConfiguration;)Lsbt/PluginData;+4
j  sbt.Load$.buildPlugins(Ljava/io/File;Lsbt/State;Lsbt/LoadBuildConfiguration;)Lsbt/LoadedPlugins;+7
j  sbt.Load$.plugins(Ljava/io/File;Lsbt/State;Lsbt/LoadBuildConfiguration;)Lsbt/LoadedPlugins;+20
j  sbt.Load$.loadUnit(Ljava/net/URI;Ljava/io/File;Lsbt/State;Lsbt/LoadBuildConfiguration;)Lsbt/BuildUnit;+167
j  sbt.Load$$anonfun$18$$anonfun$apply$11.apply()Lsbt/BuildUnit;+31
j  sbt.Load$$anonfun$18$$anonfun$apply$11.apply()Ljava/lang/Object;+1
j  sbt.BuildLoader$$anonfun$componentLoader$1$$anonfun$apply$4$$anonfun$apply$5$$anonfun$apply$6.apply()Lsbt/BuildUnit;+4
j  sbt.BuildLoader$$anonfun$componentLoader$1$$anonfun$apply$4$$anonfun$apply$5$$anonfun$apply$6.apply()Ljava/lang/Object;+1
j  sbt.BuildLoader.apply(Ljava/net/URI;)Lsbt/BuildUnit;+53
j  sbt.Load$.loadAll(Lscala/collection/immutable/List;Lscala/collection/immutable/Map;Lsbt/BuildLoader;Lscala/collection/immutable/Map;)Lscala/Tuple3;+65
j  sbt.Load$.loadURI(Ljava/net/URI;Lsbt/BuildLoader;Lscala/collection/immutable/List;)Lsbt/PartBuild;+36
j  sbt.Load$.load(Ljava/io/File;Lsbt/BuildLoader;Lscala/collection/immutable/List;)Lsbt/PartBuild;+10
j  sbt.Load$.load(Ljava/io/File;Lsbt/State;Lsbt/LoadBuildConfiguration;)Lsbt/PartBuild;+126
j  sbt.Load$.apply(Ljava/io/File;Lsbt/State;Lsbt/LoadBuildConfiguration;)Lscala/Tuple2;+27
j  sbt.Load$.defaultLoad(Lsbt/State;Ljava/io/File;Lsbt/Logger;ZLscala/collection/immutable/List;)Lscala/Tuple2;+204
j  sbt.BuiltinCommands$.doLoadProject(Lsbt/State;Lscala/Enumeration$Value;)Lsbt/State;+154
j  sbt.BuiltinCommands$$anonfun$loadProjectImpl$2.apply(Lsbt/State;Lscala/Enumeration$Value;)Lsbt/State;+5
j  sbt.BuiltinCommands$$anonfun$loadProjectImpl$2.apply(Ljava/lang/Object;Ljava/lang/Object;)Ljava/lang/Object;+9
j  sbt.Command$$anonfun$applyEffect$1$$anonfun$apply$2.apply(Ljava/lang/Object;)Lsbt/State;+12
j  sbt.Command$$anonfun$applyEffect$1$$anonfun$apply$2.apply(Ljava/lang/Object;)Ljava/lang/Object;+2
j  sbt.Command$$anonfun$applyEffect$2$$anonfun$apply$3.apply()Lsbt/State;+11
j  sbt.Command$$anonfun$applyEffect$2$$anonfun$apply$3.apply()Ljava/lang/Object;+1
j  sbt.Command$.process(Ljava/lang/String;Lsbt/State;)Lsbt/State;+55
j  sbt.MainLoop$$anonfun$1$$anonfun$apply$1.apply(Ljava/lang/String;Lsbt/State;)Lsbt/State;+5
j  sbt.MainLoop$$anonfun$1$$anonfun$apply$1.apply(Ljava/lang/Object;Ljava/lang/Object;)Ljava/lang/Object;+9
j  sbt.State$$anon$1.process(Lscala/Function2;)Lsbt/State;+270
j  sbt.MainLoop$$anonfun$1.apply()Lsbt/State;+18
j  sbt.MainLoop$$anonfun$1.apply()Ljava/lang/Object;+1
j  sbt.ErrorHandling$.wideConvert(Lscala/Function0;)Lscala/util/Either;+7
j  sbt.MainLoop$.next(Lsbt/State;)Lsbt/State;+17
j  sbt.MainLoop$.run(Lsbt/State;)Lsbt/MainLoop$RunNext;+34
j  sbt.MainLoop$$anonfun$runWithNewLog$1.apply(Ljava/io/BufferedWriter;)Lsbt/MainLoop$RunNext;+151
j  sbt.MainLoop$$anonfun$runWithNewLog$1.apply(Ljava/lang/Object;)Ljava/lang/Object;+5
j  sbt.Using.apply(Ljava/lang/Object;Lscala/Function1;)Ljava/lang/Object;+8
j  sbt.MainLoop$.runWithNewLog(Lsbt/State;Lsbt/GlobalLogBacking;)Lsbt/MainLoop$RunNext;+35
j  sbt.MainLoop$.runAndClearLast(Lsbt/State;Lsbt/GlobalLogBacking;)Lsbt/MainLoop$RunNext;+3
j  sbt.MainLoop$.runLoggedLoop(Lsbt/State;Lsbt/GlobalLogBacking;)Lxsbti/MainResult;+3
j  sbt.MainLoop$.runLogged(Lsbt/State;)Lxsbti/MainResult;+31
j  sbt.StandardMain$.runManaged(Lsbt/State;)Lxsbti/MainResult;+11
j  sbt.xMain.run(Lxsbti/AppConfiguration;)Lxsbti/MainResult;+100
j  xsbt.boot.Launch$$anonfun$run$1.apply()Ljava/lang/Object;+10
j  xsbt.boot.Launch$.withContextLoader(Ljava/lang/ClassLoader;Lscala/Function0;)Ljava/lang/Object;+15
j  xsbt.boot.Launch$.run(Lxsbti/Launcher;Lxsbt/boot/RunConfiguration;)Lxsbti/MainResult;+97
j  xsbt.boot.Launch$$anonfun$apply$1.apply(Ljava/lang/Object;)Ljava/lang/Object;+16
j  xsbt.boot.Launch$.launch(Lscala/Function1;Lxsbt/boot/RunConfiguration;)Lscala/Option;+2
j  xsbt.boot.Launch$.apply(Lxsbt/boot/LauncherArguments;)Lscala/Option;+876
j  xsbt.boot.Boot$.runImpl(Lxsbt/boot/LauncherArguments;)Lscala/Option;+4
j  xsbt.boot.Boot$.main([Ljava/lang/String;)V+291
j  xsbt.boot.Boot.main([Ljava/lang/String;)V+4
v  ~StubRoutines::call_stub

---------------  P R O C E S S  ---------------

Java Threads: ( => current thread )
  0x00007f31580c0800 JavaThread "Service Thread" daemon [_thread_blocked, id=8944, stack(0x00007f31484be000,0x00007f31485bf000)]
  0x00007f31580bd800 JavaThread "C1 CompilerThread2" daemon [_thread_blocked, id=8943, stack(0x00007f31485bf000,0x00007f31486c0000)]
  0x00007f31580bb800 JavaThread "C2 CompilerThread1" daemon [_thread_blocked, id=8942, stack(0x00007f31486c0000,0x00007f31487c1000)]
  0x00007f31580b8800 JavaThread "C2 CompilerThread0" daemon [_thread_blocked, id=8941, stack(0x00007f31487c1000,0x00007f31488c2000)]
  0x00007f31580b7000 JavaThread "Signal Dispatcher" daemon [_thread_blocked, id=8940, stack(0x00007f31488c2000,0x00007f31489c3000)]
  0x00007f3158084000 JavaThread "Finalizer" daemon [_thread_blocked, id=8939, stack(0x00007f3148dfe000,0x00007f3148eff000)]
  0x00007f315807f800 JavaThread "Reference Handler" daemon [_thread_blocked, id=8938, stack(0x00007f3148eff000,0x00007f3149000000)]
=>0x00007f315800a000 JavaThread "main" [_thread_in_vm, id=8932, stack(0x00007f316172d000,0x00007f316182e000)]

Other Threads:
  0x00007f3158078000 VMThread [stack: 0x00007f315c09c000,0x00007f315c19d000] [id=8937]
  0x00007f31580c3000 WatcherThread [stack: 0x00007f31483bd000,0x00007f31484be000] [id=8945]

VM state:not at safepoint (normal execution)

VM Mutex/Monitor currently owned by a thread: None

Heap:
 PSYoungGen      total 153088K, used 67847K [0x00000000eab00000, 0x00000000f5580000, 0x0000000100000000)
  eden space 131584K, 51% used [0x00000000eab00000,0x00000000eed41de0,0x00000000f2b80000)
  from space 21504K, 0% used [0x00000000f2b80000,0x00000000f2b80000,0x00000000f4080000)
  to   space 21504K, 0% used [0x00000000f4080000,0x00000000f4080000,0x00000000f5580000)
 ParOldGen       total 349696K, used 15400K [0x00000000c0000000, 0x00000000d5580000, 0x00000000eab00000)
  object space 349696K, 4% used [0x00000000c0000000,0x00000000c0f0a010,0x00000000d5580000)
 Metaspace       used 30643K, capacity 30940K, committed 31232K, reserved 1075200K
  class space    used 5273K, capacity 5338K, committed 5376K, reserved 1048576K

Card table byte_map: [0x00007f315e2f9000,0x00007f315e4fa000] byte_map_base: 0x00007f315dcf9000

Marking Bits: (ParMarkBitMap*) 0x00007f3160c0f100
 Begin Bits: [0x00007f3142000000, 0x00007f3143000000)
 End Bits:   [0x00007f3143000000, 0x00007f3144000000)

Polling page: 0x00007f3161856000

CodeCache: size=245760Kb used=6061Kb max_used=6061Kb free=239698Kb
 bounds [0x00007f3149000000, 0x00007f31495f0000, 0x00007f3158000000]
 total_blobs=2492 nmethods=2119 adapters=284
 compilation: enabled

Compilation events (10 events):
Event: 22,816 Thread 0x00007f31580bd800 2117       1       sbt.Scope::task (5 bytes)
Event: 22,817 Thread 0x00007f31580bd800 nmethod 2117 0x00007f31495eecd0 code [0x00007f31495eee20, 0x00007f31495eef30]
Event: 22,817 Thread 0x00007f31580bd800 2118       1       sbt.Scope::extra (5 bytes)
Event: 22,817 Thread 0x00007f31580bd800 nmethod 2118 0x00007f31495eea10 code [0x00007f31495eeb60, 0x00007f31495eec70]
Event: 22,817 Thread 0x00007f31580bd800 2119       3       sbt.Scope$::subThis (30 bytes)
Event: 22,817 Thread 0x00007f31580bd800 nmethod 2119 0x00007f31495ee4d0 code [0x00007f31495ee640, 0x00007f31495ee928]
Event: 22,817 Thread 0x00007f31580bd800 2120       3       sbt.Init$Keyed$class::$init$ (1 bytes)
Event: 22,817 Thread 0x00007f31580bd800 nmethod 2120 0x00007f31495ee1d0 code [0x00007f31495ee320, 0x00007f31495ee450]
Event: 22,834 Thread 0x00007f31580bd800 2121       3       sbt.Init$KeyedInitialize$class::$init$ (13 bytes)
Event: 22,835 Thread 0x00007f31580bd800 nmethod 2121 0x00007f31495ed850 code [0x00007f31495eda00, 0x00007f31495edf08]

GC Heap History (4 events):
Event: 13,915 GC heap before
{Heap before GC invocations=1 (full 0):
 PSYoungGen      total 153088K, used 86880K [0x00000000eab00000, 0x00000000f5580000, 0x0000000100000000)
  eden space 131584K, 66% used [0x00000000eab00000,0x00000000effd80b0,0x00000000f2b80000)
  from space 21504K, 0% used [0x00000000f4080000,0x00000000f4080000,0x00000000f5580000)
  to   space 21504K, 0% used [0x00000000f2b80000,0x00000000f2b80000,0x00000000f4080000)
 ParOldGen       total 349696K, used 0K [0x00000000c0000000, 0x00000000d5580000, 0x00000000eab00000)
  object space 349696K, 0% used [0x00000000c0000000,0x00000000c0000000,0x00000000d5580000)
 Metaspace       used 20895K, capacity 21178K, committed 21296K, reserved 1067008K
  class space    used 3657K, capacity 3686K, committed 3712K, reserved 1048576K
Event: 13,982 GC heap after
Heap after GC invocations=1 (full 0):
 PSYoungGen      total 153088K, used 16169K [0x00000000eab00000, 0x00000000f5580000, 0x0000000100000000)
  eden space 131584K, 0% used [0x00000000eab00000,0x00000000eab00000,0x00000000f2b80000)
  from space 21504K, 75% used [0x00000000f2b80000,0x00000000f3b4a7f0,0x00000000f4080000)
  to   space 21504K, 0% used [0x00000000f4080000,0x00000000f4080000,0x00000000f5580000)
 ParOldGen       total 349696K, used 16K [0x00000000c0000000, 0x00000000d5580000, 0x00000000eab00000)
  object space 349696K, 0% used [0x00000000c0000000,0x00000000c0004000,0x00000000d5580000)
 Metaspace       used 20895K, capacity 21178K, committed 21296K, reserved 1067008K
  class space    used 3657K, capacity 3686K, committed 3712K, reserved 1048576K
}
Event: 13,982 GC heap before
{Heap before GC invocations=2 (full 1):
 PSYoungGen      total 153088K, used 16169K [0x00000000eab00000, 0x00000000f5580000, 0x0000000100000000)
  eden space 131584K, 0% used [0x00000000eab00000,0x00000000eab00000,0x00000000f2b80000)
  from space 21504K, 75% used [0x00000000f2b80000,0x00000000f3b4a7f0,0x00000000f4080000)
  to   space 21504K, 0% used [0x00000000f4080000,0x00000000f4080000,0x00000000f5580000)
 ParOldGen       total 349696K, used 16K [0x00000000c0000000, 0x00000000d5580000, 0x00000000eab00000)
  object space 349696K, 0% used [0x00000000c0000000,0x00000000c0004000,0x00000000d5580000)
 Metaspace       used 20895K, capacity 21178K, committed 21296K, reserved 1067008K
  class space    used 3657K, capacity 3686K, committed 3712K, reserved 1048576K
Event: 14,102 GC heap after
Heap after GC invocations=2 (full 1):
 PSYoungGen      total 153088K, used 0K [0x00000000eab00000, 0x00000000f5580000, 0x0000000100000000)
  eden space 131584K, 0% used [0x00000000eab00000,0x00000000eab00000,0x00000000f2b80000)
  from space 21504K, 0% used [0x00000000f2b80000,0x00000000f2b80000,0x00000000f4080000)
  to   space 21504K, 0% used [0x00000000f4080000,0x00000000f4080000,0x00000000f5580000)
 ParOldGen       total 349696K, used 15400K [0x00000000c0000000, 0x00000000d5580000, 0x00000000eab00000)
  object space 349696K, 4% used [0x00000000c0000000,0x00000000c0f0a010,0x00000000d5580000)
 Metaspace       used 20895K, capacity 21178K, committed 21296K, reserved 1067008K
  class space    used 3657K, capacity 3686K, committed 3712K, reserved 1048576K
}

Deoptimization events (10 events):
Event: 19,301 Thread 0x00007f315800a000 Uncommon trap: reason=class_check action=maybe_recompile pc=0x00007f31493ce9fc method=scala.reflect.runtime.JavaMirrors$JavaMirror$unpickler$.global()Lscala/reflect/internal/SymbolTable; @ 4
Event: 19,301 Thread 0x00007f315800a000 Uncommon trap: reason=class_check action=maybe_recompile pc=0x00007f31493ce9fc method=scala.reflect.runtime.JavaMirrors$JavaMirror$unpickler$.global()Lscala/reflect/internal/SymbolTable; @ 4
Event: 19,301 Thread 0x00007f315800a000 Uncommon trap: reason=class_check action=maybe_recompile pc=0x00007f31493ce9fc method=scala.reflect.runtime.JavaMirrors$JavaMirror$unpickler$.global()Lscala/reflect/internal/SymbolTable; @ 4
Event: 21,831 Thread 0x00007f315800a000 Uncommon trap: reason=class_check action=maybe_recompile pc=0x00007f31491bb868 method=sun.misc.URLClassPath.getLoader(I)Lsun/misc/URLClassPath$Loader; @ 94
Event: 21,831 Thread 0x00007f315800a000 Uncommon trap: reason=class_check action=maybe_recompile pc=0x00007f314921502c method=sun.misc.URLClassPath.getResource(Ljava/lang/String;Z)Lsun/misc/Resource; @ 62
Event: 21,832 Thread 0x00007f315800a000 Uncommon trap: reason=unstable_if action=reinterpret pc=0x00007f31494cff30 method=java.lang.String.regionMatches(ZILjava/lang/String;II)Z @ 41
Event: 22,176 Thread 0x00007f315800a000 Uncommon trap: reason=class_check action=maybe_recompile pc=0x00007f31491bb868 method=sun.misc.URLClassPath.getLoader(I)Lsun/misc/URLClassPath$Loader; @ 94
Event: 22,191 Thread 0x00007f315800a000 Uncommon trap: reason=class_check action=maybe_recompile pc=0x00007f31491bb868 method=sun.misc.URLClassPath.getLoader(I)Lsun/misc/URLClassPath$Loader; @ 94
Event: 22,193 Thread 0x00007f315800a000 Uncommon trap: reason=class_check action=maybe_recompile pc=0x00007f31491bb868 method=sun.misc.URLClassPath.getLoader(I)Lsun/misc/URLClassPath$Loader; @ 94
Event: 22,201 Thread 0x00007f315800a000 Uncommon trap: reason=class_check action=maybe_recompile pc=0x00007f31491bd794 method=sun.misc.URLClassPath.getLoader(I)Lsun/misc/URLClassPath$Loader; @ 94

Internal exceptions (10 events):
Event: 15,681 Thread 0x00007f315800a000 Exception <a 'java/lang/ClassNotFoundException': scala/reflect/ScalaSignature> (0x00000000eab94aa8) thrown at [/HUDSON/workspace/8-2-build-linux-amd64/jdk8u77/6540/hotspot/src/share/vm/classfile/systemDictionary.cpp, line 210]
Event: 15,681 Thread 0x00007f315800a000 Exception <a 'java/lang/ClassNotFoundException': scala/reflect/ScalaLongSignature> (0x00000000eab95320) thrown at [/HUDSON/workspace/8-2-build-linux-amd64/jdk8u77/6540/hotspot/src/share/vm/classfile/systemDictionary.cpp, line 210]
Event: 15,684 Thread 0x00007f315800a000 Exception <a 'java/lang/ClassNotFoundException': scala/reflect/ScalaSignature> (0x00000000eaba3a80) thrown at [/HUDSON/workspace/8-2-build-linux-amd64/jdk8u77/6540/hotspot/src/share/vm/classfile/systemDictionary.cpp, line 210]
Event: 15,684 Thread 0x00007f315800a000 Exception <a 'java/lang/ClassNotFoundException': scala/reflect/ScalaLongSignature> (0x00000000eaba42f8) thrown at [/HUDSON/workspace/8-2-build-linux-amd64/jdk8u77/6540/hotspot/src/share/vm/classfile/systemDictionary.cpp, line 210]
Event: 15,690 Thread 0x00007f315800a000 Exception <a 'java/lang/ClassNotFoundException': scala/reflect/ScalaSignature> (0x00000000eabb2fa8) thrown at [/HUDSON/workspace/8-2-build-linux-amd64/jdk8u77/6540/hotspot/src/share/vm/classfile/systemDictionary.cpp, line 210]
Event: 15,690 Thread 0x00007f315800a000 Exception <a 'java/lang/ClassNotFoundException': scala/reflect/ScalaLongSignature> (0x00000000eabb3638) thrown at [/HUDSON/workspace/8-2-build-linux-amd64/jdk8u77/6540/hotspot/src/share/vm/classfile/systemDictionary.cpp, line 210]
Event: 15,691 Thread 0x00007f315800a000 Exception <a 'java/lang/ArrayIndexOutOfBoundsException'> (0x00000000eabb8438) thrown at [/HUDSON/workspace/8-2-build-linux-amd64/jdk8u77/6540/hotspot/src/share/vm/runtime/sharedRuntime.cpp, line 605]
Event: 19,430 Thread 0x00007f315800a000 Exception <a 'java/lang/ArrayIndexOutOfBoundsException'> (0x00000000ec881158) thrown at [/HUDSON/workspace/8-2-build-linux-amd64/jdk8u77/6540/hotspot/src/share/vm/runtime/sharedRuntime.cpp, line 605]
Event: 19,496 Thread 0x00007f315800a000 Exception <a 'java/lang/ArrayIndexOutOfBoundsException'> (0x00000000ec979c50) thrown at [/HUDSON/workspace/8-2-build-linux-amd64/jdk8u77/6540/hotspot/src/share/vm/runtime/sharedRuntime.cpp, line 605]
Event: 19,502 Thread 0x00007f315800a000 Exception <a 'java/lang/ArrayIndexOutOfBoundsException'> (0x00000000ec9983b0) thrown at [/HUDSON/workspace/8-2-build-linux-amd64/jdk8u77/6540/hotspot/src/share/vm/runtime/sharedRuntime.cpp, line 605]

Events (10 events):
Event: 23,117 loading class org/xml/sax/SAXParseException
Event: 23,167 loading class org/xml/sax/SAXException
Event: 23,183 loading class org/xml/sax/SAXException done
Event: 23,183 loading class org/xml/sax/SAXParseException done
Event: 23,183 loading class sbt/MavenCache
Event: 23,183 loading class sbt/MavenCache done
Event: 23,207 loading class sbt/Resolver$$anonfun$useSecureResolvers$2
Event: 23,207 loading class sbt/Resolver$$anonfun$useSecureResolvers$2 done
Event: 23,213 loading class sbt/Resolver$$anonfun$useSecureResolvers$1
Event: 23,213 loading class sbt/Resolver$$anonfun$useSecureResolvers$1 done


Dynamic libraries:
00400000-00401000 r-xp 00000000 08:06 2628379                            /usr/lib/jvm/java-8-oracle/bin/java
00600000-00601000 rw-p 00000000 08:06 2628379                            /usr/lib/jvm/java-8-oracle/bin/java
016f5000-01716000 rw-p 00000000 00:00 0                                  [heap]
c0000000-d5580000 rw-p 00000000 00:00 0 
d5580000-eab00000 ---p 00000000 00:00 0 
eab00000-f5580000 rw-p 00000000 00:00 0 
f5580000-100000000 ---p 00000000 00:00 0 
100000000-100540000 rw-p 00000000 00:00 0 
100540000-140000000 ---p 00000000 00:00 0 
7f3104000000-7f3104021000 rw-p 00000000 00:00 0 
7f3104021000-7f3108000000 ---p 00000000 00:00 0 
7f310c000000-7f310df57000 rw-p 00000000 00:00 0 
7f310df57000-7f3110000000 ---p 00000000 00:00 0 
7f3110000000-7f3110021000 rw-p 00000000 00:00 0 
7f3110021000-7f3114000000 ---p 00000000 00:00 0 
7f3114000000-7f31143d7000 rw-p 00000000 00:00 0 
7f31143d7000-7f3118000000 ---p 00000000 00:00 0 
7f3118000000-7f31183f1000 rw-p 00000000 00:00 0 
7f31183f1000-7f311c000000 ---p 00000000 00:00 0 
7f311c000000-7f311c021000 rw-p 00000000 00:00 0 
7f311c021000-7f3120000000 ---p 00000000 00:00 0 
7f3120000000-7f3120021000 rw-p 00000000 00:00 0 
7f3120021000-7f3124000000 ---p 00000000 00:00 0 
7f3124000000-7f3124021000 rw-p 00000000 00:00 0 
7f3124021000-7f3128000000 ---p 00000000 00:00 0 
7f3128000000-7f3128021000 rw-p 00000000 00:00 0 
7f3128021000-7f312c000000 ---p 00000000 00:00 0 
7f312c000000-7f312c021000 rw-p 00000000 00:00 0 
7f312c021000-7f3130000000 ---p 00000000 00:00 0 
7f3134000000-7f3134021000 rw-p 00000000 00:00 0 
7f3134021000-7f3138000000 ---p 00000000 00:00 0 
7f313c000000-7f313c021000 rw-p 00000000 00:00 0 
7f313c021000-7f3140000000 ---p 00000000 00:00 0 
7f3140891000-7f31409d1000 rw-p 00000000 00:00 0 
7f31409d1000-7f3140a91000 ---p 00000000 00:00 0 
7f3140a91000-7f3140c91000 rw-p 00000000 00:00 0 
7f3140c91000-7f3140e91000 rw-p 00000000 00:00 0 
7f3140e91000-7f3141091000 rw-p 00000000 00:00 0 
7f3141091000-7f3141291000 rw-p 00000000 00:00 0 
7f3141440000-7f3141441000 rw-p 00000000 00:00 0 
7f3141441000-7f3141453000 r--s 00345000 08:06 2634539                    /usr/lib/jvm/java-8-oracle/jre/lib/resources.jar
7f3141453000-7f3141653000 rw-p 00000000 00:00 0 
7f3141653000-7f3141853000 rw-p 00000000 00:00 0 
7f3141853000-7f31418cc000 r--s 010e3000 08:06 2629352                    /usr/lib/jvm/java-8-oracle/lib/tools.jar
7f31418cc000-7f3141acc000 rw-p 00000000 00:00 0 
7f3141acc000-7f3141ad6000 r--s 00116000 08:06 2634438                    /usr/lib/jvm/java-8-oracle/jre/lib/ext/localedata.jar
7f3141ad6000-7f3141af2000 r--s 00393000 08:06 2634437                    /usr/lib/jvm/java-8-oracle/jre/lib/ext/cldrdata.jar
7f3141af2000-7f3141af9000 r--s 00000000 08:06 919066                     /usr/lib/x86_64-linux-gnu/gconv/gconv-modules.cache
7f3141af9000-7f3141b1b000 r--p 00000000 08:06 1187377                    /usr/share/locale-langpack/pt_BR/LC_MESSAGES/libc.mo
7f3141b1b000-7f3141b1f000 r--s 00097000 08:06 2634551                    /usr/lib/jvm/java-8-oracle/jre/lib/jsse.jar
7f3141b1f000-7f3141b21000 r--s 0000b000 08:06 2237258                    /tmp/sbt-global-plugin0stub/boot/scala-2.10.4/org.scala-sbt/sbt/0.13.8/xsbti/interface-0.13.8.jar
7f3141b21000-7f3141b2b000 r--s 00085000 08:06 2237267                    /tmp/sbt-global-plugin0stub/boot/scala-2.10.4/org.scala-sbt/sbt/0.13.8/json4s-core_2.10-3.2.10.jar
7f3141b2b000-7f3141d2b000 rw-p 00000000 00:00 0 
7f3141d2b000-7f3141d33000 r--s 00060000 08:06 2237084                    /tmp/sbt-global-plugin0stub/boot/scala-2.10.4/org.scala-sbt/sbt/0.13.8/collections-0.13.8.jar
7f3141d33000-7f3141d42000 r--s 000bb000 08:06 2237077                    /tmp/sbt-global-plugin0stub/boot/scala-2.10.4/org.scala-sbt/sbt/0.13.8/scala-pickling_2.10-0.10.0.jar
7f3141d42000-7f3141d44000 r--s 00001000 08:06 2236907                    /tmp/sbt-global-plugin0stub/boot/scala-2.10.4/org.scala-sbt/sbt/0.13.8/compiler-ivy-integration-0.13.8.jar
7f3141d44000-7f3141d49000 r--s 00036000 08:06 2236906                    /tmp/sbt-global-plugin0stub/boot/scala-2.10.4/org.scala-sbt/sbt/0.13.8/command-0.13.8.jar
7f3141d49000-7f3141d4e000 r--s 00024000 08:06 2236922                    /tmp/sbt-global-plugin0stub/boot/scala-2.10.4/org.scala-sbt/sbt/0.13.8/persist-0.13.8.jar
7f3141d4e000-7f3141d51000 r--s 00018000 08:06 2236763                    /tmp/sbt-global-plugin0stub/boot/scala-2.10.4/org.scala-sbt/sbt/0.13.8/logging-0.13.8.jar
7f3141d51000-7f3141d54000 r--s 00013000 08:06 2237081                    /tmp/sbt-global-plugin0stub/boot/scala-2.10.4/org.scala-sbt/sbt/0.13.8/classpath-0.13.8.jar
7f3141d54000-7f3141d57000 r--s 0001d000 08:06 2237262                    /tmp/sbt-global-plugin0stub/boot/scala-2.10.4/org.scala-sbt/sbt/0.13.8/tasks-0.13.8.jar
7f3141d57000-7f3141d59000 r--s 0000b000 08:06 2236905                    /tmp/sbt-global-plugin0stub/boot/scala-2.10.4/org.scala-sbt/sbt/0.13.8/tracking-0.13.8.jar
7f3141d59000-7f3141d5b000 r--s 00012000 08:06 2237261                    /tmp/sbt-global-plugin0stub/boot/scala-2.10.4/org.scala-sbt/sbt/0.13.8/jawn-parser_2.10-0.6.0.jar
7f3141d5b000-7f3141d71000 r--s 00100000 08:06 2236909                    /tmp/sbt-global-plugin0stub/boot/scala-2.10.4/org.scala-sbt/sbt/0.13.8/ivy-2.3.0-sbt-fccfbd44c9f64523b61398a0155784dcbaeae28f.jar
7f3141d71000-7f3141d74000 r--s 0001a000 08:06 2237252                    /tmp/sbt-global-plugin0stub/boot/scala-2.10.4/org.scala-sbt/sbt/0.13.8/cache-0.13.8.jar
7f3141d74000-7f3141d76000 r--s 0000e000 08:06 2236824                    /tmp/sbt-global-plugin0stub/boot/scala-2.10.4/org.scala-sbt/sbt/0.13.8/logic-0.13.8.jar
7f3141d76000-7f3141d78000 r--s 00002000 08:06 2237256                    /tmp/sbt-global-plugin0stub/boot/scala-2.10.4/org.scala-sbt/sbt/0.13.8/test-interface-1.0.jar
7f3141d78000-7f3141d7b000 r--s 0001c000 08:06 2237085                    /tmp/sbt-global-plugin0stub/boot/scala-2.10.4/org.scala-sbt/sbt/0.13.8/compiler-integration-0.13.8.jar
7f3141d7b000-7f3141d7d000 r--s 00006000 08:06 2236903                    /tmp/sbt-global-plugin0stub/boot/scala-2.10.4/org.scala-sbt/sbt/0.13.8/relation-0.13.8.jar
7f3141d7d000-7f3141d80000 r--s 00030000 08:06 2237265                    /tmp/sbt-global-plugin0stub/boot/scala-2.10.4/org.scala-sbt/sbt/0.13.8/jline-2.11.jar
7f3141d80000-7f3141d86000 r--s 0003d000 08:06 2237259                    /tmp/sbt-global-plugin0stub/boot/scala-2.10.4/org.scala-sbt/sbt/0.13.8/io-0.13.8.jar
7f3141d86000-7f3141db2000 r--s 00235000 08:06 2237074                    /tmp/sbt-global-plugin0stub/boot/scala-2.10.4/org.scala-sbt/sbt/0.13.8/main-0.13.8.jar
7f3141db2000-7f3141db9000 r--s 00049000 08:06 2237082                    /tmp/sbt-global-plugin0stub/boot/scala-2.10.4/org.scala-sbt/sbt/0.13.8/api-0.13.8.jar
7f3141db9000-7f3141def000 r--s 002d9000 08:06 2237266                    /tmp/sbt-global-plugin0stub/boot/scala-2.10.4/org.scala-sbt/sbt/0.13.8/scala-reflect-2.10.4.jar
7f3141def000-7f3141e00000 r-xp 00000000 08:06 2898011                    /usr/lib/jvm/java-8-oracle/jre/lib/amd64/libnio.so
7f3141e00000-7f3141fff000 ---p 00011000 08:06 2898011                    /usr/lib/jvm/java-8-oracle/jre/lib/amd64/libnio.so
7f3141fff000-7f3142000000 rw-p 00010000 08:06 2898011                    /usr/lib/jvm/java-8-oracle/jre/lib/amd64/libnio.so
7f3142000000-7f3144000000 rw-p 00000000 00:00 0 
7f3144000000-7f3144021000 rw-p 00000000 00:00 0 
7f3144021000-7f3148000000 ---p 00000000 00:00 0 
7f3148000000-7f3148001000 r--s 00005000 08:06 2237079                    /tmp/sbt-global-plugin0stub/boot/scala-2.10.4/org.scala-sbt/sbt/0.13.8/test-agent-0.13.8.jar
7f3148001000-7f3148003000 r--s 00001000 08:06 2237260                    /tmp/sbt-global-plugin0stub/boot/scala-2.10.4/org.scala-sbt/sbt/0.13.8/launcher-interface-0.13.8.jar
7f3148003000-7f3148008000 r--s 00036000 08:06 2236792                    /tmp/sbt-global-plugin0stub/boot/scala-2.10.4/org.scala-sbt/sbt/0.13.8/compile-0.13.8.jar
7f3148008000-7f314800f000 r--s 0004b000 08:06 2236918                    /tmp/sbt-global-plugin0stub/boot/scala-2.10.4/org.scala-sbt/sbt/0.13.8/serialization_2.10-0.1.1.jar
7f314800f000-7f3148017000 r--s 00057000 08:06 2237086                    /tmp/sbt-global-plugin0stub/boot/scala-2.10.4/org.scala-sbt/sbt/0.13.8/completion-0.13.8.jar
7f3148017000-7f3148019000 r--s 00013000 08:06 2236915                    /tmp/sbt-global-plugin0stub/boot/scala-2.10.4/org.scala-sbt/sbt/0.13.8/json4s-ast_2.10-3.2.10.jar
7f3148019000-7f3148022000 r--s 0006e000 08:06 2236823                    /tmp/sbt-global-plugin0stub/boot/scala-2.10.4/org.scala-sbt/sbt/0.13.8/actions-0.13.8.jar
7f3148022000-7f3148025000 r--s 0001e000 08:06 2237078                    /tmp/sbt-global-plugin0stub/boot/scala-2.10.4/org.scala-sbt/sbt/0.13.8/run-0.13.8.jar
7f3148025000-7f3148045000 r--s 001a4000 08:06 2236908                    /tmp/sbt-global-plugin0stub/boot/scala-2.10.4/org.scala-sbt/sbt/0.13.8/ivy-0.13.8.jar
7f3148045000-7f3148051000 r--s 000a4000 08:06 2237076                    /tmp/sbt-global-plugin0stub/boot/scala-2.10.4/org.scala-sbt/sbt/0.13.8/quasiquotes_2.10-2.0.1.jar
7f3148051000-7f3148052000 r--s 00005000 08:06 2236923                    /tmp/sbt-global-plugin0stub/boot/scala-2.10.4/org.scala-sbt/sbt/0.13.8/sbt-0.13.8.jar
7f3148052000-7f3148055000 r--s 0001d000 08:06 2237087                    /tmp/sbt-global-plugin0stub/boot/scala-2.10.4/org.scala-sbt/sbt/0.13.8/task-system-0.13.8.jar
7f3148055000-7f3148057000 r--s 00017000 08:06 2236902                    /tmp/sbt-global-plugin0stub/boot/scala-2.10.4/org.scala-sbt/sbt/0.13.8/testing-0.13.8.jar
7f3148057000-7f3148059000 r--s 00014000 08:06 2237080                    /tmp/sbt-global-plugin0stub/boot/scala-2.10.4/org.scala-sbt/sbt/0.13.8/apply-macro-0.13.8.jar
7f3148059000-7f3148063000 r--s 0006e000 08:06 2237083                    /tmp/sbt-global-plugin0stub/boot/scala-2.10.4/org.scala-sbt/sbt/0.13.8/incremental-compiler-0.13.8.jar
7f3148063000-7f3148067000 r--s 00034000 08:06 2236791                    /tmp/sbt-global-plugin0stub/boot/scala-2.10.4/org.scala-sbt/sbt/0.13.8/jsch-0.1.46.jar
7f3148067000-7f3148069000 r--s 00007000 08:06 2237255                    /tmp/sbt-global-plugin0stub/boot/scala-2.10.4/org.scala-sbt/sbt/0.13.8/paranamer-2.6.jar
7f3148069000-7f3148073000 r--s 00092000 08:06 2237253                    /tmp/sbt-global-plugin0stub/boot/scala-2.10.4/org.scala-sbt/sbt/0.13.8/main-settings-0.13.8.jar
7f3148073000-7f31480a9000 r--s 002d9000 08:06 2237271                    /tmp/sbt-global-plugin0stub/boot/scala-2.10.4/lib/scala-reflect.jar
7f31480a9000-7f31481a6000 r--s 00cca000 08:06 2237272                    /tmp/sbt-global-plugin0stub/boot/scala-2.10.4/lib/scala-compiler.jar
7f31481a6000-7f31481bc000 r-xp 00000000 08:06 2898027                    /usr/lib/jvm/java-8-oracle/jre/lib/amd64/libnet.so
7f31481bc000-7f31483bc000 ---p 00016000 08:06 2898027                    /usr/lib/jvm/java-8-oracle/jre/lib/amd64/libnet.so
7f31483bc000-7f31483bd000 rw-p 00016000 08:06 2898027                    /usr/lib/jvm/java-8-oracle/jre/lib/amd64/libnet.so
7f31483bd000-7f31483be000 ---p 00000000 00:00 0 
7f31483be000-7f31484be000 rw-p 00000000 00:00 0                          [stack:8945]
7f31484be000-7f31484c1000 ---p 00000000 00:00 0 
7f31484c1000-7f31485bf000 rw-p 00000000 00:00 0                          [stack:8944]
7f31485bf000-7f31485c2000 ---p 00000000 00:00 0 
7f31485c2000-7f31486c0000 rw-p 00000000 00:00 0                          [stack:8943]
7f31486c0000-7f31486c3000 ---p 00000000 00:00 0 
7f31486c3000-7f31487c1000 rw-p 00000000 00:00 0                          [stack:8942]
7f31487c1000-7f31487c4000 ---p 00000000 00:00 0 
7f31487c4000-7f31488c2000 rw-p 00000000 00:00 0                          [stack:8941]
7f31488c2000-7f31488c5000 ---p 00000000 00:00 0 
7f31488c5000-7f31489c3000 rw-p 00000000 00:00 0                          [stack:8940]
7f31489c3000-7f3148dfe000 r--p 00000000 08:06 667609                     /usr/lib/locale/locale-archive
7f3148dfe000-7f3148e01000 ---p 00000000 00:00 0 
7f3148e01000-7f3148eff000 rw-p 00000000 00:00 0                          [stack:8939]
7f3148eff000-7f3148f02000 ---p 00000000 00:00 0 
7f3148f02000-7f3149000000 rw-p 00000000 00:00 0                          [stack:8938]
7f3149000000-7f31495f0000 rwxp 00000000 00:00 0 
7f31495f0000-7f3158000000 ---p 00000000 00:00 0 
7f3158000000-7f3159286000 rw-p 00000000 00:00 0 
7f3159286000-7f315c000000 ---p 00000000 00:00 0 
7f315c000000-7f315c001000 r--s 00001000 08:06 2236790                    /tmp/sbt-global-plugin0stub/boot/scala-2.10.4/org.scala-sbt/sbt/0.13.8/json4s-support_2.10-0.6.0.jar
7f315c001000-7f315c003000 r--s 00002000 08:06 2236920                    /tmp/sbt-global-plugin0stub/boot/scala-2.10.4/org.scala-sbt/sbt/0.13.8/control-0.13.8.jar
7f315c003000-7f315c007000 r--s 0001b000 08:06 2236912                    /tmp/sbt-global-plugin0stub/boot/scala-2.10.4/org.scala-sbt/sbt/0.13.8/process-0.13.8.jar
7f315c007000-7f315c00b000 r--s 00022000 08:06 2237075                    /tmp/sbt-global-plugin0stub/boot/scala-2.10.4/org.scala-sbt/sbt/0.13.8/sbinary_2.10-0.4.2.jar
7f315c00b000-7f315c00e000 r--s 00012000 08:06 2237254                    /tmp/sbt-global-plugin0stub/boot/scala-2.10.4/org.scala-sbt/sbt/0.13.8/classfile-0.13.8.jar
7f315c00e000-7f315c080000 r--s 0065a000 08:06 2237273                    /tmp/sbt-global-plugin0stub/boot/scala-2.10.4/lib/scala-library.jar
7f315c080000-7f315c09c000 r--s 0010c000 08:06 2107666                    /home/rafael/.IntelliJIdea15/config/plugins/Scala/launcher/sbt-launch.jar
7f315c09c000-7f315c09d000 ---p 00000000 00:00 0 
7f315c09d000-7f315d151000 rw-p 00000000 00:00 0                          [stack:8937]
7f315d151000-7f315d329000 r--s 03d1e000 08:06 2634548                    /usr/lib/jvm/java-8-oracle/jre/lib/rt.jar
7f315d329000-7f315dd9f000 rw-p 00000000 00:00 0 
7f315dd9f000-7f315dda0000 ---p 00000000 00:00 0 
7f315dda0000-7f315dea0000 rw-p 00000000 00:00 0                          [stack:8936]
7f315dea0000-7f315dea1000 ---p 00000000 00:00 0 
7f315dea1000-7f315dfa1000 rw-p 00000000 00:00 0                          [stack:8935]
7f315dfa1000-7f315dfa2000 ---p 00000000 00:00 0 
7f315dfa2000-7f315e0a2000 rw-p 00000000 00:00 0                          [stack:8934]
7f315e0a2000-7f315e0a3000 ---p 00000000 00:00 0 
7f315e0a3000-7f315e24e000 rw-p 00000000 00:00 0                          [stack:8933]
7f315e24e000-7f315e2f9000 ---p 00000000 00:00 0 
7f315e2f9000-7f315e3a4000 rw-p 00000000 00:00 0 
7f315e3a4000-7f315e44e000 ---p 00000000 00:00 0 
7f315e44e000-7f315e4a4000 rw-p 00000000 00:00 0 
7f315e4a4000-7f315e4f9000 ---p 00000000 00:00 0 
7f315e4f9000-7f315e512000 rw-p 00000000 00:00 0 
7f315e512000-7f315e8ba000 ---p 00000000 00:00 0 
7f315e8ba000-7f315e8d4000 r-xp 00000000 08:06 2898019                    /usr/lib/jvm/java-8-oracle/jre/lib/amd64/libzip.so
7f315e8d4000-7f315ead4000 ---p 0001a000 08:06 2898019                    /usr/lib/jvm/java-8-oracle/jre/lib/amd64/libzip.so
7f315ead4000-7f315ead5000 rw-p 0001a000 08:06 2898019                    /usr/lib/jvm/java-8-oracle/jre/lib/amd64/libzip.so
7f315ead5000-7f315eae0000 r-xp 00000000 08:06 3675477                    /lib/x86_64-linux-gnu/libnss_files-2.19.so
7f315eae0000-7f315ecdf000 ---p 0000b000 08:06 3675477                    /lib/x86_64-linux-gnu/libnss_files-2.19.so
7f315ecdf000-7f315ece0000 r--p 0000a000 08:06 3675477                    /lib/x86_64-linux-gnu/libnss_files-2.19.so
7f315ece0000-7f315ece1000 rw-p 0000b000 08:06 3675477                    /lib/x86_64-linux-gnu/libnss_files-2.19.so
7f315ece1000-7f315ecec000 r-xp 00000000 08:06 3675464                    /lib/x86_64-linux-gnu/libnss_nis-2.19.so
7f315ecec000-7f315eeeb000 ---p 0000b000 08:06 3675464                    /lib/x86_64-linux-gnu/libnss_nis-2.19.so
7f315eeeb000-7f315eeec000 r--p 0000a000 08:06 3675464                    /lib/x86_64-linux-gnu/libnss_nis-2.19.so
7f315eeec000-7f315eeed000 rw-p 0000b000 08:06 3675464                    /lib/x86_64-linux-gnu/libnss_nis-2.19.so
7f315eeed000-7f315ef04000 r-xp 00000000 08:06 3675448                    /lib/x86_64-linux-gnu/libnsl-2.19.so
7f315ef04000-7f315f103000 ---p 00017000 08:06 3675448                    /lib/x86_64-linux-gnu/libnsl-2.19.so
7f315f103000-7f315f104000 r--p 00016000 08:06 3675448                    /lib/x86_64-linux-gnu/libnsl-2.19.so
7f315f104000-7f315f105000 rw-p 00017000 08:06 3675448                    /lib/x86_64-linux-gnu/libnsl-2.19.so
7f315f105000-7f315f107000 rw-p 00000000 00:00 0 
7f315f107000-7f315f110000 r-xp 00000000 08:06 3675447                    /lib/x86_64-linux-gnu/libnss_compat-2.19.so
7f315f110000-7f315f30f000 ---p 00009000 08:06 3675447                    /lib/x86_64-linux-gnu/libnss_compat-2.19.so
7f315f30f000-7f315f310000 r--p 00008000 08:06 3675447                    /lib/x86_64-linux-gnu/libnss_compat-2.19.so
7f315f310000-7f315f311000 rw-p 00009000 08:06 3675447                    /lib/x86_64-linux-gnu/libnss_compat-2.19.so
7f315f311000-7f315f33b000 r-xp 00000000 08:06 2897992                    /usr/lib/jvm/java-8-oracle/jre/lib/amd64/libjava.so
7f315f33b000-7f315f53b000 ---p 0002a000 08:06 2897992                    /usr/lib/jvm/java-8-oracle/jre/lib/amd64/libjava.so
7f315f53b000-7f315f53d000 rw-p 0002a000 08:06 2897992                    /usr/lib/jvm/java-8-oracle/jre/lib/amd64/libjava.so
7f315f53d000-7f315f54a000 r-xp 00000000 08:06 2898008                    /usr/lib/jvm/java-8-oracle/jre/lib/amd64/libverify.so
7f315f54a000-7f315f74a000 ---p 0000d000 08:06 2898008                    /usr/lib/jvm/java-8-oracle/jre/lib/amd64/libverify.so
7f315f74a000-7f315f74c000 rw-p 0000d000 08:06 2898008                    /usr/lib/jvm/java-8-oracle/jre/lib/amd64/libverify.so
7f315f74c000-7f315f753000 r-xp 00000000 08:06 3675471                    /lib/x86_64-linux-gnu/librt-2.19.so
7f315f753000-7f315f952000 ---p 00007000 08:06 3675471                    /lib/x86_64-linux-gnu/librt-2.19.so
7f315f952000-7f315f953000 r--p 00006000 08:06 3675471                    /lib/x86_64-linux-gnu/librt-2.19.so
7f315f953000-7f315f954000 rw-p 00007000 08:06 3675471                    /lib/x86_64-linux-gnu/librt-2.19.so
7f315f954000-7f315fa59000 r-xp 00000000 08:06 3675437                    /lib/x86_64-linux-gnu/libm-2.19.so
7f315fa59000-7f315fc58000 ---p 00105000 08:06 3675437                    /lib/x86_64-linux-gnu/libm-2.19.so
7f315fc58000-7f315fc59000 r--p 00104000 08:06 3675437                    /lib/x86_64-linux-gnu/libm-2.19.so
7f315fc59000-7f315fc5a000 rw-p 00105000 08:06 3675437                    /lib/x86_64-linux-gnu/libm-2.19.so
7f315fc5a000-7f3160919000 r-xp 00000000 08:06 2898021                    /usr/lib/jvm/java-8-oracle/jre/lib/amd64/server/libjvm.so
7f3160919000-7f3160b18000 ---p 00cbf000 08:06 2898021                    /usr/lib/jvm/java-8-oracle/jre/lib/amd64/server/libjvm.so
7f3160b18000-7f3160bf1000 rw-p 00cbe000 08:06 2898021                    /usr/lib/jvm/java-8-oracle/jre/lib/amd64/server/libjvm.so
7f3160bf1000-7f3160c3a000 rw-p 00000000 00:00 0 
7f3160c3a000-7f3160df5000 r-xp 00000000 08:06 3675472                    /lib/x86_64-linux-gnu/libc-2.19.so
7f3160df5000-7f3160ff4000 ---p 001bb000 08:06 3675472                    /lib/x86_64-linux-gnu/libc-2.19.so
7f3160ff4000-7f3160ff8000 r--p 001ba000 08:06 3675472                    /lib/x86_64-linux-gnu/libc-2.19.so
7f3160ff8000-7f3160ffa000 rw-p 001be000 08:06 3675472                    /lib/x86_64-linux-gnu/libc-2.19.so
7f3160ffa000-7f3160fff000 rw-p 00000000 00:00 0 
7f3160fff000-7f3161002000 r-xp 00000000 08:06 3675444                    /lib/x86_64-linux-gnu/libdl-2.19.so
7f3161002000-7f3161201000 ---p 00003000 08:06 3675444                    /lib/x86_64-linux-gnu/libdl-2.19.so
7f3161201000-7f3161202000 r--p 00002000 08:06 3675444                    /lib/x86_64-linux-gnu/libdl-2.19.so
7f3161202000-7f3161203000 rw-p 00003000 08:06 3675444                    /lib/x86_64-linux-gnu/libdl-2.19.so
7f3161203000-7f3161218000 r-xp 00000000 08:06 2629365                    /usr/lib/jvm/java-8-oracle/lib/amd64/jli/libjli.so
7f3161218000-7f3161418000 ---p 00015000 08:06 2629365                    /usr/lib/jvm/java-8-oracle/lib/amd64/jli/libjli.so
7f3161418000-7f3161419000 rw-p 00015000 08:06 2629365                    /usr/lib/jvm/java-8-oracle/lib/amd64/jli/libjli.so
7f3161419000-7f3161432000 r-xp 00000000 08:06 3675449                    /lib/x86_64-linux-gnu/libpthread-2.19.so
7f3161432000-7f3161631000 ---p 00019000 08:06 3675449                    /lib/x86_64-linux-gnu/libpthread-2.19.so
7f3161631000-7f3161632000 r--p 00018000 08:06 3675449                    /lib/x86_64-linux-gnu/libpthread-2.19.so
7f3161632000-7f3161633000 rw-p 00019000 08:06 3675449                    /lib/x86_64-linux-gnu/libpthread-2.19.so
7f3161633000-7f3161637000 rw-p 00000000 00:00 0 
7f3161637000-7f316165a000 r-xp 00000000 08:06 3675451                    /lib/x86_64-linux-gnu/ld-2.19.so
7f316165a000-7f316165b000 r--s 00001000 08:06 2236904                    /tmp/sbt-global-plugin0stub/boot/scala-2.10.4/org.scala-sbt/sbt/0.13.8/cross-0.13.8.jar
7f316165b000-7f316172d000 rw-p 00000000 00:00 0 
7f316172d000-7f3161730000 ---p 00000000 00:00 0 
7f3161730000-7f3161832000 rw-p 00000000 00:00 0                          [stack:8932]
7f3161832000-7f3161835000 r--s 00018000 08:06 2237270                    /tmp/sbt-global-plugin0stub/boot/scala-2.10.4/lib/jansi.jar
7f3161835000-7f3161839000 r--s 00025000 08:06 2237269                    /tmp/sbt-global-plugin0stub/boot/scala-2.10.4/lib/jline.jar
7f3161839000-7f316184d000 rw-p 00000000 00:00 0 
7f316184d000-7f3161855000 rw-s 00000000 08:06 2237276                    /tmp/hsperfdata_rafael/8931
7f3161855000-7f3161856000 rw-p 00000000 00:00 0 
7f3161856000-7f3161857000 r--p 00000000 00:00 0 
7f3161857000-7f3161859000 rw-p 00000000 00:00 0 
7f3161859000-7f316185a000 r--p 00022000 08:06 3675451                    /lib/x86_64-linux-gnu/ld-2.19.so
7f316185a000-7f316185b000 rw-p 00023000 08:06 3675451                    /lib/x86_64-linux-gnu/ld-2.19.so
7f316185b000-7f316185c000 rw-p 00000000 00:00 0 
7ffe1fab7000-7ffe1fad8000 rw-p 00000000 00:00 0                          [stack]
7ffe1fbfb000-7ffe1fbfd000 r-xp 00000000 00:00 0                          [vdso]
ffffffffff600000-ffffffffff601000 r-xp 00000000 00:00 0                  [vsyscall]

VM Arguments:
jvm_args: -Dfile.encoding=UTF8 -Djline.terminal=none -Dsbt.log.noformat=true -Dsbt.global.base=/tmp/sbt-global-plugin0stub -Xms512M -Xmx1024M -Xss1M -XX:+CMSClassUnloadingEnabled -XX:MaxPermSize=256M 
java_command: xsbt.boot.Boot run 9090
java_class_path (initial): /home/rafael/.IntelliJIdea15/config/plugins/Scala/launcher/sbt-launch.jar
Launcher Type: SUN_STANDARD

Environment Variables:
JAVA_HOME=/usr/lib/jvm/java-8-oracle
PATH=/usr/local/sbin:/usr/local/bin:/usr/sbin:/usr/bin:/sbin:/bin:/usr/games:/usr/local/games:/usr/lib/jvm/java-8-oracle/bin:/usr/lib/jvm/java-8-oracle/db/bin:/usr/lib/jvm/java-8-oracle/jre/bin
LD_LIBRARY_PATH=/home/rafael/Documentos/idea-IU-143.1821.5/bin:
SHELL=/bin/bash
DISPLAY=:0

Signal Handlers:
SIGSEGV: [libjvm.so+0xabb070], sa_mask[0]=11111111011111111101111111111110, sa_flags=SA_RESTART|SA_SIGINFO
SIGBUS: [libjvm.so+0xabb070], sa_mask[0]=11111111011111111101111111111110, sa_flags=SA_RESTART|SA_SIGINFO
SIGFPE: [libjvm.so+0x918480], sa_mask[0]=11111111011111111101111111111110, sa_flags=SA_RESTART|SA_SIGINFO
SIGPIPE: [libjvm.so+0x918480], sa_mask[0]=11111111011111111101111111111110, sa_flags=SA_RESTART|SA_SIGINFO
SIGXFSZ: [libjvm.so+0x918480], sa_mask[0]=11111111011111111101111111111110, sa_flags=SA_RESTART|SA_SIGINFO
SIGILL: [libjvm.so+0x918480], sa_mask[0]=11111111011111111101111111111110, sa_flags=SA_RESTART|SA_SIGINFO
SIGUSR1: SIG_DFL, sa_mask[0]=00000000000000000000000000000000, sa_flags=none
SIGUSR2: [libjvm.so+0x919ab0], sa_mask[0]=00100000000000000000000000000000, sa_flags=SA_RESTART|SA_SIGINFO
SIGHUP: [libjvm.so+0x91aeb0], sa_mask[0]=11111111011111111101111111111110, sa_flags=SA_RESTART|SA_SIGINFO
SIGINT: [libjvm.so+0x91aeb0], sa_mask[0]=11111111011111111101111111111110, sa_flags=SA_RESTART|SA_SIGINFO
SIGTERM: [libjvm.so+0x91aeb0], sa_mask[0]=11111111011111111101111111111110, sa_flags=SA_RESTART|SA_SIGINFO
SIGQUIT: [libjvm.so+0x91aeb0], sa_mask[0]=11111111011111111101111111111110, sa_flags=SA_RESTART|SA_SIGINFO


---------------  S Y S T E M  ---------------

OS:DISTRIB_ID=Ubuntu
DISTRIB_RELEASE=14.04
DISTRIB_CODENAME=trusty
DISTRIB_DESCRIPTION="Ubuntu 14.04.4 LTS"

uname:Linux 3.13.0-85-generic #129-Ubuntu SMP Thu Mar 17 20:50:15 UTC 2016 x86_64
libc:glibc 2.19 NPTL 2.19 
rlimit: STACK 8192k, CORE 0k, NPROC 31153, NOFILE 4096, AS infinity
load average:4,25 4,34 3,04

/proc/meminfo:
MemTotal:        4009200 kB
MemFree:          134304 kB
Buffers:            2832 kB
Cached:           112316 kB
SwapCached:        41048 kB
Active:          2684540 kB
Inactive:         945048 kB
Active(anon):    2643892 kB
Inactive(anon):   902328 kB
Active(file):      40648 kB
Inactive(file):    42720 kB
Unevictable:          72 kB
Mlocked:              72 kB
SwapTotal:       4153340 kB
SwapFree:        3800056 kB
Dirty:              2688 kB
Writeback:             0 kB
AnonPages:       3474436 kB
Mapped:            99016 kB
Shmem:             30992 kB
Slab:              96260 kB
SReclaimable:      56716 kB
SUnreclaim:        39544 kB
KernelStack:        5728 kB
PageTables:        46288 kB
NFS_Unstable:          0 kB
Bounce:                0 kB
WritebackTmp:          0 kB
CommitLimit:     6157940 kB
Committed_AS:    8889732 kB
VmallocTotal:   34359738367 kB
VmallocUsed:      115576 kB
VmallocChunk:   34359617020 kB
HardwareCorrupted:     0 kB
AnonHugePages:    802816 kB
HugePages_Total:       0
HugePages_Free:        0
HugePages_Rsvd:        0
HugePages_Surp:        0
Hugepagesize:       2048 kB
DirectMap4k:      207360 kB
DirectMap2M:     3948544 kB


CPU:total 4 (2 cores per cpu, 2 threads per core) family 6 model 58 stepping 9, cmov, cx8, fxsr, mmx, sse, sse2, sse3, ssse3, sse4.1, sse4.2, popcnt, avx, aes, clmul, erms, ht, tsc, tscinvbit, tscinv

/proc/cpuinfo:
processor	: 0
vendor_id	: GenuineIntel
cpu family	: 6
model		: 58
model name	: Intel(R) Core(TM) i5-3230M CPU @ 2.60GHz
stepping	: 9
microcode	: 0x15
cpu MHz		: 2600.000
cache size	: 3072 KB
physical id	: 0
siblings	: 4
core id		: 0
cpu cores	: 2
apicid		: 0
initial apicid	: 0
fpu		: yes
fpu_exception	: yes
cpuid level	: 13
wp		: yes
flags		: fpu vme de pse tsc msr pae mce cx8 apic sep mtrr pge mca cmov pat pse36 clflush dts acpi mmx fxsr sse sse2 ss ht tm pbe syscall nx rdtscp lm constant_tsc arch_perfmon pebs bts rep_good nopl xtopology nonstop_tsc aperfmperf eagerfpu pni pclmulqdq dtes64 monitor ds_cpl vmx est tm2 ssse3 cx16 xtpr pdcm pcid sse4_1 sse4_2 x2apic popcnt tsc_deadline_timer aes xsave avx f16c rdrand lahf_lm ida arat epb xsaveopt pln pts dtherm tpr_shadow vnmi flexpriority ept vpid fsgsbase smep erms
bogomips	: 5188.11
clflush size	: 64
cache_alignment	: 64
address sizes	: 36 bits physical, 48 bits virtual
power management:

processor	: 1
vendor_id	: GenuineIntel
cpu family	: 6
model		: 58
model name	: Intel(R) Core(TM) i5-3230M CPU @ 2.60GHz
stepping	: 9
microcode	: 0x15
cpu MHz		: 2600.000
cache size	: 3072 KB
physical id	: 0
siblings	: 4
core id		: 0
cpu cores	: 2
apicid		: 1
initial apicid	: 1
fpu		: yes
fpu_exception	: yes
cpuid level	: 13
wp		: yes
flags		: fpu vme de pse tsc msr pae mce cx8 apic sep mtrr pge mca cmov pat pse36 clflush dts acpi mmx fxsr sse sse2 ss ht tm pbe syscall nx rdtscp lm constant_tsc arch_perfmon pebs bts rep_good nopl xtopology nonstop_tsc aperfmperf eagerfpu pni pclmulqdq dtes64 monitor ds_cpl vmx est tm2 ssse3 cx16 xtpr pdcm pcid sse4_1 sse4_2 x2apic popcnt tsc_deadline_timer aes xsave avx f16c rdrand lahf_lm ida arat epb xsaveopt pln pts dtherm tpr_shadow vnmi flexpriority ept vpid fsgsbase smep erms
bogomips	: 5188.11
clflush size	: 64
cache_alignment	: 64
address sizes	: 36 bits physical, 48 bits virtual
power management:

processor	: 2
vendor_id	: GenuineIntel
cpu family	: 6
model		: 58
model name	: Intel(R) Core(TM) i5-3230M CPU @ 2.60GHz
stepping	: 9
microcode	: 0x15
cpu MHz		: 2600.000
cache size	: 3072 KB
physical id	: 0
siblings	: 4
core id		: 1
cpu cores	: 2
apicid		: 2
initial apicid	: 2
fpu		: yes
fpu_exception	: yes
cpuid level	: 13
wp		: yes
flags		: fpu vme de pse tsc msr pae mce cx8 apic sep mtrr pge mca cmov pat pse36 clflush dts acpi mmx fxsr sse sse2 ss ht tm pbe syscall nx rdtscp lm constant_tsc arch_perfmon pebs bts rep_good nopl xtopology nonstop_tsc aperfmperf eagerfpu pni pclmulqdq dtes64 monitor ds_cpl vmx est tm2 ssse3 cx16 xtpr pdcm pcid sse4_1 sse4_2 x2apic popcnt tsc_deadline_timer aes xsave avx f16c rdrand lahf_lm ida arat epb xsaveopt pln pts dtherm tpr_shadow vnmi flexpriority ept vpid fsgsbase smep erms
bogomips	: 5188.11
clflush size	: 64
cache_alignment	: 64
address sizes	: 36 bits physical, 48 bits virtual
power management:

processor	: 3
vendor_id	: GenuineIntel
cpu family	: 6
model		: 58
model name	: Intel(R) Core(TM) i5-3230M CPU @ 2.60GHz
stepping	: 9
microcode	: 0x15
cpu MHz		: 2600.000
cache size	: 3072 KB
physical id	: 0
siblings	: 4
core id		: 1
cpu cores	: 2
apicid		: 3
initial apicid	: 3
fpu		: yes
fpu_exception	: yes
cpuid level	: 13
wp		: yes
flags		: fpu vme de pse tsc msr pae mce cx8 apic sep mtrr pge mca cmov pat pse36 clflush dts acpi mmx fxsr sse sse2 ss ht tm pbe syscall nx rdtscp lm constant_tsc arch_perfmon pebs bts rep_good nopl xtopology nonstop_tsc aperfmperf eagerfpu pni pclmulqdq dtes64 monitor ds_cpl vmx est tm2 ssse3 cx16 xtpr pdcm pcid sse4_1 sse4_2 x2apic popcnt tsc_deadline_timer aes xsave avx f16c rdrand lahf_lm ida arat epb xsaveopt pln pts dtherm tpr_shadow vnmi flexpriority ept vpid fsgsbase smep erms
bogomips	: 5188.11
clflush size	: 64
cache_alignment	: 64
address sizes	: 36 bits physical, 48 bits virtual
power management:



Memory: 4k page, physical 4009200k(134304k free), swap 4153340k(3800056k free)

vm_info: Java HotSpot(TM) 64-Bit Server VM (25.77-b03) for linux-amd64 JRE (1.8.0_77-b03), built on Mar 20 2016 22:00:46 by "java_re" with gcc 4.3.0 20080428 (Red Hat 4.3.0-8)

time: Fri Apr 15 12:41:46 2016
elapsed time: 24 seconds (0d 0h 0m 24s)

