#
# A fatal error has been detected by the Java Runtime Environment:
#
#  SIGSEGV (0xb) at pc=0x00007fde85717d7a, pid=18231, tid=140593675441920
#
# JRE version: Java(TM) SE Runtime Environment (8.0_77-b03) (build 1.8.0_77-b03)
# Java VM: Java HotSpot(TM) 64-Bit Server VM (25.77-b03 mixed mode linux-amd64 compressed oops)
# Problematic frame:
# V  [libjvm.so+0x64cd7a]  InstanceKlass::oop_follow_contents(ParCompactionManager*, oopDesc*)+0x53a
#
# Failed to write core dump. Core dumps have been disabled. To enable core dumping, try "ulimit -c unlimited" before starting Java again
#
# If you would like to submit a bug report, please visit:
#   http://bugreport.java.com/bugreport/crash.jsp
#

---------------  T H R E A D  ---------------

Current thread (0x00007fde8001f000):  GCTaskThread [stack: 0x00007fde84051000,0x00007fde84152000] [id=18233]

siginfo: si_signo: 11 (SIGSEGV), si_code: 1 (SEGV_MAPERR), si_addr: 0x00000013000000ed

Registers:
RAX=0x0000001300000005, RBX=0x00000000c116ec00, RCX=0x0000000000000003, RDX=0x0000000000000001
RSP=0x00007fde84150760, RBP=0x00007fde841507c0, RSI=0x00000000c116ec00, RDI=0x0000000100251328
R8 =0x00000000c116ebfc, R9 =0x0008000000000000, R10=0x0000000000000002, R11=0x00007fde8607c0e0
R12=0x00007fde86080100, R13=0x00000000c116ebec, R14=0x00007fde80074950, R15=0x00007fde80074950
RIP=0x00007fde85717d7a, EFLAGS=0x0000000000010246, CSGSFS=0x0000000000000033, ERR=0x0000000000000004
  TRAPNO=0x000000000000000e

Top of Stack: (sp=0x00007fde84150760)
0x00007fde84150760:   00000000c116ebfc 00000000c116ebe0
0x00007fde84150770:   0000000100237100 0000000100237108
0x00007fde84150780:   00007fde86034ae8 00007fde80074990
0x00007fde84150790:   00000000c005e980 00007fde8607c0e0
0x00007fde841507a0:   00007fde80074950 00007fde8001f990
0x00007fde841507b0:   00007fde80074950 00007fde80027120
0x00007fde841507c0:   00007fde84150950 00007fde85a3d032
0x00007fde841507d0:   0000000384150800 00007fde841508d0
0x00007fde841507e0:   00007fde80074960 00007fde84150900
0x00007fde841507f0:   00007fde841508d0 00007fde841508b0
0x00007fde84150800:   00007fde841508a0 00007fde84150890
0x00007fde84150810:   00007fde84150880 00007fde84150870
0x00007fde84150820:   00000000001c9400 00007fde80074a10
0x00007fde84150830:   00007fde84150880 00000000fb689458
0x00007fde84150840:   00000000eab0e108 0000000000000005
0x00007fde84150850:   0000000000000000 0000000000000003
0x00007fde84150860:   00007fde80074990 00007fde84150918
0x00007fde84150870:   0000000000000020 00000000f9231f90
0x00007fde84150880:   00007fde841508e0 00007fde80074f00
0x00007fde84150890:   00000000c330f7e4 00007fde84150900
0x00007fde841508a0:   00007fde80020528 0000000000000000
0x00007fde841508b0:   0000000000000000 0000000000000000
0x00007fde841508c0:   00007fde80074f00 00007fde8604c820
0x00007fde841508d0:   0000000000000000 00007fde80074f68
0x00007fde841508e0:   00007fde841509d0 0000000000000c00
0x00007fde841508f0:   0000000000000000 0000000000000000
0x00007fde84150900:   00001e2b00001b00 00007fde818fc000
0x00007fde84150910:   00001e2c00001b01 00000000c116ebe0
0x00007fde84150920:   00007fde8001f000 00007fde841509e0
0x00007fde84150930:   00007fde8001f950 00007fde8001f990
0x00007fde84150940:   00007fde80074950 00007fde80027120
0x00007fde84150950:   00007fde84150a30 00007fde85a2321e 

Instructions: (pc=0x00007fde85717d7a)
0x00007fde85717d5a:   e2 ff ff 01 00 48 89 18 41 89 57 08 e9 ed fb ff
0x00007fde85717d6a:   ff 0f 1f 44 00 00 48 8b 07 48 89 de 4c 89 45 a0
0x00007fde85717d7a:   ff 90 e8 00 00 00 4c 8b 45 a0 e9 c3 fd ff ff 0f
0x00007fde85717d8a:   1f 80 00 00 00 00 49 83 7f 70 00 0f 84 d5 00 00 

Register to memory mapping:

RAX=0x0000001300000005 is an unknown value
RBX=
[error occurred during error reporting (printing register info), id 0xb]

Stack: [0x00007fde84051000,0x00007fde84152000],  sp=0x00007fde84150760,  free space=1021k
Native frames: (J=compiled Java code, j=interpreted, Vv=VM code, C=native code)
V  [libjvm.so+0x64cd7a]  InstanceKlass::oop_follow_contents(ParCompactionManager*, oopDesc*)+0x53a
V  [libjvm.so+0x972032]  ParCompactionManager::follow_marking_stacks()+0x232
V  [libjvm.so+0x95821e]  ThreadRootsMarkingTask::do_it(GCTaskManager*, unsigned int)+0x12e
V  [libjvm.so+0x5d459f]  GCTaskThread::run()+0x12f
V  [libjvm.so+0x91d9d8]  java_start(Thread*)+0x108


---------------  P R O C E S S  ---------------

Java Threads: ( => current thread )
  0x00007fddf8002800 JavaThread "application-akka.actor.default-dispatcher-25" [_thread_blocked, id=18636, stack(0x00007fde0a460000,0x00007fde0a561000)]
  0x00007fddf4010000 JavaThread "application-scheduler-1" [_thread_blocked, id=18418, stack(0x00007fde09f5b000,0x00007fde0a05c000)]
  0x00007fddf4009800 JavaThread "net.sf.ehcache.CacheManager@173e1c30" daemon [_thread_blocked, id=18416, stack(0x00007fde0a05c000,0x00007fde0a15d000)]
  0x00007fddf800a000 JavaThread "netty-event-loop-1" [_thread_in_native, id=18373, stack(0x00007fde0b367000,0x00007fde0b468000)]
  0x00007fddf407e000 JavaThread "netty-event-loop-8" [_thread_in_native, id=18362, stack(0x00007fde08243000,0x00007fde08344000)]
  0x00007fddf407c000 JavaThread "netty-event-loop-7" [_thread_in_native, id=18361, stack(0x00007fde08344000,0x00007fde08445000)]
  0x00007fddf407b800 JavaThread "netty-event-loop-6" [_thread_in_native, id=18360, stack(0x00007fde08445000,0x00007fde08546000)]
  0x00007fddf407a800 JavaThread "netty-event-loop-5" [_thread_in_native, id=18359, stack(0x00007fde557a2000,0x00007fde558a3000)]
  0x00007fddf407a000 JavaThread "netty-event-loop-4" [_thread_in_native, id=18358, stack(0x00007fde097cc000,0x00007fde098cd000)]
  0x00007fddf404e800 JavaThread "netty-event-loop-3" [_thread_blocked, id=18324, stack(0x00007fde0a862000,0x00007fde0a963000)]
  0x00007fde28be2800 JavaThread "netty-event-loop-2" [_thread_in_native, id=18307, stack(0x00007fde0ab63000,0x00007fde0ac64000)]
  0x00007fddec002800 JavaThread "play-dev-mode-akka.actor.default-dispatcher-5" [_thread_blocked, id=18305, stack(0x00007fde0ae64000,0x00007fde0af65000)]
  0x00007fde289fe800 JavaThread "play-dev-mode-scheduler-1" [_thread_blocked, id=18301, stack(0x00007fde0b468000,0x00007fde0b569000)]
  0x00007fde287ae000 JavaThread "sbt-play-watch-service" daemon [_thread_blocked, id=18299, stack(0x00007fde0bb69000,0x00007fde0bc6a000)]
  0x00007fde287ab800 JavaThread "Thread-1" daemon [_thread_in_native, id=18298, stack(0x00007fde0bc6a000,0x00007fde0bd6b000)]
  0x00007fde818fc000 JavaThread "pool-4-thread-1" [_thread_in_native, id=18292, stack(0x00007fde556a1000,0x00007fde557a2000)]
  0x00007fde30064800 JavaThread "sbt-web-akka.actor.default-dispatcher-4" [_thread_blocked, id=18291, stack(0x00007fde559a4000,0x00007fde55aa5000)]
  0x00007fde81864000 JavaThread "sbt-web-scheduler-1" [_thread_blocked, id=18288, stack(0x00007fde555a0000,0x00007fde556a1000)]
  0x00007fde800c8800 JavaThread "Service Thread" daemon [_thread_blocked, id=18244, stack(0x00007fde578c2000,0x00007fde579c3000)]
  0x00007fde800bd800 JavaThread "C1 CompilerThread2" daemon [_thread_blocked, id=18243, stack(0x00007fde579c3000,0x00007fde57ac4000)]
  0x00007fde800bb800 JavaThread "C2 CompilerThread1" daemon [_thread_blocked, id=18242, stack(0x00007fde57ac4000,0x00007fde57bc5000)]
  0x00007fde800b8800 JavaThread "C2 CompilerThread0" daemon [_thread_blocked, id=18241, stack(0x00007fde6c0fa000,0x00007fde6c1fb000)]
  0x00007fde800b7000 JavaThread "Signal Dispatcher" daemon [_thread_blocked, id=18240, stack(0x00007fde6c1fb000,0x00007fde6c2fc000)]
  0x00007fde80084000 JavaThread "Finalizer" daemon [_thread_blocked, id=18239, stack(0x00007fde6c2fc000,0x00007fde6c3fd000)]
  0x00007fde8007f800 JavaThread "Reference Handler" daemon [_thread_blocked, id=18238, stack(0x00007fde6c3fd000,0x00007fde6c4fe000)]
  0x00007fde8000a000 JavaThread "main" [_thread_blocked, id=18232, stack(0x00007fde86b9e000,0x00007fde86c9f000)]

Other Threads:
  0x00007fde80078000 VMThread [stack: 0x00007fde6c4fe000,0x00007fde6c5ff000] [id=18237]
  0x00007fde800cb000 WatcherThread [stack: 0x00007fde577c1000,0x00007fde578c2000] [id=18245]

=>0x00007fde8001f000 (exited) GCTaskThread [stack: 0x00007fde84051000,0x00007fde84152000] [id=18233]

VM state:at safepoint (normal execution)

VM Mutex/Monitor currently owned by a thread:  ([mutex/lock_event])
[0x00007fde80006320] Threads_lock - owner thread: 0x00007fde80078000
[0x00007fde80006820] Heap_lock - owner thread: 0x00007fddf8002800

Heap:
 PSYoungGen      total 273408K, used 64K [0x00000000eab00000, 0x00000000fdf80000, 0x0000000100000000)
  eden space 232448K, 0% used [0x00000000eab00000,0x00000000eab00000,0x00000000f8e00000)
  from space 40960K, 0% used [0x00000000fb680000,0x00000000fb690000,0x00000000fde80000)
  to   space 41472K, 0% used [0x00000000f8e00000,0x00000000f8e00000,0x00000000fb680000)
 ParOldGen       total 349696K, used 67001K [0x00000000c0000000, 0x00000000d5580000, 0x00000000eab00000)
  object space 349696K, 19% used [0x00000000c0000000,0x00000000c416e7c0,0x00000000d5580000)
 Metaspace       used 93811K, capacity 94776K, committed 103552K, reserved 1134592K
  class space    used 16178K, capacity 16433K, committed 18048K, reserved 1048576K

Card table byte_map: [0x00007fde70618000,0x00007fde70819000] byte_map_base: 0x00007fde70018000

Marking Bits: (ParMarkBitMap*) 0x00007fde86080100
 Begin Bits: [0x00007fde6e1bf000, 0x00007fde6f1bf000)
 End Bits:   [0x00007fde6f1bf000, 0x00007fde701bf000)

Polling page: 0x00007fde86cc7000

CodeCache: size=245760Kb used=25260Kb max_used=25263Kb free=220499Kb
 bounds [0x00007fde70bd9000, 0x00007fde724b9000, 0x00007fde7fbd9000]
 total_blobs=10522 nmethods=9961 adapters=471
 compilation: enabled

Compilation events (10 events):
Event: 636,083 Thread 0x00007fde800bd800 nmethod 12388 0x00007fde72470e50 code [0x00007fde72470fa0, 0x00007fde72471110]
Event: 636,083 Thread 0x00007fde800bd800 12389       3       scala.collection.mutable.LinkedHashSet::createNewEntry (47 bytes)
Event: 636,084 Thread 0x00007fde800bd800 nmethod 12389 0x00007fde724703d0 code [0x00007fde72470580, 0x00007fde72470bd0]
Event: 636,084 Thread 0x00007fde800bd800 12390       3       scala.collection.mutable.LinkedHashSet$Entry::later_$eq (6 bytes)
Event: 636,084 Thread 0x00007fde800bd800 nmethod 12390 0x00007fde72470090 code [0x00007fde724701e0, 0x00007fde72470350]
Event: 636,087 Thread 0x00007fde800b8800 nmethod 12386 0x00007fde7246fa90 code [0x00007fde7246fbe0, 0x00007fde7246fe08]
Event: 636,405 Thread 0x00007fde800bd800 12391       3       scala.collection.Iterator$$anon$13::hasNext (63 bytes)
Event: 636,406 Thread 0x00007fde800bd800 nmethod 12391 0x00007fde724964d0 code [0x00007fde724966c0, 0x00007fde72496e88]
Event: 636,406 Thread 0x00007fde800bd800 12392       3       sbt.IO$::createDirectory (87 bytes)
Event: 636,410 Thread 0x00007fde800bd800 nmethod 12392 0x00007fde7248d310 code [0x00007fde7248d800, 0x00007fde724909c8]

GC Heap History (10 events):
Event: 148,301 GC heap after
Heap after GC invocations=20 (full 7):
 PSYoungGen      total 283136K, used 0K [0x00000000eab00000, 0x00000000ff580000, 0x0000000100000000)
  eden space 239616K, 0% used [0x00000000eab00000,0x00000000eab00000,0x00000000f9500000)
  from space 43520K, 0% used [0x00000000f9500000,0x00000000f9500000,0x00000000fbf80000)
  to   space 44544K, 0% used [0x00000000fca00000,0x00000000fca00000,0x00000000ff580000)
 ParOldGen       total 349696K, used 62207K [0x00000000c0000000, 0x00000000d5580000, 0x00000000eab00000)
  object space 349696K, 17% used [0x00000000c0000000,0x00000000c3cbfdb0,0x00000000d5580000)
 Metaspace       used 92614K, capacity 93396K, committed 103552K, reserved 1134592K
  class space    used 16098K, capacity 16335K, committed 18048K, reserved 1048576K
}
Event: 633,469 GC heap before
{Heap before GC invocations=21 (full 7):
 PSYoungGen      total 283136K, used 239616K [0x00000000eab00000, 0x00000000ff580000, 0x0000000100000000)
  eden space 239616K, 100% used [0x00000000eab00000,0x00000000f9500000,0x00000000f9500000)
  from space 43520K, 0% used [0x00000000f9500000,0x00000000f9500000,0x00000000fbf80000)
  to   space 44544K, 0% used [0x00000000fca00000,0x00000000fca00000,0x00000000ff580000)
 ParOldGen       total 349696K, used 62207K [0x00000000c0000000, 0x00000000d5580000, 0x00000000eab00000)
  object space 349696K, 17% used [0x00000000c0000000,0x00000000c3cbfdb0,0x00000000d5580000)
 Metaspace       used 99183K, capacity 100296K, committed 103552K, reserved 1134592K
  class space    used 17171K, capacity 17442K, committed 18048K, reserved 1048576K
Event: 633,537 GC heap after
Heap after GC invocations=21 (full 7):
 PSYoungGen      total 257024K, used 19975K [0x00000000eab00000, 0x00000000fe180000, 0x0000000100000000)
  eden space 232960K, 0% used [0x00000000eab00000,0x00000000eab00000,0x00000000f8e80000)
  from space 24064K, 83% used [0x00000000fca00000,0x00000000fdd81e60,0x00000000fe180000)
  to   space 42496K, 0% used [0x00000000f8e80000,0x00000000f8e80000,0x00000000fb800000)
 ParOldGen       total 349696K, used 62215K [0x00000000c0000000, 0x00000000d5580000, 0x00000000eab00000)
  object space 349696K, 17% used [0x00000000c0000000,0x00000000c3cc1db0,0x00000000d5580000)
 Metaspace       used 99183K, capacity 100296K, committed 103552K, reserved 1134592K
  class space    used 17171K, capacity 17442K, committed 18048K, reserved 1048576K
}
Event: 636,579 GC heap before
{Heap before GC invocations=22 (full 7):
 PSYoungGen      total 257024K, used 77502K [0x00000000eab00000, 0x00000000fe180000, 0x0000000100000000)
  eden space 232960K, 24% used [0x00000000eab00000,0x00000000ee32da80,0x00000000f8e80000)
  from space 24064K, 83% used [0x00000000fca00000,0x00000000fdd81e60,0x00000000fe180000)
  to   space 42496K, 0% used [0x00000000f8e80000,0x00000000f8e80000,0x00000000fb800000)
 ParOldGen       total 349696K, used 62215K [0x00000000c0000000, 0x00000000d5580000, 0x00000000eab00000)
  object space 349696K, 17% used [0x00000000c0000000,0x00000000c3cc1db0,0x00000000d5580000)
 Metaspace       used 100259K, capacity 101382K, committed 103552K, reserved 1134592K
  class space    used 17263K, capacity 17547K, committed 18048K, reserved 1048576K
Event: 636,642 GC heap after
Heap after GC invocations=22 (full 7):
 PSYoungGen      total 246784K, used 13510K [0x00000000eab00000, 0x00000000fde80000, 0x0000000100000000)
  eden space 232960K, 0% used [0x00000000eab00000,0x00000000eab00000,0x00000000f8e80000)
  from space 13824K, 97% used [0x00000000f8e80000,0x00000000f9bb1bd0,0x00000000f9c00000)
  to   space 40960K, 0% used [0x00000000fb680000,0x00000000fb680000,0x00000000fde80000)
 ParOldGen       total 349696K, used 62223K [0x00000000c0000000, 0x00000000d5580000, 0x00000000eab00000)
  object space 349696K, 17% used [0x00000000c0000000,0x00000000c3cc3db0,0x00000000d5580000)
 Metaspace       used 100259K, capacity 101382K, committed 103552K, reserved 1134592K
  class space    used 17263K, capacity 17547K, committed 18048K, reserved 1048576K
}
Event: 636,642 GC heap before
{Heap before GC invocations=23 (full 8):
 PSYoungGen      total 246784K, used 13510K [0x00000000eab00000, 0x00000000fde80000, 0x0000000100000000)
  eden space 232960K, 0% used [0x00000000eab00000,0x00000000eab00000,0x00000000f8e80000)
  from space 13824K, 97% used [0x00000000f8e80000,0x00000000f9bb1bd0,0x00000000f9c00000)
  to   space 40960K, 0% used [0x00000000fb680000,0x00000000fb680000,0x00000000fde80000)
 ParOldGen       total 349696K, used 62223K [0x00000000c0000000, 0x00000000d5580000, 0x00000000eab00000)
  object space 349696K, 17% used [0x00000000c0000000,0x00000000c3cc3db0,0x00000000d5580000)
 Metaspace       used 100259K, capacity 101382K, committed 103552K, reserved 1134592K
  class space    used 17263K, capacity 17547K, committed 18048K, reserved 1048576K
Event: 637,023 GC heap after
Heap after GC invocations=23 (full 8):
 PSYoungGen      total 246784K, used 0K [0x00000000eab00000, 0x00000000fde80000, 0x0000000100000000)
  eden space 232960K, 0% used [0x00000000eab00000,0x00000000eab00000,0x00000000f8e80000)
  from space 13824K, 0% used [0x00000000f8e80000,0x00000000f8e80000,0x00000000f9c00000)
  to   space 40960K, 0% used [0x00000000fb680000,0x00000000fb680000,0x00000000fde80000)
 ParOldGen       total 349696K, used 67001K [0x00000000c0000000, 0x00000000d5580000, 0x00000000eab00000)
  object space 349696K, 19% used [0x00000000c0000000,0x00000000c416e7c0,0x00000000d5580000)
 Metaspace       used 93811K, capacity 94776K, committed 103552K, reserved 1134592K
  class space    used 16178K, capacity 16433K, committed 18048K, reserved 1048576K
}
Event: 637,042 GC heap before
{Heap before GC invocations=24 (full 8):
 PSYoungGen      total 246784K, used 1285K [0x00000000eab00000, 0x00000000fde80000, 0x0000000100000000)
  eden space 232960K, 0% used [0x00000000eab00000,0x00000000eac41630,0x00000000f8e80000)
  from space 13824K, 0% used [0x00000000f8e80000,0x00000000f8e80000,0x00000000f9c00000)
  to   space 40960K, 0% used [0x00000000fb680000,0x00000000fb680000,0x00000000fde80000)
 ParOldGen       total 349696K, used 67001K [0x00000000c0000000, 0x00000000d5580000, 0x00000000eab00000)
  object space 349696K, 19% used [0x00000000c0000000,0x00000000c416e7c0,0x00000000d5580000)
 Metaspace       used 93811K, capacity 94776K, committed 103552K, reserved 1134592K
  class space    used 16178K, capacity 16433K, committed 18048K, reserved 1048576K
Event: 637,045 GC heap after
Heap after GC invocations=24 (full 8):
 PSYoungGen      total 273408K, used 64K [0x00000000eab00000, 0x00000000fdf80000, 0x0000000100000000)
  eden space 232448K, 0% used [0x00000000eab00000,0x00000000eab00000,0x00000000f8e00000)
  from space 40960K, 0% used [0x00000000fb680000,0x00000000fb690000,0x00000000fde80000)
  to   space 41472K, 0% used [0x00000000f8e00000,0x00000000f8e00000,0x00000000fb680000)
 ParOldGen       total 349696K, used 67001K [0x00000000c0000000, 0x00000000d5580000, 0x00000000eab00000)
  object space 349696K, 19% used [0x00000000c0000000,0x00000000c416e7c0,0x00000000d5580000)
 Metaspace       used 93811K, capacity 94776K, committed 103552K, reserved 1134592K
  class space    used 16178K, capacity 16433K, committed 18048K, reserved 1048576K
}
Event: 637,045 GC heap before
{Heap before GC invocations=25 (full 9):
 PSYoungGen      total 273408K, used 64K [0x00000000eab00000, 0x00000000fdf80000, 0x0000000100000000)
  eden space 232448K, 0% used [0x00000000eab00000,0x00000000eab00000,0x00000000f8e00000)
  from space 40960K, 0% used [0x00000000fb680000,0x00000000fb690000,0x00000000fde80000)
  to   space 41472K, 0% used [0x00000000f8e00000,0x00000000f8e00000,0x00000000fb680000)
 ParOldGen       total 349696K, used 67001K [0x00000000c0000000, 0x00000000d5580000, 0x00000000eab00000)
  object space 349696K, 19% used [0x00000000c0000000,0x00000000c416e7c0,0x00000000d5580000)
 Metaspace       used 93811K, capacity 94776K, committed 103552K, reserved 1134592K
  class space    used 16178K, capacity 16433K, committed 18048K, reserved 1048576K

Deoptimization events (10 events):
Event: 150,305 Thread 0x00007fddec47b000 Uncommon trap: reason=unstable_if action=reinterpret pc=0x00007fde7228a870 method=java.util.HashMap.putVal(ILjava/lang/Object;Ljava/lang/Object;ZZ)Ljava/lang/Object; @ 206
Event: 150,317 Thread 0x00007fddec47b000 Uncommon trap: reason=unstable_if action=reinterpret pc=0x00007fde7227f29c method=java.util.HashMap.putVal(ILjava/lang/Object;Ljava/lang/Object;ZZ)Ljava/lang/Object; @ 206
Event: 471,569 Thread 0x00007fddf8002800 Uncommon trap: reason=unstable_if action=reinterpret pc=0x00007fde70d64424 method=sun.nio.cs.UTF_8$Encoder.encode([CII[B)I @ 33
Event: 630,999 Thread 0x00007fddf8301000 Uncommon trap: reason=unstable_if action=reinterpret pc=0x00007fde70ecb4ec method=java.util.HashMap.removeNode(ILjava/lang/Object;Ljava/lang/Object;ZZ)Ljava/util/HashMap$Node; @ 133
Event: 633,614 Thread 0x00007fddf8301000 Uncommon trap: reason=unstable_if action=reinterpret pc=0x00007fde71f559c0 method=com.typesafe.config.impl.Tokenizer$TokenIterator.isSimpleValue(Lcom/typesafe/config/impl/Token;)Z @ 4
Event: 634,327 Thread 0x00007fddf810d800 Uncommon trap: reason=unstable_if action=reinterpret pc=0x00007fde716b5eb0 method=java.net.URI.needsNormalization(Ljava/lang/String;)I @ 126
Event: 634,643 Thread 0x00007fddf810d800 Uncommon trap: reason=array_check action=maybe_recompile pc=0x00007fde724056a8 method=scala.runtime.ScalaRunTime$.array_update(Ljava/lang/Object;ILjava/lang/Object;)V @ 17
Event: 634,643 Thread 0x00007fddf810d800 Uncommon trap: reason=array_check action=maybe_recompile pc=0x00007fde724056a8 method=scala.runtime.ScalaRunTime$.array_update(Ljava/lang/Object;ILjava/lang/Object;)V @ 17
Event: 634,643 Thread 0x00007fddf810d800 Uncommon trap: reason=array_check action=maybe_recompile pc=0x00007fde724056a8 method=scala.runtime.ScalaRunTime$.array_update(Ljava/lang/Object;ILjava/lang/Object;)V @ 17
Event: 634,644 Thread 0x00007fddf810d800 Uncommon trap: reason=array_check action=maybe_recompile pc=0x00007fde724056a8 method=scala.runtime.ScalaRunTime$.array_update(Ljava/lang/Object;ILjava/lang/Object;)V @ 17

Internal exceptions (10 events):
Event: 149,124 Thread 0x00007fddec47b000 Exception <a 'java/lang/ArrayIndexOutOfBoundsException': 1> (0x00000000f06c4b38) thrown at [/HUDSON/workspace/8-2-build-linux-amd64/jdk8u77/6540/hotspot/src/share/vm/interpreter/interpreterRuntime.cpp, line 366]
Event: 149,124 Thread 0x00007fddec47b000 Exception <a 'java/lang/ArrayIndexOutOfBoundsException': 1> (0x00000000f06c8078) thrown at [/HUDSON/workspace/8-2-build-linux-amd64/jdk8u77/6540/hotspot/src/share/vm/interpreter/interpreterRuntime.cpp, line 366]
Event: 149,125 Thread 0x00007fddec47b000 Exception <a 'java/lang/ArrayIndexOutOfBoundsException': 1> (0x00000000f06e6610) thrown at [/HUDSON/workspace/8-2-build-linux-amd64/jdk8u77/6540/hotspot/src/share/vm/interpreter/interpreterRuntime.cpp, line 366]
Event: 149,125 Thread 0x00007fddec47b000 Exception <a 'java/lang/ArrayIndexOutOfBoundsException': 1> (0x00000000f06ec390) thrown at [/HUDSON/workspace/8-2-build-linux-amd64/jdk8u77/6540/hotspot/src/share/vm/interpreter/interpreterRuntime.cpp, line 366]
Event: 633,827 Thread 0x00007fddf810d800 Exception <a 'java/io/FileNotFoundException'> (0x00000000eb22e2a8) thrown at [/HUDSON/workspace/8-2-build-linux-amd64/jdk8u77/6540/hotspot/src/share/vm/prims/jni.cpp, line 709]
Event: 633,828 Thread 0x00007fddf810d800 Exception <a 'java/io/FileNotFoundException'> (0x00000000eb22fa00) thrown at [/HUDSON/workspace/8-2-build-linux-amd64/jdk8u77/6540/hotspot/src/share/vm/prims/jni.cpp, line 709]
Event: 634,333 Thread 0x00007fddf810d800 Exception <a 'java/security/PrivilegedActionException'> (0x00000000ec2709f0) thrown at [/HUDSON/workspace/8-2-build-linux-amd64/jdk8u77/6540/hotspot/src/share/vm/prims/jvm.cpp, line 1386]
Event: 634,333 Thread 0x00007fddf810d800 Exception <a 'java/security/PrivilegedActionException'> (0x00000000ec270fd0) thrown at [/HUDSON/workspace/8-2-build-linux-amd64/jdk8u77/6540/hotspot/src/share/vm/prims/jvm.cpp, line 1386]
Event: 634,333 Thread 0x00007fddf810d800 Exception <a 'java/security/PrivilegedActionException'> (0x00000000ec273bb0) thrown at [/HUDSON/workspace/8-2-build-linux-amd64/jdk8u77/6540/hotspot/src/share/vm/prims/jvm.cpp, line 1386]
Event: 634,333 Thread 0x00007fddf810d800 Exception <a 'java/security/PrivilegedActionException'> (0x00000000ec274190) thrown at [/HUDSON/workspace/8-2-build-linux-amd64/jdk8u77/6540/hotspot/src/share/vm/prims/jvm.cpp, line 1386]

Events (10 events):
Event: 636,579 Thread 0x00007fddf8301800 Thread exited: 0x00007fddf8301800
Event: 636,579 Thread 0x00007fddf810d800 Thread exited: 0x00007fddf810d800
Event: 636,579 Executing VM operation: RevokeBias
Event: 636,579 Executing VM operation: RevokeBias done
Event: 636,579 Thread 0x00007fddf8301000 Thread exited: 0x00007fddf8301000
Event: 636,579 Executing VM operation: ParallelGCSystemGC
Event: 637,023 Executing VM operation: ParallelGCSystemGC done
Event: 637,041 Thread 0x00007fddf8353800 Thread added: 0x00007fddf8353800
Event: 637,041 Thread 0x00007fddf8353800 Thread exited: 0x00007fddf8353800
Event: 637,042 Executing VM operation: ParallelGCSystemGC


Dynamic libraries:
00400000-00401000 r-xp 00000000 08:06 2628379                            /usr/lib/jvm/java-8-oracle/bin/java
00600000-00601000 rw-p 00000000 08:06 2628379                            /usr/lib/jvm/java-8-oracle/bin/java
010ea000-0110b000 rw-p 00000000 00:00 0                                  [heap]
c0000000-d5580000 rw-p 00000000 00:00 0 
d5580000-eab00000 ---p 00000000 00:00 0 
eab00000-fdf80000 rw-p 00000000 00:00 0 
fdf80000-100000000 ---p 00000000 00:00 0 
100000000-1011a0000 rw-p 00000000 00:00 0 
1011a0000-140000000 ---p 00000000 00:00 0 
7fddeb2ff000-7fddeb47f000 rw-p 00000000 00:00 0 
7fddeb47f000-7fddeb4ff000 ---p 00000000 00:00 0 
7fddeb4ff000-7fddeb6ff000 rw-p 00000000 00:00 0 
7fddeb6ff000-7fddeb8ff000 rw-p 00000000 00:00 0 
7fddeb8ff000-7fddebaff000 rw-p 00000000 00:00 0 
7fddebaff000-7fddebcff000 rw-p 00000000 00:00 0 
7fddebcff000-7fddebeff000 rw-p 00000000 00:00 0 
7fddebeff000-7fddebf02000 ---p 00000000 00:00 0 
7fddebf02000-7fddec000000 rw-p 00000000 00:00 0 
7fddec000000-7fddec515000 rw-p 00000000 00:00 0 
7fddec515000-7fddf0000000 ---p 00000000 00:00 0 
7fddf0000000-7fddf01ab000 rw-p 00000000 00:00 0 
7fddf01ab000-7fddf4000000 ---p 00000000 00:00 0 
7fddf4000000-7fddf44f2000 rw-p 00000000 00:00 0 
7fddf44f2000-7fddf8000000 ---p 00000000 00:00 0 
7fddf8000000-7fddf8f34000 rw-p 00000000 00:00 0 
7fddf8f34000-7fddfc000000 ---p 00000000 00:00 0 
7fddfc000000-7fddfc0f0000 rw-p 00000000 00:00 0 
7fddfc0f0000-7fde00000000 ---p 00000000 00:00 0 
7fde00000000-7fde004f8000 rw-p 00000000 00:00 0 
7fde004f8000-7fde04000000 ---p 00000000 00:00 0 
7fde04000000-7fde04021000 rw-p 00000000 00:00 0 
7fde04021000-7fde08000000 ---p 00000000 00:00 0 
7fde08041000-7fde08044000 ---p 00000000 00:00 0 
7fde08044000-7fde08142000 rw-p 00000000 00:00 0 
7fde08142000-7fde08145000 ---p 00000000 00:00 0 
7fde08145000-7fde08243000 rw-p 00000000 00:00 0 
7fde08243000-7fde08246000 ---p 00000000 00:00 0 
7fde08246000-7fde08344000 rw-p 00000000 00:00 0                          [stack:18362]
7fde08344000-7fde08347000 ---p 00000000 00:00 0 
7fde08347000-7fde08445000 rw-p 00000000 00:00 0                          [stack:18361]
7fde08445000-7fde08448000 ---p 00000000 00:00 0 
7fde08448000-7fde08546000 rw-p 00000000 00:00 0                          [stack:18360]
7fde08546000-7fde0855c000 r-xp 00000000 08:06 3674032                    /lib/x86_64-linux-gnu/libgcc_s.so.1
7fde0855c000-7fde0875b000 ---p 00016000 08:06 3674032                    /lib/x86_64-linux-gnu/libgcc_s.so.1
7fde0875b000-7fde0875c000 rw-p 00015000 08:06 3674032                    /lib/x86_64-linux-gnu/libgcc_s.so.1
7fde0877a000-7fde0877b000 rw-p 00000000 00:00 0 
7fde0877b000-7fde08781000 r--s 0003f000 08:06 2634442                    /usr/lib/jvm/java-8-oracle/jre/lib/ext/sunjce_provider.jar
7fde08781000-7fde087b3000 r-xp 00000000 08:06 2897998                    /usr/lib/jvm/java-8-oracle/jre/lib/amd64/libsunec.so
7fde087b3000-7fde089b2000 ---p 00032000 08:06 2897998                    /usr/lib/jvm/java-8-oracle/jre/lib/amd64/libsunec.so
7fde089b2000-7fde089b8000 rw-p 00031000 08:06 2897998                    /usr/lib/jvm/java-8-oracle/jre/lib/amd64/libsunec.so
7fde089b8000-7fde08bc8000 rw-p 00000000 00:00 0 
7fde08bc8000-7fde08bc9000 r--s 00009000 08:06 2634435                    /usr/lib/jvm/java-8-oracle/jre/lib/ext/sunec.jar
7fde08bc9000-7fde08bcc000 r--s 0001a000 08:06 2634533                    /usr/lib/jvm/java-8-oracle/jre/lib/jce.jar
7fde08bcc000-7fde08dcc000 rw-p 00000000 00:00 0 
7fde08dcc000-7fde08fcc000 rw-p 00000000 00:00 0 
7fde08fcc000-7fde091cc000 rw-p 00000000 00:00 0 
7fde091cc000-7fde093cc000 rw-p 00000000 00:00 0 
7fde093cc000-7fde095cc000 rw-p 00000000 00:00 0 
7fde095cc000-7fde097cc000 rw-p 00000000 00:00 0 
7fde097cc000-7fde097cf000 ---p 00000000 00:00 0 
7fde097cf000-7fde098cd000 rw-p 00000000 00:00 0                          [stack:18358]
7fde098cd000-7fde098d0000 ---p 00000000 00:00 0 
7fde098d0000-7fde09b06000 rw-p 00000000 00:00 0 
7fde09b06000-7fde09c01000 r--s 00c99000 08:06 5769704                    /home/rafael/.ivy2/cache/org.scala-lang/scala-compiler/jars/scala-compiler-2.11.6.jar
7fde09c01000-7fde09c5a000 r--s 004f6000 08:06 5374660                    /home/rafael/.ivy2/cache/org.scala-lang/scala-library/jars/scala-library-2.11.6.jar
7fde09c5a000-7fde09e5a000 rw-p 00000000 00:00 0 
7fde09e5a000-7fde09e5d000 ---p 00000000 00:00 0 
7fde09e5d000-7fde09f5b000 rw-p 00000000 00:00 0 
7fde09f5b000-7fde09f5e000 ---p 00000000 00:00 0 
7fde09f5e000-7fde0a05c000 rw-p 00000000 00:00 0                          [stack:18418]
7fde0a05c000-7fde0a05f000 ---p 00000000 00:00 0 
7fde0a05f000-7fde0a15d000 rw-p 00000000 00:00 0                          [stack:18416]
7fde0a15d000-7fde0a160000 ---p 00000000 00:00 0 
7fde0a160000-7fde0a25e000 rw-p 00000000 00:00 0 
7fde0a25e000-7fde0a261000 ---p 00000000 00:00 0 
7fde0a261000-7fde0a35f000 rw-p 00000000 00:00 0 
7fde0a35f000-7fde0a362000 ---p 00000000 00:00 0 
7fde0a362000-7fde0a460000 rw-p 00000000 00:00 0 
7fde0a460000-7fde0a463000 ---p 00000000 00:00 0 
7fde0a463000-7fde0a561000 rw-p 00000000 00:00 0                          [stack:18636]
7fde0a561000-7fde0a564000 ---p 00000000 00:00 0 
7fde0a564000-7fde0a862000 rw-p 00000000 00:00 0 
7fde0a862000-7fde0a865000 ---p 00000000 00:00 0 
7fde0a865000-7fde0ab63000 rw-p 00000000 00:00 0                          [stack:18324]
7fde0ab63000-7fde0ab66000 ---p 00000000 00:00 0 
7fde0ab66000-7fde0ae64000 rw-p 00000000 00:00 0                          [stack:18307]
7fde0ae64000-7fde0ae67000 ---p 00000000 00:00 0 
7fde0ae67000-7fde0af65000 rw-p 00000000 00:00 0                          [stack:18305]
7fde0af65000-7fde0af68000 ---p 00000000 00:00 0 
7fde0af68000-7fde0b066000 rw-p 00000000 00:00 0 
7fde0b066000-7fde0b069000 ---p 00000000 00:00 0 
7fde0b069000-7fde0b367000 rw-p 00000000 00:00 0 
7fde0b367000-7fde0b36a000 ---p 00000000 00:00 0 
7fde0b36a000-7fde0b468000 rw-p 00000000 00:00 0                          [stack:18373]
7fde0b468000-7fde0b46b000 ---p 00000000 00:00 0 
7fde0b46b000-7fde0b769000 rw-p 00000000 00:00 0                          [stack:18301]
7fde0b769000-7fde0b969000 rw-p 00000000 00:00 0 
7fde0b969000-7fde0bb69000 rw-p 00000000 00:00 0 
7fde0bb69000-7fde0bb6c000 ---p 00000000 00:00 0 
7fde0bb6c000-7fde0bc6a000 rw-p 00000000 00:00 0                          [stack:18299]
7fde0bc6a000-7fde0bc6d000 ---p 00000000 00:00 0 
7fde0bc6d000-7fde0bd6b000 rw-p 00000000 00:00 0                          [stack:18298]
7fde0bd6b000-7fde0bd6f000 r--s 00026000 08:06 6168701                    /home/rafael/.ivy2/cache/com.typesafe.play/play-doc_2.11/jars/play-doc_2.11-1.2.2.jar
7fde0bd6f000-7fde0bd9a000 r--s 001f5000 08:06 5769662                    /home/rafael/.ivy2/cache/com.google.guava/guava/bundles/guava-16.0.1.jar
7fde0bd9a000-7fde0bde6000 r--s 00994000 08:06 6173286                    /home/rafael/.ivy2/cache/com.typesafe.play/play-docs_2.11/jars/play-docs_2.11-2.5.1.jar
7fde0bde6000-7fde0bdec000 r--s 00081000 08:06 6689244                    /home/rafael/.ivy2/cache/postgresql/postgresql/jars/postgresql-9.1-901-1.jdbc4.jar
7fde0bdec000-7fde0bdee000 r--s 0000d000 08:06 5636655                    /home/rafael/.ivy2/cache/commons-logging/commons-logging/jars/commons-logging-1.1.1.jar
7fde0bdee000-7fde0bdf6000 r--s 00040000 08:06 5637258                    /home/rafael/.ivy2/cache/org.apache.httpcomponents/httpclient/jars/httpclient-4.0.1.jar
7fde0bdf6000-7fde0bdfb000 r--s 00026000 08:06 5770497                    /home/rafael/.ivy2/cache/org.apache.httpcomponents/httpcore/jars/httpcore-4.0.1.jar
7fde0bdfb000-7fde0bdfc000 r--s 00001000 08:06 5769668                    /home/rafael/.ivy2/cache/oauth.signpost/signpost-commonshttp4/jars/signpost-commonshttp4-1.2.1.2.jar
7fde0bdfc000-7fde0bdff000 r--s 00009000 08:06 5769666                    /home/rafael/.ivy2/cache/oauth.signpost/signpost-core/jars/signpost-core-1.2.1.2.jar
7fde0bdff000-7fde0be09000 r--s 000ae000 08:06 5773841                    /home/rafael/.ivy2/cache/org.javassist/javassist/bundles/javassist-3.20.0-GA.jar
7fde0be09000-7fde0be0b000 r--s 0000b000 08:06 6694871                    /home/rafael/.ivy2/cache/org.asynchttpclient/netty-codec-dns/jars/netty-codec-dns-2.0.0-RC16.jar
7fde0be0b000-7fde0be0d000 r--s 00005000 08:06 6694870                    /home/rafael/.ivy2/cache/org.asynchttpclient/netty-resolver/jars/netty-resolver-2.0.0-RC16.jar
7fde0be0d000-7fde0be13000 r--s 00042000 08:06 6559850                    /home/rafael/.ivy2/cache/org.asynchttpclient/netty-resolver-dns/jars/netty-resolver-dns-2.0.0-RC16.jar
7fde0be13000-7fde0be20000 r--s 00097000 08:06 6559849                    /home/rafael/.ivy2/cache/org.asynchttpclient/async-http-client/jars/async-http-client-2.0.0-RC16.jar
7fde0be20000-7fde0be2c000 r--s 00095000 08:06 5773716                    /home/rafael/.ivy2/cache/com.typesafe.play/play-ws_2.11/jars/play-ws_2.11-2.5.1.jar
7fde0be2c000-7fde0be2d000 r--s 00008000 08:06 6173280                    /home/rafael/.ivy2/cache/com.typesafe.play/play-java-ws_2.11/jars/play-java-ws_2.11-2.5.1.jar
7fde0be2d000-7fde0be48000 r--s 0012e000 08:06 6168632                    /home/rafael/.ivy2/cache/net.sf.ehcache/ehcache-core/jars/ehcache-core-2.6.11.jar
7fde0be48000-7fde0be4a000 r--s 00012000 08:06 6173279                    /home/rafael/.ivy2/cache/com.typesafe.play/play-cache_2.11/jars/play-cache_2.11-2.5.1.jar
7fde0be4a000-7fde0be4e000 r--s 00029000 08:06 5773721                    /home/rafael/.ivy2/cache/commons-io/commons-io/jars/commons-io-2.3.jar
7fde0be4e000-7fde0be54000 r--s 0003f000 08:06 5773839                    /home/rafael/.ivy2/cache/ch.qos.logback/logback-classic/jars/logback-classic-1.1.4.jar
7fde0be54000-7fde0be5f000 r--s 00065000 08:06 5773838                    /home/rafael/.ivy2/cache/ch.qos.logback/logback-core/jars/logback-core-1.1.4.jar
7fde0be5f000-7fde0be61000 r--s 00004000 08:06 6559844                    /home/rafael/.ivy2/cache/com.typesafe.play/play-logback_2.11/jars/play-logback_2.11-2.5.1.jar
7fde0be61000-7fde0be64000 r--s 0001f000 08:06 6559847                    /home/rafael/.ivy2/cache/io.netty/netty-transport-native-epoll/jars/netty-transport-native-epoll-4.0.34.Final-linux-x86_64.jar
7fde0be64000-7fde0be6d000 r--s 00065000 08:06 6560127                    /home/rafael/.ivy2/cache/io.netty/netty-codec-http/jars/netty-codec-http-4.0.34.Final.jar
7fde0be6d000-7fde0be71000 r--s 00020000 08:06 6560130                    /home/rafael/.ivy2/cache/io.netty/netty-codec/jars/netty-codec-4.0.34.Final.jar
7fde0be71000-7fde0be79000 r--s 0004f000 08:06 6560132                    /home/rafael/.ivy2/cache/io.netty/netty-transport/jars/netty-transport-4.0.34.Final.jar
7fde0be79000-7fde0be81000 r--s 00065000 08:06 6560134                    /home/rafael/.ivy2/cache/io.netty/netty-common/jars/netty-common-4.0.34.Final.jar
7fde0be81000-7fde0be84000 r--s 00031000 08:06 6560133                    /home/rafael/.ivy2/cache/io.netty/netty-buffer/jars/netty-buffer-4.0.34.Final.jar
7fde0be84000-7fde0be8a000 r--s 0003e000 08:06 6560131                    /home/rafael/.ivy2/cache/io.netty/netty-handler/jars/netty-handler-4.0.34.Final.jar
7fde0be8a000-7fde0be8c000 r--s 00004000 08:06 6559848                    /home/rafael/.ivy2/cache/com.typesafe.netty/netty-reactive-streams/jars/netty-reactive-streams-1.0.5.jar
7fde0be8c000-7fde0be8d000 r--s 00007000 08:06 6559846                    /home/rafael/.ivy2/cache/com.typesafe.netty/netty-reactive-streams-http/jars/netty-reactive-streams-http-1.0.5.jar
7fde0be8d000-7fde0be92000 r--s 00027000 08:06 6173277                    /home/rafael/.ivy2/cache/com.typesafe.play/play-netty-server_2.11/jars/play-netty-server_2.11-2.5.1.jar
7fde0be92000-7fde0be99000 r--s 0003d000 08:06 6173275                    /home/rafael/.ivy2/cache/com.typesafe.play/play-server_2.11/jars/play-server_2.11-2.5.1.jar
7fde0be99000-7fde0be9b000 r--s 00003000 08:06 5514970                    /home/rafael/.ivy2/cache/org.jetbrains/annotations/jars/annotations-13.0.jar
7fde0be9b000-7fde0bebd000 r--s 001b2000 08:06 6300295                    /home/rafael/.ivy2/cache/org.avaje.ebeanorm/avaje-ebeanorm/jars/avaje-ebeanorm-6.18.1.jar
7fde0bebd000-7fde0bec2000 r--s 00027000 08:06 6174595                    /home/rafael/.ivy2/cache/com.typesafe.play/play-jdbc-evolutions_2.11/jars/play-jdbc-evolutions_2.11-2.5.0.jar
7fde0bec2000-7fde0bec6000 r--s 00038000 08:06 6173927                    /home/rafael/.ivy2/cache/org.apache.tomcat/tomcat-servlet-api/jars/tomcat-servlet-api-8.0.32.jar
7fde0bec6000-7fde0bec8000 r--s 00003000 08:06 6173926                    /home/rafael/.ivy2/cache/com.google.code.findbugs/jsr305/jars/jsr305-3.0.1.jar
7fde0bec8000-7fde0bec9000 r--s 00003000 08:06 6173925                    /home/rafael/.ivy2/cache/net.jodah/typetools/bundles/typetools-0.4.4.jar
7fde0bec9000-7fde0bef5000 r--s 00208000 08:06 5773837                    /home/rafael/.ivy2/cache/com.google.guava/guava/bundles/guava-19.0.jar
7fde0bef5000-7fde0bef8000 r--s 0001d000 08:06 6173924                    /home/rafael/.ivy2/cache/org.reflections/reflections/jars/reflections-0.9.10.jar
7fde0bef8000-7fde0bf05000 r--s 000a6000 08:06 6173923                    /home/rafael/.ivy2/cache/org.springframework/spring-beans/jars/spring-beans-4.2.4.RELEASE.jar
7fde0bf05000-7fde0bf1b000 r--s 000f2000 08:06 6173922                    /home/rafael/.ivy2/cache/org.springframework/spring-core/jars/spring-core-4.2.4.RELEASE.jar
7fde0bf1b000-7fde0bf34000 r--s 000f3000 08:06 6173921                    /home/rafael/.ivy2/cache/org.springframework/spring-context/jars/spring-context-4.2.4.RELEASE.jar
7fde0bf34000-7fde0bf36000 r--s 00010000 08:06 6560104                    /home/rafael/.ivy2/cache/javax.el/javax.el-api/jars/javax.el-api-3.0.0.jar
7fde0bf36000-7fde0bf38000 r--s 0000e000 08:06 5514353                    /home/rafael/.ivy2/cache/com.fasterxml/classmate/bundles/classmate-1.1.0.jar
7fde0bf38000-7fde0bf3a000 r--s 0000f000 08:06 6168602                    /home/rafael/.ivy2/cache/org.jboss.logging/jboss-logging/jars/jboss-logging-3.2.1.Final.jar
7fde0bf3a000-7fde0bf3e000 r--s 0000c000 08:06 6168620                    /home/rafael/.ivy2/cache/javax.validation/validation-api/jars/validation-api-1.1.0.Final.jar
7fde0bf3e000-7fde0bf4e000 r--s 0009c000 08:06 6173920                    /home/rafael/.ivy2/cache/org.hibernate/hibernate-validator/jars/hibernate-validator-5.2.4.Final.jar
7fde0bf4e000-7fde0bf54000 r--s 0003c000 08:06 6173919                    /home/rafael/.ivy2/cache/org.yaml/snakeyaml/bundles/snakeyaml-1.16.jar
7fde0bf54000-7fde0bf57000 r--s 0001c000 08:06 6173276                    /home/rafael/.ivy2/cache/com.typesafe.play/play-java_2.11/jars/play-java_2.11-2.5.1.jar
7fde0bf57000-7fde0bf5c000 r--s 0002d000 08:06 6168630                    /home/rafael/.ivy2/cache/tyrex/tyrex/jars/tyrex-1.0.1.jar
7fde0bf5c000-7fde0bf5f000 r--s 0001d000 08:06 6173930                    /home/rafael/.ivy2/cache/com.zaxxer/HikariCP/bundles/HikariCP-2.4.3.jar
7fde0bf5f000-7fde0bf62000 r--s 00019000 08:06 6168626                    /home/rafael/.ivy2/cache/com.jolbox/bonecp/bundles/bonecp-0.8.0.RELEASE.jar
7fde0bf62000-7fde0bf70000 r--s 00096000 08:06 6168592                    /home/rafael/.ivy2/cache/com.google.inject/guice/jars/guice-4.0.jar
7fde0bf70000-7fde0bf79000 r--s 0002d000 08:06 5769660                    /home/rafael/.ivy2/cache/xml-apis/xml-apis/jars/xml-apis-1.4.01.jar
7fde0bf79000-7fde0bf92000 r--s 00135000 08:06 5769648                    /home/rafael/.ivy2/cache/xerces/xercesImpl/jars/xercesImpl-2.11.0.jar
7fde0bf92000-7fde0bf99000 r--s 0003f000 08:06 5637257                    /home/rafael/.ivy2/cache/commons-codec/commons-codec/jars/commons-codec-1.10.jar
7fde0bf99000-7fde0bfa4000 r--s 0005d000 08:06 5374523                    /home/rafael/.ivy2/cache/org.scala-lang.modules/scala-parser-combinators_2.11/bundles/scala-parser-combinators_2.11-1.0.4.jar
7fde0bfa4000-7fde0bfac000 r--s 00055000 08:06 6560102                    /home/rafael/.ivy2/cache/com.typesafe/ssl-config-core_2.11/bundles/ssl-config-core_2.11-0.1.3.jar
7fde0bfac000-7fde0bfba000 r--s 00081000 08:06 6173918                    /home/rafael/.ivy2/cache/org.scala-lang.modules/scala-java8-compat_2.11/bundles/scala-java8-compat_2.11-0.7.0.jar
7fde0bfba000-7fde0c000000 r--s 00395000 08:06 6560098                    /home/rafael/.ivy2/cache/com.typesafe.akka/akka-stream_2.11/jars/akka-stream_2.11-2.4.2.jar
7fde0c000000-7fde0c4bc000 rw-p 00000000 00:00 0 
7fde0c4bc000-7fde10000000 ---p 00000000 00:00 0 
7fde10000000-7fde1011e000 rw-p 00000000 00:00 0 
7fde1011e000-7fde14000000 ---p 00000000 00:00 0 
7fde14000000-7fde14021000 rw-p 00000000 00:00 0 
7fde14021000-7fde18000000 ---p 00000000 00:00 0 
7fde18000000-7fde18021000 rw-p 00000000 00:00 0 
7fde18021000-7fde1c000000 ---p 00000000 00:00 0 
7fde1c000000-7fde1c2a2000 rw-p 00000000 00:00 0 
7fde1c2a2000-7fde20000000 ---p 00000000 00:00 0 
7fde20000000-7fde2012c000 rw-p 00000000 00:00 0 
7fde2012c000-7fde24000000 ---p 00000000 00:00 0 
7fde24000000-7fde24165000 rw-p 00000000 00:00 0 
7fde24165000-7fde28000000 ---p 00000000 00:00 0 
7fde28000000-7fde28daa000 rw-p 00000000 00:00 0 
7fde28daa000-7fde2c000000 ---p 00000000 00:00 0 
7fde2c000000-7fde2c052000 rw-p 00000000 00:00 0 
7fde2c052000-7fde30000000 ---p 00000000 00:00 0 
7fde30000000-7fde30093000 rw-p 00000000 00:00 0 
7fde30093000-7fde34000000 ---p 00000000 00:00 0 
7fde34000000-7fde34021000 rw-p 00000000 00:00 0 
7fde34021000-7fde38000000 ---p 00000000 00:00 0 
7fde38000000-7fde38021000 rw-p 00000000 00:00 0 
7fde38021000-7fde3c000000 ---p 00000000 00:00 0 
7fde3c000000-7fde3e87c000 rw-p 00000000 00:00 0 
7fde3e87c000-7fde40000000 ---p 00000000 00:00 0 
7fde40000000-7fde406ce000 rw-p 00000000 00:00 0 
7fde406ce000-7fde44000000 ---p 00000000 00:00 0 
7fde44000000-7fde44021000 rw-p 00000000 00:00 0 
7fde44021000-7fde48000000 ---p 00000000 00:00 0 
7fde48000000-7fde4a2dd000 rw-p 00000000 00:00 0 
7fde4a2dd000-7fde4c000000 ---p 00000000 00:00 0 
7fde4c000000-7fde4c021000 rw-p 00000000 00:00 0 
7fde4c021000-7fde50000000 ---p 00000000 00:00 0 
7fde50000000-7fde50021000 rw-p 00000000 00:00 0 
7fde50021000-7fde54000000 ---p 00000000 00:00 0 
7fde54000000-7fde54002000 r--s 00007000 08:06 6560124                    /home/rafael/.ivy2/cache/com.googlecode.usc/jdbcdslog/jars/jdbcdslog-1.0.6.2.jar
7fde54002000-7fde54004000 r--s 00009000 08:06 6168594                    /home/rafael/.ivy2/cache/com.google.inject.extensions/guice-assistedinject/jars/guice-assistedinject-4.0.jar
7fde54004000-7fde54005000 r--s 00003000 08:06 5769650                    /home/rafael/.ivy2/cache/javax.transaction/jta/jars/jta-1.1.jar
7fde54005000-7fde54006000 r--s 00004000 08:06 5773829                    /home/rafael/.ivy2/cache/com.typesafe.akka/akka-slf4j_2.11/jars/akka-slf4j_2.11-2.4.2.jar
7fde54006000-7fde54008000 r--s 00005000 08:06 6560100                    /home/rafael/.ivy2/cache/com.typesafe/ssl-config-akka_2.11/bundles/ssl-config-akka_2.11-0.1.3.jar
7fde54008000-7fde54036000 r--s 002e6000 08:06 5382195                    /home/rafael/.ivy2/cache/com.typesafe.akka/akka-actor_2.11/jars/akka-actor_2.11-2.4.2.jar
7fde54036000-7fde54037000 r--s 00000000 08:06 6560096                    /home/rafael/.ivy2/cache/org.reactivestreams/reactive-streams/jars/reactive-streams-1.0.0.jar
7fde54037000-7fde5403e000 r--s 00040000 08:06 6559845                    /home/rafael/.ivy2/cache/com.typesafe.play/play-streams_2.11/jars/play-streams_2.11-2.5.1.jar
7fde5403e000-7fde54040000 r--s 00003000 08:06 5773828                    /home/rafael/.ivy2/cache/org.slf4j/jcl-over-slf4j/jars/jcl-over-slf4j-1.7.16.jar
7fde54040000-7fde54042000 r--s 00000000 08:06 5773827                    /home/rafael/.ivy2/cache/org.slf4j/jul-to-slf4j/jars/jul-to-slf4j-1.7.16.jar
7fde54042000-7fde54043000 r--s 00009000 08:06 5773826                    /home/rafael/.ivy2/cache/org.slf4j/slf4j-api/jars/slf4j-api-1.7.16.jar
7fde54043000-7fde54044000 r--s 00004000 08:06 6173281                    /home/rafael/.ivy2/cache/com.typesafe.play/play-netty-utils/jars/play-netty-utils-2.5.1.jar
7fde54044000-7fde54047000 r--s 00012000 08:06 6173917                    /home/rafael/.ivy2/cache/com.fasterxml.jackson.datatype/jackson-datatype-jsr310/bundles/jackson-datatype-jsr310-2.7.1.jar
7fde54047000-7fde54049000 r--s 00005000 08:06 6173916                    /home/rafael/.ivy2/cache/com.fasterxml.jackson.datatype/jackson-datatype-jdk8/bundles/jackson-datatype-jdk8-2.7.1.jar
7fde54049000-7fde5405a000 r--s 00114000 08:06 5773832                    /home/rafael/.ivy2/cache/com.fasterxml.jackson.core/jackson-databind/bundles/jackson-databind-2.7.1.jar
7fde5405a000-7fde5405d000 r--s 0000a000 08:06 5773831                    /home/rafael/.ivy2/cache/com.fasterxml.jackson.core/jackson-annotations/bundles/jackson-annotations-2.7.1.jar
7fde5405d000-7fde54060000 r--s 0003b000 08:06 5773830                    /home/rafael/.ivy2/cache/com.fasterxml.jackson.core/jackson-core/bundles/jackson-core-2.7.1.jar
7fde54060000-7fde540ac000 r--s 00412000 08:06 5768179                    /home/rafael/.ivy2/cache/org.scala-lang/scala-reflect/jars/scala-reflect-2.11.7.jar
7fde540ac000-7fde540b0000 r--s 00018000 08:06 5773834                    /home/rafael/.ivy2/cache/org.joda/joda-convert/jars/joda-convert-1.8.1.jar
7fde540b0000-7fde540c0000 r--s 00089000 08:06 5773833                    /home/rafael/.ivy2/cache/joda-time/joda-time/jars/joda-time-2.9.2.jar
7fde540c0000-7fde540c1000 r--s 00001000 08:06 5773715                    /home/rafael/.ivy2/cache/com.typesafe.play/play-datacommons_2.11/jars/play-datacommons_2.11-2.5.1.jar
7fde540c1000-7fde540ca000 r--s 0005c000 08:06 5773714                    /home/rafael/.ivy2/cache/com.typesafe.play/play-functional_2.11/jars/play-functional_2.11-2.5.1.jar
7fde540ca000-7fde540d6000 r--s 00091000 08:06 5773713                    /home/rafael/.ivy2/cache/com.typesafe.play/play-json_2.11/jars/play-json_2.11-2.5.1.jar
7fde540d6000-7fde540df000 r--s 00091000 08:06 5769636                    /home/rafael/.ivy2/cache/org.scala-stm/scala-stm_2.11/jars/scala-stm_2.11-0.7.jar
7fde540df000-7fde540f2000 r--s 000ad000 08:06 5773712                    /home/rafael/.ivy2/cache/com.typesafe.play/play-iteratees_2.11/jars/play-iteratees_2.11-2.5.1.jar
7fde540f2000-7fde54142000 r--s 0037e000 08:06 5773711                    /home/rafael/.ivy2/cache/com.typesafe.play/play_2.11/jars/play_2.11-2.5.1.jar
7fde54142000-7fde54143000 r--s 00001000 08:06 6173283                    /home/rafael/.ivy2/cache/com.typesafe.play/play-jdbc-api_2.11/jars/play-jdbc-api_2.11-2.5.1.jar
7fde54143000-7fde54146000 r--s 00018000 08:06 6173282                    /home/rafael/.ivy2/cache/com.typesafe.play/play-jdbc_2.11/jars/play-jdbc_2.11-2.5.1.jar
7fde54146000-7fde54147000 r--s 00002000 08:06 6173278                    /home/rafael/.ivy2/cache/com.typesafe.play/play-java-jdbc_2.11/jars/play-java-jdbc_2.11-2.5.1.jar
7fde54147000-7fde5419f000 r--s 00523000 08:06 5374443                    /home/rafael/.ivy2/cache/org.scala-lang/scala-library/jars/scala-library-2.11.7.jar
7fde5419f000-7fde541a1000 r--s 00002000 08:06 6040650                    /home/rafael/.ivy2/cache/com.typesafe.play/play-ebean_2.11/jars/play-ebean_2.11-3.0.0.jar
7fde541a1000-7fde541ac000 r--s 00096000 08:06 5374479                    /home/rafael/.ivy2/cache/org.scala-lang.modules/scala-xml_2.11/bundles/scala-xml_2.11-1.0.1.jar
7fde541ac000-7fde541ae000 r--s 0000d000 08:06 5770475                    /home/rafael/.ivy2/cache/com.typesafe.play/twirl-api_2.11/jars/twirl-api_2.11-1.1.1.jar
7fde541ae000-7fde541af000 r--s 00006000 08:06 8534103                    /home/rafael/Documentos/Projeta/server/lib/javax.servlet.jsp.jstl.jar
7fde541af000-7fde541b2000 r--s 00009000 08:06 8534098                    /home/rafael/Documentos/Projeta/server/lib/javax.ejb.jar
7fde541b2000-7fde541b7000 r--s 0001b000 08:06 8534100                    /home/rafael/Documentos/Projeta/server/lib/javax.persistence.jar
7fde541b7000-7fde541b9000 r--s 00005000 08:06 8534099                    /home/rafael/Documentos/Projeta/server/lib/javax.jms.jar
7fde541b9000-7fde541bc000 r--s 00011000 08:06 8534102                    /home/rafael/Documentos/Projeta/server/lib/javax.servlet.jsp.jar
7fde541bc000-7fde541bd000 r--s 00001000 08:06 8534097                    /home/rafael/Documentos/Projeta/server/lib/javax.annotation.jar
7fde541bd000-7fde541c0000 r--s 00008000 08:06 8534101                    /home/rafael/Documentos/Projeta/server/lib/javax.resource.jar
7fde541c0000-7fde541ce000 r--s 001a1000 08:06 6040029                    /home/rafael/.ivy2/cache/com.h2database/h2/jars/h2-1.4.191.jar
7fde541ce000-7fde54221000 r--s 00aee000 08:06 6173285                    /home/rafael/.ivy2/cache/com.typesafe.play/play-omnidoc_2.11/jars/play-omnidoc_2.11-2.5.1.jar
7fde54221000-7fde54224000 ---p 00000000 00:00 0 
7fde54224000-7fde54322000 rw-p 00000000 00:00 0 
7fde54322000-7fde54325000 ---p 00000000 00:00 0 
7fde54325000-7fde54423000 rw-p 00000000 00:00 0 
7fde54423000-7fde54426000 ---p 00000000 00:00 0 
7fde54426000-7fde54524000 rw-p 00000000 00:00 0 
7fde54524000-7fde54527000 ---p 00000000 00:00 0 
7fde54527000-7fde54825000 rw-p 00000000 00:00 0 
7fde54825000-7fde54a25000 rw-p 00000000 00:00 0 
7fde54a25000-7fde54c25000 rw-p 00000000 00:00 0 
7fde54c25000-7fde54c28000 r--s 0000a000 08:06 7213797                    /home/rafael/.ivy2/cache/javax.persistence/persistence-api/jars/persistence-api-1.0.jar
7fde54c28000-7fde54c2b000 r--s 00031000 08:06 7090797                    /home/rafael/.ivy2/cache/org.avaje.ebeanorm/avaje-ebeanorm-agent/jars/avaje-ebeanorm-agent-4.9.1.jar
7fde54c2b000-7fde54c2d000 r--s 00005000 08:06 6687132                    /home/rafael/.ivy2/cache/scala_2.10/sbt_0.13/com.typesafe.sbt/sbt-play-ebean/jars/sbt-play-ebean-3.0.0.jar
7fde54c2d000-7fde54c37000 r--s 000a5000 08:06 5769654                    /home/rafael/.ivy2/cache/org.javassist/javassist/bundles/javassist-3.18.2-GA.jar
7fde54c37000-7fde54c38000 r--s 00001000 08:06 6168064                    /home/rafael/.ivy2/cache/com.typesafe.play/play-enhancer/jars/play-enhancer-1.1.0.jar
7fde54c38000-7fde54c3a000 r--s 00005000 08:06 6036634                    /home/rafael/.ivy2/cache/scala_2.10/sbt_0.13/com.typesafe.sbt/sbt-play-enhancer/jars/sbt-play-enhancer-1.1.0.jar
7fde54c3a000-7fde54c3b000 r--s 00001000 08:06 6036678                    /home/rafael/.ivy2/cache/org.webjars/diff/jars/diff-1.0.7.jar
7fde54c3b000-7fde54c3d000 r--s 00000000 08:06 6168062                    /home/rafael/.ivy2/cache/org.webjars/debug/jars/debug-0.7.4.jar
7fde54c3d000-7fde54c40000 r--s 0000c000 08:06 6168060                    /home/rafael/.ivy2/cache/org.webjars/mocha/jars/mocha-1.17.1.jar
7fde54c40000-7fde54c45000 r--s 00026000 08:06 6036632                    /home/rafael/.ivy2/cache/scala_2.10/sbt_0.13/com.typesafe.sbt/sbt-mocha/jars/sbt-mocha-1.1.0.jar
7fde54c45000-7fde54c48000 r--s 00011000 08:06 6036630                    /home/rafael/.ivy2/cache/scala_2.10/sbt_0.13/com.typesafe.sbt/sbt-digest/jars/sbt-digest-1.1.0.jar
7fde54c48000-7fde54c4a000 r--s 00035000 08:06 6168058                    /home/rafael/.ivy2/cache/org.webjars/rjs/jars/rjs-2.1.15.jar
7fde54c4a000-7fde54c4d000 r--s 0000f000 08:06 6036628                    /home/rafael/.ivy2/cache/scala_2.10/sbt_0.13/com.typesafe.sbt/sbt-rjs/jars/sbt-rjs-1.0.7.jar
7fde54c4d000-7fde54c4f000 r--s 00000000 08:06 6168052                    /home/rafael/.ivy2/cache/org.webjars/strip-json-comments/jars/strip-json-comments-1.0.2-1.jar
7fde54c4f000-7fde54c51000 r--s 00000000 08:06 6168056                    /home/rafael/.ivy2/cache/org.webjars/console-browserify/jars/console-browserify-0.1.6-1.jar
7fde54c51000-7fde54c53000 r--s 00006000 08:06 6168054                    /home/rafael/.ivy2/cache/org.webjars/underscorejs/jars/underscorejs-1.5.2-2.jar
7fde54c53000-7fde54c55000 r--s 00028000 08:06 6168050                    /home/rafael/.ivy2/cache/org.webjars/jshint-node/jars/jshint-node-2.4.3.jar
7fde54c55000-7fde54c56000 r--s 00004000 08:06 6036626                    /home/rafael/.ivy2/cache/scala_2.10/sbt_0.13/com.typesafe.sbt/sbt-jshint/jars/sbt-jshint-1.0.3.jar
7fde54c56000-7fde54c59000 r--s 00009000 08:06 6168046                    /home/rafael/.ivy2/cache/org.webjars/clean-css/jars/clean-css-2.2.7.jar
7fde54c59000-7fde54c5a000 r--s 00001000 08:06 6168048                    /home/rafael/.ivy2/cache/org.webjars/amdefine/jars/amdefine-0.1.0-1.jar
7fde54c5a000-7fde54c5b000 r--s 00005000 08:06 6168044                    /home/rafael/.ivy2/cache/org.webjars/source-map/jars/source-map-0.1.31-2.jar
7fde54c5b000-7fde54c5d000 r--s 00019000 08:06 6168042                    /home/rafael/.ivy2/cache/org.webjars/less-node/jars/less-node-1.7.5.jar
7fde54c5d000-7fde54c5f000 r--s 00008000 08:06 6036624                    /home/rafael/.ivy2/cache/scala_2.10/sbt_0.13/com.typesafe.sbt/sbt-less/jars/sbt-less-1.0.6.jar
7fde54c5f000-7fde54c61000 r--s 00000000 08:06 6168040                    /home/rafael/.ivy2/cache/org.webjars/mkdirp/jars/mkdirp-0.3.5.jar
7fde54c61000-7fde54c63000 r--s 00013000 08:06 6168038                    /home/rafael/.ivy2/cache/org.webjars/coffee-script-node/jars/coffee-script-node-1.7.1.jar
7fde54c63000-7fde54c65000 r--s 00003000 08:06 6036622                    /home/rafael/.ivy2/cache/scala_2.10/sbt_0.13/com.typesafe.sbt/sbt-coffeescript/jars/sbt-coffeescript-1.0.0.jar
7fde54c65000-7fde54cb5000 r--s 0028c000 08:06 6168036                    /home/rafael/.ivy2/cache/org.webjars/npm/jars/npm-2.11.2.jar
7fde54cb5000-7fde54cb6000 r--s 00001000 08:06 6167743                    /home/rafael/.ivy2/cache/com.typesafe/npm_2.10/jars/npm_2.10-1.1.1.jar
7fde54cb6000-7fde54cb7000 r--s 00007000 08:06 5770455                    /home/rafael/.ivy2/cache/org.slf4j/slf4j-api/jars/slf4j-api-1.7.12.jar
7fde54cb7000-7fde54cb8000 r--s 00002000 08:06 6167753                    /home/rafael/.ivy2/cache/org.slf4j/slf4j-simple/jars/slf4j-simple-1.7.12.jar
7fde54cb8000-7fde54cbc000 r--s 00043000 08:06 6167751                    /home/rafael/.ivy2/cache/io.spray/spray-json_2.10/bundles/spray-json_2.10-1.3.2.jar
7fde54cbc000-7fde54cc0000 r--s 000ac000 08:06 6167749                    /home/rafael/.ivy2/cache/io.apigee.trireme/trireme-node10src/jars/trireme-node10src-0.8.5.jar
7fde54cc0000-7fde54ccd000 r--s 0010f000 08:06 6168034                    /home/rafael/.ivy2/cache/io.apigee/rhino/jars/rhino-1.7R5pre4.jar
7fde54ccd000-7fde54cd5000 r--s 00060000 08:06 6167747                    /home/rafael/.ivy2/cache/io.apigee.trireme/trireme-core/jars/trireme-core-0.8.5.jar
7fde54cd5000-7fde54cd6000 r--s 0001e000 08:06 6168030                    /home/rafael/.ivy2/cache/org.fusesource.leveldbjni/leveldbjni-win64/jars/leveldbjni-win64-1.5.jar
7fde54cd6000-7fde54cd7000 r--s 0001b000 08:06 6168028                    /home/rafael/.ivy2/cache/org.fusesource.leveldbjni/leveldbjni-win32/jars/leveldbjni-win32-1.5.jar
7fde54cd7000-7fde54cd8000 r--s 00044000 08:06 6168026                    /home/rafael/.ivy2/cache/org.fusesource.leveldbjni/leveldbjni-linux64/jars/leveldbjni-linux64-1.5.jar
7fde54cd8000-7fde54cd9000 r--s 00044000 08:06 6167993                    /home/rafael/.ivy2/cache/org.fusesource.leveldbjni/leveldbjni-linux32/jars/leveldbjni-linux32-1.5.jar
7fde54cd9000-7fde54cda000 r--s 00028000 08:06 6167991                    /home/rafael/.ivy2/cache/org.fusesource.leveldbjni/leveldbjni-osx/jars/leveldbjni-osx-1.5.jar
7fde54cda000-7fde54cdb000 r--s 00004000 08:06 6168032                    /home/rafael/.ivy2/cache/org.fusesource.hawtjni/hawtjni-runtime/jars/hawtjni-runtime-1.8.jar
7fde54cdb000-7fde54cdd000 r--s 0000c000 08:06 6167937                    /home/rafael/.ivy2/cache/org.fusesource.leveldbjni/leveldbjni/jars/leveldbjni-1.7.jar
7fde54cdd000-7fde54ce0000 r--s 000fa000 08:06 6167765                    /home/rafael/.ivy2/cache/org.fusesource.leveldbjni/leveldbjni-all/bundles/leveldbjni-all-1.7.jar
7fde54ce0000-7fde54d02000 r--s 00195000 08:06 7217088                    /home/rafael/.ivy2/cache/com.google.guava/guava/jars/guava-12.0.jar
7fde54d02000-7fde54d04000 r--s 00001000 08:06 6167767                    /home/rafael/.ivy2/cache/org.iq80.leveldb/leveldb-api/jars/leveldb-api-0.5.jar
7fde54d04000-7fde54d08000 r--s 00034000 08:06 6167763                    /home/rafael/.ivy2/cache/org.iq80.leveldb/leveldb/jars/leveldb-0.5.jar
7fde54d08000-7fde54d16000 r--s 000bf000 08:06 6167759                    /home/rafael/.ivy2/cache/com.typesafe.akka/akka-persistence-experimental_2.10/jars/akka-persistence-experimental_2.10-2.3.11.jar
7fde54d16000-7fde54d26000 r--s 000f7000 08:06 6167757                    /home/rafael/.ivy2/cache/com.typesafe.akka/akka-cluster_2.10/jars/akka-cluster_2.10-2.3.11.jar
7fde54d26000-7fde54d28000 r--s 0000a000 08:06 6167761                    /home/rafael/.ivy2/cache/org.uncommons.maths/uncommons-maths/jars/uncommons-maths-1.2.2a.jar
7fde54d28000-7fde54d30000 r--s 0007b000 08:06 5769681                    /home/rafael/.ivy2/cache/com.google.protobuf/protobuf-java/bundles/protobuf-java-2.5.0.jar
7fde54d30000-7fde54d48000 r--s 00115000 08:06 5770454                    /home/rafael/.ivy2/cache/io.netty/netty/bundles/netty-3.8.0.Final.jar
7fde54d48000-7fde54d5e000 r--s 00135000 08:06 6167755                    /home/rafael/.ivy2/cache/com.typesafe.akka/akka-remote_2.10/jars/akka-remote_2.10-2.3.11.jar
7fde54d5e000-7fde54d6d000 r--s 000bf000 08:06 6167745                    /home/rafael/.ivy2/cache/com.typesafe.akka/akka-contrib_2.10/jars/akka-contrib_2.10-2.3.11.jar
7fde54d6d000-7fde54d93000 r--s 00263000 08:06 5511416                    /home/rafael/.ivy2/cache/com.typesafe.akka/akka-actor_2.10/jars/akka-actor_2.10-2.3.11.jar
7fde54d93000-7fde54d97000 r--s 00022000 08:06 5637252                    /home/rafael/.ivy2/cache/com.typesafe/jse_2.10/jars/jse_2.10-1.1.2.jar
7fde54d97000-7fde54d9b000 r--s 00020000 08:06 6036650                    /home/rafael/.ivy2/cache/scala_2.10/sbt_0.13/com.typesafe.sbt/sbt-js-engine/jars/sbt-js-engine-1.1.3.jar
7fde54d9b000-7fde54d9e000 r--s 0002e000 08:06 5770453                    /home/rafael/.ivy2/cache/com.fasterxml.jackson.core/jackson-core/bundles/jackson-core-2.3.3.jar
7fde54d9e000-7fde54da0000 r--s 00007000 08:06 5770452                    /home/rafael/.ivy2/cache/com.fasterxml.jackson.core/jackson-annotations/bundles/jackson-annotations-2.3.0.jar
7fde54da0000-7fde54db1000 r--s 000cf000 08:06 5770451                    /home/rafael/.ivy2/cache/com.fasterxml.jackson.core/jackson-databind/bundles/jackson-databind-2.3.3.jar
7fde54db1000-7fde54db8000 r--s 00056000 08:06 5637250                    /home/rafael/.ivy2/cache/org.apache.commons/commons-compress/jars/commons-compress-1.9.jar
7fde54db8000-7fde54db9000 r--s 00006000 08:06 6167741                    /home/rafael/.ivy2/cache/org.webjars/webjars-locator-core/jars/webjars-locator-core-0.26.jar
7fde54db9000-7fde54dbb000 r--s 00002000 08:06 6167739                    /home/rafael/.ivy2/cache/org.webjars/webjars-locator/jars/webjars-locator-0.26.jar
7fde54dbb000-7fde54dc3000 r--s 00040000 08:06 6040014                    /home/rafael/.ivy2/cache/scala_2.10/sbt_0.13/com.typesafe.sbt/sbt-web/jars/sbt-web-1.3.0.jar
7fde54dc3000-7fde54e03000 r--s 00277000 08:06 6167737                    /home/rafael/.ivy2/cache/org.bouncycastle/bcprov-jdk15on/jars/bcprov-jdk15on-1.51.jar
7fde54e03000-7fde54e0a000 r--s 00038000 08:06 6036666                    /home/rafael/.ivy2/cache/org.bouncycastle/bcpg-jdk15on/jars/bcpg-jdk15on-1.51.jar
7fde54e0a000-7fde54e0b000 r--s 00004000 08:06 6167735                    /home/rafael/.ivy2/cache/org.apache.ant/ant-launcher/jars/ant-launcher-1.9.3.jar
7fde54e0b000-7fde54e2a000 r--s 001cc000 08:06 6036664                    /home/rafael/.ivy2/cache/org.apache.ant/ant/jars/ant-1.9.3.jar
7fde54e2a000-7fde54e2e000 r--s 00020000 08:06 6167701                    /home/rafael/.ivy2/cache/org.eclipse.aether/aether-impl/jars/aether-impl-0.9.0.M2.jar
7fde54e2e000-7fde54e32000 r--s 0001d000 08:06 6167705                    /home/rafael/.ivy2/cache/org.eclipse.aether/aether-util/jars/aether-util-0.9.0.M2.jar
7fde54e32000-7fde54e34000 r--s 00003000 08:06 6167733                    /home/rafael/.ivy2/cache/org.eclipse.aether/aether-spi/jars/aether-spi-0.9.0.M2.jar
7fde54e34000-7fde54e38000 r--s 0001d000 08:06 6167703                    /home/rafael/.ivy2/cache/org.eclipse.aether/aether-api/jars/aether-api-0.9.0.M2.jar
7fde54e38000-7fde54e3a000 r--s 0000e000 08:06 6167699                    /home/rafael/.ivy2/cache/org.apache.maven/maven-aether-provider/jars/maven-aether-provider-3.2.2.jar
7fde54e3a000-7fde54e3f000 r--s 00025000 08:06 6167697                    /home/rafael/.ivy2/cache/org.apache.maven/maven-model-builder/jars/maven-model-builder-3.2.2.jar
7fde54e3f000-7fde54e42000 r--s 0000a000 08:06 6167713                    /home/rafael/.ivy2/cache/org.codehaus.plexus/plexus-classworlds/bundles/plexus-classworlds-2.5.1.jar
7fde54e42000-7fde54e48000 r--s 00042000 08:06 6167725                    /home/rafael/.ivy2/cache/org.eclipse.sisu/org.eclipse.sisu.inject/eclipse-plugins/org.eclipse.sisu.inject-0.0.0.M5.jar
7fde54e48000-7fde54e4a000 r--s 00000000 08:06 6167731                    /home/rafael/.ivy2/cache/aopalliance/aopalliance/jars/aopalliance-1.0.jar
7fde54e4a000-7fde54e52000 r--s 00050000 08:06 6173729                    /home/rafael/.ivy2/cache/org.sonatype.sisu/sisu-guice/jars/sisu-guice-3.1.0-no_aop.jar
7fde54e52000-7fde54e55000 r--s 00006000 08:06 6173730                    /home/rafael/.ivy2/cache/com.google.code.findbugs/jsr305/jars/jsr305-1.3.9.jar
7fde54e55000-7fde54e56000 r--s 00000000 08:06 6167729                    /home/rafael/.ivy2/cache/javax.inject/javax.inject/jars/javax.inject-1.jar
7fde54e56000-7fde54e57000 r--s 00001000 08:06 6167727                    /home/rafael/.ivy2/cache/javax.annotation/jsr250-api/jars/jsr250-api-1.0.jar
7fde54e57000-7fde54e5a000 r--s 00008000 08:06 6167721                    /home/rafael/.ivy2/cache/javax.enterprise/cdi-api/jars/cdi-api-1.0.jar
7fde54e5a000-7fde54e60000 r--s 0002a000 08:06 6167707                    /home/rafael/.ivy2/cache/org.eclipse.sisu/org.eclipse.sisu.plexus/eclipse-plugins/org.eclipse.sisu.plexus-0.0.0.M5.jar
7fde54e60000-7fde54e62000 r--s 0000a000 08:06 6036662                    /home/rafael/.ivy2/cache/org.apache.maven/maven-plugin-api/jars/maven-plugin-api-3.2.2.jar
7fde54e62000-7fde54e65000 r--s 0000b000 08:06 6036676                    /home/rafael/.ivy2/cache/org.apache.maven/maven-artifact/jars/maven-artifact-3.2.2.jar
7fde54e65000-7fde54e67000 r--s 00005000 08:06 6036674                    /home/rafael/.ivy2/cache/org.apache.maven/maven-repository-metadata/jars/maven-repository-metadata-3.2.2.jar
7fde54e67000-7fde54e69000 r--s 00002000 08:06 6173728                    /home/rafael/.ivy2/cache/org.sonatype.plexus/plexus-cipher/jars/plexus-cipher-1.4.jar
7fde54e69000-7fde54e6a000 r--s 00006000 08:06 6167717                    /home/rafael/.ivy2/cache/org.sonatype.plexus/plexus-sec-dispatcher/jars/plexus-sec-dispatcher-1.3.jar
7fde54e6a000-7fde54e6c000 r--s 00000000 08:06 6167715                    /home/rafael/.ivy2/cache/org.codehaus.plexus/plexus-component-annotations/jars/plexus-component-annotations-1.5.5.jar
7fde54e6c000-7fde54e6f000 r--s 0000d000 08:06 6167709                    /home/rafael/.ivy2/cache/org.codehaus.plexus/plexus-interpolation/jars/plexus-interpolation-1.19.jar
7fde54e6f000-7fde54e71000 r--s 00009000 08:06 6036672                    /home/rafael/.ivy2/cache/org.apache.maven/maven-settings-builder/jars/maven-settings-builder-3.2.2.jar
7fde54e71000-7fde54e73000 r--s 00009000 08:06 6036670                    /home/rafael/.ivy2/cache/org.apache.maven/maven-settings/jars/maven-settings-3.2.2.jar
7fde54e73000-7fde54e77000 r--s 0003a000 08:06 6167711                    /home/rafael/.ivy2/cache/org.codehaus.plexus/plexus-utils/jars/plexus-utils-3.0.17.jar
7fde54e77000-7fde54e7a000 r--s 00025000 08:06 6036668                    /home/rafael/.ivy2/cache/org.apache.maven/maven-model/jars/maven-model-3.2.2.jar
7fde54e7a000-7fde54e86000 r--s 00081000 08:06 6036660                    /home/rafael/.ivy2/cache/org.apache.maven/maven-core/jars/maven-core-3.2.2.jar
7fde54e86000-7fde54e9c000 r--s 0010a000 08:06 6036658                    /home/rafael/.ivy2/cache/org.vafer/jdeb/jars/jdeb-1.3.jar
7fde54e9c000-7fde54eb7000 r--s 000f0000 08:06 6040013                    /home/rafael/.ivy2/cache/scala_2.10/sbt_0.13/com.typesafe.sbt/sbt-native-packager/jars/sbt-native-packager-1.0.3.jar
7fde54eb7000-7fde54ebf000 r--s 00041000 08:06 6036656                    /home/rafael/.ivy2/cache/com.typesafe.play/twirl-parser_2.10/jars/twirl-parser_2.10-1.1.1.jar
7fde54ebf000-7fde54ef4000 r--s 002da000 08:06 2237102                    /tmp/sbt-global-plugin0stub/boot/scala-2.10.6/lib/scala-reflect.jar
7fde54ef4000-7fde54ff2000 r--s 00cd0000 08:06 2237101                    /tmp/sbt-global-plugin0stub/boot/scala-2.10.6/lib/scala-compiler.jar
7fde54ff2000-7fde54ff5000 r--s 00019000 08:06 6036654                    /home/rafael/.ivy2/cache/com.typesafe.play/twirl-compiler_2.10/jars/twirl-compiler_2.10-1.1.1.jar
7fde54ff5000-7fde54ff8000 r--s 00011000 08:06 6036644                    /home/rafael/.ivy2/cache/scala_2.10/sbt_0.13/com.typesafe.sbt/sbt-twirl/jars/sbt-twirl-1.1.1.jar
7fde54ff8000-7fde54ffa000 r--s 000a0000 08:06 6036642                    /home/rafael/.ivy2/cache/net.contentobjects.jnotify/jnotify/jars/jnotify-0.94-play-1.jar
7fde54ffa000-7fde54fff000 r--s 0003f000 08:06 5637248                    /home/rafael/.ivy2/cache/com.typesafe/config/bundles/config-1.3.0.jar
7fde54fff000-7fde55001000 r--s 00000000 08:06 5773707                    /home/rafael/.ivy2/cache/com.typesafe.play/play-exceptions/jars/play-exceptions-2.5.1.jar
7fde55001000-7fde55002000 r--s 00000000 08:06 5642863                    /home/rafael/.ivy2/cache/com.typesafe.play/build-link/jars/build-link-2.5.1.jar
7fde55002000-7fde55006000 r--s 00022000 08:06 6041572                    /home/rafael/.ivy2/cache/com.typesafe.play/sbt-run-support_2.10/jars/sbt-run-support_2.10-2.5.1.jar
7fde55006000-7fde5500a000 r--s 0002a000 08:06 5770449                    /home/rafael/.ivy2/cache/commons-io/commons-io/jars/commons-io-2.4.jar
7fde5500a000-7fde55011000 r--s 00064000 08:06 5511414                    /home/rafael/.ivy2/cache/org.apache.commons/commons-lang3/jars/commons-lang3-3.4.jar
7fde55011000-7fde55013000 r--s 0000d000 08:06 6036652                    /home/rafael/.ivy2/cache/com.typesafe.play/twirl-api_2.10/jars/twirl-api_2.10-1.1.1.jar
7fde55013000-7fde55086000 r--s 0065b000 08:06 2237105                    /tmp/sbt-global-plugin0stub/boot/scala-2.10.6/lib/scala-library.jar
7fde55086000-7fde55096000 r--s 00086000 08:06 6041571                    /home/rafael/.ivy2/cache/com.typesafe.play/sbt-routes-compiler_2.10/jars/sbt-routes-compiler_2.10-2.5.1.jar
7fde55096000-7fde5509f000 r--s 00054000 08:06 5773706                    /home/rafael/.ivy2/cache/scala_2.10/sbt_0.13/com.typesafe.play/sbt-plugin/jars/sbt-plugin-2.5.1.jar
7fde5509f000-7fde5529f000 rw-p 00000000 00:00 0 
7fde5529f000-7fde5549f000 rw-p 00000000 00:00 0 
7fde5549f000-7fde554a2000 ---p 00000000 00:00 0 
7fde554a2000-7fde555a0000 rw-p 00000000 00:00 0 
7fde555a0000-7fde555a3000 ---p 00000000 00:00 0 
7fde555a3000-7fde556a1000 rw-p 00000000 00:00 0                          [stack:18288]
7fde556a1000-7fde556a4000 ---p 00000000 00:00 0 
7fde556a4000-7fde557a2000 rw-p 00000000 00:00 0                          [stack:18292]
7fde557a2000-7fde557a5000 ---p 00000000 00:00 0 
7fde557a5000-7fde558a3000 rw-p 00000000 00:00 0                          [stack:18359]
7fde558a3000-7fde558a6000 ---p 00000000 00:00 0 
7fde558a6000-7fde559a4000 rw-p 00000000 00:00 0 
7fde559a4000-7fde559a7000 ---p 00000000 00:00 0 
7fde559a7000-7fde55ca5000 rw-p 00000000 00:00 0                          [stack:18291]
7fde55ca5000-7fde55ea5000 rw-p 00000000 00:00 0 
7fde55ea5000-7fde560a5000 rw-p 00000000 00:00 0 
7fde560a5000-7fde562a5000 rw-p 00000000 00:00 0 
7fde562a5000-7fde564a5000 rw-p 00000000 00:00 0 
7fde564a5000-7fde564b7000 r--s 00345000 08:06 2634539                    /usr/lib/jvm/java-8-oracle/jre/lib/resources.jar
7fde564b7000-7fde566b7000 rw-p 00000000 00:00 0 
7fde566b7000-7fde568b7000 rw-p 00000000 00:00 0 
7fde568b7000-7fde56ab7000 rw-p 00000000 00:00 0 
7fde56ab7000-7fde56cb7000 rw-p 00000000 00:00 0 
7fde56cb7000-7fde56d30000 r--s 010e3000 08:06 2629352                    /usr/lib/jvm/java-8-oracle/lib/tools.jar
7fde56d30000-7fde56f30000 rw-p 00000000 00:00 0 
7fde56f30000-7fde56f3a000 r--s 00116000 08:06 2634438                    /usr/lib/jvm/java-8-oracle/jre/lib/ext/localedata.jar
7fde56f3a000-7fde56f56000 r--s 00393000 08:06 2634437                    /usr/lib/jvm/java-8-oracle/jre/lib/ext/cldrdata.jar
7fde56f56000-7fde56f5a000 r--s 00097000 08:06 2634551                    /usr/lib/jvm/java-8-oracle/jre/lib/jsse.jar
7fde56f5a000-7fde56f61000 r--s 00000000 08:06 919066                     /usr/lib/x86_64-linux-gnu/gconv/gconv-modules.cache
7fde56f61000-7fde56f83000 r--p 00000000 08:06 1187377                    /usr/share/locale-langpack/pt_BR/LC_MESSAGES/libc.mo
7fde56f83000-7fde56f85000 r--s 0000b000 08:06 2239440                    /tmp/sbt-global-plugin1stub/boot/scala-2.10.6/org.scala-sbt/sbt/0.13.11/xsbti/interface-0.13.11.jar
7fde56f85000-7fde56f8f000 r--s 00085000 08:06 2239465                    /tmp/sbt-global-plugin1stub/boot/scala-2.10.6/org.scala-sbt/sbt/0.13.11/json4s-core_2.10-3.2.10.jar
7fde56f8f000-7fde5718f000 rw-p 00000000 00:00 0 
7fde5718f000-7fde57197000 r--s 00057000 08:06 2239446                    /tmp/sbt-global-plugin1stub/boot/scala-2.10.6/org.scala-sbt/sbt/0.13.11/completion-0.13.11.jar
7fde57197000-7fde57199000 r--s 00007000 08:06 2239433                    /tmp/sbt-global-plugin1stub/boot/scala-2.10.6/org.scala-sbt/sbt/0.13.11/compiler-ivy-integration-0.13.11.jar
7fde57199000-7fde5719f000 r--s 00040000 08:06 2239432                    /tmp/sbt-global-plugin1stub/boot/scala-2.10.6/org.scala-sbt/sbt/0.13.11/api-0.13.11.jar
7fde5719f000-7fde571a1000 r--s 00012000 08:06 2239463                    /tmp/sbt-global-plugin1stub/boot/scala-2.10.6/org.scala-sbt/sbt/0.13.11/jawn-parser_2.10-0.6.0.jar
7fde571a1000-7fde571a2000 r--s 00005000 08:06 2239450                    /tmp/sbt-global-plugin1stub/boot/scala-2.10.6/org.scala-sbt/sbt/0.13.11/sbt-0.13.11.jar
7fde571a2000-7fde571a9000 r--s 0003f000 08:06 2239456                    /tmp/sbt-global-plugin1stub/boot/scala-2.10.6/org.scala-sbt/sbt/0.13.11/io-0.13.11.jar
7fde571a9000-7fde571b0000 r--s 0004b000 08:06 2239436                    /tmp/sbt-global-plugin1stub/boot/scala-2.10.6/org.scala-sbt/sbt/0.13.11/serialization_2.10-0.1.2.jar
7fde571b0000-7fde571b6000 r--s 00038000 08:06 2239457                    /tmp/sbt-global-plugin1stub/boot/scala-2.10.6/org.scala-sbt/sbt/0.13.11/compile-0.13.11.jar
7fde571b6000-7fde571b8000 r--s 0001a000 08:06 2237115                    /tmp/sbt-global-plugin1stub/boot/scala-2.10.6/org.scala-sbt/sbt/0.13.11/jansi-1.11.jar
7fde571b8000-7fde571ba000 r--s 0000b000 08:06 2237112                    /tmp/sbt-global-plugin1stub/boot/scala-2.10.6/org.scala-sbt/sbt/0.13.11/tracking-0.13.11.jar
7fde571ba000-7fde571be000 r--s 00039000 08:06 2239451                    /tmp/sbt-global-plugin1stub/boot/scala-2.10.6/org.scala-sbt/sbt/0.13.11/jline-2.13.jar
7fde571be000-7fde571c0000 r--s 00002000 08:06 2239460                    /tmp/sbt-global-plugin1stub/boot/scala-2.10.6/org.scala-sbt/sbt/0.13.11/test-interface-1.0.jar
7fde571c0000-7fde571c4000 r--s 0001d000 08:06 2239438                    /tmp/sbt-global-plugin1stub/boot/scala-2.10.6/org.scala-sbt/sbt/0.13.11/tasks-0.13.11.jar
7fde571c4000-7fde571f9000 r--s 002da000 08:06 2239444                    /tmp/sbt-global-plugin1stub/boot/scala-2.10.6/org.scala-sbt/sbt/0.13.11/scala-reflect-2.10.6.jar
7fde571f9000-7fde571fe000 r--s 00037000 08:06 2239447                    /tmp/sbt-global-plugin1stub/boot/scala-2.10.6/org.scala-sbt/sbt/0.13.11/command-0.13.11.jar
7fde571fe000-7fde57200000 r--s 00017000 08:06 2237117                    /tmp/sbt-global-plugin1stub/boot/scala-2.10.6/org.scala-sbt/sbt/0.13.11/testing-0.13.11.jar
7fde57200000-7fde57203000 r--s 00013000 08:06 2239441                    /tmp/sbt-global-plugin1stub/boot/scala-2.10.6/org.scala-sbt/sbt/0.13.11/classpath-0.13.11.jar
7fde57203000-7fde57204000 r--s 00005000 08:06 2239430                    /tmp/sbt-global-plugin1stub/boot/scala-2.10.6/org.scala-sbt/sbt/0.13.11/test-agent-0.13.11.jar
7fde57204000-7fde5720a000 r--s 00038000 08:06 2239464                    /tmp/sbt-global-plugin1stub/boot/scala-2.10.6/org.scala-sbt/sbt/0.13.11/compiler-interface-0.13.11.jar
7fde5720a000-7fde57214000 r--s 0006e000 08:06 2239435                    /tmp/sbt-global-plugin1stub/boot/scala-2.10.6/org.scala-sbt/sbt/0.13.11/incremental-compiler-0.13.11.jar
7fde57214000-7fde57217000 r--s 00018000 08:06 2239431                    /tmp/sbt-global-plugin1stub/boot/scala-2.10.6/org.scala-sbt/sbt/0.13.11/logging-0.13.11.jar
7fde57217000-7fde57219000 r--s 00014000 08:06 2239443                    /tmp/sbt-global-plugin1stub/boot/scala-2.10.6/org.scala-sbt/sbt/0.13.11/apply-macro-0.13.11.jar
7fde57219000-7fde5721b000 r--s 00001000 08:06 2239455                    /tmp/sbt-global-plugin1stub/boot/scala-2.10.6/org.scala-sbt/sbt/0.13.11/cross-0.13.11.jar
7fde5721b000-7fde5721d000 r--s 00013000 08:06 2239437                    /tmp/sbt-global-plugin1stub/boot/scala-2.10.6/org.scala-sbt/sbt/0.13.11/json4s-ast_2.10-3.2.10.jar
7fde5721d000-7fde57222000 r--s 00024000 08:06 2237109                    /tmp/sbt-global-plugin1stub/boot/scala-2.10.6/org.scala-sbt/sbt/0.13.11/persist-0.13.11.jar
7fde57222000-7fde5722b000 r--s 0006f000 08:06 2239458                    /tmp/sbt-global-plugin1stub/boot/scala-2.10.6/org.scala-sbt/sbt/0.13.11/actions-0.13.11.jar
7fde5722b000-7fde5722f000 r--s 0001c000 08:06 2239461                    /tmp/sbt-global-plugin1stub/boot/scala-2.10.6/org.scala-sbt/sbt/0.13.11/compiler-integration-0.13.11.jar
7fde5722f000-7fde57244000 r--s 00101000 08:06 2239434                    /tmp/sbt-global-plugin1stub/boot/scala-2.10.6/org.scala-sbt/sbt/0.13.11/ivy-2.3.0-sbt-2cc8d2761242b072cedb0a04cb39435c4fa24f9a.jar
7fde57244000-7fde57266000 r--s 001bc000 08:06 2237107                    /tmp/sbt-global-plugin1stub/boot/scala-2.10.6/org.scala-sbt/sbt/0.13.11/ivy-0.13.11.jar
7fde57266000-7fde57272000 r--s 000a4000 08:06 2239449                    /tmp/sbt-global-plugin1stub/boot/scala-2.10.6/org.scala-sbt/sbt/0.13.11/quasiquotes_2.10-2.0.1.jar
7fde57272000-7fde57275000 r--s 0001d000 08:06 2239454                    /tmp/sbt-global-plugin1stub/boot/scala-2.10.6/org.scala-sbt/sbt/0.13.11/task-system-0.13.11.jar
7fde57275000-7fde57277000 r--s 00015000 08:06 2237116                    /tmp/sbt-global-plugin1stub/boot/scala-2.10.6/org.scala-sbt/sbt/0.13.11/classfile-0.13.11.jar
7fde57277000-7fde57285000 r--s 000bc000 08:06 2239428                    /tmp/sbt-global-plugin1stub/boot/scala-2.10.6/org.scala-sbt/sbt/0.13.11/scala-pickling_2.10-0.10.1.jar
7fde57285000-7fde57288000 r--s 0001e000 08:06 2239429                    /tmp/sbt-global-plugin1stub/boot/scala-2.10.6/org.scala-sbt/sbt/0.13.11/run-0.13.11.jar
7fde57288000-7fde57293000 r--s 00097000 08:06 2239452                    /tmp/sbt-global-plugin1stub/boot/scala-2.10.6/org.scala-sbt/sbt/0.13.11/main-settings-0.13.11.jar
7fde57293000-7fde5729b000 r--s 00060000 08:06 2237110                    /tmp/sbt-global-plugin1stub/boot/scala-2.10.6/org.scala-sbt/sbt/0.13.11/collections-0.13.11.jar
7fde5729b000-7fde57399000 r--s 00cd0000 08:06 2239469                    /tmp/sbt-global-plugin1stub/boot/scala-2.10.6/lib/scala-compiler.jar
7fde57399000-7fde573aa000 r-xp 00000000 08:06 2898011                    /usr/lib/jvm/java-8-oracle/jre/lib/amd64/libnio.so
7fde573aa000-7fde575a9000 ---p 00011000 08:06 2898011                    /usr/lib/jvm/java-8-oracle/jre/lib/amd64/libnio.so
7fde575a9000-7fde575aa000 rw-p 00010000 08:06 2898011                    /usr/lib/jvm/java-8-oracle/jre/lib/amd64/libnio.so
7fde575aa000-7fde575c0000 r-xp 00000000 08:06 2898027                    /usr/lib/jvm/java-8-oracle/jre/lib/amd64/libnet.so
7fde575c0000-7fde577c0000 ---p 00016000 08:06 2898027                    /usr/lib/jvm/java-8-oracle/jre/lib/amd64/libnet.so
7fde577c0000-7fde577c1000 rw-p 00016000 08:06 2898027                    /usr/lib/jvm/java-8-oracle/jre/lib/amd64/libnet.so
7fde577c1000-7fde577c2000 ---p 00000000 00:00 0 
7fde577c2000-7fde578c2000 rw-p 00000000 00:00 0                          [stack:18245]
7fde578c2000-7fde578c5000 ---p 00000000 00:00 0 
7fde578c5000-7fde579c3000 rw-p 00000000 00:00 0                          [stack:18244]
7fde579c3000-7fde579c6000 ---p 00000000 00:00 0 
7fde579c6000-7fde57ac4000 rw-p 00000000 00:00 0                          [stack:18243]
7fde57ac4000-7fde57ac7000 ---p 00000000 00:00 0 
7fde57ac7000-7fde57bc5000 rw-p 00000000 00:00 0                          [stack:18242]
7fde57bc5000-7fde58000000 r--p 00000000 08:06 667609                     /usr/lib/locale/locale-archive
7fde58000000-7fde58024000 rw-p 00000000 00:00 0 
7fde58024000-7fde5c000000 ---p 00000000 00:00 0 
7fde5c000000-7fde5c13a000 rw-p 00000000 00:00 0 
7fde5c13a000-7fde60000000 ---p 00000000 00:00 0 
7fde60000000-7fde60021000 rw-p 00000000 00:00 0 
7fde60021000-7fde64000000 ---p 00000000 00:00 0 
7fde64000000-7fde6403b000 rw-p 00000000 00:00 0 
7fde6403b000-7fde68000000 ---p 00000000 00:00 0 
7fde68000000-7fde682a0000 rw-p 00000000 00:00 0 
7fde682a0000-7fde6c000000 ---p 00000000 00:00 0 
7fde6c000000-7fde6c001000 r--s 00002000 08:06 2239466                    /tmp/sbt-global-plugin1stub/boot/scala-2.10.6/org.scala-sbt/sbt/0.13.11/launcher-interface-1.0.0-M1.jar
7fde6c001000-7fde6c005000 r--s 0001b000 08:06 2239448                    /tmp/sbt-global-plugin1stub/boot/scala-2.10.6/org.scala-sbt/sbt/0.13.11/process-0.13.11.jar
7fde6c005000-7fde6c007000 r--s 00002000 08:06 2237114                    /tmp/sbt-global-plugin1stub/boot/scala-2.10.6/org.scala-sbt/sbt/0.13.11/control-0.13.11.jar
7fde6c007000-7fde6c009000 r--s 0000e000 08:06 2239442                    /tmp/sbt-global-plugin1stub/boot/scala-2.10.6/org.scala-sbt/sbt/0.13.11/logic-0.13.11.jar
7fde6c009000-7fde6c036000 r--s 00242000 08:06 2239453                    /tmp/sbt-global-plugin1stub/boot/scala-2.10.6/org.scala-sbt/sbt/0.13.11/main-0.13.11.jar
7fde6c036000-7fde6c06b000 r--s 002da000 08:06 2239470                    /tmp/sbt-global-plugin1stub/boot/scala-2.10.6/lib/scala-reflect.jar
7fde6c06b000-7fde6c0de000 r--s 0065b000 08:06 2239473                    /tmp/sbt-global-plugin1stub/boot/scala-2.10.6/lib/scala-library.jar
7fde6c0de000-7fde6c0fa000 r--s 0010c000 08:06 2107666                    /home/rafael/.IntelliJIdea15/config/plugins/Scala/launcher/sbt-launch.jar
7fde6c0fa000-7fde6c0fd000 ---p 00000000 00:00 0 
7fde6c0fd000-7fde6c1fb000 rw-p 00000000 00:00 0                          [stack:18241]
7fde6c1fb000-7fde6c1fe000 ---p 00000000 00:00 0 
7fde6c1fe000-7fde6c2fc000 rw-p 00000000 00:00 0                          [stack:18240]
7fde6c2fc000-7fde6c2ff000 ---p 00000000 00:00 0 
7fde6c2ff000-7fde6c3fd000 rw-p 00000000 00:00 0                          [stack:18239]
7fde6c3fd000-7fde6c400000 ---p 00000000 00:00 0 
7fde6c400000-7fde6c4fe000 rw-p 00000000 00:00 0                          [stack:18238]
7fde6c4fe000-7fde6c4ff000 ---p 00000000 00:00 0 
7fde6c4ff000-7fde6d571000 rw-p 00000000 00:00 0                          [stack:18237]
7fde6d571000-7fde6d749000 r--s 03d1e000 08:06 2634548                    /usr/lib/jvm/java-8-oracle/jre/lib/rt.jar
7fde6d749000-7fde701bf000 rw-p 00000000 00:00 0 
7fde701bf000-7fde701c0000 ---p 00000000 00:00 0 
7fde701c0000-7fde702c0000 rw-p 00000000 00:00 0                          [stack:18236]
7fde702c0000-7fde702c1000 ---p 00000000 00:00 0 
7fde702c1000-7fde703c1000 rw-p 00000000 00:00 0                          [stack:18235]
7fde703c1000-7fde703c2000 ---p 00000000 00:00 0 
7fde703c2000-7fde7056d000 rw-p 00000000 00:00 0                          [stack:18234]
7fde7056d000-7fde70618000 ---p 00000000 00:00 0 
7fde70618000-7fde706c3000 rw-p 00000000 00:00 0 
7fde706c3000-7fde7076d000 ---p 00000000 00:00 0 
7fde7076d000-7fde70808000 rw-p 00000000 00:00 0 
7fde70808000-7fde70818000 ---p 00000000 00:00 0 
7fde70818000-7fde7087d000 rw-p 00000000 00:00 0 
7fde7087d000-7fde70bd9000 ---p 00000000 00:00 0 
7fde70bd9000-7fde724b9000 rwxp 00000000 00:00 0 
7fde724b9000-7fde7fbd9000 ---p 00000000 00:00 0 
7fde7fbd9000-7fde7fbf3000 r-xp 00000000 08:06 2898019                    /usr/lib/jvm/java-8-oracle/jre/lib/amd64/libzip.so
7fde7fbf3000-7fde7fdf3000 ---p 0001a000 08:06 2898019                    /usr/lib/jvm/java-8-oracle/jre/lib/amd64/libzip.so
7fde7fdf3000-7fde7fdf4000 rw-p 0001a000 08:06 2898019                    /usr/lib/jvm/java-8-oracle/jre/lib/amd64/libzip.so
7fde7fdf4000-7fde7fdff000 r-xp 00000000 08:06 3675477                    /lib/x86_64-linux-gnu/libnss_files-2.19.so
7fde7fdff000-7fde7fffe000 ---p 0000b000 08:06 3675477                    /lib/x86_64-linux-gnu/libnss_files-2.19.so
7fde7fffe000-7fde7ffff000 r--p 0000a000 08:06 3675477                    /lib/x86_64-linux-gnu/libnss_files-2.19.so
7fde7ffff000-7fde80000000 rw-p 0000b000 08:06 3675477                    /lib/x86_64-linux-gnu/libnss_files-2.19.so
7fde80000000-7fde81904000 rw-p 00000000 00:00 0 
7fde81904000-7fde84000000 ---p 00000000 00:00 0 
7fde84000000-7fde84004000 r--s 00034000 08:06 2237111                    /tmp/sbt-global-plugin1stub/boot/scala-2.10.6/org.scala-sbt/sbt/0.13.11/jsch-0.1.46.jar
7fde84004000-7fde84006000 r--s 00007000 08:06 2239459                    /tmp/sbt-global-plugin1stub/boot/scala-2.10.6/org.scala-sbt/sbt/0.13.11/paranamer-2.6.jar
7fde84006000-7fde84009000 r--s 0001a000 08:06 2239462                    /tmp/sbt-global-plugin1stub/boot/scala-2.10.6/org.scala-sbt/sbt/0.13.11/cache-0.13.11.jar
7fde84009000-7fde8400b000 r--s 00006000 08:06 2239467                    /tmp/sbt-global-plugin1stub/boot/scala-2.10.6/org.scala-sbt/sbt/0.13.11/relation-0.13.11.jar
7fde8400b000-7fde8400f000 r--s 00022000 08:06 2239445                    /tmp/sbt-global-plugin1stub/boot/scala-2.10.6/org.scala-sbt/sbt/0.13.11/sbinary_2.10-0.4.2.jar
7fde8400f000-7fde84051000 rw-p 00000000 00:00 0 
7fde84051000-7fde84052000 ---p 00000000 00:00 0 
7fde84052000-7fde84152000 rw-p 00000000 00:00 0                          [stack:18233]
7fde84152000-7fde8415d000 r-xp 00000000 08:06 3675464                    /lib/x86_64-linux-gnu/libnss_nis-2.19.so
7fde8415d000-7fde8435c000 ---p 0000b000 08:06 3675464                    /lib/x86_64-linux-gnu/libnss_nis-2.19.so
7fde8435c000-7fde8435d000 r--p 0000a000 08:06 3675464                    /lib/x86_64-linux-gnu/libnss_nis-2.19.so
7fde8435d000-7fde8435e000 rw-p 0000b000 08:06 3675464                    /lib/x86_64-linux-gnu/libnss_nis-2.19.so
7fde8435e000-7fde84375000 r-xp 00000000 08:06 3675448                    /lib/x86_64-linux-gnu/libnsl-2.19.so
7fde84375000-7fde84574000 ---p 00017000 08:06 3675448                    /lib/x86_64-linux-gnu/libnsl-2.19.so
7fde84574000-7fde84575000 r--p 00016000 08:06 3675448                    /lib/x86_64-linux-gnu/libnsl-2.19.so
7fde84575000-7fde84576000 rw-p 00017000 08:06 3675448                    /lib/x86_64-linux-gnu/libnsl-2.19.so
7fde84576000-7fde84578000 rw-p 00000000 00:00 0 
7fde84578000-7fde84581000 r-xp 00000000 08:06 3675447                    /lib/x86_64-linux-gnu/libnss_compat-2.19.so
7fde84581000-7fde84780000 ---p 00009000 08:06 3675447                    /lib/x86_64-linux-gnu/libnss_compat-2.19.so
7fde84780000-7fde84781000 r--p 00008000 08:06 3675447                    /lib/x86_64-linux-gnu/libnss_compat-2.19.so
7fde84781000-7fde84782000 rw-p 00009000 08:06 3675447                    /lib/x86_64-linux-gnu/libnss_compat-2.19.so
7fde84782000-7fde847ac000 r-xp 00000000 08:06 2897992                    /usr/lib/jvm/java-8-oracle/jre/lib/amd64/libjava.so
7fde847ac000-7fde849ac000 ---p 0002a000 08:06 2897992                    /usr/lib/jvm/java-8-oracle/jre/lib/amd64/libjava.so
7fde849ac000-7fde849ae000 rw-p 0002a000 08:06 2897992                    /usr/lib/jvm/java-8-oracle/jre/lib/amd64/libjava.so
7fde849ae000-7fde849bb000 r-xp 00000000 08:06 2898008                    /usr/lib/jvm/java-8-oracle/jre/lib/amd64/libverify.so
7fde849bb000-7fde84bbb000 ---p 0000d000 08:06 2898008                    /usr/lib/jvm/java-8-oracle/jre/lib/amd64/libverify.so
7fde84bbb000-7fde84bbd000 rw-p 0000d000 08:06 2898008                    /usr/lib/jvm/java-8-oracle/jre/lib/amd64/libverify.so
7fde84bbd000-7fde84bc4000 r-xp 00000000 08:06 3675471                    /lib/x86_64-linux-gnu/librt-2.19.so
7fde84bc4000-7fde84dc3000 ---p 00007000 08:06 3675471                    /lib/x86_64-linux-gnu/librt-2.19.so
7fde84dc3000-7fde84dc4000 r--p 00006000 08:06 3675471                    /lib/x86_64-linux-gnu/librt-2.19.so
7fde84dc4000-7fde84dc5000 rw-p 00007000 08:06 3675471                    /lib/x86_64-linux-gnu/librt-2.19.so
7fde84dc5000-7fde84eca000 r-xp 00000000 08:06 3675437                    /lib/x86_64-linux-gnu/libm-2.19.so
7fde84eca000-7fde850c9000 ---p 00105000 08:06 3675437                    /lib/x86_64-linux-gnu/libm-2.19.so
7fde850c9000-7fde850ca000 r--p 00104000 08:06 3675437                    /lib/x86_64-linux-gnu/libm-2.19.so
7fde850ca000-7fde850cb000 rw-p 00105000 08:06 3675437                    /lib/x86_64-linux-gnu/libm-2.19.so
7fde850cb000-7fde85d8a000 r-xp 00000000 08:06 2898021                    /usr/lib/jvm/java-8-oracle/jre/lib/amd64/server/libjvm.so
7fde85d8a000-7fde85f89000 ---p 00cbf000 08:06 2898021                    /usr/lib/jvm/java-8-oracle/jre/lib/amd64/server/libjvm.so
7fde85f89000-7fde86062000 rw-p 00cbe000 08:06 2898021                    /usr/lib/jvm/java-8-oracle/jre/lib/amd64/server/libjvm.so
7fde86062000-7fde860ab000 rw-p 00000000 00:00 0 
7fde860ab000-7fde86266000 r-xp 00000000 08:06 3675472                    /lib/x86_64-linux-gnu/libc-2.19.so
7fde86266000-7fde86465000 ---p 001bb000 08:06 3675472                    /lib/x86_64-linux-gnu/libc-2.19.so
7fde86465000-7fde86469000 r--p 001ba000 08:06 3675472                    /lib/x86_64-linux-gnu/libc-2.19.so
7fde86469000-7fde8646b000 rw-p 001be000 08:06 3675472                    /lib/x86_64-linux-gnu/libc-2.19.so
7fde8646b000-7fde86470000 rw-p 00000000 00:00 0 
7fde86470000-7fde86473000 r-xp 00000000 08:06 3675444                    /lib/x86_64-linux-gnu/libdl-2.19.so
7fde86473000-7fde86672000 ---p 00003000 08:06 3675444                    /lib/x86_64-linux-gnu/libdl-2.19.so
7fde86672000-7fde86673000 r--p 00002000 08:06 3675444                    /lib/x86_64-linux-gnu/libdl-2.19.so
7fde86673000-7fde86674000 rw-p 00003000 08:06 3675444                    /lib/x86_64-linux-gnu/libdl-2.19.so
7fde86674000-7fde86689000 r-xp 00000000 08:06 2629365                    /usr/lib/jvm/java-8-oracle/lib/amd64/jli/libjli.so
7fde86689000-7fde86889000 ---p 00015000 08:06 2629365                    /usr/lib/jvm/java-8-oracle/lib/amd64/jli/libjli.so
7fde86889000-7fde8688a000 rw-p 00015000 08:06 2629365                    /usr/lib/jvm/java-8-oracle/lib/amd64/jli/libjli.so
7fde8688a000-7fde868a3000 r-xp 00000000 08:06 3675449                    /lib/x86_64-linux-gnu/libpthread-2.19.so
7fde868a3000-7fde86aa2000 ---p 00019000 08:06 3675449                    /lib/x86_64-linux-gnu/libpthread-2.19.so
7fde86aa2000-7fde86aa3000 r--p 00018000 08:06 3675449                    /lib/x86_64-linux-gnu/libpthread-2.19.so
7fde86aa3000-7fde86aa4000 rw-p 00019000 08:06 3675449                    /lib/x86_64-linux-gnu/libpthread-2.19.so
7fde86aa4000-7fde86aa8000 rw-p 00000000 00:00 0 
7fde86aa8000-7fde86acb000 r-xp 00000000 08:06 3675451                    /lib/x86_64-linux-gnu/ld-2.19.so
7fde86acb000-7fde86acc000 r--s 00001000 08:06 2237108                    /tmp/sbt-global-plugin1stub/boot/scala-2.10.6/org.scala-sbt/sbt/0.13.11/json4s-support_2.10-0.6.0.jar
7fde86acc000-7fde86b9e000 rw-p 00000000 00:00 0 
7fde86b9e000-7fde86ba1000 ---p 00000000 00:00 0 
7fde86ba1000-7fde86ca3000 rw-p 00000000 00:00 0                          [stack:18232]
7fde86ca3000-7fde86ca6000 r--s 00018000 08:06 2239471                    /tmp/sbt-global-plugin1stub/boot/scala-2.10.6/lib/jansi.jar
7fde86ca6000-7fde86caa000 r--s 00025000 08:06 2239472                    /tmp/sbt-global-plugin1stub/boot/scala-2.10.6/lib/jline.jar
7fde86caa000-7fde86cbe000 rw-p 00000000 00:00 0 
7fde86cbe000-7fde86cc6000 rw-s 00000000 08:06 2234234                    /tmp/hsperfdata_rafael/18231
7fde86cc6000-7fde86cc7000 rw-p 00000000 00:00 0 
7fde86cc7000-7fde86cc8000 ---p 00000000 00:00 0 
7fde86cc8000-7fde86cca000 rw-p 00000000 00:00 0 
7fde86cca000-7fde86ccb000 r--p 00022000 08:06 3675451                    /lib/x86_64-linux-gnu/ld-2.19.so
7fde86ccb000-7fde86ccc000 rw-p 00023000 08:06 3675451                    /lib/x86_64-linux-gnu/ld-2.19.so
7fde86ccc000-7fde86ccd000 rw-p 00000000 00:00 0 
7fff58be7000-7fff58c08000 rw-p 00000000 00:00 0                          [stack]
7fff58dc7000-7fff58dc9000 r-xp 00000000 00:00 0                          [vdso]
ffffffffff600000-ffffffffff601000 r-xp 00000000 00:00 0                  [vsyscall]

VM Arguments:
jvm_args: -Dfile.encoding=UTF8 -Djline.terminal=none -Dsbt.log.noformat=true -Dsbt.global.base=/tmp/sbt-global-plugin1stub -Xms512M -Xmx1024M -Xss1M -XX:+CMSClassUnloadingEnabled -XX:MaxPermSize=256M 
java_command: xsbt.boot.Boot run 9090
java_class_path (initial): /home/rafael/.IntelliJIdea15/config/plugins/Scala/launcher/sbt-launch.jar
Launcher Type: SUN_STANDARD

Environment Variables:
JAVA_HOME=/usr/lib/jvm/java-8-oracle
PATH=/usr/local/sbin:/usr/local/bin:/usr/sbin:/usr/bin:/sbin:/bin:/usr/games:/usr/local/games:/usr/lib/jvm/java-8-oracle/bin:/usr/lib/jvm/java-8-oracle/db/bin:/usr/lib/jvm/java-8-oracle/jre/bin
LD_LIBRARY_PATH=/home/rafael/Documentos/idea-IU-143.1821.5/bin:
SHELL=/bin/bash
DISPLAY=:0

Signal Handlers:
SIGSEGV: [libjvm.so+0xabb070], sa_mask[0]=11111111011111111101111111111110, sa_flags=SA_RESTART|SA_SIGINFO
SIGBUS: [libjvm.so+0xabb070], sa_mask[0]=11111111011111111101111111111110, sa_flags=SA_RESTART|SA_SIGINFO
SIGFPE: [libjvm.so+0x918480], sa_mask[0]=11111111011111111101111111111110, sa_flags=SA_RESTART|SA_SIGINFO
SIGPIPE: [libjvm.so+0x918480], sa_mask[0]=11111111011111111101111111111110, sa_flags=SA_RESTART|SA_SIGINFO
SIGXFSZ: [libjvm.so+0x918480], sa_mask[0]=11111111011111111101111111111110, sa_flags=SA_RESTART|SA_SIGINFO
SIGILL: [libjvm.so+0x918480], sa_mask[0]=11111111011111111101111111111110, sa_flags=SA_RESTART|SA_SIGINFO
SIGUSR1: SIG_DFL, sa_mask[0]=00000000000000000000000000000000, sa_flags=none
SIGUSR2: [libjvm.so+0x919ab0], sa_mask[0]=00100000000000000000000000000000, sa_flags=SA_RESTART|SA_SIGINFO
SIGHUP: [libjvm.so+0x91aeb0], sa_mask[0]=11111111011111111101111111111110, sa_flags=SA_RESTART|SA_SIGINFO
SIGINT: [libjvm.so+0x91aeb0], sa_mask[0]=11111111011111111101111111111110, sa_flags=SA_RESTART|SA_SIGINFO
SIGTERM: [libjvm.so+0x91aeb0], sa_mask[0]=11111111011111111101111111111110, sa_flags=SA_RESTART|SA_SIGINFO
SIGQUIT: [libjvm.so+0x91aeb0], sa_mask[0]=11111111011111111101111111111110, sa_flags=SA_RESTART|SA_SIGINFO


---------------  S Y S T E M  ---------------

OS:DISTRIB_ID=Ubuntu
DISTRIB_RELEASE=14.04
DISTRIB_CODENAME=trusty
DISTRIB_DESCRIPTION="Ubuntu 14.04.4 LTS"

uname:Linux 3.13.0-85-generic #129-Ubuntu SMP Thu Mar 17 20:50:15 UTC 2016 x86_64
libc:glibc 2.19 NPTL 2.19 
rlimit: STACK 8192k, CORE 0k, NPROC 31153, NOFILE 4096, AS infinity
load average:2,22 2,11 2,21

/proc/meminfo:
MemTotal:        4009200 kB
MemFree:          139612 kB
Buffers:           32516 kB
Cached:           352240 kB
SwapCached:       190036 kB
Active:          2440676 kB
Inactive:        1107324 kB
Active(anon):    2280824 kB
Inactive(anon):   973192 kB
Active(file):     159852 kB
Inactive(file):   134132 kB
Unevictable:          72 kB
Mlocked:              72 kB
SwapTotal:       4153340 kB
SwapFree:        2251916 kB
Dirty:             12144 kB
Writeback:             0 kB
AnonPages:       3118664 kB
Mapped:           235180 kB
Shmem:             90476 kB
Slab:             152720 kB
SReclaimable:     102920 kB
SUnreclaim:        49800 kB
KernelStack:        6344 kB
PageTables:        58228 kB
NFS_Unstable:          0 kB
Bounce:                0 kB
WritebackTmp:          0 kB
CommitLimit:     6157940 kB
Committed_AS:   11018620 kB
VmallocTotal:   34359738367 kB
VmallocUsed:      115500 kB
VmallocChunk:   34359616508 kB
HardwareCorrupted:     0 kB
AnonHugePages:   1110016 kB
HugePages_Total:       0
HugePages_Free:        0
HugePages_Rsvd:        0
HugePages_Surp:        0
Hugepagesize:       2048 kB
DirectMap4k:      205312 kB
DirectMap2M:     3950592 kB


CPU:total 4 (2 cores per cpu, 2 threads per core) family 6 model 58 stepping 9, cmov, cx8, fxsr, mmx, sse, sse2, sse3, ssse3, sse4.1, sse4.2, popcnt, avx, aes, clmul, erms, ht, tsc, tscinvbit, tscinv

/proc/cpuinfo:
processor	: 0
vendor_id	: GenuineIntel
cpu family	: 6
model		: 58
model name	: Intel(R) Core(TM) i5-3230M CPU @ 2.60GHz
stepping	: 9
microcode	: 0x15
cpu MHz		: 2400.000
cache size	: 3072 KB
physical id	: 0
siblings	: 4
core id		: 0
cpu cores	: 2
apicid		: 0
initial apicid	: 0
fpu		: yes
fpu_exception	: yes
cpuid level	: 13
wp		: yes
flags		: fpu vme de pse tsc msr pae mce cx8 apic sep mtrr pge mca cmov pat pse36 clflush dts acpi mmx fxsr sse sse2 ss ht tm pbe syscall nx rdtscp lm constant_tsc arch_perfmon pebs bts rep_good nopl xtopology nonstop_tsc aperfmperf eagerfpu pni pclmulqdq dtes64 monitor ds_cpl vmx est tm2 ssse3 cx16 xtpr pdcm pcid sse4_1 sse4_2 x2apic popcnt tsc_deadline_timer aes xsave avx f16c rdrand lahf_lm ida arat epb xsaveopt pln pts dtherm tpr_shadow vnmi flexpriority ept vpid fsgsbase smep erms
bogomips	: 5188.51
clflush size	: 64
cache_alignment	: 64
address sizes	: 36 bits physical, 48 bits virtual
power management:

processor	: 1
vendor_id	: GenuineIntel
cpu family	: 6
model		: 58
model name	: Intel(R) Core(TM) i5-3230M CPU @ 2.60GHz
stepping	: 9
microcode	: 0x15
cpu MHz		: 2400.000
cache size	: 3072 KB
physical id	: 0
siblings	: 4
core id		: 0
cpu cores	: 2
apicid		: 1
initial apicid	: 1
fpu		: yes
fpu_exception	: yes
cpuid level	: 13
wp		: yes
flags		: fpu vme de pse tsc msr pae mce cx8 apic sep mtrr pge mca cmov pat pse36 clflush dts acpi mmx fxsr sse sse2 ss ht tm pbe syscall nx rdtscp lm constant_tsc arch_perfmon pebs bts rep_good nopl xtopology nonstop_tsc aperfmperf eagerfpu pni pclmulqdq dtes64 monitor ds_cpl vmx est tm2 ssse3 cx16 xtpr pdcm pcid sse4_1 sse4_2 x2apic popcnt tsc_deadline_timer aes xsave avx f16c rdrand lahf_lm ida arat epb xsaveopt pln pts dtherm tpr_shadow vnmi flexpriority ept vpid fsgsbase smep erms
bogomips	: 5188.51
clflush size	: 64
cache_alignment	: 64
address sizes	: 36 bits physical, 48 bits virtual
power management:

processor	: 2
vendor_id	: GenuineIntel
cpu family	: 6
model		: 58
model name	: Intel(R) Core(TM) i5-3230M CPU @ 2.60GHz
stepping	: 9
microcode	: 0x15
cpu MHz		: 2600.000
cache size	: 3072 KB
physical id	: 0
siblings	: 4
core id		: 1
cpu cores	: 2
apicid		: 2
initial apicid	: 2
fpu		: yes
fpu_exception	: yes
cpuid level	: 13
wp		: yes
flags		: fpu vme de pse tsc msr pae mce cx8 apic sep mtrr pge mca cmov pat pse36 clflush dts acpi mmx fxsr sse sse2 ss ht tm pbe syscall nx rdtscp lm constant_tsc arch_perfmon pebs bts rep_good nopl xtopology nonstop_tsc aperfmperf eagerfpu pni pclmulqdq dtes64 monitor ds_cpl vmx est tm2 ssse3 cx16 xtpr pdcm pcid sse4_1 sse4_2 x2apic popcnt tsc_deadline_timer aes xsave avx f16c rdrand lahf_lm ida arat epb xsaveopt pln pts dtherm tpr_shadow vnmi flexpriority ept vpid fsgsbase smep erms
bogomips	: 5188.51
clflush size	: 64
cache_alignment	: 64
address sizes	: 36 bits physical, 48 bits virtual
power management:

processor	: 3
vendor_id	: GenuineIntel
cpu family	: 6
model		: 58
model name	: Intel(R) Core(TM) i5-3230M CPU @ 2.60GHz
stepping	: 9
microcode	: 0x15
cpu MHz		: 2600.000
cache size	: 3072 KB
physical id	: 0
siblings	: 4
core id		: 1
cpu cores	: 2
apicid		: 3
initial apicid	: 3
fpu		: yes
fpu_exception	: yes
cpuid level	: 13
wp		: yes
flags		: fpu vme de pse tsc msr pae mce cx8 apic sep mtrr pge mca cmov pat pse36 clflush dts acpi mmx fxsr sse sse2 ss ht tm pbe syscall nx rdtscp lm constant_tsc arch_perfmon pebs bts rep_good nopl xtopology nonstop_tsc aperfmperf eagerfpu pni pclmulqdq dtes64 monitor ds_cpl vmx est tm2 ssse3 cx16 xtpr pdcm pcid sse4_1 sse4_2 x2apic popcnt tsc_deadline_timer aes xsave avx f16c rdrand lahf_lm ida arat epb xsaveopt pln pts dtherm tpr_shadow vnmi flexpriority ept vpid fsgsbase smep erms
bogomips	: 5188.51
clflush size	: 64
cache_alignment	: 64
address sizes	: 36 bits physical, 48 bits virtual
power management:



Memory: 4k page, physical 4009200k(139612k free), swap 4153340k(2251916k free)

vm_info: Java HotSpot(TM) 64-Bit Server VM (25.77-b03) for linux-amd64 JRE (1.8.0_77-b03), built on Mar 20 2016 22:00:46 by "java_re" with gcc 4.3.0 20080428 (Red Hat 4.3.0-8)

time: Mon Apr 18 12:26:24 2016
elapsed time: 637 seconds (0d 0h 10m 37s)

