#
# A fatal error has been detected by the Java Runtime Environment:
#
#  SIGSEGV (0xb) at pc=0x00007ff63a9cbcf3, pid=8150, tid=140695486359296
#
# JRE version: Java(TM) SE Runtime Environment (8.0_77-b03) (build 1.8.0_77-b03)
# Java VM: Java HotSpot(TM) 64-Bit Server VM (25.77-b03 mixed mode linux-amd64 compressed oops)
# Problematic frame:
# V  [libjvm.so+0x64ccf3]  InstanceKlass::oop_follow_contents(ParCompactionManager*, oopDesc*)+0x4b3
#
# Failed to write core dump. Core dumps have been disabled. To enable core dumping, try "ulimit -c unlimited" before starting Java again
#
# If you would like to submit a bug report, please visit:
#   http://bugreport.java.com/bugreport/crash.jsp
#

---------------  T H R E A D  ---------------

Current thread (0x00007ff634021000):  GCTaskThread [stack: 0x00007ff6386c6000,0x00007ff6387c7000] [id=8154]

siginfo: si_signo: 11 (SIGSEGV), si_code: 1 (SEGV_MAPERR), si_addr: 0x00000000000000d0

Registers:
RAX=0x00007ff63b300830, RBX=0x00000000c2000820, RCX=0x0000000000000003, RDX=0x0000000000000001
RSP=0x00007ff6387c5700, RBP=0x00007ff6387c5760, RSI=0x0000000000000010, RDI=0x00000000000000c8
R8 =0x00000000c22e0818, R9 =0x0000000000004000, R10=0x0000000000000004, R11=0x00007ff63b3300e0
R12=0x00007ff63b334100, R13=0x00000000c22e0814, R14=0x00007ff634074a70, R15=0x00007ff634074a70
RIP=0x00007ff63a9cbcf3, EFLAGS=0x0000000000010202, CSGSFS=0x0000000000000033, ERR=0x0000000000000004
  TRAPNO=0x000000000000000e

Top of Stack: (sp=0x00007ff6387c5700)
0x00007ff6387c5700:   00000000c22e0868 00000000c22e0808
0x00007ff6387c5710:   0000000100001938 0000000100001940
0x00007ff6387c5720:   00007ff63b2e8ae8 00007ff634074ab0
0x00007ff6387c5730:   00000000c1c31e80 00007ff63b3300e0
0x00007ff6387c5740:   00007ff634074a70 0000000000000001
0x00007ff6387c5750:   00007ff634074a70 00000000c28ca0f0
0x00007ff6387c5760:   00007ff6387c58f0 00007ff63acf1032
0x00007ff6387c5770:   000000010004ae10 000000010004ae10
0x00007ff6387c5780:   00007ff634074a80 00007ff6387c58a0
0x00007ff6387c5790:   00007ff6387c5870 00007ff6387c5850
0x00007ff6387c57a0:   00007ff6387c5840 00007ff6387c5830
0x00007ff6387c57b0:   00007ff6387c5820 00007ff6387c5810
0x00007ff6387c57c0:   00007ff63b324c19 00007ff634074b30
0x00007ff6387c57d0:   00000000c1998498 00000000c257fe50
0x00007ff6387c57e0:   00007ff634074a80 00007ff6387c5900
0x00007ff6387c57f0:   0000000000000400 0000000000000400
0x00007ff6387c5800:   00007ff634074ab0 00007ff6387c58b8
0x00007ff6387c5810:   00007ff6387c5880 00007ff6387c5870
0x00007ff6387c5820:   00007ff63b324c19 00007ff634074b30
0x00007ff6387c5830:   00000000c257ee40 00007ff63b300820
0x00007ff6387c5840:   0000000000000000 00007ff634075128
0x00007ff6387c5850:   0000000000000000 0000000000000000
0x00007ff6387c5860:   00007ff63b334100 00000000c1c31448
0x00007ff6387c5870:   00000000c1e92ed0 00007ff63b334100
0x00007ff6387c5880:   00007ff6387c58f0 00007ff63a9cbb7f
0x00007ff6387c5890:   00000000c1e92ecc 00000000c1e92eb8
0x00007ff6387c58a0:   0000180400002947 00000001006cb358
0x00007ff6387c58b0:   0000180500002947 00000000c22e0808
0x00007ff6387c58c0:   00007ff63bb498a4 0000000000000000
0x00007ff6387c58d0:   00007ff634074860 0000000000000001
0x00007ff6387c58e0:   00007ff634074a70 00000000c28ca0f0
0x00007ff6387c58f0:   00007ff6387c5a30 00007ff63acd7725 

Instructions: (pc=0x00007ff63a9cbcf3)
0x00007ff63a9cbcd3:   00 e9 09 fd ff ff 0f 1f 80 00 00 00 00 48 8b 05
0x00007ff63a9cbce3:   61 5b 91 00 8b 7b 08 8b 48 08 48 d3 e7 48 03 38
0x00007ff63a9cbcf3:   8b 77 08 83 fe 00 0f 8f 3e fe ff ff 74 6f 48 8b
0x00007ff63a9cbd03:   05 50 88 91 00 80 fa 01 48 19 d2 83 e2 04 48 63 

Register to memory mapping:

RAX=0x00007ff63b300830: <offset 0xf81830> in /usr/lib/jvm/java-8-oracle/jre/lib/amd64/server/libjvm.so at 0x00007ff63a37f000
RBX=0x00000000c2000820 is pointing into object: 0x00000000c2000810
java.lang.String 
 - klass: 'java/lang/String'
RCX=0x0000000000000003 is an unknown value
RDX=0x0000000000000001 is an unknown value
RSP=0x00007ff6387c5700 is an unknown value
RBP=0x00007ff6387c5760 is an unknown value
RSI=0x0000000000000010 is an unknown value
RDI=0x00000000000000c8 is an unknown value
R8 =0x00000000c22e0818 is pointing into object: 0x00000000c22e0808
java.lang.String 
 - klass: 'java/lang/String'
R9 =0x0000000000004000 is an unknown value
R10=0x0000000000000004 is an unknown value
R11=0x00007ff63b3300e0: <offset 0xfb10e0> in /usr/lib/jvm/java-8-oracle/jre/lib/amd64/server/libjvm.so at 0x00007ff63a37f000
R12=0x00007ff63b334100: <offset 0xfb5100> in /usr/lib/jvm/java-8-oracle/jre/lib/amd64/server/libjvm.so at 0x00007ff63a37f000
R13=0x00000000c22e0814 is pointing into object: 0x00000000c22e0808
java.lang.String 
 - klass: 'java/lang/String'
R14=0x00007ff634074a70 is an unknown value
R15=0x00007ff634074a70 is an unknown value


Stack: [0x00007ff6386c6000,0x00007ff6387c7000],  sp=0x00007ff6387c5700,  free space=1021k
Native frames: (J=compiled Java code, j=interpreted, Vv=VM code, C=native code)
V  [libjvm.so+0x64ccf3]  InstanceKlass::oop_follow_contents(ParCompactionManager*, oopDesc*)+0x4b3
V  [libjvm.so+0x972032]  ParCompactionManager::follow_marking_stacks()+0x232
V  [libjvm.so+0x958725]  StealMarkingTask::do_it(GCTaskManager*, unsigned int)+0x325
V  [libjvm.so+0x5d459f]  GCTaskThread::run()+0x12f
V  [libjvm.so+0x91d9d8]  java_start(Thread*)+0x108


---------------  P R O C E S S  ---------------

Java Threads: ( => current thread )
  0x00007ff5e0847000 JavaThread "netty-event-loop-2" [_thread_blocked, id=8203, stack(0x00007ff5abbfe000,0x00007ff5abcff000)]
  0x00007ff634d1a800 JavaThread "sbt-web-akka.actor.default-dispatcher-2" [_thread_blocked, id=8185, stack(0x00007ff5edf96000,0x00007ff5ee097000)]
  0x00007ff634f20800 JavaThread "sbt-web-scheduler-1" [_thread_blocked, id=8184, stack(0x00007ff5ee499000,0x00007ff5ee59a000)]
  0x00007ff6340c0800 JavaThread "Service Thread" daemon [_thread_blocked, id=8164, stack(0x00007ff614bb5000,0x00007ff614cb6000)]
  0x00007ff6340bd800 JavaThread "C1 CompilerThread2" daemon [_thread_blocked, id=8163, stack(0x00007ff614cb6000,0x00007ff614db7000)]
  0x00007ff6340bb800 JavaThread "C2 CompilerThread1" daemon [_thread_blocked, id=8162, stack(0x00007ff614db7000,0x00007ff614eb8000)]
  0x00007ff6340b8800 JavaThread "C2 CompilerThread0" daemon [_thread_blocked, id=8161, stack(0x00007ff614eb8000,0x00007ff614fb9000)]
  0x00007ff6340b7000 JavaThread "Signal Dispatcher" daemon [_thread_blocked, id=8160, stack(0x00007ff614fb9000,0x00007ff6150ba000)]
  0x00007ff634084000 JavaThread "Finalizer" daemon [_thread_blocked, id=8159, stack(0x00007ff6154f5000,0x00007ff6155f6000)]
  0x00007ff63407f800 JavaThread "Reference Handler" daemon [_thread_blocked, id=8158, stack(0x00007ff6155f6000,0x00007ff6156f7000)]
  0x00007ff63400a000 JavaThread "main" [_thread_blocked, id=8152, stack(0x00007ff63be52000,0x00007ff63bf53000)]

Other Threads:
  0x00007ff634078000 VMThread [stack: 0x00007ff6156f7000,0x00007ff6157f8000] [id=8157]
  0x00007ff6340c3000 WatcherThread [stack: 0x00007ff614ab4000,0x00007ff614bb5000] [id=8165]

=>0x00007ff634021000 (exited) GCTaskThread [stack: 0x00007ff6386c6000,0x00007ff6387c7000] [id=8154]

VM state:at safepoint (normal execution)

VM Mutex/Monitor currently owned by a thread:  ([mutex/lock_event])
[0x00007ff634006320] Threads_lock - owner thread: 0x00007ff634078000
[0x00007ff634006820] Heap_lock - owner thread: 0x00007ff63400a000

Heap:
 PSYoungGen      total 273408K, used 7214K [0x00000000eab00000, 0x0000000100000000, 0x0000000100000000)
  eden space 222208K, 0% used [0x00000000eab00000,0x00000000eab00000,0x00000000f8400000)
  from space 51200K, 14% used [0x00000000fce00000,0x00000000fd50b818,0x0000000100000000)
  to   space 63488K, 0% used [0x00000000f8400000,0x00000000f8400000,0x00000000fc200000)
 ParOldGen       total 398848K, used 122086K [0x00000000c0000000, 0x00000000d8580000, 0x00000000eab00000)
  object space 398848K, 30% used [0x00000000c0000000,0x00000000c7739ac0,0x00000000d8580000)
 Metaspace       used 132950K, capacity 134087K, committed 134400K, reserved 1161216K
  class space    used 21663K, capacity 21974K, committed 22016K, reserved 1048576K

Card table byte_map: [0x00007ff638a1e000,0x00007ff638c1f000] byte_map_base: 0x00007ff63841e000

Marking Bits: (ParMarkBitMap*) 0x00007ff63b334100
 Begin Bits: [0x00007ff616000000, 0x00007ff617000000)
 End Bits:   [0x00007ff617000000, 0x00007ff618000000)

Polling page: 0x00007ff63bf7b000

CodeCache: size=245760Kb used=49920Kb max_used=49930Kb free=195839Kb
 bounds [0x00007ff625000000, 0x00007ff628110000, 0x00007ff634000000]
 total_blobs=17112 nmethods=16525 adapters=493
 compilation: enabled

Compilation events (10 events):
Event: 1191,798 Thread 0x00007ff6340bd800 20757       1       scala.collection.immutable.VectorIterator::depth_$eq (6 bytes)
Event: 1191,798 Thread 0x00007ff6340bb800 20758       4       scala.runtime.BoxesRunTime::boxToInteger (5 bytes)
Event: 1191,799 Thread 0x00007ff6340bd800 nmethod 20757 0x00007ff62810a1d0 code [0x00007ff62810a320, 0x00007ff62810a430]
Event: 1191,801 Thread 0x00007ff6340bd800 20759       3       scala.concurrent.ExecutionContext$class::prepare (2 bytes)
Event: 1191,801 Thread 0x00007ff6340bd800 nmethod 20759 0x00007ff628109ed0 code [0x00007ff62810a020, 0x00007ff62810a150]
Event: 1191,801 Thread 0x00007ff6340bd800 20760       3       scala.concurrent.duration.FiniteDuration::length (5 bytes)
Event: 1191,801 Thread 0x00007ff6340bd800 nmethod 20760 0x00007ff628109b90 code [0x00007ff628109ce0, 0x00007ff628109e30]
Event: 1191,802 Thread 0x00007ff6340bb800 nmethod 20758 0x00007ff6281083d0 code [0x00007ff628108520, 0x00007ff6281085f8]
Event: 1192,681 Thread 0x00007ff6340bd800 20761       1       sbt.TypeFunctions$$anonfun$const$1::apply (5 bytes)
Event: 1192,681 Thread 0x00007ff6340bd800 nmethod 20761 0x00007ff628108110 code [0x00007ff628108260, 0x00007ff628108370]

GC Heap History (10 events):
Event: 296,075 GC heap after
Heap after GC invocations=23 (full 8):
 PSYoungGen      total 295424K, used 0K [0x00000000eab00000, 0x0000000100000000, 0x0000000100000000)
  eden space 243200K, 0% used [0x00000000eab00000,0x00000000eab00000,0x00000000f9880000)
  from space 52224K, 0% used [0x00000000f9880000,0x00000000f9880000,0x00000000fcb80000)
  to   space 51200K, 0% used [0x00000000fce00000,0x00000000fce00000,0x0000000100000000)
 ParOldGen       total 398848K, used 70831K [0x00000000c0000000, 0x00000000d8580000, 0x00000000eab00000)
  object space 398848K, 17% used [0x00000000c0000000,0x00000000c452bfc0,0x00000000d8580000)
 Metaspace       used 126771K, capacity 127577K, committed 131328K, reserved 1159168K
  class space    used 20847K, capacity 21114K, committed 21760K, reserved 1048576K
}
Event: 296,083 GC heap before
{Heap before GC invocations=24 (full 8):
 PSYoungGen      total 295424K, used 1535K [0x00000000eab00000, 0x0000000100000000, 0x0000000100000000)
  eden space 243200K, 0% used [0x00000000eab00000,0x00000000eac7fd90,0x00000000f9880000)
  from space 52224K, 0% used [0x00000000f9880000,0x00000000f9880000,0x00000000fcb80000)
  to   space 51200K, 0% used [0x00000000fce00000,0x00000000fce00000,0x0000000100000000)
 ParOldGen       total 398848K, used 70831K [0x00000000c0000000, 0x00000000d8580000, 0x00000000eab00000)
  object space 398848K, 17% used [0x00000000c0000000,0x00000000c452bfc0,0x00000000d8580000)
 Metaspace       used 126771K, capacity 127577K, committed 131328K, reserved 1159168K
  class space    used 20847K, capacity 21114K, committed 21760K, reserved 1048576K
Event: 296,088 GC heap after
Heap after GC invocations=24 (full 8):
 PSYoungGen      total 297984K, used 64K [0x00000000eab00000, 0x0000000100000000, 0x0000000100000000)
  eden space 246784K, 0% used [0x00000000eab00000,0x00000000eab00000,0x00000000f9c00000)
  from space 51200K, 0% used [0x00000000fce00000,0x00000000fce10000,0x0000000100000000)
  to   space 51200K, 0% used [0x00000000f9c00000,0x00000000f9c00000,0x00000000fce00000)
 ParOldGen       total 398848K, used 70831K [0x00000000c0000000, 0x00000000d8580000, 0x00000000eab00000)
  object space 398848K, 17% used [0x00000000c0000000,0x00000000c452bfc0,0x00000000d8580000)
 Metaspace       used 126771K, capacity 127577K, committed 131328K, reserved 1159168K
  class space    used 20847K, capacity 21114K, committed 21760K, reserved 1048576K
}
Event: 296,088 GC heap before
{Heap before GC invocations=25 (full 9):
 PSYoungGen      total 297984K, used 64K [0x00000000eab00000, 0x0000000100000000, 0x0000000100000000)
  eden space 246784K, 0% used [0x00000000eab00000,0x00000000eab00000,0x00000000f9c00000)
  from space 51200K, 0% used [0x00000000fce00000,0x00000000fce10000,0x0000000100000000)
  to   space 51200K, 0% used [0x00000000f9c00000,0x00000000f9c00000,0x00000000fce00000)
 ParOldGen       total 398848K, used 70831K [0x00000000c0000000, 0x00000000d8580000, 0x00000000eab00000)
  object space 398848K, 17% used [0x00000000c0000000,0x00000000c452bfc0,0x00000000d8580000)
 Metaspace       used 126771K, capacity 127577K, committed 131328K, reserved 1159168K
  class space    used 20847K, capacity 21114K, committed 21760K, reserved 1048576K
Event: 296,374 GC heap after
Heap after GC invocations=25 (full 9):
 PSYoungGen      total 297984K, used 0K [0x00000000eab00000, 0x0000000100000000, 0x0000000100000000)
  eden space 246784K, 0% used [0x00000000eab00000,0x00000000eab00000,0x00000000f9c00000)
  from space 51200K, 0% used [0x00000000fce00000,0x00000000fce00000,0x0000000100000000)
  to   space 51200K, 0% used [0x00000000f9c00000,0x00000000f9c00000,0x00000000fce00000)
 ParOldGen       total 398848K, used 64581K [0x00000000c0000000, 0x00000000d8580000, 0x00000000eab00000)
  object space 398848K, 16% used [0x00000000c0000000,0x00000000c3f117d0,0x00000000d8580000)
 Metaspace       used 126771K, capacity 127577K, committed 131328K, reserved 1159168K
  class space    used 20847K, capacity 21114K, committed 21760K, reserved 1048576K
}
Event: 302,282 GC heap before
{Heap before GC invocations=26 (full 9):
 PSYoungGen      total 297984K, used 246784K [0x00000000eab00000, 0x0000000100000000, 0x0000000100000000)
  eden space 246784K, 100% used [0x00000000eab00000,0x00000000f9c00000,0x00000000f9c00000)
  from space 51200K, 0% used [0x00000000fce00000,0x00000000fce00000,0x0000000100000000)
  to   space 51200K, 0% used [0x00000000f9c00000,0x00000000f9c00000,0x00000000fce00000)
 ParOldGen       total 398848K, used 64581K [0x00000000c0000000, 0x00000000d8580000, 0x00000000eab00000)
  object space 398848K, 16% used [0x00000000c0000000,0x00000000c3f117d0,0x00000000d8580000)
 Metaspace       used 131238K, capacity 132113K, committed 132736K, reserved 1161216K
  class space    used 21539K, capacity 21833K, committed 21888K, reserved 1048576K
Event: 302,480 GC heap after
Heap after GC invocations=26 (full 9):
 PSYoungGen      total 297984K, used 51171K [0x00000000eab00000, 0x0000000100000000, 0x0000000100000000)
  eden space 246784K, 0% used [0x00000000eab00000,0x00000000eab00000,0x00000000f9c00000)
  from space 51200K, 99% used [0x00000000f9c00000,0x00000000fcdf8d40,0x00000000fce00000)
  to   space 51200K, 0% used [0x00000000fce00000,0x00000000fce00000,0x0000000100000000)
 ParOldGen       total 398848K, used 77947K [0x00000000c0000000, 0x00000000d8580000, 0x00000000eab00000)
  object space 398848K, 19% used [0x00000000c0000000,0x00000000c4c1ed90,0x00000000d8580000)
 Metaspace       used 131238K, capacity 132113K, committed 132736K, reserved 1161216K
  class space    used 21539K, capacity 21833K, committed 21888K, reserved 1048576K
}
Event: 1192,870 GC heap before
{Heap before GC invocations=27 (full 9):
 PSYoungGen      total 297984K, used 208997K [0x00000000eab00000, 0x0000000100000000, 0x0000000100000000)
  eden space 246784K, 63% used [0x00000000eab00000,0x00000000f45207b8,0x00000000f9c00000)
  from space 51200K, 99% used [0x00000000f9c00000,0x00000000fcdf8d40,0x00000000fce00000)
  to   space 51200K, 0% used [0x00000000fce00000,0x00000000fce00000,0x0000000100000000)
 ParOldGen       total 398848K, used 77947K [0x00000000c0000000, 0x00000000d8580000, 0x00000000eab00000)
  object space 398848K, 19% used [0x00000000c0000000,0x00000000c4c1ed90,0x00000000d8580000)
 Metaspace       used 132950K, capacity 134087K, committed 134400K, reserved 1161216K
  class space    used 21663K, capacity 21974K, committed 22016K, reserved 1048576K
Event: 1193,085 GC heap after
Heap after GC invocations=27 (full 9):
 PSYoungGen      total 273408K, used 7214K [0x00000000eab00000, 0x0000000100000000, 0x0000000100000000)
  eden space 222208K, 0% used [0x00000000eab00000,0x00000000eab00000,0x00000000f8400000)
  from space 51200K, 14% used [0x00000000fce00000,0x00000000fd50b818,0x0000000100000000)
  to   space 63488K, 0% used [0x00000000f8400000,0x00000000f8400000,0x00000000fc200000)
 ParOldGen       total 398848K, used 122086K [0x00000000c0000000, 0x00000000d8580000, 0x00000000eab00000)
  object space 398848K, 30% used [0x00000000c0000000,0x00000000c7739ac0,0x00000000d8580000)
 Metaspace       used 132950K, capacity 134087K, committed 134400K, reserved 1161216K
  class space    used 21663K, capacity 21974K, committed 22016K, reserved 1048576K
}
Event: 1193,085 GC heap before
{Heap before GC invocations=28 (full 10):
 PSYoungGen      total 273408K, used 7214K [0x00000000eab00000, 0x0000000100000000, 0x0000000100000000)
  eden space 222208K, 0% used [0x00000000eab00000,0x00000000eab00000,0x00000000f8400000)
  from space 51200K, 14% used [0x00000000fce00000,0x00000000fd50b818,0x0000000100000000)
  to   space 63488K, 0% used [0x00000000f8400000,0x00000000f8400000,0x00000000fc200000)
 ParOldGen       total 398848K, used 122086K [0x00000000c0000000, 0x00000000d8580000, 0x00000000eab00000)
  object space 398848K, 30% used [0x00000000c0000000,0x00000000c7739ac0,0x00000000d8580000)
 Metaspace       used 132950K, capacity 134087K, committed 134400K, reserved 1161216K
  class space    used 21663K, capacity 21974K, committed 22016K, reserved 1048576K

Deoptimization events (10 events):
Event: 304,137 Thread 0x00007ff5b4016800 Uncommon trap: reason=bimorphic action=maybe_recompile pc=0x00007ff626228378 method=scala.collection.mutable.HashTable$class.resize(Lscala/collection/mutable/HashTable;I)V @ 1
Event: 304,204 Thread 0x00007ff5b4016800 Uncommon trap: reason=bimorphic action=maybe_recompile pc=0x00007ff626228378 method=scala.collection.mutable.HashTable$class.resize(Lscala/collection/mutable/HashTable;I)V @ 1
Event: 304,222 Thread 0x00007ff5b4016800 Uncommon trap: reason=speculate_class_check action=maybe_recompile pc=0x00007ff627a5ab68 method=scala.reflect.internal.InfoTransformers$InfoTransformer.nextFrom(I)Lscala/reflect/internal/InfoTransformers$InfoTransformer; @ 14
Event: 304,222 Thread 0x00007ff5b4016800 Uncommon trap: reason=speculate_class_check action=maybe_recompile pc=0x00007ff627a5ab68 method=scala.reflect.internal.InfoTransformers$InfoTransformer.nextFrom(I)Lscala/reflect/internal/InfoTransformers$InfoTransformer; @ 14
Event: 304,228 Thread 0x00007ff5b4016800 Uncommon trap: reason=unstable_if action=reinterpret pc=0x00007ff6277f3884 method=scala.tools.asm.ByteVector.putUTF8(Ljava/lang/String;)Lscala/tools/asm/ByteVector; @ 91
Event: 593,812 Thread 0x00007ff5ac00a800 Uncommon trap: reason=range_check action=make_not_entrant pc=0x00007ff626268684 method=io.netty.util.internal.AppendableCharSequence.append(C)Lio/netty/util/internal/AppendableCharSequence; @ 16
Event: 1191,106 Thread 0x00007ff5e0847000 Uncommon trap: reason=unstable_if action=reinterpret pc=0x00007ff6260f9bd8 method=io.netty.util.concurrent.SingleThreadEventExecutor.isShuttingDown()Z @ 8
Event: 1191,106 Thread 0x00007ff5ac018000 Uncommon trap: reason=unstable_if action=reinterpret pc=0x00007ff6260f9bd8 method=io.netty.util.concurrent.SingleThreadEventExecutor.isShuttingDown()Z @ 8
Event: 1191,225 Thread 0x00007ff5c4004800 Uncommon trap: reason=unstable_if action=reinterpret pc=0x00007ff62688fa34 method=io.netty.util.concurrent.AbstractScheduledEventExecutor.hasScheduledTasks()Z @ 6
Event: 1191,225 Thread 0x00007ff5c8105800 Uncommon trap: reason=unstable_if action=reinterpret pc=0x00007ff625467544 method=scala.concurrent.forkjoin.ForkJoinPool.scan(Lscala/concurrent/forkjoin/ForkJoinPool$WorkQueue;)Lscala/concurrent/forkjoin/ForkJoinTask; @ 177

Internal exceptions (10 events):
Event: 396,692 Thread 0x00007ff5ac016800 Exception <a 'java/lang/ArrayIndexOutOfBoundsException'> (0x00000000f1c86c40) thrown at [/HUDSON/workspace/8-2-build-linux-amd64/jdk8u77/6540/hotspot/src/share/vm/runtime/sharedRuntime.cpp, line 605]
Event: 405,931 Thread 0x00007ff5ac018000 Exception <a 'java/lang/ArrayIndexOutOfBoundsException'> (0x00000000f1e9cda8) thrown at [/HUDSON/workspace/8-2-build-linux-amd64/jdk8u77/6540/hotspot/src/share/vm/runtime/sharedRuntime.cpp, line 605]
Event: 405,931 Thread 0x00007ff5ac018000 Exception <a 'java/lang/ArrayIndexOutOfBoundsException'> (0x00000000f1e9d1f0) thrown at [/HUDSON/workspace/8-2-build-linux-amd64/jdk8u77/6540/hotspot/src/share/vm/runtime/sharedRuntime.cpp, line 605]
Event: 452,719 Thread 0x00007ff5e0847000 Exception <a 'java/lang/ArrayIndexOutOfBoundsException'> (0x00000000f1c12cb0) thrown at [/HUDSON/workspace/8-2-build-linux-amd64/jdk8u77/6540/hotspot/src/share/vm/runtime/sharedRuntime.cpp, line 605]
Event: 452,719 Thread 0x00007ff5e0847000 Exception <a 'java/lang/ArrayIndexOutOfBoundsException'> (0x00000000f1c130f8) thrown at [/HUDSON/workspace/8-2-build-linux-amd64/jdk8u77/6540/hotspot/src/share/vm/runtime/sharedRuntime.cpp, line 605]
Event: 593,812 Thread 0x00007ff5ac00a800 Exception <a 'java/lang/ArrayIndexOutOfBoundsException': 128> (0x00000000f25348d8) thrown at [/HUDSON/workspace/8-2-build-linux-amd64/jdk8u77/6540/hotspot/src/share/vm/interpreter/interpreterRuntime.cpp, line 366]
Event: 593,813 Thread 0x00007ff5ac00a800 Exception <a 'java/lang/ArrayIndexOutOfBoundsException'> (0x00000000f2534d20) thrown at [/HUDSON/workspace/8-2-build-linux-amd64/jdk8u77/6540/hotspot/src/share/vm/runtime/sharedRuntime.cpp, line 605]
Event: 1192,060 Thread 0x00007ff5e078d000 Exception <a 'sun/nio/fs/UnixException'> (0x00000000f40a7928) thrown at [/HUDSON/workspace/8-2-build-linux-amd64/jdk8u77/6540/hotspot/src/share/vm/prims/jni.cpp, line 709]
Event: 1192,131 Thread 0x00007ff634d43800 Exception <a 'java/io/IOException'> (0x00000000f3be5060) thrown at [/HUDSON/workspace/8-2-build-linux-amd64/jdk8u77/6540/hotspot/src/share/vm/prims/jni.cpp, line 709]
Event: 1192,193 Thread 0x00007ff634d43800 Exception <a 'java/io/IOException'> (0x00000000f3be5350) thrown at [/HUDSON/workspace/8-2-build-linux-amd64/jdk8u77/6540/hotspot/src/share/vm/prims/jni.cpp, line 709]

Events (10 events):
Event: 1192,131 loading class play/runsupport/Reloader$$anon$2$$anonfun$close$2
Event: 1192,131 loading class play/runsupport/Reloader$$anon$2$$anonfun$close$2 done
Event: 1192,131 loading class java/io/InterruptedIOException
Event: 1192,164 loading class java/nio/file/ClosedWatchServiceException done
Event: 1192,193 loading class java/io/InterruptedIOException done
Event: 1192,193 Thread 0x00007ff63400a000 DEOPT PACKING pc=0x00007ff625346cb4 sp=0x00007ff63bf50040
Event: 1192,193 Thread 0x00007ff63400a000 DEOPT UNPACKING pc=0x00007ff625047633 sp=0x00007ff63bf4fe08 mode 0
Event: 1192,280 Thread 0x00007ff5e0791000 Thread exited: 0x00007ff5e0791000
Event: 1192,681 Thread 0x00007ff634d43800 Thread exited: 0x00007ff634d43800
Event: 1192,829 Executing VM operation: ParallelGCSystemGC


Dynamic libraries:
00400000-00401000 r-xp 00000000 08:06 2628379                            /usr/lib/jvm/java-8-oracle/bin/java
00600000-00601000 rw-p 00000000 08:06 2628379                            /usr/lib/jvm/java-8-oracle/bin/java
00912000-0095b000 rw-p 00000000 00:00 0                                  [heap]
c0000000-d8580000 rw-p 00000000 00:00 0 
d8580000-eab00000 ---p 00000000 00:00 0 
eab00000-100000000 rw-p 00000000 00:00 0 
100000000-101580000 rw-p 00000000 00:00 0 
101580000-140000000 ---p 00000000 00:00 0 
7ff59c000000-7ff59c588000 rw-p 00000000 00:00 0 
7ff59c588000-7ff5a0000000 ---p 00000000 00:00 0 
7ff5a31a1000-7ff5a31a4000 ---p 00000000 00:00 0 
7ff5a31a4000-7ff5a32a2000 rw-p 00000000 00:00 0 
7ff5a32a2000-7ff5a32a5000 ---p 00000000 00:00 0 
7ff5a32a5000-7ff5a3563000 rw-p 00000000 00:00 0 
7ff5a3563000-7ff5a35a3000 ---p 00000000 00:00 0 
7ff5a35a3000-7ff5a37a3000 rw-p 00000000 00:00 0 
7ff5a37a3000-7ff5a39a3000 rw-p 00000000 00:00 0 
7ff5a39a3000-7ff5a39b9000 r-xp 00000000 08:06 3674032                    /lib/x86_64-linux-gnu/libgcc_s.so.1
7ff5a39b9000-7ff5a3bb8000 ---p 00016000 08:06 3674032                    /lib/x86_64-linux-gnu/libgcc_s.so.1
7ff5a3bb8000-7ff5a3bb9000 rw-p 00015000 08:06 3674032                    /lib/x86_64-linux-gnu/libgcc_s.so.1
7ff5a3bb9000-7ff5a3beb000 r-xp 00000000 08:06 2897998                    /usr/lib/jvm/java-8-oracle/jre/lib/amd64/libsunec.so
7ff5a3beb000-7ff5a3dea000 ---p 00032000 08:06 2897998                    /usr/lib/jvm/java-8-oracle/jre/lib/amd64/libsunec.so
7ff5a3dea000-7ff5a3df0000 rw-p 00031000 08:06 2897998                    /usr/lib/jvm/java-8-oracle/jre/lib/amd64/libsunec.so
7ff5a3df0000-7ff5a4000000 rw-p 00000000 00:00 0 
7ff5a4000000-7ff5a47f9000 rw-p 00000000 00:00 0 
7ff5a47f9000-7ff5a8000000 ---p 00000000 00:00 0 
7ff5a80ee000-7ff5a82ef000 rw-p 00000000 00:00 0 
7ff5a82ef000-7ff5a84ef000 rw-p 00000000 00:00 0 
7ff5a84ef000-7ff5a86ef000 rw-p 00000000 00:00 0 
7ff5a86ef000-7ff5a88ef000 rw-p 00000000 00:00 0 
7ff5a88ef000-7ff5a8aef000 rw-p 00000000 00:00 0 
7ff5a8aef000-7ff5a8cef000 rw-p 00000000 00:00 0 
7ff5a8cef000-7ff5a8eef000 rw-p 00000000 00:00 0 
7ff5a8eef000-7ff5a90ef000 rw-p 00000000 00:00 0 
7ff5a90ef000-7ff5a92ef000 rw-p 00000000 00:00 0 
7ff5a92ef000-7ff5a94ef000 rw-p 00000000 00:00 0 
7ff5a94ef000-7ff5a96ef000 rw-p 00000000 00:00 0 
7ff5a96ef000-7ff5a98ef000 rw-p 00000000 00:00 0 
7ff5a98ef000-7ff5a9aef000 rw-p 00000000 00:00 0 
7ff5a9aef000-7ff5a9b0a000 r--s 001d5000 08:06 2634445                    /usr/lib/jvm/java-8-oracle/jre/lib/ext/nashorn.jar
7ff5a9b0a000-7ff5a9b0b000 r--s 0000a000 08:06 2634444                    /usr/lib/jvm/java-8-oracle/jre/lib/ext/jaccess.jar
7ff5a9b0b000-7ff5a9b0d000 r--s 00001000 08:06 2634443                    /usr/lib/jvm/java-8-oracle/jre/lib/ext/dnsns.jar
7ff5a9b0d000-7ff5a9ba3000 r--s 01102000 08:06 2634441                    /usr/lib/jvm/java-8-oracle/jre/lib/ext/jfxrt.jar
7ff5a9ba3000-7ff5a9ba7000 r--s 0003a000 08:06 2634439                    /usr/lib/jvm/java-8-oracle/jre/lib/ext/sunpkcs11.jar
7ff5a9ba7000-7ff5a9ba8000 r--s 00010000 08:06 2634436                    /usr/lib/jvm/java-8-oracle/jre/lib/ext/zipfs.jar
7ff5a9ba8000-7ff5a9bae000 r--s 002f8000 08:06 2634433                    /usr/lib/jvm/java-8-oracle/jre/lib/charsets.jar
7ff5a9bae000-7ff5a9dae000 rw-p 00000000 00:00 0 
7ff5a9dae000-7ff5a9fae000 rw-p 00000000 00:00 0 
7ff5a9fae000-7ff5aa1ae000 rw-p 00000000 00:00 0 
7ff5aa1ae000-7ff5aa3ae000 rw-p 00000000 00:00 0 
7ff5aa3ae000-7ff5aa3fa000 r--s 003f3000 08:06 5769705                    /home/rafael/.ivy2/cache/org.scala-lang/scala-reflect/jars/scala-reflect-2.11.6.jar
7ff5aa3fa000-7ff5aa5fa000 rw-p 00000000 00:00 0 
7ff5aa5fa000-7ff5aa7fa000 rw-p 00000000 00:00 0 
7ff5aa7fa000-7ff5aa7fd000 ---p 00000000 00:00 0 
7ff5aa7fd000-7ff5aa8fb000 rw-p 00000000 00:00 0 
7ff5aa8fb000-7ff5aa8fe000 ---p 00000000 00:00 0 
7ff5aa8fe000-7ff5aabfc000 rw-p 00000000 00:00 0 
7ff5aabfc000-7ff5aadfc000 rw-p 00000000 00:00 0 
7ff5aadfc000-7ff5aaef7000 r--s 00c99000 08:06 5769704                    /home/rafael/.ivy2/cache/org.scala-lang/scala-compiler/jars/scala-compiler-2.11.6.jar
7ff5aaef7000-7ff5ab0f7000 rw-p 00000000 00:00 0 
7ff5ab0f7000-7ff5ab0fa000 ---p 00000000 00:00 0 
7ff5ab0fa000-7ff5ab1f8000 rw-p 00000000 00:00 0 
7ff5ab1f8000-7ff5ab1fb000 ---p 00000000 00:00 0 
7ff5ab1fb000-7ff5ab2f9000 rw-p 00000000 00:00 0 
7ff5ab2f9000-7ff5ab2fc000 ---p 00000000 00:00 0 
7ff5ab2fc000-7ff5ab3fa000 rw-p 00000000 00:00 0 
7ff5ab3fa000-7ff5ab3fd000 ---p 00000000 00:00 0 
7ff5ab3fd000-7ff5ab4fb000 rw-p 00000000 00:00 0 
7ff5ab4fb000-7ff5ab4fe000 ---p 00000000 00:00 0 
7ff5ab4fe000-7ff5ab5fc000 rw-p 00000000 00:00 0 
7ff5ab5fc000-7ff5ab5ff000 ---p 00000000 00:00 0 
7ff5ab5ff000-7ff5ab6fd000 rw-p 00000000 00:00 0 
7ff5ab6fd000-7ff5ab700000 ---p 00000000 00:00 0 
7ff5ab700000-7ff5ab9fe000 rw-p 00000000 00:00 0 
7ff5ab9fe000-7ff5abbfe000 rw-p 00000000 00:00 0 
7ff5abbfe000-7ff5abc01000 ---p 00000000 00:00 0 
7ff5abc01000-7ff5abeff000 rw-p 00000000 00:00 0                          [stack:8203]
7ff5abeff000-7ff5abf02000 ---p 00000000 00:00 0 
7ff5abf02000-7ff5ac000000 rw-p 00000000 00:00 0 
7ff5ac000000-7ff5ac119000 rw-p 00000000 00:00 0 
7ff5ac119000-7ff5b0000000 ---p 00000000 00:00 0 
7ff5b0000000-7ff5b04c9000 rw-p 00000000 00:00 0 
7ff5b04c9000-7ff5b4000000 ---p 00000000 00:00 0 
7ff5b4000000-7ff5b4085000 rw-p 00000000 00:00 0 
7ff5b4085000-7ff5b8000000 ---p 00000000 00:00 0 
7ff5b8000000-7ff5b8b7e000 rw-p 00000000 00:00 0 
7ff5b8b7e000-7ff5bc000000 ---p 00000000 00:00 0 
7ff5bc000000-7ff5bc461000 rw-p 00000000 00:00 0 
7ff5bc461000-7ff5c0000000 ---p 00000000 00:00 0 
7ff5c0000000-7ff5c002e000 rw-p 00000000 00:00 0 
7ff5c002e000-7ff5c4000000 ---p 00000000 00:00 0 
7ff5c4000000-7ff5c407e000 rw-p 00000000 00:00 0 
7ff5c407e000-7ff5c8000000 ---p 00000000 00:00 0 
7ff5c8000000-7ff5c81ab000 rw-p 00000000 00:00 0 
7ff5c81ab000-7ff5cc000000 ---p 00000000 00:00 0 
7ff5cc000000-7ff5cc4aa000 rw-p 00000000 00:00 0 
7ff5cc4aa000-7ff5d0000000 ---p 00000000 00:00 0 
7ff5d0000000-7ff5d0021000 rw-p 00000000 00:00 0 
7ff5d0021000-7ff5d4000000 ---p 00000000 00:00 0 
7ff5d4000000-7ff5d4892000 rw-p 00000000 00:00 0 
7ff5d4892000-7ff5d8000000 ---p 00000000 00:00 0 
7ff5d8000000-7ff5d8021000 rw-p 00000000 00:00 0 
7ff5d8021000-7ff5dc000000 ---p 00000000 00:00 0 
7ff5dc000000-7ff5dc2db000 rw-p 00000000 00:00 0 
7ff5dc2db000-7ff5e0000000 ---p 00000000 00:00 0 
7ff5e0000000-7ff5e0de3000 rw-p 00000000 00:00 0 
7ff5e0de3000-7ff5e4000000 ---p 00000000 00:00 0 
7ff5e4000000-7ff5e4126000 rw-p 00000000 00:00 0 
7ff5e4126000-7ff5e8000000 ---p 00000000 00:00 0 
7ff5e8000000-7ff5e8021000 rw-p 00000000 00:00 0 
7ff5e8021000-7ff5ec000000 ---p 00000000 00:00 0 
7ff5ec000000-7ff5ec005000 r--s 00084000 08:06 2634552                    /usr/lib/jvm/java-8-oracle/jre/lib/jfr.jar
7ff5ec005000-7ff5ec00a000 r--s 00037000 08:06 2899639                    /tmp/sbt-global-plugin0stub/boot/scala-2.10.6/org.scala-sbt/sbt/0.13.11/org.scala-sbt-compiler-interface-0.13.11-bin_2.11.6__52.0/org.scala-sbt-compiler-interface-0.13.11-bin_2.11.6__52.0-0.13.11_20160221T235256.jar
7ff5ec00a000-7ff5ec010000 r--s 0003f000 08:06 2634442                    /usr/lib/jvm/java-8-oracle/jre/lib/ext/sunjce_provider.jar
7ff5ec010000-7ff5ec011000 r--s 00009000 08:06 2634435                    /usr/lib/jvm/java-8-oracle/jre/lib/ext/sunec.jar
7ff5ec011000-7ff5ec014000 r--s 0001a000 08:06 2634533                    /usr/lib/jvm/java-8-oracle/jre/lib/jce.jar
7ff5ec014000-7ff5ec018000 r--s 00031000 08:06 5768192                    /home/rafael/.ivy2/cache/jline/jline/jars/jline-2.12.1.jar
7ff5ec018000-7ff5ec023000 r--s 0005b000 08:06 5374662                    /home/rafael/.ivy2/cache/org.scala-lang.modules/scala-parser-combinators_2.11/bundles/scala-parser-combinators_2.11-1.0.3.jar
7ff5ec023000-7ff5ec02e000 r--s 00094000 08:06 5374562                    /home/rafael/.ivy2/cache/org.scala-lang.modules/scala-xml_2.11/bundles/scala-xml_2.11-1.0.3.jar
7ff5ec02e000-7ff5ec031000 ---p 00000000 00:00 0 
7ff5ec031000-7ff5ec067000 rw-p 00000000 00:00 0 
7ff5ec067000-7ff5ec0c0000 r--s 004f6000 08:06 5374660                    /home/rafael/.ivy2/cache/org.scala-lang/scala-library/jars/scala-library-2.11.6.jar
7ff5ec0c0000-7ff5ec0c3000 ---p 00000000 00:00 0 
7ff5ec0c3000-7ff5ec1c1000 rw-p 00000000 00:00 0 
7ff5ec1c1000-7ff5ec1c4000 ---p 00000000 00:00 0 
7ff5ec1c4000-7ff5ec4c2000 rw-p 00000000 00:00 0 
7ff5ec4c2000-7ff5ec4c5000 ---p 00000000 00:00 0 
7ff5ec4c5000-7ff5ec7c3000 rw-p 00000000 00:00 0 
7ff5ec7c3000-7ff5ec9c3000 rw-p 00000000 00:00 0 
7ff5ec9c3000-7ff5ecbc3000 rw-p 00000000 00:00 0 
7ff5ecbc3000-7ff5ecbc6000 ---p 00000000 00:00 0 
7ff5ecbc6000-7ff5eccc4000 rw-p 00000000 00:00 0 
7ff5eccc4000-7ff5eccc7000 ---p 00000000 00:00 0 
7ff5eccc7000-7ff5ecdc5000 rw-p 00000000 00:00 0 
7ff5ecdc5000-7ff5ecdc9000 r--s 00026000 08:06 6168701                    /home/rafael/.ivy2/cache/com.typesafe.play/play-doc_2.11/jars/play-doc_2.11-1.2.2.jar
7ff5ecdc9000-7ff5ecdf4000 r--s 001f5000 08:06 5769662                    /home/rafael/.ivy2/cache/com.google.guava/guava/bundles/guava-16.0.1.jar
7ff5ecdf4000-7ff5ece40000 r--s 00994000 08:06 6173286                    /home/rafael/.ivy2/cache/com.typesafe.play/play-docs_2.11/jars/play-docs_2.11-2.5.1.jar
7ff5ece40000-7ff5ece46000 r--s 00081000 08:06 6689244                    /home/rafael/.ivy2/cache/postgresql/postgresql/jars/postgresql-9.1-901-1.jdbc4.jar
7ff5ece46000-7ff5ece48000 r--s 0000d000 08:06 5636655                    /home/rafael/.ivy2/cache/commons-logging/commons-logging/jars/commons-logging-1.1.1.jar
7ff5ece48000-7ff5ece50000 r--s 00040000 08:06 5637258                    /home/rafael/.ivy2/cache/org.apache.httpcomponents/httpclient/jars/httpclient-4.0.1.jar
7ff5ece50000-7ff5ece55000 r--s 00026000 08:06 5770497                    /home/rafael/.ivy2/cache/org.apache.httpcomponents/httpcore/jars/httpcore-4.0.1.jar
7ff5ece55000-7ff5ece56000 r--s 00001000 08:06 5769668                    /home/rafael/.ivy2/cache/oauth.signpost/signpost-commonshttp4/jars/signpost-commonshttp4-1.2.1.2.jar
7ff5ece56000-7ff5ece59000 r--s 00009000 08:06 5769666                    /home/rafael/.ivy2/cache/oauth.signpost/signpost-core/jars/signpost-core-1.2.1.2.jar
7ff5ece59000-7ff5ece63000 r--s 000ae000 08:06 5773841                    /home/rafael/.ivy2/cache/org.javassist/javassist/bundles/javassist-3.20.0-GA.jar
7ff5ece63000-7ff5ece65000 r--s 0000b000 08:06 6694871                    /home/rafael/.ivy2/cache/org.asynchttpclient/netty-codec-dns/jars/netty-codec-dns-2.0.0-RC16.jar
7ff5ece65000-7ff5ece67000 r--s 00005000 08:06 6694870                    /home/rafael/.ivy2/cache/org.asynchttpclient/netty-resolver/jars/netty-resolver-2.0.0-RC16.jar
7ff5ece67000-7ff5ece6d000 r--s 00042000 08:06 6559850                    /home/rafael/.ivy2/cache/org.asynchttpclient/netty-resolver-dns/jars/netty-resolver-dns-2.0.0-RC16.jar
7ff5ece6d000-7ff5ece7a000 r--s 00097000 08:06 6559849                    /home/rafael/.ivy2/cache/org.asynchttpclient/async-http-client/jars/async-http-client-2.0.0-RC16.jar
7ff5ece7a000-7ff5ece86000 r--s 00095000 08:06 5773716                    /home/rafael/.ivy2/cache/com.typesafe.play/play-ws_2.11/jars/play-ws_2.11-2.5.1.jar
7ff5ece86000-7ff5ece87000 r--s 00008000 08:06 6173280                    /home/rafael/.ivy2/cache/com.typesafe.play/play-java-ws_2.11/jars/play-java-ws_2.11-2.5.1.jar
7ff5ece87000-7ff5ecea2000 r--s 0012e000 08:06 6168632                    /home/rafael/.ivy2/cache/net.sf.ehcache/ehcache-core/jars/ehcache-core-2.6.11.jar
7ff5ecea2000-7ff5ecea4000 r--s 00012000 08:06 6173279                    /home/rafael/.ivy2/cache/com.typesafe.play/play-cache_2.11/jars/play-cache_2.11-2.5.1.jar
7ff5ecea4000-7ff5ecea8000 r--s 00029000 08:06 5773721                    /home/rafael/.ivy2/cache/commons-io/commons-io/jars/commons-io-2.3.jar
7ff5ecea8000-7ff5eceae000 r--s 0003f000 08:06 5773839                    /home/rafael/.ivy2/cache/ch.qos.logback/logback-classic/jars/logback-classic-1.1.4.jar
7ff5eceae000-7ff5eceb9000 r--s 00065000 08:06 5773838                    /home/rafael/.ivy2/cache/ch.qos.logback/logback-core/jars/logback-core-1.1.4.jar
7ff5eceb9000-7ff5ecebb000 r--s 00004000 08:06 6559844                    /home/rafael/.ivy2/cache/com.typesafe.play/play-logback_2.11/jars/play-logback_2.11-2.5.1.jar
7ff5ecebb000-7ff5ecebe000 r--s 0001f000 08:06 6559847                    /home/rafael/.ivy2/cache/io.netty/netty-transport-native-epoll/jars/netty-transport-native-epoll-4.0.34.Final-linux-x86_64.jar
7ff5ecebe000-7ff5ecec7000 r--s 00065000 08:06 6560127                    /home/rafael/.ivy2/cache/io.netty/netty-codec-http/jars/netty-codec-http-4.0.34.Final.jar
7ff5ecec7000-7ff5ececb000 r--s 00020000 08:06 6560130                    /home/rafael/.ivy2/cache/io.netty/netty-codec/jars/netty-codec-4.0.34.Final.jar
7ff5ececb000-7ff5eced3000 r--s 0004f000 08:06 6560132                    /home/rafael/.ivy2/cache/io.netty/netty-transport/jars/netty-transport-4.0.34.Final.jar
7ff5eced3000-7ff5ecedb000 r--s 00065000 08:06 6560134                    /home/rafael/.ivy2/cache/io.netty/netty-common/jars/netty-common-4.0.34.Final.jar
7ff5ecedb000-7ff5ecede000 r--s 00031000 08:06 6560133                    /home/rafael/.ivy2/cache/io.netty/netty-buffer/jars/netty-buffer-4.0.34.Final.jar
7ff5ecede000-7ff5ecee4000 r--s 0003e000 08:06 6560131                    /home/rafael/.ivy2/cache/io.netty/netty-handler/jars/netty-handler-4.0.34.Final.jar
7ff5ecee4000-7ff5ecee6000 r--s 00004000 08:06 6559848                    /home/rafael/.ivy2/cache/com.typesafe.netty/netty-reactive-streams/jars/netty-reactive-streams-1.0.5.jar
7ff5ecee6000-7ff5ecee7000 r--s 00007000 08:06 6559846                    /home/rafael/.ivy2/cache/com.typesafe.netty/netty-reactive-streams-http/jars/netty-reactive-streams-http-1.0.5.jar
7ff5ecee7000-7ff5eceec000 r--s 00027000 08:06 6173277                    /home/rafael/.ivy2/cache/com.typesafe.play/play-netty-server_2.11/jars/play-netty-server_2.11-2.5.1.jar
7ff5eceec000-7ff5ecef3000 r--s 0003d000 08:06 6173275                    /home/rafael/.ivy2/cache/com.typesafe.play/play-server_2.11/jars/play-server_2.11-2.5.1.jar
7ff5ecef3000-7ff5ecef5000 r--s 00003000 08:06 5514970                    /home/rafael/.ivy2/cache/org.jetbrains/annotations/jars/annotations-13.0.jar
7ff5ecef5000-7ff5ecf17000 r--s 001b2000 08:06 6300295                    /home/rafael/.ivy2/cache/org.avaje.ebeanorm/avaje-ebeanorm/jars/avaje-ebeanorm-6.18.1.jar
7ff5ecf17000-7ff5ecf1c000 r--s 00027000 08:06 6174595                    /home/rafael/.ivy2/cache/com.typesafe.play/play-jdbc-evolutions_2.11/jars/play-jdbc-evolutions_2.11-2.5.0.jar
7ff5ecf1c000-7ff5ecf20000 r--s 00038000 08:06 6173927                    /home/rafael/.ivy2/cache/org.apache.tomcat/tomcat-servlet-api/jars/tomcat-servlet-api-8.0.32.jar
7ff5ecf20000-7ff5ecf22000 r--s 00003000 08:06 6173926                    /home/rafael/.ivy2/cache/com.google.code.findbugs/jsr305/jars/jsr305-3.0.1.jar
7ff5ecf22000-7ff5ecf23000 r--s 00003000 08:06 6173925                    /home/rafael/.ivy2/cache/net.jodah/typetools/bundles/typetools-0.4.4.jar
7ff5ecf23000-7ff5ecf4f000 r--s 00208000 08:06 5773837                    /home/rafael/.ivy2/cache/com.google.guava/guava/bundles/guava-19.0.jar
7ff5ecf4f000-7ff5ecf52000 r--s 0001d000 08:06 6173924                    /home/rafael/.ivy2/cache/org.reflections/reflections/jars/reflections-0.9.10.jar
7ff5ecf52000-7ff5ecf5f000 r--s 000a6000 08:06 6173923                    /home/rafael/.ivy2/cache/org.springframework/spring-beans/jars/spring-beans-4.2.4.RELEASE.jar
7ff5ecf5f000-7ff5ecf75000 r--s 000f2000 08:06 6173922                    /home/rafael/.ivy2/cache/org.springframework/spring-core/jars/spring-core-4.2.4.RELEASE.jar
7ff5ecf75000-7ff5ecf8e000 r--s 000f3000 08:06 6173921                    /home/rafael/.ivy2/cache/org.springframework/spring-context/jars/spring-context-4.2.4.RELEASE.jar
7ff5ecf8e000-7ff5ecf90000 r--s 00010000 08:06 6560104                    /home/rafael/.ivy2/cache/javax.el/javax.el-api/jars/javax.el-api-3.0.0.jar
7ff5ecf90000-7ff5ecf92000 r--s 0000e000 08:06 5514353                    /home/rafael/.ivy2/cache/com.fasterxml/classmate/bundles/classmate-1.1.0.jar
7ff5ecf92000-7ff5ecf94000 r--s 0000f000 08:06 6168602                    /home/rafael/.ivy2/cache/org.jboss.logging/jboss-logging/jars/jboss-logging-3.2.1.Final.jar
7ff5ecf94000-7ff5ecf98000 r--s 0000c000 08:06 6168620                    /home/rafael/.ivy2/cache/javax.validation/validation-api/jars/validation-api-1.1.0.Final.jar
7ff5ecf98000-7ff5ecfa8000 r--s 0009c000 08:06 6173920                    /home/rafael/.ivy2/cache/org.hibernate/hibernate-validator/jars/hibernate-validator-5.2.4.Final.jar
7ff5ecfa8000-7ff5ecfae000 r--s 0003c000 08:06 6173919                    /home/rafael/.ivy2/cache/org.yaml/snakeyaml/bundles/snakeyaml-1.16.jar
7ff5ecfae000-7ff5ecfb1000 r--s 0001c000 08:06 6173276                    /home/rafael/.ivy2/cache/com.typesafe.play/play-java_2.11/jars/play-java_2.11-2.5.1.jar
7ff5ecfb1000-7ff5ecfb6000 r--s 0002d000 08:06 6168630                    /home/rafael/.ivy2/cache/tyrex/tyrex/jars/tyrex-1.0.1.jar
7ff5ecfb6000-7ff5ecfb8000 r--s 00007000 08:06 6560124                    /home/rafael/.ivy2/cache/com.googlecode.usc/jdbcdslog/jars/jdbcdslog-1.0.6.2.jar
7ff5ecfb8000-7ff5ecfbb000 r--s 0001d000 08:06 6173930                    /home/rafael/.ivy2/cache/com.zaxxer/HikariCP/bundles/HikariCP-2.4.3.jar
7ff5ecfbb000-7ff5ecfbe000 r--s 00019000 08:06 6168626                    /home/rafael/.ivy2/cache/com.jolbox/bonecp/bundles/bonecp-0.8.0.RELEASE.jar
7ff5ecfbe000-7ff5ecfc0000 r--s 00009000 08:06 6168594                    /home/rafael/.ivy2/cache/com.google.inject.extensions/guice-assistedinject/jars/guice-assistedinject-4.0.jar
7ff5ecfc0000-7ff5ecfce000 r--s 00096000 08:06 6168592                    /home/rafael/.ivy2/cache/com.google.inject/guice/jars/guice-4.0.jar
7ff5ecfce000-7ff5ecfcf000 r--s 00003000 08:06 5769650                    /home/rafael/.ivy2/cache/javax.transaction/jta/jars/jta-1.1.jar
7ff5ecfcf000-7ff5ecfd8000 r--s 0002d000 08:06 5769660                    /home/rafael/.ivy2/cache/xml-apis/xml-apis/jars/xml-apis-1.4.01.jar
7ff5ecfd8000-7ff5ecff1000 r--s 00135000 08:06 5769648                    /home/rafael/.ivy2/cache/xerces/xercesImpl/jars/xercesImpl-2.11.0.jar
7ff5ecff1000-7ff5ecff8000 r--s 0003f000 08:06 5637257                    /home/rafael/.ivy2/cache/commons-codec/commons-codec/jars/commons-codec-1.10.jar
7ff5ecff8000-7ff5ecff9000 r--s 00004000 08:06 5773829                    /home/rafael/.ivy2/cache/com.typesafe.akka/akka-slf4j_2.11/jars/akka-slf4j_2.11-2.4.2.jar
7ff5ecff9000-7ff5ed004000 r--s 0005d000 08:06 5374523                    /home/rafael/.ivy2/cache/org.scala-lang.modules/scala-parser-combinators_2.11/bundles/scala-parser-combinators_2.11-1.0.4.jar
7ff5ed004000-7ff5ed00c000 r--s 00055000 08:06 6560102                    /home/rafael/.ivy2/cache/com.typesafe/ssl-config-core_2.11/bundles/ssl-config-core_2.11-0.1.3.jar
7ff5ed00c000-7ff5ed00e000 r--s 00005000 08:06 6560100                    /home/rafael/.ivy2/cache/com.typesafe/ssl-config-akka_2.11/bundles/ssl-config-akka_2.11-0.1.3.jar
7ff5ed00e000-7ff5ed01c000 r--s 00081000 08:06 6173918                    /home/rafael/.ivy2/cache/org.scala-lang.modules/scala-java8-compat_2.11/bundles/scala-java8-compat_2.11-0.7.0.jar
7ff5ed01c000-7ff5ed04a000 r--s 002e6000 08:06 5382195                    /home/rafael/.ivy2/cache/com.typesafe.akka/akka-actor_2.11/jars/akka-actor_2.11-2.4.2.jar
7ff5ed04a000-7ff5ed090000 r--s 00395000 08:06 6560098                    /home/rafael/.ivy2/cache/com.typesafe.akka/akka-stream_2.11/jars/akka-stream_2.11-2.4.2.jar
7ff5ed090000-7ff5ed091000 r--s 00000000 08:06 6560096                    /home/rafael/.ivy2/cache/org.reactivestreams/reactive-streams/jars/reactive-streams-1.0.0.jar
7ff5ed091000-7ff5ed098000 r--s 00040000 08:06 6559845                    /home/rafael/.ivy2/cache/com.typesafe.play/play-streams_2.11/jars/play-streams_2.11-2.5.1.jar
7ff5ed098000-7ff5ed09a000 r--s 00003000 08:06 5773828                    /home/rafael/.ivy2/cache/org.slf4j/jcl-over-slf4j/jars/jcl-over-slf4j-1.7.16.jar
7ff5ed09a000-7ff5ed09c000 r--s 00000000 08:06 5773827                    /home/rafael/.ivy2/cache/org.slf4j/jul-to-slf4j/jars/jul-to-slf4j-1.7.16.jar
7ff5ed09c000-7ff5ed09d000 r--s 00009000 08:06 5773826                    /home/rafael/.ivy2/cache/org.slf4j/slf4j-api/jars/slf4j-api-1.7.16.jar
7ff5ed09d000-7ff5ed09e000 r--s 00004000 08:06 6173281                    /home/rafael/.ivy2/cache/com.typesafe.play/play-netty-utils/jars/play-netty-utils-2.5.1.jar
7ff5ed09e000-7ff5ed0a1000 r--s 00012000 08:06 6173917                    /home/rafael/.ivy2/cache/com.fasterxml.jackson.datatype/jackson-datatype-jsr310/bundles/jackson-datatype-jsr310-2.7.1.jar
7ff5ed0a1000-7ff5ed0a3000 r--s 00005000 08:06 6173916                    /home/rafael/.ivy2/cache/com.fasterxml.jackson.datatype/jackson-datatype-jdk8/bundles/jackson-datatype-jdk8-2.7.1.jar
7ff5ed0a3000-7ff5ed0b4000 r--s 00114000 08:06 5773832                    /home/rafael/.ivy2/cache/com.fasterxml.jackson.core/jackson-databind/bundles/jackson-databind-2.7.1.jar
7ff5ed0b4000-7ff5ed0b7000 r--s 0000a000 08:06 5773831                    /home/rafael/.ivy2/cache/com.fasterxml.jackson.core/jackson-annotations/bundles/jackson-annotations-2.7.1.jar
7ff5ed0b7000-7ff5ed0ba000 r--s 0003b000 08:06 5773830                    /home/rafael/.ivy2/cache/com.fasterxml.jackson.core/jackson-core/bundles/jackson-core-2.7.1.jar
7ff5ed0ba000-7ff5ed106000 r--s 00412000 08:06 5768179                    /home/rafael/.ivy2/cache/org.scala-lang/scala-reflect/jars/scala-reflect-2.11.7.jar
7ff5ed106000-7ff5ed10a000 r--s 00018000 08:06 5773834                    /home/rafael/.ivy2/cache/org.joda/joda-convert/jars/joda-convert-1.8.1.jar
7ff5ed10a000-7ff5ed11a000 r--s 00089000 08:06 5773833                    /home/rafael/.ivy2/cache/joda-time/joda-time/jars/joda-time-2.9.2.jar
7ff5ed11a000-7ff5ed11b000 r--s 00001000 08:06 5773715                    /home/rafael/.ivy2/cache/com.typesafe.play/play-datacommons_2.11/jars/play-datacommons_2.11-2.5.1.jar
7ff5ed11b000-7ff5ed124000 r--s 0005c000 08:06 5773714                    /home/rafael/.ivy2/cache/com.typesafe.play/play-functional_2.11/jars/play-functional_2.11-2.5.1.jar
7ff5ed124000-7ff5ed130000 r--s 00091000 08:06 5773713                    /home/rafael/.ivy2/cache/com.typesafe.play/play-json_2.11/jars/play-json_2.11-2.5.1.jar
7ff5ed130000-7ff5ed139000 r--s 00091000 08:06 5769636                    /home/rafael/.ivy2/cache/org.scala-stm/scala-stm_2.11/jars/scala-stm_2.11-0.7.jar
7ff5ed139000-7ff5ed14c000 r--s 000ad000 08:06 5773712                    /home/rafael/.ivy2/cache/com.typesafe.play/play-iteratees_2.11/jars/play-iteratees_2.11-2.5.1.jar
7ff5ed14c000-7ff5ed19c000 r--s 0037e000 08:06 5773711                    /home/rafael/.ivy2/cache/com.typesafe.play/play_2.11/jars/play_2.11-2.5.1.jar
7ff5ed19c000-7ff5ed19d000 r--s 00001000 08:06 6173283                    /home/rafael/.ivy2/cache/com.typesafe.play/play-jdbc-api_2.11/jars/play-jdbc-api_2.11-2.5.1.jar
7ff5ed19d000-7ff5ed1a0000 r--s 00018000 08:06 6173282                    /home/rafael/.ivy2/cache/com.typesafe.play/play-jdbc_2.11/jars/play-jdbc_2.11-2.5.1.jar
7ff5ed1a0000-7ff5ed1a1000 r--s 00002000 08:06 6173278                    /home/rafael/.ivy2/cache/com.typesafe.play/play-java-jdbc_2.11/jars/play-java-jdbc_2.11-2.5.1.jar
7ff5ed1a1000-7ff5ed1f9000 r--s 00523000 08:06 5374443                    /home/rafael/.ivy2/cache/org.scala-lang/scala-library/jars/scala-library-2.11.7.jar
7ff5ed1f9000-7ff5ed1fb000 r--s 00002000 08:06 6040650                    /home/rafael/.ivy2/cache/com.typesafe.play/play-ebean_2.11/jars/play-ebean_2.11-3.0.0.jar
7ff5ed1fb000-7ff5ed206000 r--s 00096000 08:06 5374479                    /home/rafael/.ivy2/cache/org.scala-lang.modules/scala-xml_2.11/bundles/scala-xml_2.11-1.0.1.jar
7ff5ed206000-7ff5ed208000 r--s 0000d000 08:06 5770475                    /home/rafael/.ivy2/cache/com.typesafe.play/twirl-api_2.11/jars/twirl-api_2.11-1.1.1.jar
7ff5ed208000-7ff5ed209000 r--s 00006000 08:06 8534103                    /home/rafael/Documentos/Projeta/server/lib/javax.servlet.jsp.jstl.jar
7ff5ed209000-7ff5ed20c000 r--s 00009000 08:06 8534098                    /home/rafael/Documentos/Projeta/server/lib/javax.ejb.jar
7ff5ed20c000-7ff5ed211000 r--s 0001b000 08:06 8534100                    /home/rafael/Documentos/Projeta/server/lib/javax.persistence.jar
7ff5ed211000-7ff5ed213000 r--s 00005000 08:06 8534099                    /home/rafael/Documentos/Projeta/server/lib/javax.jms.jar
7ff5ed213000-7ff5ed216000 r--s 00011000 08:06 8534102                    /home/rafael/Documentos/Projeta/server/lib/javax.servlet.jsp.jar
7ff5ed216000-7ff5ed217000 r--s 00001000 08:06 8534097                    /home/rafael/Documentos/Projeta/server/lib/javax.annotation.jar
7ff5ed217000-7ff5ed21a000 r--s 00008000 08:06 8534101                    /home/rafael/Documentos/Projeta/server/lib/javax.resource.jar
7ff5ed21a000-7ff5ed228000 r--s 001a1000 08:06 6040029                    /home/rafael/.ivy2/cache/com.h2database/h2/jars/h2-1.4.191.jar
7ff5ed228000-7ff5ed27b000 r--s 00aee000 08:06 6173285                    /home/rafael/.ivy2/cache/com.typesafe.play/play-omnidoc_2.11/jars/play-omnidoc_2.11-2.5.1.jar
7ff5ed27b000-7ff5ed27e000 ---p 00000000 00:00 0 
7ff5ed27e000-7ff5ed37c000 rw-p 00000000 00:00 0 
7ff5ed37c000-7ff5ed37f000 ---p 00000000 00:00 0 
7ff5ed37f000-7ff5ed47d000 rw-p 00000000 00:00 0 
7ff5ed47d000-7ff5ed480000 ---p 00000000 00:00 0 
7ff5ed480000-7ff5ed77e000 rw-p 00000000 00:00 0 
7ff5ed77e000-7ff5ed97e000 rw-p 00000000 00:00 0 
7ff5ed97e000-7ff5edb7e000 rw-p 00000000 00:00 0 
7ff5edb7e000-7ff5edb81000 r--s 0000a000 08:06 7213797                    /home/rafael/.ivy2/cache/javax.persistence/persistence-api/jars/persistence-api-1.0.jar
7ff5edb81000-7ff5edb84000 r--s 00031000 08:06 7090797                    /home/rafael/.ivy2/cache/org.avaje.ebeanorm/avaje-ebeanorm-agent/jars/avaje-ebeanorm-agent-4.9.1.jar
7ff5edb84000-7ff5edb86000 r--s 00005000 08:06 6687132                    /home/rafael/.ivy2/cache/scala_2.10/sbt_0.13/com.typesafe.sbt/sbt-play-ebean/jars/sbt-play-ebean-3.0.0.jar
7ff5edb86000-7ff5edb90000 r--s 000a5000 08:06 5769654                    /home/rafael/.ivy2/cache/org.javassist/javassist/bundles/javassist-3.18.2-GA.jar
7ff5edb90000-7ff5edb91000 r--s 00001000 08:06 6168064                    /home/rafael/.ivy2/cache/com.typesafe.play/play-enhancer/jars/play-enhancer-1.1.0.jar
7ff5edb91000-7ff5edb93000 r--s 00005000 08:06 6036634                    /home/rafael/.ivy2/cache/scala_2.10/sbt_0.13/com.typesafe.sbt/sbt-play-enhancer/jars/sbt-play-enhancer-1.1.0.jar
7ff5edb93000-7ff5edb94000 r--s 00001000 08:06 6036678                    /home/rafael/.ivy2/cache/org.webjars/diff/jars/diff-1.0.7.jar
7ff5edb94000-7ff5edb96000 r--s 00000000 08:06 6168062                    /home/rafael/.ivy2/cache/org.webjars/debug/jars/debug-0.7.4.jar
7ff5edb96000-7ff5edb99000 r--s 0000c000 08:06 6168060                    /home/rafael/.ivy2/cache/org.webjars/mocha/jars/mocha-1.17.1.jar
7ff5edb99000-7ff5edb9e000 r--s 00026000 08:06 6036632                    /home/rafael/.ivy2/cache/scala_2.10/sbt_0.13/com.typesafe.sbt/sbt-mocha/jars/sbt-mocha-1.1.0.jar
7ff5edb9e000-7ff5edba1000 r--s 00011000 08:06 6036630                    /home/rafael/.ivy2/cache/scala_2.10/sbt_0.13/com.typesafe.sbt/sbt-digest/jars/sbt-digest-1.1.0.jar
7ff5edba1000-7ff5edba3000 r--s 00035000 08:06 6168058                    /home/rafael/.ivy2/cache/org.webjars/rjs/jars/rjs-2.1.15.jar
7ff5edba3000-7ff5edba6000 r--s 0000f000 08:06 6036628                    /home/rafael/.ivy2/cache/scala_2.10/sbt_0.13/com.typesafe.sbt/sbt-rjs/jars/sbt-rjs-1.0.7.jar
7ff5edba6000-7ff5edba8000 r--s 00000000 08:06 6168052                    /home/rafael/.ivy2/cache/org.webjars/strip-json-comments/jars/strip-json-comments-1.0.2-1.jar
7ff5edba8000-7ff5edbaa000 r--s 00000000 08:06 6168056                    /home/rafael/.ivy2/cache/org.webjars/console-browserify/jars/console-browserify-0.1.6-1.jar
7ff5edbaa000-7ff5edbac000 r--s 00006000 08:06 6168054                    /home/rafael/.ivy2/cache/org.webjars/underscorejs/jars/underscorejs-1.5.2-2.jar
7ff5edbac000-7ff5edbae000 r--s 00028000 08:06 6168050                    /home/rafael/.ivy2/cache/org.webjars/jshint-node/jars/jshint-node-2.4.3.jar
7ff5edbae000-7ff5edbaf000 r--s 00004000 08:06 6036626                    /home/rafael/.ivy2/cache/scala_2.10/sbt_0.13/com.typesafe.sbt/sbt-jshint/jars/sbt-jshint-1.0.3.jar
7ff5edbaf000-7ff5edbb2000 r--s 00009000 08:06 6168046                    /home/rafael/.ivy2/cache/org.webjars/clean-css/jars/clean-css-2.2.7.jar
7ff5edbb2000-7ff5edbb3000 r--s 00001000 08:06 6168048                    /home/rafael/.ivy2/cache/org.webjars/amdefine/jars/amdefine-0.1.0-1.jar
7ff5edbb3000-7ff5edbb4000 r--s 00005000 08:06 6168044                    /home/rafael/.ivy2/cache/org.webjars/source-map/jars/source-map-0.1.31-2.jar
7ff5edbb4000-7ff5edbb6000 r--s 00019000 08:06 6168042                    /home/rafael/.ivy2/cache/org.webjars/less-node/jars/less-node-1.7.5.jar
7ff5edbb6000-7ff5edbb8000 r--s 00008000 08:06 6036624                    /home/rafael/.ivy2/cache/scala_2.10/sbt_0.13/com.typesafe.sbt/sbt-less/jars/sbt-less-1.0.6.jar
7ff5edbb8000-7ff5edbba000 r--s 00000000 08:06 6168040                    /home/rafael/.ivy2/cache/org.webjars/mkdirp/jars/mkdirp-0.3.5.jar
7ff5edbba000-7ff5edbbc000 r--s 00013000 08:06 6168038                    /home/rafael/.ivy2/cache/org.webjars/coffee-script-node/jars/coffee-script-node-1.7.1.jar
7ff5edbbc000-7ff5edbbe000 r--s 00003000 08:06 6036622                    /home/rafael/.ivy2/cache/scala_2.10/sbt_0.13/com.typesafe.sbt/sbt-coffeescript/jars/sbt-coffeescript-1.0.0.jar
7ff5edbbe000-7ff5edc0e000 r--s 0028c000 08:06 6168036                    /home/rafael/.ivy2/cache/org.webjars/npm/jars/npm-2.11.2.jar
7ff5edc0e000-7ff5edc0f000 r--s 00001000 08:06 6167743                    /home/rafael/.ivy2/cache/com.typesafe/npm_2.10/jars/npm_2.10-1.1.1.jar
7ff5edc0f000-7ff5edc10000 r--s 00007000 08:06 5770455                    /home/rafael/.ivy2/cache/org.slf4j/slf4j-api/jars/slf4j-api-1.7.12.jar
7ff5edc10000-7ff5edc11000 r--s 00002000 08:06 6167753                    /home/rafael/.ivy2/cache/org.slf4j/slf4j-simple/jars/slf4j-simple-1.7.12.jar
7ff5edc11000-7ff5edc15000 r--s 00043000 08:06 6167751                    /home/rafael/.ivy2/cache/io.spray/spray-json_2.10/bundles/spray-json_2.10-1.3.2.jar
7ff5edc15000-7ff5edc19000 r--s 000ac000 08:06 6167749                    /home/rafael/.ivy2/cache/io.apigee.trireme/trireme-node10src/jars/trireme-node10src-0.8.5.jar
7ff5edc19000-7ff5edc26000 r--s 0010f000 08:06 6168034                    /home/rafael/.ivy2/cache/io.apigee/rhino/jars/rhino-1.7R5pre4.jar
7ff5edc26000-7ff5edc2e000 r--s 00060000 08:06 6167747                    /home/rafael/.ivy2/cache/io.apigee.trireme/trireme-core/jars/trireme-core-0.8.5.jar
7ff5edc2e000-7ff5edc2f000 r--s 0001e000 08:06 6168030                    /home/rafael/.ivy2/cache/org.fusesource.leveldbjni/leveldbjni-win64/jars/leveldbjni-win64-1.5.jar
7ff5edc2f000-7ff5edc30000 r--s 0001b000 08:06 6168028                    /home/rafael/.ivy2/cache/org.fusesource.leveldbjni/leveldbjni-win32/jars/leveldbjni-win32-1.5.jar
7ff5edc30000-7ff5edc31000 r--s 00044000 08:06 6168026                    /home/rafael/.ivy2/cache/org.fusesource.leveldbjni/leveldbjni-linux64/jars/leveldbjni-linux64-1.5.jar
7ff5edc31000-7ff5edc32000 r--s 00044000 08:06 6167993                    /home/rafael/.ivy2/cache/org.fusesource.leveldbjni/leveldbjni-linux32/jars/leveldbjni-linux32-1.5.jar
7ff5edc32000-7ff5edc33000 r--s 00028000 08:06 6167991                    /home/rafael/.ivy2/cache/org.fusesource.leveldbjni/leveldbjni-osx/jars/leveldbjni-osx-1.5.jar
7ff5edc33000-7ff5edc34000 r--s 00004000 08:06 6168032                    /home/rafael/.ivy2/cache/org.fusesource.hawtjni/hawtjni-runtime/jars/hawtjni-runtime-1.8.jar
7ff5edc34000-7ff5edc36000 r--s 0000c000 08:06 6167937                    /home/rafael/.ivy2/cache/org.fusesource.leveldbjni/leveldbjni/jars/leveldbjni-1.7.jar
7ff5edc36000-7ff5edc39000 r--s 000fa000 08:06 6167765                    /home/rafael/.ivy2/cache/org.fusesource.leveldbjni/leveldbjni-all/bundles/leveldbjni-all-1.7.jar
7ff5edc39000-7ff5edc5b000 r--s 00195000 08:06 7217088                    /home/rafael/.ivy2/cache/com.google.guava/guava/jars/guava-12.0.jar
7ff5edc5b000-7ff5edc5d000 r--s 00001000 08:06 6167767                    /home/rafael/.ivy2/cache/org.iq80.leveldb/leveldb-api/jars/leveldb-api-0.5.jar
7ff5edc5d000-7ff5edc61000 r--s 00034000 08:06 6167763                    /home/rafael/.ivy2/cache/org.iq80.leveldb/leveldb/jars/leveldb-0.5.jar
7ff5edc61000-7ff5edc6f000 r--s 000bf000 08:06 6167759                    /home/rafael/.ivy2/cache/com.typesafe.akka/akka-persistence-experimental_2.10/jars/akka-persistence-experimental_2.10-2.3.11.jar
7ff5edc6f000-7ff5edc7f000 r--s 000f7000 08:06 6167757                    /home/rafael/.ivy2/cache/com.typesafe.akka/akka-cluster_2.10/jars/akka-cluster_2.10-2.3.11.jar
7ff5edc7f000-7ff5edc81000 r--s 0000a000 08:06 6167761                    /home/rafael/.ivy2/cache/org.uncommons.maths/uncommons-maths/jars/uncommons-maths-1.2.2a.jar
7ff5edc81000-7ff5edc89000 r--s 0007b000 08:06 5769681                    /home/rafael/.ivy2/cache/com.google.protobuf/protobuf-java/bundles/protobuf-java-2.5.0.jar
7ff5edc89000-7ff5edca1000 r--s 00115000 08:06 5770454                    /home/rafael/.ivy2/cache/io.netty/netty/bundles/netty-3.8.0.Final.jar
7ff5edca1000-7ff5edcb7000 r--s 00135000 08:06 6167755                    /home/rafael/.ivy2/cache/com.typesafe.akka/akka-remote_2.10/jars/akka-remote_2.10-2.3.11.jar
7ff5edcb7000-7ff5edcc6000 r--s 000bf000 08:06 6167745                    /home/rafael/.ivy2/cache/com.typesafe.akka/akka-contrib_2.10/jars/akka-contrib_2.10-2.3.11.jar
7ff5edcc6000-7ff5edcec000 r--s 00263000 08:06 5511416                    /home/rafael/.ivy2/cache/com.typesafe.akka/akka-actor_2.10/jars/akka-actor_2.10-2.3.11.jar
7ff5edcec000-7ff5edcf0000 r--s 00022000 08:06 5637252                    /home/rafael/.ivy2/cache/com.typesafe/jse_2.10/jars/jse_2.10-1.1.2.jar
7ff5edcf0000-7ff5edcf4000 r--s 00020000 08:06 6036650                    /home/rafael/.ivy2/cache/scala_2.10/sbt_0.13/com.typesafe.sbt/sbt-js-engine/jars/sbt-js-engine-1.1.3.jar
7ff5edcf4000-7ff5edcf7000 r--s 0002e000 08:06 5770453                    /home/rafael/.ivy2/cache/com.fasterxml.jackson.core/jackson-core/bundles/jackson-core-2.3.3.jar
7ff5edcf7000-7ff5edcf9000 r--s 00007000 08:06 5770452                    /home/rafael/.ivy2/cache/com.fasterxml.jackson.core/jackson-annotations/bundles/jackson-annotations-2.3.0.jar
7ff5edcf9000-7ff5edd0a000 r--s 000cf000 08:06 5770451                    /home/rafael/.ivy2/cache/com.fasterxml.jackson.core/jackson-databind/bundles/jackson-databind-2.3.3.jar
7ff5edd0a000-7ff5edd11000 r--s 00056000 08:06 5637250                    /home/rafael/.ivy2/cache/org.apache.commons/commons-compress/jars/commons-compress-1.9.jar
7ff5edd11000-7ff5edd12000 r--s 00006000 08:06 6167741                    /home/rafael/.ivy2/cache/org.webjars/webjars-locator-core/jars/webjars-locator-core-0.26.jar
7ff5edd12000-7ff5edd14000 r--s 00002000 08:06 6167739                    /home/rafael/.ivy2/cache/org.webjars/webjars-locator/jars/webjars-locator-0.26.jar
7ff5edd14000-7ff5edd1c000 r--s 00040000 08:06 6040014                    /home/rafael/.ivy2/cache/scala_2.10/sbt_0.13/com.typesafe.sbt/sbt-web/jars/sbt-web-1.3.0.jar
7ff5edd1c000-7ff5edd5c000 r--s 00277000 08:06 6167737                    /home/rafael/.ivy2/cache/org.bouncycastle/bcprov-jdk15on/jars/bcprov-jdk15on-1.51.jar
7ff5edd5c000-7ff5edd63000 r--s 00038000 08:06 6036666                    /home/rafael/.ivy2/cache/org.bouncycastle/bcpg-jdk15on/jars/bcpg-jdk15on-1.51.jar
7ff5edd63000-7ff5edd64000 r--s 00004000 08:06 6167735                    /home/rafael/.ivy2/cache/org.apache.ant/ant-launcher/jars/ant-launcher-1.9.3.jar
7ff5edd64000-7ff5edd83000 r--s 001cc000 08:06 6036664                    /home/rafael/.ivy2/cache/org.apache.ant/ant/jars/ant-1.9.3.jar
7ff5edd83000-7ff5edd87000 r--s 00020000 08:06 6167701                    /home/rafael/.ivy2/cache/org.eclipse.aether/aether-impl/jars/aether-impl-0.9.0.M2.jar
7ff5edd87000-7ff5edd8b000 r--s 0001d000 08:06 6167705                    /home/rafael/.ivy2/cache/org.eclipse.aether/aether-util/jars/aether-util-0.9.0.M2.jar
7ff5edd8b000-7ff5edd8d000 r--s 00003000 08:06 6167733                    /home/rafael/.ivy2/cache/org.eclipse.aether/aether-spi/jars/aether-spi-0.9.0.M2.jar
7ff5edd8d000-7ff5edd91000 r--s 0001d000 08:06 6167703                    /home/rafael/.ivy2/cache/org.eclipse.aether/aether-api/jars/aether-api-0.9.0.M2.jar
7ff5edd91000-7ff5edd96000 r--s 00025000 08:06 6167697                    /home/rafael/.ivy2/cache/org.apache.maven/maven-model-builder/jars/maven-model-builder-3.2.2.jar
7ff5edd96000-7ff5edf96000 rw-p 00000000 00:00 0 
7ff5edf96000-7ff5edf99000 ---p 00000000 00:00 0 
7ff5edf99000-7ff5ee097000 rw-p 00000000 00:00 0                          [stack:8185]
7ff5ee097000-7ff5ee09a000 ---p 00000000 00:00 0 
7ff5ee09a000-7ff5ee198000 rw-p 00000000 00:00 0 
7ff5ee198000-7ff5ee19b000 ---p 00000000 00:00 0 
7ff5ee19b000-7ff5ee499000 rw-p 00000000 00:00 0 
7ff5ee499000-7ff5ee49c000 ---p 00000000 00:00 0 
7ff5ee49c000-7ff5ee59a000 rw-p 00000000 00:00 0                          [stack:8184]
7ff5ee59a000-7ff5ee59d000 ---p 00000000 00:00 0 
7ff5ee59d000-7ff5ee69b000 rw-p 00000000 00:00 0 
7ff5ee69b000-7ff5ee69e000 ---p 00000000 00:00 0 
7ff5ee69e000-7ff5ee79c000 rw-p 00000000 00:00 0 
7ff5ee79c000-7ff5ee79f000 ---p 00000000 00:00 0 
7ff5ee79f000-7ff5eea9d000 rw-p 00000000 00:00 0 
7ff5eea9d000-7ff5eec9d000 rw-p 00000000 00:00 0 
7ff5eec9d000-7ff5eee9d000 rw-p 00000000 00:00 0 
7ff5eee9d000-7ff5ef09d000 rw-p 00000000 00:00 0 
7ff5ef09d000-7ff5ef09f000 r--s 0000e000 08:06 6167699                    /home/rafael/.ivy2/cache/org.apache.maven/maven-aether-provider/jars/maven-aether-provider-3.2.2.jar
7ff5ef09f000-7ff5ef0a2000 r--s 0000a000 08:06 6167713                    /home/rafael/.ivy2/cache/org.codehaus.plexus/plexus-classworlds/bundles/plexus-classworlds-2.5.1.jar
7ff5ef0a2000-7ff5ef0a8000 r--s 00042000 08:06 6167725                    /home/rafael/.ivy2/cache/org.eclipse.sisu/org.eclipse.sisu.inject/eclipse-plugins/org.eclipse.sisu.inject-0.0.0.M5.jar
7ff5ef0a8000-7ff5ef0aa000 r--s 00000000 08:06 6167731                    /home/rafael/.ivy2/cache/aopalliance/aopalliance/jars/aopalliance-1.0.jar
7ff5ef0aa000-7ff5ef0b2000 r--s 00050000 08:06 6173729                    /home/rafael/.ivy2/cache/org.sonatype.sisu/sisu-guice/jars/sisu-guice-3.1.0-no_aop.jar
7ff5ef0b2000-7ff5ef0b5000 r--s 00006000 08:06 6173730                    /home/rafael/.ivy2/cache/com.google.code.findbugs/jsr305/jars/jsr305-1.3.9.jar
7ff5ef0b5000-7ff5ef0b6000 r--s 00000000 08:06 6167729                    /home/rafael/.ivy2/cache/javax.inject/javax.inject/jars/javax.inject-1.jar
7ff5ef0b6000-7ff5ef0b7000 r--s 00001000 08:06 6167727                    /home/rafael/.ivy2/cache/javax.annotation/jsr250-api/jars/jsr250-api-1.0.jar
7ff5ef0b7000-7ff5ef0ba000 r--s 00008000 08:06 6167721                    /home/rafael/.ivy2/cache/javax.enterprise/cdi-api/jars/cdi-api-1.0.jar
7ff5ef0ba000-7ff5ef0c0000 r--s 0002a000 08:06 6167707                    /home/rafael/.ivy2/cache/org.eclipse.sisu/org.eclipse.sisu.plexus/eclipse-plugins/org.eclipse.sisu.plexus-0.0.0.M5.jar
7ff5ef0c0000-7ff5ef0c2000 r--s 0000a000 08:06 6036662                    /home/rafael/.ivy2/cache/org.apache.maven/maven-plugin-api/jars/maven-plugin-api-3.2.2.jar
7ff5ef0c2000-7ff5ef0c5000 r--s 0000b000 08:06 6036676                    /home/rafael/.ivy2/cache/org.apache.maven/maven-artifact/jars/maven-artifact-3.2.2.jar
7ff5ef0c5000-7ff5ef0c7000 r--s 00005000 08:06 6036674                    /home/rafael/.ivy2/cache/org.apache.maven/maven-repository-metadata/jars/maven-repository-metadata-3.2.2.jar
7ff5ef0c7000-7ff5ef0c9000 r--s 00002000 08:06 6173728                    /home/rafael/.ivy2/cache/org.sonatype.plexus/plexus-cipher/jars/plexus-cipher-1.4.jar
7ff5ef0c9000-7ff5ef0ca000 r--s 00006000 08:06 6167717                    /home/rafael/.ivy2/cache/org.sonatype.plexus/plexus-sec-dispatcher/jars/plexus-sec-dispatcher-1.3.jar
7ff5ef0ca000-7ff5ef0cc000 r--s 00000000 08:06 6167715                    /home/rafael/.ivy2/cache/org.codehaus.plexus/plexus-component-annotations/jars/plexus-component-annotations-1.5.5.jar
7ff5ef0cc000-7ff5ef0cf000 r--s 0000d000 08:06 6167709                    /home/rafael/.ivy2/cache/org.codehaus.plexus/plexus-interpolation/jars/plexus-interpolation-1.19.jar
7ff5ef0cf000-7ff5ef0d1000 r--s 00009000 08:06 6036672                    /home/rafael/.ivy2/cache/org.apache.maven/maven-settings-builder/jars/maven-settings-builder-3.2.2.jar
7ff5ef0d1000-7ff5ef0d3000 r--s 00009000 08:06 6036670                    /home/rafael/.ivy2/cache/org.apache.maven/maven-settings/jars/maven-settings-3.2.2.jar
7ff5ef0d3000-7ff5ef0d7000 r--s 0003a000 08:06 6167711                    /home/rafael/.ivy2/cache/org.codehaus.plexus/plexus-utils/jars/plexus-utils-3.0.17.jar
7ff5ef0d7000-7ff5ef0da000 r--s 00025000 08:06 6036668                    /home/rafael/.ivy2/cache/org.apache.maven/maven-model/jars/maven-model-3.2.2.jar
7ff5ef0da000-7ff5ef0e6000 r--s 00081000 08:06 6036660                    /home/rafael/.ivy2/cache/org.apache.maven/maven-core/jars/maven-core-3.2.2.jar
7ff5ef0e6000-7ff5ef0fc000 r--s 0010a000 08:06 6036658                    /home/rafael/.ivy2/cache/org.vafer/jdeb/jars/jdeb-1.3.jar
7ff5ef0fc000-7ff5ef117000 r--s 000f0000 08:06 6040013                    /home/rafael/.ivy2/cache/scala_2.10/sbt_0.13/com.typesafe.sbt/sbt-native-packager/jars/sbt-native-packager-1.0.3.jar
7ff5ef117000-7ff5ef11f000 r--s 00041000 08:06 6036656                    /home/rafael/.ivy2/cache/com.typesafe.play/twirl-parser_2.10/jars/twirl-parser_2.10-1.1.1.jar
7ff5ef11f000-7ff5ef122000 r--s 00019000 08:06 6036654                    /home/rafael/.ivy2/cache/com.typesafe.play/twirl-compiler_2.10/jars/twirl-compiler_2.10-1.1.1.jar
7ff5ef122000-7ff5ef125000 r--s 00011000 08:06 6036644                    /home/rafael/.ivy2/cache/scala_2.10/sbt_0.13/com.typesafe.sbt/sbt-twirl/jars/sbt-twirl-1.1.1.jar
7ff5ef125000-7ff5ef127000 r--s 000a0000 08:06 6036642                    /home/rafael/.ivy2/cache/net.contentobjects.jnotify/jnotify/jars/jnotify-0.94-play-1.jar
7ff5ef127000-7ff5ef12c000 r--s 0003f000 08:06 5637248                    /home/rafael/.ivy2/cache/com.typesafe/config/bundles/config-1.3.0.jar
7ff5ef12c000-7ff5ef130000 r--s 00022000 08:06 6041572                    /home/rafael/.ivy2/cache/com.typesafe.play/sbt-run-support_2.10/jars/sbt-run-support_2.10-2.5.1.jar
7ff5ef130000-7ff5ef134000 r--s 0002a000 08:06 5770449                    /home/rafael/.ivy2/cache/commons-io/commons-io/jars/commons-io-2.4.jar
7ff5ef134000-7ff5ef13b000 r--s 00064000 08:06 5511414                    /home/rafael/.ivy2/cache/org.apache.commons/commons-lang3/jars/commons-lang3-3.4.jar
7ff5ef13b000-7ff5ef14b000 r--s 00086000 08:06 6041571                    /home/rafael/.ivy2/cache/com.typesafe.play/sbt-routes-compiler_2.10/jars/sbt-routes-compiler_2.10-2.5.1.jar
7ff5ef14b000-7ff5ef154000 r--s 00054000 08:06 5773706                    /home/rafael/.ivy2/cache/scala_2.10/sbt_0.13/com.typesafe.play/sbt-plugin/jars/sbt-plugin-2.5.1.jar
7ff5ef154000-7ff5ef354000 rw-p 00000000 00:00 0 
7ff5ef354000-7ff5ef554000 rw-p 00000000 00:00 0 
7ff5ef554000-7ff5ef754000 rw-p 00000000 00:00 0 
7ff5ef754000-7ff5ef954000 rw-p 00000000 00:00 0 
7ff5ef954000-7ff5ef9cd000 r--s 010e3000 08:06 2629352                    /usr/lib/jvm/java-8-oracle/lib/tools.jar
7ff5ef9cd000-7ff5efbcd000 rw-p 00000000 00:00 0 
7ff5efbcd000-7ff5efdcd000 rw-p 00000000 00:00 0 
7ff5efdcd000-7ff5efdd4000 r--s 00000000 08:06 919066                     /usr/lib/x86_64-linux-gnu/gconv/gconv-modules.cache
7ff5efdd4000-7ff5efdf6000 r--p 00000000 08:06 1187377                    /usr/share/locale-langpack/pt_BR/LC_MESSAGES/libc.mo
7ff5efdf6000-7ff5efe00000 r--s 00085000 08:06 2774207                    /tmp/sbt-global-plugin0stub/boot/scala-2.10.6/org.scala-sbt/sbt/0.13.11/json4s-core_2.10-3.2.10.jar
7ff5efe00000-7ff5f0000000 rw-p 00000000 00:00 0 
7ff5f0000000-7ff5f15e1000 rw-p 00000000 00:00 0 
7ff5f15e1000-7ff5f4000000 ---p 00000000 00:00 0 
7ff5f4000000-7ff5f4021000 rw-p 00000000 00:00 0 
7ff5f4021000-7ff5f8000000 ---p 00000000 00:00 0 
7ff5f8000000-7ff5f9ab8000 rw-p 00000000 00:00 0 
7ff5f9ab8000-7ff5fc000000 ---p 00000000 00:00 0 
7ff5fc000000-7ff5fdc35000 rw-p 00000000 00:00 0 
7ff5fdc35000-7ff600000000 ---p 00000000 00:00 0 
7ff600000000-7ff600021000 rw-p 00000000 00:00 0 
7ff600021000-7ff604000000 ---p 00000000 00:00 0 
7ff604000000-7ff604021000 rw-p 00000000 00:00 0 
7ff604021000-7ff608000000 ---p 00000000 00:00 0 
7ff608000000-7ff608033000 rw-p 00000000 00:00 0 
7ff608033000-7ff60c000000 ---p 00000000 00:00 0 
7ff60c000000-7ff60c021000 rw-p 00000000 00:00 0 
7ff60c021000-7ff610000000 ---p 00000000 00:00 0 
7ff610000000-7ff610021000 rw-p 00000000 00:00 0 
7ff610021000-7ff614000000 ---p 00000000 00:00 0 
7ff614000000-7ff614002000 r--s 00000000 08:06 5773707                    /home/rafael/.ivy2/cache/com.typesafe.play/play-exceptions/jars/play-exceptions-2.5.1.jar
7ff614002000-7ff614003000 r--s 00000000 08:06 5642863                    /home/rafael/.ivy2/cache/com.typesafe.play/build-link/jars/build-link-2.5.1.jar
7ff614003000-7ff614005000 r--s 0000d000 08:06 6036652                    /home/rafael/.ivy2/cache/com.typesafe.play/twirl-api_2.10/jars/twirl-api_2.10-1.1.1.jar
7ff614005000-7ff614007000 r--s 0000b000 08:06 2773843                    /tmp/sbt-global-plugin0stub/boot/scala-2.10.6/org.scala-sbt/sbt/0.13.11/xsbti/interface-0.13.11.jar
7ff614007000-7ff61400f000 r--s 00057000 08:06 2773864                    /tmp/sbt-global-plugin0stub/boot/scala-2.10.6/org.scala-sbt/sbt/0.13.11/completion-0.13.11.jar
7ff61400f000-7ff614011000 r--s 00007000 08:06 2772251                    /tmp/sbt-global-plugin0stub/boot/scala-2.10.6/org.scala-sbt/sbt/0.13.11/compiler-ivy-integration-0.13.11.jar
7ff614011000-7ff614017000 r--s 00040000 08:06 2772244                    /tmp/sbt-global-plugin0stub/boot/scala-2.10.6/org.scala-sbt/sbt/0.13.11/api-0.13.11.jar
7ff614017000-7ff614019000 r--s 00012000 08:06 2774203                    /tmp/sbt-global-plugin0stub/boot/scala-2.10.6/org.scala-sbt/sbt/0.13.11/jawn-parser_2.10-0.6.0.jar
7ff614019000-7ff61401a000 r--s 00005000 08:06 2773890                    /tmp/sbt-global-plugin0stub/boot/scala-2.10.6/org.scala-sbt/sbt/0.13.11/sbt-0.13.11.jar
7ff61401a000-7ff614021000 r--s 0003f000 08:06 2773975                    /tmp/sbt-global-plugin0stub/boot/scala-2.10.6/org.scala-sbt/sbt/0.13.11/io-0.13.11.jar
7ff614021000-7ff614028000 r--s 0004b000 08:06 2772345                    /tmp/sbt-global-plugin0stub/boot/scala-2.10.6/org.scala-sbt/sbt/0.13.11/serialization_2.10-0.1.2.jar
7ff614028000-7ff61402e000 r--s 00038000 08:06 2773984                    /tmp/sbt-global-plugin0stub/boot/scala-2.10.6/org.scala-sbt/sbt/0.13.11/compile-0.13.11.jar
7ff61402e000-7ff614030000 r--s 0001a000 08:06 2770542                    /tmp/sbt-global-plugin0stub/boot/scala-2.10.6/org.scala-sbt/sbt/0.13.11/jansi-1.11.jar
7ff614030000-7ff614032000 r--s 0000b000 08:06 2770516                    /tmp/sbt-global-plugin0stub/boot/scala-2.10.6/org.scala-sbt/sbt/0.13.11/tracking-0.13.11.jar
7ff614032000-7ff614036000 r--s 00039000 08:06 2773904                    /tmp/sbt-global-plugin0stub/boot/scala-2.10.6/org.scala-sbt/sbt/0.13.11/jline-2.13.jar
7ff614036000-7ff614038000 r--s 00002000 08:06 2774197                    /tmp/sbt-global-plugin0stub/boot/scala-2.10.6/org.scala-sbt/sbt/0.13.11/test-interface-1.0.jar
7ff614038000-7ff61403c000 r--s 0001d000 08:06 2773841                    /tmp/sbt-global-plugin0stub/boot/scala-2.10.6/org.scala-sbt/sbt/0.13.11/tasks-0.13.11.jar
7ff61403c000-7ff614071000 r--s 002da000 08:06 2773859                    /tmp/sbt-global-plugin0stub/boot/scala-2.10.6/org.scala-sbt/sbt/0.13.11/scala-reflect-2.10.6.jar
7ff614071000-7ff614076000 r--s 00037000 08:06 2773874                    /tmp/sbt-global-plugin0stub/boot/scala-2.10.6/org.scala-sbt/sbt/0.13.11/command-0.13.11.jar
7ff614076000-7ff614078000 r--s 00017000 08:06 2770654                    /tmp/sbt-global-plugin0stub/boot/scala-2.10.6/org.scala-sbt/sbt/0.13.11/testing-0.13.11.jar
7ff614078000-7ff61407b000 r--s 00013000 08:06 2773844                    /tmp/sbt-global-plugin0stub/boot/scala-2.10.6/org.scala-sbt/sbt/0.13.11/classpath-0.13.11.jar
7ff61407b000-7ff61407c000 r--s 00005000 08:06 2772046                    /tmp/sbt-global-plugin0stub/boot/scala-2.10.6/org.scala-sbt/sbt/0.13.11/test-agent-0.13.11.jar
7ff61407c000-7ff614082000 r--s 00038000 08:06 2774206                    /tmp/sbt-global-plugin0stub/boot/scala-2.10.6/org.scala-sbt/sbt/0.13.11/compiler-interface-0.13.11.jar
7ff614082000-7ff61408c000 r--s 0006e000 08:06 2772284                    /tmp/sbt-global-plugin0stub/boot/scala-2.10.6/org.scala-sbt/sbt/0.13.11/incremental-compiler-0.13.11.jar
7ff61408c000-7ff61408f000 r--s 00018000 08:06 2772090                    /tmp/sbt-global-plugin0stub/boot/scala-2.10.6/org.scala-sbt/sbt/0.13.11/logging-0.13.11.jar
7ff61408f000-7ff614091000 r--s 00014000 08:06 2773858                    /tmp/sbt-global-plugin0stub/boot/scala-2.10.6/org.scala-sbt/sbt/0.13.11/apply-macro-0.13.11.jar
7ff614091000-7ff614093000 r--s 00001000 08:06 2773973                    /tmp/sbt-global-plugin0stub/boot/scala-2.10.6/org.scala-sbt/sbt/0.13.11/cross-0.13.11.jar
7ff614093000-7ff614095000 r--s 00013000 08:06 2772584                    /tmp/sbt-global-plugin0stub/boot/scala-2.10.6/org.scala-sbt/sbt/0.13.11/json4s-ast_2.10-3.2.10.jar
7ff614095000-7ff61409a000 r--s 00024000 08:06 2770363                    /tmp/sbt-global-plugin0stub/boot/scala-2.10.6/org.scala-sbt/sbt/0.13.11/persist-0.13.11.jar
7ff61409a000-7ff6140a3000 r--s 0006f000 08:06 2774001                    /tmp/sbt-global-plugin0stub/boot/scala-2.10.6/org.scala-sbt/sbt/0.13.11/actions-0.13.11.jar
7ff6140a3000-7ff6140a7000 r--s 0001c000 08:06 2774198                    /tmp/sbt-global-plugin0stub/boot/scala-2.10.6/org.scala-sbt/sbt/0.13.11/compiler-integration-0.13.11.jar
7ff6140a7000-7ff6140bc000 r--s 00101000 08:06 2772275                    /tmp/sbt-global-plugin0stub/boot/scala-2.10.6/org.scala-sbt/sbt/0.13.11/ivy-2.3.0-sbt-2cc8d2761242b072cedb0a04cb39435c4fa24f9a.jar
7ff6140bc000-7ff6140de000 r--s 001bc000 08:06 2770207                    /tmp/sbt-global-plugin0stub/boot/scala-2.10.6/org.scala-sbt/sbt/0.13.11/ivy-0.13.11.jar
7ff6140de000-7ff6140ea000 r--s 000a4000 08:06 2773889                    /tmp/sbt-global-plugin0stub/boot/scala-2.10.6/org.scala-sbt/sbt/0.13.11/quasiquotes_2.10-2.0.1.jar
7ff6140ea000-7ff6140ed000 r--s 0001d000 08:06 2773970                    /tmp/sbt-global-plugin0stub/boot/scala-2.10.6/org.scala-sbt/sbt/0.13.11/task-system-0.13.11.jar
7ff6140ed000-7ff6140ef000 r--s 00015000 08:06 2770653                    /tmp/sbt-global-plugin0stub/boot/scala-2.10.6/org.scala-sbt/sbt/0.13.11/classfile-0.13.11.jar
7ff6140ef000-7ff6140fd000 r--s 000bc000 08:06 2770655                    /tmp/sbt-global-plugin0stub/boot/scala-2.10.6/org.scala-sbt/sbt/0.13.11/scala-pickling_2.10-0.10.1.jar
7ff6140fd000-7ff614100000 r--s 0001e000 08:06 2771773                    /tmp/sbt-global-plugin0stub/boot/scala-2.10.6/org.scala-sbt/sbt/0.13.11/run-0.13.11.jar
7ff614100000-7ff61410b000 r--s 00097000 08:06 2773905                    /tmp/sbt-global-plugin0stub/boot/scala-2.10.6/org.scala-sbt/sbt/0.13.11/main-settings-0.13.11.jar
7ff61410b000-7ff61410f000 r--s 0001b000 08:06 2773884                    /tmp/sbt-global-plugin0stub/boot/scala-2.10.6/org.scala-sbt/sbt/0.13.11/process-0.13.11.jar
7ff61410f000-7ff614117000 r--s 00060000 08:06 2770460                    /tmp/sbt-global-plugin0stub/boot/scala-2.10.6/org.scala-sbt/sbt/0.13.11/collections-0.13.11.jar
7ff614117000-7ff614119000 r--s 00002000 08:06 2770541                    /tmp/sbt-global-plugin0stub/boot/scala-2.10.6/org.scala-sbt/sbt/0.13.11/control-0.13.11.jar
7ff614119000-7ff61411b000 r--s 0000e000 08:06 2773851                    /tmp/sbt-global-plugin0stub/boot/scala-2.10.6/org.scala-sbt/sbt/0.13.11/logic-0.13.11.jar
7ff61411b000-7ff61431b000 rw-p 00000000 00:00 0 
7ff61431b000-7ff614419000 r--s 00cd0000 08:06 2899631                    /tmp/sbt-global-plugin0stub/boot/scala-2.10.6/lib/scala-compiler.jar
7ff614419000-7ff61448c000 r--s 0065b000 08:06 2899636                    /tmp/sbt-global-plugin0stub/boot/scala-2.10.6/lib/scala-library.jar
7ff61448c000-7ff61468c000 rw-p 00000000 00:00 0 
7ff61468c000-7ff61469d000 r-xp 00000000 08:06 2898011                    /usr/lib/jvm/java-8-oracle/jre/lib/amd64/libnio.so
7ff61469d000-7ff61489c000 ---p 00011000 08:06 2898011                    /usr/lib/jvm/java-8-oracle/jre/lib/amd64/libnio.so
7ff61489c000-7ff61489d000 rw-p 00010000 08:06 2898011                    /usr/lib/jvm/java-8-oracle/jre/lib/amd64/libnio.so
7ff61489d000-7ff6148b3000 r-xp 00000000 08:06 2898027                    /usr/lib/jvm/java-8-oracle/jre/lib/amd64/libnet.so
7ff6148b3000-7ff614ab3000 ---p 00016000 08:06 2898027                    /usr/lib/jvm/java-8-oracle/jre/lib/amd64/libnet.so
7ff614ab3000-7ff614ab4000 rw-p 00016000 08:06 2898027                    /usr/lib/jvm/java-8-oracle/jre/lib/amd64/libnet.so
7ff614ab4000-7ff614ab5000 ---p 00000000 00:00 0 
7ff614ab5000-7ff614bb5000 rw-p 00000000 00:00 0                          [stack:8165]
7ff614bb5000-7ff614bb8000 ---p 00000000 00:00 0 
7ff614bb8000-7ff614cb6000 rw-p 00000000 00:00 0                          [stack:8164]
7ff614cb6000-7ff614cb9000 ---p 00000000 00:00 0 
7ff614cb9000-7ff614db7000 rw-p 00000000 00:00 0                          [stack:8163]
7ff614db7000-7ff614dba000 ---p 00000000 00:00 0 
7ff614dba000-7ff614eb8000 rw-p 00000000 00:00 0                          [stack:8162]
7ff614eb8000-7ff614ebb000 ---p 00000000 00:00 0 
7ff614ebb000-7ff614fb9000 rw-p 00000000 00:00 0                          [stack:8161]
7ff614fb9000-7ff614fbc000 ---p 00000000 00:00 0 
7ff614fbc000-7ff6150ba000 rw-p 00000000 00:00 0                          [stack:8160]
7ff6150ba000-7ff6154f5000 r--p 00000000 08:06 667609                     /usr/lib/locale/locale-archive
7ff6154f5000-7ff6154f8000 ---p 00000000 00:00 0 
7ff6154f8000-7ff6155f6000 rw-p 00000000 00:00 0                          [stack:8159]
7ff6155f6000-7ff6155f9000 ---p 00000000 00:00 0 
7ff6155f9000-7ff6156f7000 rw-p 00000000 00:00 0                          [stack:8158]
7ff6156f7000-7ff6156f8000 ---p 00000000 00:00 0 
7ff6156f8000-7ff618000000 rw-p 00000000 00:00 0                          [stack:8157]
7ff618000000-7ff6182b5000 rw-p 00000000 00:00 0 
7ff6182b5000-7ff61c000000 ---p 00000000 00:00 0 
7ff61c000000-7ff61c021000 rw-p 00000000 00:00 0 
7ff61c021000-7ff620000000 ---p 00000000 00:00 0 
7ff620000000-7ff620024000 rw-p 00000000 00:00 0 
7ff620024000-7ff624000000 ---p 00000000 00:00 0 
7ff624000000-7ff62402d000 r--s 00242000 08:06 2773917                    /tmp/sbt-global-plugin0stub/boot/scala-2.10.6/org.scala-sbt/sbt/0.13.11/main-0.13.11.jar
7ff62402d000-7ff624031000 r--s 00034000 08:06 2770515                    /tmp/sbt-global-plugin0stub/boot/scala-2.10.6/org.scala-sbt/sbt/0.13.11/jsch-0.1.46.jar
7ff624031000-7ff624033000 r--s 00007000 08:06 2774042                    /tmp/sbt-global-plugin0stub/boot/scala-2.10.6/org.scala-sbt/sbt/0.13.11/paranamer-2.6.jar
7ff624033000-7ff624036000 r--s 0001a000 08:06 2774199                    /tmp/sbt-global-plugin0stub/boot/scala-2.10.6/org.scala-sbt/sbt/0.13.11/cache-0.13.11.jar
7ff624036000-7ff624038000 r--s 00006000 08:06 2774209                    /tmp/sbt-global-plugin0stub/boot/scala-2.10.6/org.scala-sbt/sbt/0.13.11/relation-0.13.11.jar
7ff624038000-7ff62406d000 r--s 002da000 08:06 2899632                    /tmp/sbt-global-plugin0stub/boot/scala-2.10.6/lib/scala-reflect.jar
7ff62406d000-7ff62407f000 r--s 00345000 08:06 2634539                    /usr/lib/jvm/java-8-oracle/jre/lib/resources.jar
7ff62407f000-7ff62409b000 r--s 00393000 08:06 2634437                    /usr/lib/jvm/java-8-oracle/jre/lib/ext/cldrdata.jar
7ff62409b000-7ff6240b7000 r--s 0010c000 08:06 2107666                    /home/rafael/.IntelliJIdea15/config/plugins/Scala/launcher/sbt-launch.jar
7ff6240b7000-7ff625000000 rw-p 00000000 00:00 0 
7ff625000000-7ff628110000 rwxp 00000000 00:00 0 
7ff628110000-7ff634000000 ---p 00000000 00:00 0 
7ff634000000-7ff635b3d000 rw-p 00000000 00:00 0 
7ff635b3d000-7ff638000000 ---p 00000000 00:00 0 
7ff638000000-7ff638001000 r--s 00002000 08:06 2774208                    /tmp/sbt-global-plugin0stub/boot/scala-2.10.6/org.scala-sbt/sbt/0.13.11/launcher-interface-1.0.0-M1.jar
7ff638001000-7ff638005000 r--s 00022000 08:06 2773863                    /tmp/sbt-global-plugin0stub/boot/scala-2.10.6/org.scala-sbt/sbt/0.13.11/sbinary_2.10-0.4.2.jar
7ff638005000-7ff638009000 r--s 00025000 08:06 2899635                    /tmp/sbt-global-plugin0stub/boot/scala-2.10.6/lib/jline.jar
7ff638009000-7ff638013000 r--s 00116000 08:06 2634438                    /usr/lib/jvm/java-8-oracle/jre/lib/ext/localedata.jar
7ff638013000-7ff638076000 rw-p 00000000 00:00 0 
7ff638076000-7ff63824e000 r--s 03d1e000 08:06 2634548                    /usr/lib/jvm/java-8-oracle/jre/lib/rt.jar
7ff63824e000-7ff6384c4000 rw-p 00000000 00:00 0 
7ff6384c4000-7ff6384c5000 ---p 00000000 00:00 0 
7ff6384c5000-7ff6385c5000 rw-p 00000000 00:00 0                          [stack:8156]
7ff6385c5000-7ff6385c6000 ---p 00000000 00:00 0 
7ff6385c6000-7ff6386c6000 rw-p 00000000 00:00 0                          [stack:8155]
7ff6386c6000-7ff6386c7000 ---p 00000000 00:00 0 
7ff6386c7000-7ff6387c7000 rw-p 00000000 00:00 0                          [stack:8154]
7ff6387c7000-7ff6387c8000 ---p 00000000 00:00 0 
7ff6387c8000-7ff63898b000 rw-p 00000000 00:00 0                          [stack:8153]
7ff63898b000-7ff638a1e000 ---p 00000000 00:00 0 
7ff638a1e000-7ff638ae1000 rw-p 00000000 00:00 0 
7ff638ae1000-7ff638b73000 ---p 00000000 00:00 0 
7ff638b73000-7ff638c1e000 rw-p 00000000 00:00 0 
7ff638c1e000-7ff638ce4000 rw-p 00000000 00:00 0 
7ff638ce4000-7ff638fdf000 ---p 00000000 00:00 0 
7ff638fdf000-7ff638ff9000 r-xp 00000000 08:06 2898019                    /usr/lib/jvm/java-8-oracle/jre/lib/amd64/libzip.so
7ff638ff9000-7ff6391f9000 ---p 0001a000 08:06 2898019                    /usr/lib/jvm/java-8-oracle/jre/lib/amd64/libzip.so
7ff6391f9000-7ff6391fa000 rw-p 0001a000 08:06 2898019                    /usr/lib/jvm/java-8-oracle/jre/lib/amd64/libzip.so
7ff6391fa000-7ff639205000 r-xp 00000000 08:06 3675477                    /lib/x86_64-linux-gnu/libnss_files-2.19.so
7ff639205000-7ff639404000 ---p 0000b000 08:06 3675477                    /lib/x86_64-linux-gnu/libnss_files-2.19.so
7ff639404000-7ff639405000 r--p 0000a000 08:06 3675477                    /lib/x86_64-linux-gnu/libnss_files-2.19.so
7ff639405000-7ff639406000 rw-p 0000b000 08:06 3675477                    /lib/x86_64-linux-gnu/libnss_files-2.19.so
7ff639406000-7ff639411000 r-xp 00000000 08:06 3675464                    /lib/x86_64-linux-gnu/libnss_nis-2.19.so
7ff639411000-7ff639610000 ---p 0000b000 08:06 3675464                    /lib/x86_64-linux-gnu/libnss_nis-2.19.so
7ff639610000-7ff639611000 r--p 0000a000 08:06 3675464                    /lib/x86_64-linux-gnu/libnss_nis-2.19.so
7ff639611000-7ff639612000 rw-p 0000b000 08:06 3675464                    /lib/x86_64-linux-gnu/libnss_nis-2.19.so
7ff639612000-7ff639629000 r-xp 00000000 08:06 3675448                    /lib/x86_64-linux-gnu/libnsl-2.19.so
7ff639629000-7ff639828000 ---p 00017000 08:06 3675448                    /lib/x86_64-linux-gnu/libnsl-2.19.so
7ff639828000-7ff639829000 r--p 00016000 08:06 3675448                    /lib/x86_64-linux-gnu/libnsl-2.19.so
7ff639829000-7ff63982a000 rw-p 00017000 08:06 3675448                    /lib/x86_64-linux-gnu/libnsl-2.19.so
7ff63982a000-7ff63982c000 rw-p 00000000 00:00 0 
7ff63982c000-7ff639835000 r-xp 00000000 08:06 3675447                    /lib/x86_64-linux-gnu/libnss_compat-2.19.so
7ff639835000-7ff639a34000 ---p 00009000 08:06 3675447                    /lib/x86_64-linux-gnu/libnss_compat-2.19.so
7ff639a34000-7ff639a35000 r--p 00008000 08:06 3675447                    /lib/x86_64-linux-gnu/libnss_compat-2.19.so
7ff639a35000-7ff639a36000 rw-p 00009000 08:06 3675447                    /lib/x86_64-linux-gnu/libnss_compat-2.19.so
7ff639a36000-7ff639a60000 r-xp 00000000 08:06 2897992                    /usr/lib/jvm/java-8-oracle/jre/lib/amd64/libjava.so
7ff639a60000-7ff639c60000 ---p 0002a000 08:06 2897992                    /usr/lib/jvm/java-8-oracle/jre/lib/amd64/libjava.so
7ff639c60000-7ff639c62000 rw-p 0002a000 08:06 2897992                    /usr/lib/jvm/java-8-oracle/jre/lib/amd64/libjava.so
7ff639c62000-7ff639c6f000 r-xp 00000000 08:06 2898008                    /usr/lib/jvm/java-8-oracle/jre/lib/amd64/libverify.so
7ff639c6f000-7ff639e6f000 ---p 0000d000 08:06 2898008                    /usr/lib/jvm/java-8-oracle/jre/lib/amd64/libverify.so
7ff639e6f000-7ff639e71000 rw-p 0000d000 08:06 2898008                    /usr/lib/jvm/java-8-oracle/jre/lib/amd64/libverify.so
7ff639e71000-7ff639e78000 r-xp 00000000 08:06 3675471                    /lib/x86_64-linux-gnu/librt-2.19.so
7ff639e78000-7ff63a077000 ---p 00007000 08:06 3675471                    /lib/x86_64-linux-gnu/librt-2.19.so
7ff63a077000-7ff63a078000 r--p 00006000 08:06 3675471                    /lib/x86_64-linux-gnu/librt-2.19.so
7ff63a078000-7ff63a079000 rw-p 00007000 08:06 3675471                    /lib/x86_64-linux-gnu/librt-2.19.so
7ff63a079000-7ff63a17e000 r-xp 00000000 08:06 3675437                    /lib/x86_64-linux-gnu/libm-2.19.so
7ff63a17e000-7ff63a37d000 ---p 00105000 08:06 3675437                    /lib/x86_64-linux-gnu/libm-2.19.so
7ff63a37d000-7ff63a37e000 r--p 00104000 08:06 3675437                    /lib/x86_64-linux-gnu/libm-2.19.so
7ff63a37e000-7ff63a37f000 rw-p 00105000 08:06 3675437                    /lib/x86_64-linux-gnu/libm-2.19.so
7ff63a37f000-7ff63b03e000 r-xp 00000000 08:06 2898021                    /usr/lib/jvm/java-8-oracle/jre/lib/amd64/server/libjvm.so
7ff63b03e000-7ff63b23d000 ---p 00cbf000 08:06 2898021                    /usr/lib/jvm/java-8-oracle/jre/lib/amd64/server/libjvm.so
7ff63b23d000-7ff63b316000 rw-p 00cbe000 08:06 2898021                    /usr/lib/jvm/java-8-oracle/jre/lib/amd64/server/libjvm.so
7ff63b316000-7ff63b35f000 rw-p 00000000 00:00 0 
7ff63b35f000-7ff63b51a000 r-xp 00000000 08:06 3675472                    /lib/x86_64-linux-gnu/libc-2.19.so
7ff63b51a000-7ff63b719000 ---p 001bb000 08:06 3675472                    /lib/x86_64-linux-gnu/libc-2.19.so
7ff63b719000-7ff63b71d000 r--p 001ba000 08:06 3675472                    /lib/x86_64-linux-gnu/libc-2.19.so
7ff63b71d000-7ff63b71f000 rw-p 001be000 08:06 3675472                    /lib/x86_64-linux-gnu/libc-2.19.so
7ff63b71f000-7ff63b724000 rw-p 00000000 00:00 0 
7ff63b724000-7ff63b727000 r-xp 00000000 08:06 3675444                    /lib/x86_64-linux-gnu/libdl-2.19.so
7ff63b727000-7ff63b926000 ---p 00003000 08:06 3675444                    /lib/x86_64-linux-gnu/libdl-2.19.so
7ff63b926000-7ff63b927000 r--p 00002000 08:06 3675444                    /lib/x86_64-linux-gnu/libdl-2.19.so
7ff63b927000-7ff63b928000 rw-p 00003000 08:06 3675444                    /lib/x86_64-linux-gnu/libdl-2.19.so
7ff63b928000-7ff63b93d000 r-xp 00000000 08:06 2629365                    /usr/lib/jvm/java-8-oracle/lib/amd64/jli/libjli.so
7ff63b93d000-7ff63bb3d000 ---p 00015000 08:06 2629365                    /usr/lib/jvm/java-8-oracle/lib/amd64/jli/libjli.so
7ff63bb3d000-7ff63bb3e000 rw-p 00015000 08:06 2629365                    /usr/lib/jvm/java-8-oracle/lib/amd64/jli/libjli.so
7ff63bb3e000-7ff63bb57000 r-xp 00000000 08:06 3675449                    /lib/x86_64-linux-gnu/libpthread-2.19.so
7ff63bb57000-7ff63bd56000 ---p 00019000 08:06 3675449                    /lib/x86_64-linux-gnu/libpthread-2.19.so
7ff63bd56000-7ff63bd57000 r--p 00018000 08:06 3675449                    /lib/x86_64-linux-gnu/libpthread-2.19.so
7ff63bd57000-7ff63bd58000 rw-p 00019000 08:06 3675449                    /lib/x86_64-linux-gnu/libpthread-2.19.so
7ff63bd58000-7ff63bd5c000 rw-p 00000000 00:00 0 
7ff63bd5c000-7ff63bd7f000 r-xp 00000000 08:06 3675451                    /lib/x86_64-linux-gnu/ld-2.19.so
7ff63bd7f000-7ff63bd80000 r--s 00001000 08:06 2770259                    /tmp/sbt-global-plugin0stub/boot/scala-2.10.6/org.scala-sbt/sbt/0.13.11/json4s-support_2.10-0.6.0.jar
7ff63bd80000-7ff63be52000 rw-p 00000000 00:00 0 
7ff63be52000-7ff63be55000 ---p 00000000 00:00 0 
7ff63be55000-7ff63bf57000 rw-p 00000000 00:00 0                          [stack:8152]
7ff63bf57000-7ff63bf5a000 r--s 00018000 08:06 2899634                    /tmp/sbt-global-plugin0stub/boot/scala-2.10.6/lib/jansi.jar
7ff63bf5a000-7ff63bf5e000 r--s 00097000 08:06 2634551                    /usr/lib/jvm/java-8-oracle/jre/lib/jsse.jar
7ff63bf5e000-7ff63bf72000 rw-p 00000000 00:00 0 
7ff63bf72000-7ff63bf7a000 rw-s 00000000 08:06 2237073                    /tmp/hsperfdata_rafael/8150
7ff63bf7a000-7ff63bf7b000 rw-p 00000000 00:00 0 
7ff63bf7b000-7ff63bf7c000 ---p 00000000 00:00 0 
7ff63bf7c000-7ff63bf7e000 rw-p 00000000 00:00 0 
7ff63bf7e000-7ff63bf7f000 r--p 00022000 08:06 3675451                    /lib/x86_64-linux-gnu/ld-2.19.so
7ff63bf7f000-7ff63bf80000 rw-p 00023000 08:06 3675451                    /lib/x86_64-linux-gnu/ld-2.19.so
7ff63bf80000-7ff63bf81000 rw-p 00000000 00:00 0 
7fffd9822000-7fffd9843000 rw-p 00000000 00:00 0                          [stack]
7fffd9964000-7fffd9966000 r-xp 00000000 00:00 0                          [vdso]
ffffffffff600000-ffffffffff601000 r-xp 00000000 00:00 0                  [vsyscall]

VM Arguments:
jvm_args: -Dfile.encoding=UTF8 -Djline.terminal=none -Dsbt.log.noformat=true -Dsbt.global.base=/tmp/sbt-global-plugin0stub -Xms512M -Xmx1024M -Xss1M -XX:+CMSClassUnloadingEnabled -XX:MaxPermSize=256M 
java_command: xsbt.boot.Boot run 9090
java_class_path (initial): /home/rafael/.IntelliJIdea15/config/plugins/Scala/launcher/sbt-launch.jar
Launcher Type: SUN_STANDARD

Environment Variables:
JAVA_HOME=/usr/lib/jvm/java-8-oracle
PATH=/usr/local/sbin:/usr/local/bin:/usr/sbin:/usr/bin:/sbin:/bin:/usr/games:/usr/local/games:/usr/lib/jvm/java-8-oracle/bin:/usr/lib/jvm/java-8-oracle/db/bin:/usr/lib/jvm/java-8-oracle/jre/bin
LD_LIBRARY_PATH=/home/rafael/Documentos/idea-IU-143.1821.5/bin:
SHELL=/bin/bash
DISPLAY=:0

Signal Handlers:
SIGSEGV: [libjvm.so+0xabb070], sa_mask[0]=11111111011111111101111111111110, sa_flags=SA_RESTART|SA_SIGINFO
SIGBUS: [libjvm.so+0xabb070], sa_mask[0]=11111111011111111101111111111110, sa_flags=SA_RESTART|SA_SIGINFO
SIGFPE: [libjvm.so+0x918480], sa_mask[0]=11111111011111111101111111111110, sa_flags=SA_RESTART|SA_SIGINFO
SIGPIPE: [libjvm.so+0x918480], sa_mask[0]=11111111011111111101111111111110, sa_flags=SA_RESTART|SA_SIGINFO
SIGXFSZ: [libjvm.so+0x918480], sa_mask[0]=11111111011111111101111111111110, sa_flags=SA_RESTART|SA_SIGINFO
SIGILL: [libjvm.so+0x918480], sa_mask[0]=11111111011111111101111111111110, sa_flags=SA_RESTART|SA_SIGINFO
SIGUSR1: SIG_DFL, sa_mask[0]=00000000000000000000000000000000, sa_flags=none
SIGUSR2: [libjvm.so+0x919ab0], sa_mask[0]=00100000000000000000000000000000, sa_flags=SA_RESTART|SA_SIGINFO
SIGHUP: [libjvm.so+0x91aeb0], sa_mask[0]=11111111011111111101111111111110, sa_flags=SA_RESTART|SA_SIGINFO
SIGINT: [libjvm.so+0x91aeb0], sa_mask[0]=11111111011111111101111111111110, sa_flags=SA_RESTART|SA_SIGINFO
SIGTERM: [libjvm.so+0x91aeb0], sa_mask[0]=11111111011111111101111111111110, sa_flags=SA_RESTART|SA_SIGINFO
SIGQUIT: [libjvm.so+0x91aeb0], sa_mask[0]=11111111011111111101111111111110, sa_flags=SA_RESTART|SA_SIGINFO


---------------  S Y S T E M  ---------------

OS:DISTRIB_ID=Ubuntu
DISTRIB_RELEASE=14.04
DISTRIB_CODENAME=trusty
DISTRIB_DESCRIPTION="Ubuntu 14.04.4 LTS"

uname:Linux 3.13.0-85-generic #129-Ubuntu SMP Thu Mar 17 20:50:15 UTC 2016 x86_64
libc:glibc 2.19 NPTL 2.19 
rlimit: STACK 8192k, CORE 0k, NPROC 31153, NOFILE 4096, AS infinity
load average:8,81 4,06 2,79

/proc/meminfo:
MemTotal:        4009200 kB
MemFree:         1082896 kB
Buffers:           24228 kB
Cached:           370384 kB
SwapCached:        12248 kB
Active:          1689232 kB
Inactive:         986084 kB
Active(anon):    1567248 kB
Inactive(anon):   766592 kB
Active(file):     121984 kB
Inactive(file):   219492 kB
Unevictable:          72 kB
Mlocked:              72 kB
SwapTotal:       4153340 kB
SwapFree:        3813612 kB
Dirty:              1604 kB
Writeback:             0 kB
AnonPages:       2269932 kB
Mapped:           163944 kB
Shmem:             52564 kB
Slab:              99808 kB
SReclaimable:      59764 kB
SUnreclaim:        40044 kB
KernelStack:        5080 kB
PageTables:        44600 kB
NFS_Unstable:          0 kB
Bounce:                0 kB
WritebackTmp:          0 kB
CommitLimit:     6157940 kB
Committed_AS:    7328904 kB
VmallocTotal:   34359738367 kB
VmallocUsed:      115540 kB
VmallocChunk:   34359614972 kB
HardwareCorrupted:     0 kB
AnonHugePages:    509952 kB
HugePages_Total:       0
HugePages_Free:        0
HugePages_Rsvd:        0
HugePages_Surp:        0
Hugepagesize:       2048 kB
DirectMap4k:      184832 kB
DirectMap2M:     3971072 kB


CPU:total 4 (2 cores per cpu, 2 threads per core) family 6 model 58 stepping 9, cmov, cx8, fxsr, mmx, sse, sse2, sse3, ssse3, sse4.1, sse4.2, popcnt, avx, aes, clmul, erms, ht, tsc, tscinvbit, tscinv

/proc/cpuinfo:
processor	: 0
vendor_id	: GenuineIntel
cpu family	: 6
model		: 58
model name	: Intel(R) Core(TM) i5-3230M CPU @ 2.60GHz
stepping	: 9
microcode	: 0x15
cpu MHz		: 2400.000
cache size	: 3072 KB
physical id	: 0
siblings	: 4
core id		: 0
cpu cores	: 2
apicid		: 0
initial apicid	: 0
fpu		: yes
fpu_exception	: yes
cpuid level	: 13
wp		: yes
flags		: fpu vme de pse tsc msr pae mce cx8 apic sep mtrr pge mca cmov pat pse36 clflush dts acpi mmx fxsr sse sse2 ss ht tm pbe syscall nx rdtscp lm constant_tsc arch_perfmon pebs bts rep_good nopl xtopology nonstop_tsc aperfmperf eagerfpu pni pclmulqdq dtes64 monitor ds_cpl vmx est tm2 ssse3 cx16 xtpr pdcm pcid sse4_1 sse4_2 x2apic popcnt tsc_deadline_timer aes xsave avx f16c rdrand lahf_lm ida arat epb xsaveopt pln pts dtherm tpr_shadow vnmi flexpriority ept vpid fsgsbase smep erms
bogomips	: 5187.92
clflush size	: 64
cache_alignment	: 64
address sizes	: 36 bits physical, 48 bits virtual
power management:

processor	: 1
vendor_id	: GenuineIntel
cpu family	: 6
model		: 58
model name	: Intel(R) Core(TM) i5-3230M CPU @ 2.60GHz
stepping	: 9
microcode	: 0x15
cpu MHz		: 1200.000
cache size	: 3072 KB
physical id	: 0
siblings	: 4
core id		: 0
cpu cores	: 2
apicid		: 1
initial apicid	: 1
fpu		: yes
fpu_exception	: yes
cpuid level	: 13
wp		: yes
flags		: fpu vme de pse tsc msr pae mce cx8 apic sep mtrr pge mca cmov pat pse36 clflush dts acpi mmx fxsr sse sse2 ss ht tm pbe syscall nx rdtscp lm constant_tsc arch_perfmon pebs bts rep_good nopl xtopology nonstop_tsc aperfmperf eagerfpu pni pclmulqdq dtes64 monitor ds_cpl vmx est tm2 ssse3 cx16 xtpr pdcm pcid sse4_1 sse4_2 x2apic popcnt tsc_deadline_timer aes xsave avx f16c rdrand lahf_lm ida arat epb xsaveopt pln pts dtherm tpr_shadow vnmi flexpriority ept vpid fsgsbase smep erms
bogomips	: 5187.92
clflush size	: 64
cache_alignment	: 64
address sizes	: 36 bits physical, 48 bits virtual
power management:

processor	: 2
vendor_id	: GenuineIntel
cpu family	: 6
model		: 58
model name	: Intel(R) Core(TM) i5-3230M CPU @ 2.60GHz
stepping	: 9
microcode	: 0x15
cpu MHz		: 2600.000
cache size	: 3072 KB
physical id	: 0
siblings	: 4
core id		: 1
cpu cores	: 2
apicid		: 2
initial apicid	: 2
fpu		: yes
fpu_exception	: yes
cpuid level	: 13
wp		: yes
flags		: fpu vme de pse tsc msr pae mce cx8 apic sep mtrr pge mca cmov pat pse36 clflush dts acpi mmx fxsr sse sse2 ss ht tm pbe syscall nx rdtscp lm constant_tsc arch_perfmon pebs bts rep_good nopl xtopology nonstop_tsc aperfmperf eagerfpu pni pclmulqdq dtes64 monitor ds_cpl vmx est tm2 ssse3 cx16 xtpr pdcm pcid sse4_1 sse4_2 x2apic popcnt tsc_deadline_timer aes xsave avx f16c rdrand lahf_lm ida arat epb xsaveopt pln pts dtherm tpr_shadow vnmi flexpriority ept vpid fsgsbase smep erms
bogomips	: 5187.92
clflush size	: 64
cache_alignment	: 64
address sizes	: 36 bits physical, 48 bits virtual
power management:

processor	: 3
vendor_id	: GenuineIntel
cpu family	: 6
model		: 58
model name	: Intel(R) Core(TM) i5-3230M CPU @ 2.60GHz
stepping	: 9
microcode	: 0x15
cpu MHz		: 2600.000
cache size	: 3072 KB
physical id	: 0
siblings	: 4
core id		: 1
cpu cores	: 2
apicid		: 3
initial apicid	: 3
fpu		: yes
fpu_exception	: yes
cpuid level	: 13
wp		: yes
flags		: fpu vme de pse tsc msr pae mce cx8 apic sep mtrr pge mca cmov pat pse36 clflush dts acpi mmx fxsr sse sse2 ss ht tm pbe syscall nx rdtscp lm constant_tsc arch_perfmon pebs bts rep_good nopl xtopology nonstop_tsc aperfmperf eagerfpu pni pclmulqdq dtes64 monitor ds_cpl vmx est tm2 ssse3 cx16 xtpr pdcm pcid sse4_1 sse4_2 x2apic popcnt tsc_deadline_timer aes xsave avx f16c rdrand lahf_lm ida arat epb xsaveopt pln pts dtherm tpr_shadow vnmi flexpriority ept vpid fsgsbase smep erms
bogomips	: 5187.92
clflush size	: 64
cache_alignment	: 64
address sizes	: 36 bits physical, 48 bits virtual
power management:



Memory: 4k page, physical 4009200k(1082772k free), swap 4153340k(3813612k free)

vm_info: Java HotSpot(TM) 64-Bit Server VM (25.77-b03) for linux-amd64 JRE (1.8.0_77-b03), built on Mar 20 2016 22:00:46 by "java_re" with gcc 4.3.0 20080428 (Red Hat 4.3.0-8)

time: Wed Apr 20 22:52:49 2016
elapsed time: 1193 seconds (0d 0h 19m 53s)

