#
# A fatal error has been detected by the Java Runtime Environment:
#
#  SIGSEGV (0xb) at pc=0x00007f13b99c5f91, pid=20947, tid=139722272401152
#
# JRE version: Java(TM) SE Runtime Environment (8.0_77-b03) (build 1.8.0_77-b03)
# Java VM: Java HotSpot(TM) 64-Bit Server VM (25.77-b03 mixed mode linux-amd64 compressed oops)
# Problematic frame:
# V  [libjvm.so+0xa22f91]  Symbol::decrement_refcount()+0x1
#
# Failed to write core dump. Core dumps have been disabled. To enable core dumping, try "ulimit -c unlimited" before starting Java again
#
# If you would like to submit a bug report, please visit:
#   http://bugreport.java.com/bugreport/crash.jsp
#

---------------  T H R E A D  ---------------

Current thread (0x00007f13b417f800):  JavaThread "C2 CompilerThread0" daemon [_thread_in_native, id=20957, stack(0x00007f13a059e000,0x00007f13a069f000)]

siginfo: si_signo: 11 (SIGSEGV), si_code: 1 (SEGV_MAPERR), si_addr: 0x0000000000000002

Registers:
RAX=0x00007f1380444fe0, RBX=0x0000000000004e10, RCX=0x0000000000000001, RDX=0x0000000000060010
RSP=0x00007f13a069d710, RBP=0x00007f13a069d740, RSI=0x0000000000000001, RDI=0x0000000000000000
R8 =0x0000000000000c6a, R9 =0x00000000000076f7, R10=0x00007f13ba33ffe0, R11=0x00000000115fe86f
R12=0x00000000000009c2, R13=0x00007f1374009360, R14=0x00007f13a069d950, R15=0x00007f13b4190fe0
RIP=0x00007f13b99c5f91, EFLAGS=0x0000000000010212, CSGSFS=0x0000000000000033, ERR=0x0000000000000004
  TRAPNO=0x000000000000000e

Top of Stack: (sp=0x00007f13a069d710)
0x00007f13a069d710:   00007f13a069d740 00007f13b93d6e31
0x00007f13a069d720:   0000000000000000 00007f13b9f1d2e0
0x00007f13a069d730:   00007f13b417f800 00007f13a223af90
0x00007f13a069d740:   00007f13a069d780 00007f13b93b63e9
0x00007f13a069d750:   00000000000076f7 00007f13b4006bf0
0x00007f13a069d760:   0000000000000eb0 00007f13a223af90
0x00007f13a069d770:   0000000000000000 00007f13b4190fe0
0x00007f13a069d780:   00007f13a069db60 00007f13b944ffd4
0x00007f13a069d790:   00007f13a4f36140 00007f13a4f44540
0x00007f13a069d7a0:   00007f1300000001 00007f1380019cf0
0x00007f13a069d7b0:   00007f1380019cf8 00007f13a069d950
0x00007f13a069d7c0:   00007f13b9f1d2e0 00007f13a069dae0
0x00007f13a069d7d0:   00007f13a069dab0 00007f13b417f800
0x00007f13a069d7e0:   ffffffffa4cd222b 0000000400002800
0x00007f13a069d7f0:   00007f1374049fb0 00007f13b41802d0
0x00007f13a069d800:   00007f13b41802e0 00007f13b41806b8
0x00007f13a069d810:   00007f13b4180290 00000000000003d8
0x00007f13a069d820:   000003cea4cd2820 0000000000000000
0x00007f13a069d830:   00007f13a4cd2820 00007f13a4cd28a0
0x00007f13a069d840:   00007f13a223af90 00007f13b417f800
0x00007f13a069d850:   00007f1380019d08 00007f13a4cd2820
0x00007f13a069d860:   00007f13a0020001 00007f13a069d778
0x00007f13a069d870:   0000000000000000 0000000000000000
0x00007f13a069d880:   00007f13a4cd21e0 00007f13000016f8
0x00007f13a069d890:   00007f13b41803b0 00007f1380000e70
0x00007f13a069d8a0:   0000000000000000 00007f13b93c37cd
0x00007f13a069d8b0:   0000000000000000 0000000000000000
0x00007f13a069d8c0:   00000000ffffff00 0000000000000000
0x00007f13a069d8d0:   0000000000000000 0000000000000000
0x00007f13a069d8e0:   0000000000000000 00007f1380001b00
0x00007f13a069d8f0:   0000000000000000 0000000000000000
0x00007f13a069d900:   0000000000000000 00007f13b4180350 

Instructions: (pc=0x00007f13b99c5f91)
0x00007f13b99c5f71:   ef 48 8b 5d e8 4c 8b 65 f0 4c 8b 6d f8 c9 31 c0
0x00007f13b99c5f81:   e9 ea 52 f0 ff 66 2e 0f 1f 84 00 00 00 00 00 55
0x00007f13b99c5f91:   0f b7 47 02 48 89 e5 66 85 c0 78 13 c9 48 83 c7
0x00007f13b99c5fa1:   02 e9 c9 83 8f ff 66 0f 1f 84 00 00 00 00 00 c9 

Register to memory mapping:

RAX=0x00007f1380444fe0 is an unknown value
RBX=0x0000000000004e10 is an unknown value
RCX=0x0000000000000001 is an unknown value
RDX=0x0000000000060010 is an unknown value
RSP=0x00007f13a069d710 is pointing into the stack for thread: 0x00007f13b417f800
RBP=0x00007f13a069d740 is pointing into the stack for thread: 0x00007f13b417f800
RSI=0x0000000000000001 is an unknown value
RDI=0x0000000000000000 is an unknown value
R8 =0x0000000000000c6a is an unknown value
R9 =0x00000000000076f7 is an unknown value
R10=0x00007f13ba33ffe0: <offset 0x3bcfe0> in /lib/x86_64-linux-gnu/libc.so.6 at 0x00007f13b9f83000
R11=0x00000000115fe86f is an unknown value
R12=0x00000000000009c2 is an unknown value
R13=0x00007f1374009360 is an unknown value
R14=0x00007f13a069d950 is pointing into the stack for thread: 0x00007f13b417f800
R15=0x00007f13b4190fe0 is an unknown value


Stack: [0x00007f13a059e000,0x00007f13a069f000],  sp=0x00007f13a069d710,  free space=1021k
Native frames: (J=compiled Java code, j=interpreted, Vv=VM code, C=native code)
V  [libjvm.so+0xa22f91]  Symbol::decrement_refcount()+0x1
V  [libjvm.so+0x4133e9]  ciEnv::~ciEnv()+0x39
V  [libjvm.so+0x4acfd4]  CompileBroker::invoke_compiler_on_method(CompileTask*)+0x8f4
V  [libjvm.so+0x4ae326]  CompileBroker::compiler_thread_loop()+0x5d6
V  [libjvm.so+0xa69dcf]  JavaThread::thread_main_inner()+0xdf
V  [libjvm.so+0xa69efc]  JavaThread::run()+0x11c
V  [libjvm.so+0x91d9d8]  java_start(Thread*)+0x108
C  [libpthread.so.0+0x8182]  start_thread+0xc2


Current CompileTask:
C2:  12886  974       4       java.net.URLClassLoader$1::run (5 bytes)


---------------  P R O C E S S  ---------------

Java Threads: ( => current thread )
  0x00007f13b418f800 JavaThread "Service Thread" daemon [_thread_blocked, id=20960, stack(0x00007f13a029b000,0x00007f13a039c000)]
  0x00007f13b4184800 JavaThread "C1 CompilerThread2" daemon [_thread_blocked, id=20959, stack(0x00007f13a039c000,0x00007f13a049d000)]
  0x00007f13b4182800 JavaThread "C2 CompilerThread1" daemon [_thread_blocked, id=20958, stack(0x00007f13a049d000,0x00007f13a059e000)]
=>0x00007f13b417f800 JavaThread "C2 CompilerThread0" daemon [_thread_in_native, id=20957, stack(0x00007f13a059e000,0x00007f13a069f000)]
  0x00007f13b417e000 JavaThread "Signal Dispatcher" daemon [_thread_blocked, id=20956, stack(0x00007f13a069f000,0x00007f13a07a0000)]
  0x00007f13b414b000 JavaThread "Finalizer" daemon [_thread_blocked, id=20955, stack(0x00007f13a0bdb000,0x00007f13a0cdc000)]
  0x00007f13b4146800 JavaThread "Reference Handler" daemon [_thread_blocked, id=20954, stack(0x00007f13a0cdc000,0x00007f13a0ddd000)]
  0x00007f13b400a000 JavaThread "main" [_thread_in_vm, id=20948, stack(0x00007f13baa76000,0x00007f13bab77000)]

Other Threads:
  0x00007f13b413f000 VMThread [stack: 0x00007f13a0ddd000,0x00007f13a0ede000] [id=20953]
  0x00007f13b4192000 WatcherThread [stack: 0x00007f13a019a000,0x00007f13a029b000] [id=20961]

VM state:not at safepoint (normal execution)

VM Mutex/Monitor currently owned by a thread: None

Heap:
 PSYoungGen      total 18432K, used 5120K [0x00000000f0000000, 0x00000000f1c80000, 0x0000000100000000)
  eden space 15872K, 16% used [0x00000000f0000000,0x00000000f02869a8,0x00000000f0f80000)
  from space 2560K, 99% used [0x00000000f0f80000,0x00000000f11f99e8,0x00000000f1200000)
  to   space 6656K, 0% used [0x00000000f1600000,0x00000000f1600000,0x00000000f1c80000)
 ParOldGen       total 42496K, used 9307K [0x00000000d0000000, 0x00000000d2980000, 0x00000000f0000000)
  object space 42496K, 21% used [0x00000000d0000000,0x00000000d0916ce0,0x00000000d2980000)
 Metaspace       used 20623K, capacity 20858K, committed 21120K, reserved 1067008K
  class space    used 3588K, capacity 3622K, committed 3712K, reserved 1048576K

Card table byte_map: [0x00007f13a4698000,0x00007f13a4819000] byte_map_base: 0x00007f13a4018000

Marking Bits: (ParMarkBitMap*) 0x00007f13b9f58100
 Begin Bits: [0x00007f13a2994000, 0x00007f13a3594000)
 End Bits:   [0x00007f13a3594000, 0x00007f13a4194000)

Polling page: 0x00007f13bab9f000

CodeCache: size=245760Kb used=3679Kb max_used=3679Kb free=242080Kb
 bounds [0x00007f13a4bd9000, 0x00007f13a4f79000, 0x00007f13b3bd9000]
 total_blobs=1504 nmethods=1161 adapters=256
 compilation: enabled

Compilation events (10 events):
Event: 11,786 Thread 0x00007f13b4184800 1107       3       scala.util.hashing.MurmurHash3::mix (19 bytes)
Event: 11,787 Thread 0x00007f13b4184800 nmethod 1107 0x00007f13a4f2cf50 code [0x00007f13a4f2d0c0, 0x00007f13a4f2d3d0]
Event: 11,787 Thread 0x00007f13b4182800 1108       4       java.security.CodeSource::getCertificates (98 bytes)
Event: 11,787 Thread 0x00007f13b4184800 1109       1       scala.reflect.internal.util.Statistics$::canEnable (5 bytes)
Event: 11,787 Thread 0x00007f13b4184800 nmethod 1109 0x00007f13a4f2cc90 code [0x00007f13a4f2cde0, 0x00007f13a4f2cef0]
Event: 11,787 Thread 0x00007f13b4182800 nmethod 1108 0x00007f13a4f29d90 code [0x00007f13a4f29ee0, 0x00007f13a4f29f78]
Event: 11,788 Thread 0x00007f13b4184800 1110       3       sun.nio.cs.UTF_8$Decoder::decodeArrayLoop (691 bytes)
Event: 11,792 Thread 0x00007f13b4184800 nmethod 1110 0x00007f13a4f5ce10 code [0x00007f13a4f5d780, 0x00007f13a4f63f28]
Event: 11,792 Thread 0x00007f13b4184800 1111       1       scala.collection.mutable.HashMap::seedvalue (5 bytes)
Event: 11,793 Thread 0x00007f13b4184800 nmethod 1111 0x00007f13a4f2c9d0 code [0x00007f13a4f2cb20, 0x00007f13a4f2cc30]

GC Heap History (10 events):
Event: 2,397 GC heap before
{Heap before GC invocations=1 (full 0):
 PSYoungGen      total 18432K, used 15872K [0x00000000f0000000, 0x00000000f1480000, 0x0000000100000000)
  eden space 15872K, 100% used [0x00000000f0000000,0x00000000f0f80000,0x00000000f0f80000)
  from space 2560K, 0% used [0x00000000f1200000,0x00000000f1200000,0x00000000f1480000)
  to   space 2560K, 0% used [0x00000000f0f80000,0x00000000f0f80000,0x00000000f1200000)
 ParOldGen       total 42496K, used 0K [0x00000000d0000000, 0x00000000d2980000, 0x00000000f0000000)
  object space 42496K, 0% used [0x00000000d0000000,0x00000000d0000000,0x00000000d2980000)
 Metaspace       used 5541K, capacity 6704K, committed 6912K, reserved 1056768K
  class space    used 667K, capacity 720K, committed 768K, reserved 1048576K
Event: 2,424 GC heap after
Heap after GC invocations=1 (full 0):
 PSYoungGen      total 18432K, used 2558K [0x00000000f0000000, 0x00000000f1480000, 0x0000000100000000)
  eden space 15872K, 0% used [0x00000000f0000000,0x00000000f0000000,0x00000000f0f80000)
  from space 2560K, 99% used [0x00000000f0f80000,0x00000000f11ffb58,0x00000000f1200000)
  to   space 2560K, 0% used [0x00000000f1200000,0x00000000f1200000,0x00000000f1480000)
 ParOldGen       total 42496K, used 365K [0x00000000d0000000, 0x00000000d2980000, 0x00000000f0000000)
  object space 42496K, 0% used [0x00000000d0000000,0x00000000d005b4f0,0x00000000d2980000)
 Metaspace       used 5541K, capacity 6704K, committed 6912K, reserved 1056768K
  class space    used 667K, capacity 720K, committed 768K, reserved 1048576K
}
Event: 4,314 GC heap before
{Heap before GC invocations=2 (full 0):
 PSYoungGen      total 18432K, used 18430K [0x00000000f0000000, 0x00000000f1480000, 0x0000000100000000)
  eden space 15872K, 100% used [0x00000000f0000000,0x00000000f0f80000,0x00000000f0f80000)
  from space 2560K, 99% used [0x00000000f0f80000,0x00000000f11ffb58,0x00000000f1200000)
  to   space 2560K, 0% used [0x00000000f1200000,0x00000000f1200000,0x00000000f1480000)
 ParOldGen       total 42496K, used 365K [0x00000000d0000000, 0x00000000d2980000, 0x00000000f0000000)
  object space 42496K, 0% used [0x00000000d0000000,0x00000000d005b4f0,0x00000000d2980000)
 Metaspace       used 9829K, capacity 10948K, committed 11136K, reserved 1058816K
  class space    used 1581K, capacity 1620K, committed 1664K, reserved 1048576K
Event: 4,323 GC heap after
Heap after GC invocations=2 (full 0):
 PSYoungGen      total 18432K, used 2547K [0x00000000f0000000, 0x00000000f1480000, 0x0000000100000000)
  eden space 15872K, 0% used [0x00000000f0000000,0x00000000f0000000,0x00000000f0f80000)
  from space 2560K, 99% used [0x00000000f1200000,0x00000000f147ccb0,0x00000000f1480000)
  to   space 2560K, 0% used [0x00000000f0f80000,0x00000000f0f80000,0x00000000f1200000)
 ParOldGen       total 42496K, used 2479K [0x00000000d0000000, 0x00000000d2980000, 0x00000000f0000000)
  object space 42496K, 5% used [0x00000000d0000000,0x00000000d026bc20,0x00000000d2980000)
 Metaspace       used 9829K, capacity 10948K, committed 11136K, reserved 1058816K
  class space    used 1581K, capacity 1620K, committed 1664K, reserved 1048576K
}
Event: 6,185 GC heap before
{Heap before GC invocations=3 (full 0):
 PSYoungGen      total 18432K, used 18419K [0x00000000f0000000, 0x00000000f1480000, 0x0000000100000000)
  eden space 15872K, 100% used [0x00000000f0000000,0x00000000f0f80000,0x00000000f0f80000)
  from space 2560K, 99% used [0x00000000f1200000,0x00000000f147ccb0,0x00000000f1480000)
  to   space 2560K, 0% used [0x00000000f0f80000,0x00000000f0f80000,0x00000000f1200000)
 ParOldGen       total 42496K, used 2479K [0x00000000d0000000, 0x00000000d2980000, 0x00000000f0000000)
  object space 42496K, 5% used [0x00000000d0000000,0x00000000d026bc20,0x00000000d2980000)
 Metaspace       used 13237K, capacity 13480K, committed 13568K, reserved 1060864K
  class space    used 2233K, capacity 2272K, committed 2304K, reserved 1048576K
Event: 6,189 GC heap after
Heap after GC invocations=3 (full 0):
 PSYoungGen      total 18432K, used 2545K [0x00000000f0000000, 0x00000000f1480000, 0x0000000100000000)
  eden space 15872K, 0% used [0x00000000f0000000,0x00000000f0000000,0x00000000f0f80000)
  from space 2560K, 99% used [0x00000000f0f80000,0x00000000f11fc4c0,0x00000000f1200000)
  to   space 2560K, 0% used [0x00000000f1200000,0x00000000f1200000,0x00000000f1480000)
 ParOldGen       total 42496K, used 3684K [0x00000000d0000000, 0x00000000d2980000, 0x00000000f0000000)
  object space 42496K, 8% used [0x00000000d0000000,0x00000000d03990c8,0x00000000d2980000)
 Metaspace       used 13237K, capacity 13480K, committed 13568K, reserved 1060864K
  class space    used 2233K, capacity 2272K, committed 2304K, reserved 1048576K
}
Event: 8,903 GC heap before
{Heap before GC invocations=4 (full 0):
 PSYoungGen      total 18432K, used 18417K [0x00000000f0000000, 0x00000000f1480000, 0x0000000100000000)
  eden space 15872K, 100% used [0x00000000f0000000,0x00000000f0f80000,0x00000000f0f80000)
  from space 2560K, 99% used [0x00000000f0f80000,0x00000000f11fc4c0,0x00000000f1200000)
  to   space 2560K, 0% used [0x00000000f1200000,0x00000000f1200000,0x00000000f1480000)
 ParOldGen       total 42496K, used 3684K [0x00000000d0000000, 0x00000000d2980000, 0x00000000f0000000)
  object space 42496K, 8% used [0x00000000d0000000,0x00000000d03990c8,0x00000000d2980000)
 Metaspace       used 15467K, capacity 15738K, committed 16000K, reserved 1062912K
  class space    used 2638K, capacity 2662K, committed 2688K, reserved 1048576K
Event: 8,914 GC heap after
Heap after GC invocations=4 (full 0):
 PSYoungGen      total 18432K, used 2547K [0x00000000f0000000, 0x00000000f1480000, 0x0000000100000000)
  eden space 15872K, 0% used [0x00000000f0000000,0x00000000f0000000,0x00000000f0f80000)
  from space 2560K, 99% used [0x00000000f1200000,0x00000000f147cf00,0x00000000f1480000)
  to   space 2560K, 0% used [0x00000000f0f80000,0x00000000f0f80000,0x00000000f1200000)
 ParOldGen       total 42496K, used 5569K [0x00000000d0000000, 0x00000000d2980000, 0x00000000f0000000)
  object space 42496K, 13% used [0x00000000d0000000,0x00000000d05705f8,0x00000000d2980000)
 Metaspace       used 15467K, capacity 15738K, committed 16000K, reserved 1062912K
  class space    used 2638K, capacity 2662K, committed 2688K, reserved 1048576K
}
Event: 11,023 GC heap before
{Heap before GC invocations=5 (full 0):
 PSYoungGen      total 18432K, used 18419K [0x00000000f0000000, 0x00000000f1480000, 0x0000000100000000)
  eden space 15872K, 100% used [0x00000000f0000000,0x00000000f0f80000,0x00000000f0f80000)
  from space 2560K, 99% used [0x00000000f1200000,0x00000000f147cf00,0x00000000f1480000)
  to   space 2560K, 0% used [0x00000000f0f80000,0x00000000f0f80000,0x00000000f1200000)
 ParOldGen       total 42496K, used 5569K [0x00000000d0000000, 0x00000000d2980000, 0x00000000f0000000)
  object space 42496K, 13% used [0x00000000d0000000,0x00000000d05705f8,0x00000000d2980000)
 Metaspace       used 20052K, capacity 20282K, committed 20480K, reserved 1067008K
  class space    used 3495K, capacity 3558K, committed 3584K, reserved 1048576K
Event: 11,039 GC heap after
Heap after GC invocations=5 (full 0):
 PSYoungGen      total 18432K, used 2534K [0x00000000f0000000, 0x00000000f1c80000, 0x0000000100000000)
  eden space 15872K, 0% used [0x00000000f0000000,0x00000000f0000000,0x00000000f0f80000)
  from space 2560K, 99% used [0x00000000f0f80000,0x00000000f11f99e8,0x00000000f1200000)
  to   space 6656K, 0% used [0x00000000f1600000,0x00000000f1600000,0x00000000f1c80000)
 ParOldGen       total 42496K, used 9307K [0x00000000d0000000, 0x00000000d2980000, 0x00000000f0000000)
  object space 42496K, 21% used [0x00000000d0000000,0x00000000d0916ce0,0x00000000d2980000)
 Metaspace       used 20052K, capacity 20282K, committed 20480K, reserved 1067008K
  class space    used 3495K, capacity 3558K, committed 3584K, reserved 1048576K
}

Deoptimization events (10 events):
Event: 4,094 Thread 0x00007f13b400a000 Uncommon trap: reason=unstable_if action=reinterpret pc=0x00007f13a4d0f80c method=java.lang.String.startsWith(Ljava/lang/String;I)Z @ 25
Event: 4,310 Thread 0x00007f13b400a000 Uncommon trap: reason=unstable_if action=reinterpret pc=0x00007f13a4de5ed0 method=sun.nio.cs.UTF_8$Decoder.decode([BII[C)I @ 30
Event: 4,436 Thread 0x00007f13b400a000 Uncommon trap: reason=unstable_if action=reinterpret pc=0x00007f13a4d7f88c method=java.lang.String.indexOf([CII[CIII)I @ 3
Event: 4,665 Thread 0x00007f13b400a000 Uncommon trap: reason=unstable_if action=reinterpret pc=0x00007f13a4de72d0 method=java.lang.CharacterDataLatin1.toUpperCase(I)I @ 12
Event: 4,688 Thread 0x00007f13b400a000 Uncommon trap: reason=unstable_if action=reinterpret pc=0x00007f13a4de4ba0 method=java.util.HashMap.getNode(ILjava/lang/Object;)Ljava/util/HashMap$Node; @ 116
Event: 5,130 Thread 0x00007f13b400a000 Uncommon trap: reason=unstable_if action=reinterpret pc=0x00007f13a4dc49f8 method=sun.misc.MetaIndex.mayContain(Ljava/lang/String;)Z @ 38
Event: 5,154 Thread 0x00007f13b400a000 Uncommon trap: reason=unstable_if action=reinterpret pc=0x00007f13a4d5d58c method=sun.misc.MetaIndex.mayContain(Ljava/lang/String;)Z @ 38
Event: 5,199 Thread 0x00007f13b400a000 Uncommon trap: reason=unstable_if action=reinterpret pc=0x00007f13a4dd0c98 method=sun.net.www.ParseUtil.encodePath(Ljava/lang/String;Z)Ljava/lang/String; @ 109
Event: 6,435 Thread 0x00007f13b400a000 Uncommon trap: reason=unstable_if action=reinterpret pc=0x00007f13a4e9eacc method=java.util.regex.Pattern$BmpCharProperty.match(Ljava/util/regex/Matcher;ILjava/lang/CharSequence;)Z @ 5
Event: 11,007 Thread 0x00007f13b400a000 Uncommon trap: reason=unstable_if action=reinterpret pc=0x00007f13a4df3630 method=java.util.HashMap.getNode(ILjava/lang/Object;)Ljava/util/HashMap$Node; @ 116

Internal exceptions (10 events):
Event: 1,503 Thread 0x00007f13b400a000 Exception <a 'java/security/PrivilegedActionException'> (0x00000000f035e540) thrown at [/HUDSON/workspace/8-2-build-linux-amd64/jdk8u77/6540/hotspot/src/share/vm/prims/jvm.cpp, line 1386]
Event: 1,503 Thread 0x00007f13b400a000 Exception <a 'java/security/PrivilegedActionException'> (0x00000000f035e750) thrown at [/HUDSON/workspace/8-2-build-linux-amd64/jdk8u77/6540/hotspot/src/share/vm/prims/jvm.cpp, line 1386]
Event: 4,310 Thread 0x00007f13b400a000 Exception <a 'java/io/FileNotFoundException'> (0x00000000f0f5cf78) thrown at [/HUDSON/workspace/8-2-build-linux-amd64/jdk8u77/6540/hotspot/src/share/vm/prims/jni.cpp, line 709]
Event: 4,669 Thread 0x00007f13b400a000 Exception <a 'java/io/FileNotFoundException'> (0x00000000f00d1e50) thrown at [/HUDSON/workspace/8-2-build-linux-amd64/jdk8u77/6540/hotspot/src/share/vm/prims/jni.cpp, line 709]
Event: 6,609 Thread 0x00007f13b400a000 Exception <a 'java/lang/ClassNotFoundException': com/sun/tools/javac/api/JavacTool> (0x00000000f09ba470) thrown at [/HUDSON/workspace/8-2-build-linux-amd64/jdk8u77/6540/hotspot/src/share/vm/classfile/systemDictionary.cpp, line 210]
Event: 11,640 Thread 0x00007f13b400a000 Exception <a 'java/lang/ClassNotFoundException': <root>/package> (0x00000000f00d62c0) thrown at [/HUDSON/workspace/8-2-build-linux-amd64/jdk8u77/6540/hotspot/src/share/vm/classfile/systemDictionary.cpp, line 210]
Event: 11,777 Thread 0x00007f13b400a000 Exception <a 'java/lang/ClassNotFoundException': <root>/java> (0x00000000f00ebc10) thrown at [/HUDSON/workspace/8-2-build-linux-amd64/jdk8u77/6540/hotspot/src/share/vm/classfile/systemDictionary.cpp, line 210]
Event: 11,777 Thread 0x00007f13b400a000 Exception <a 'java/lang/ClassNotFoundException': java/package> (0x00000000f00ec950) thrown at [/HUDSON/workspace/8-2-build-linux-amd64/jdk8u77/6540/hotspot/src/share/vm/classfile/systemDictionary.cpp, line 210]
Event: 11,777 Thread 0x00007f13b400a000 Exception <a 'java/lang/ClassNotFoundException': java/lang> (0x00000000f00ed2a8) thrown at [/HUDSON/workspace/8-2-build-linux-amd64/jdk8u77/6540/hotspot/src/share/vm/classfile/systemDictionary.cpp, line 210]
Event: 11,777 Thread 0x00007f13b400a000 Exception <a 'java/lang/ClassNotFoundException': java/lang/package> (0x00000000f00ee310) thrown at [/HUDSON/workspace/8-2-build-linux-amd64/jdk8u77/6540/hotspot/src/share/vm/classfile/systemDictionary.cpp, line 210]

Events (10 events):
Event: 11,775 Thread 0x00007f13b400a000 DEOPT PACKING pc=0x00007f13a4d88612 sp=0x00007f13bab70aa0
Event: 11,775 Thread 0x00007f13b400a000 DEOPT UNPACKING pc=0x00007f13a4c20633 sp=0x00007f13bab707e0 mode 0
Event: 11,776 loading class <root>/java
Event: 11,776 loading class <root>/java done
Event: 11,777 loading class java/package
Event: 11,777 loading class java/package done
Event: 11,777 loading class java/lang
Event: 11,777 loading class java/lang done
Event: 11,777 loading class java/lang/package
Event: 11,777 loading class java/lang/package done


Dynamic libraries:
00400000-00401000 r-xp 00000000 08:06 2628379                            /usr/lib/jvm/java-8-oracle/bin/java
00600000-00601000 rw-p 00000000 08:06 2628379                            /usr/lib/jvm/java-8-oracle/bin/java
02589000-025aa000 rw-p 00000000 00:00 0                                  [heap]
d0000000-d2980000 rw-p 00000000 00:00 0 
d2980000-f0000000 ---p 00000000 00:00 0 
f0000000-f1c80000 rw-p 00000000 00:00 0 
f1c80000-100000000 ---p 00000000 00:00 0 
100000000-1003a0000 rw-p 00000000 00:00 0 
1003a0000-140000000 ---p 00000000 00:00 0 
7f136afb5000-7f136b0b7000 rw-p 00000000 00:00 0 
7f136b0b7000-7f136b1b7000 ---p 00000000 00:00 0 
7f136b1b7000-7f136b3b7000 rw-p 00000000 00:00 0 
7f136b3b7000-7f136b430000 r--s 010e3000 08:06 2629352                    /usr/lib/jvm/java-8-oracle/lib/tools.jar
7f136b430000-7f136b630000 rw-p 00000000 00:00 0 
7f136b630000-7f136b830000 rw-p 00000000 00:00 0 
7f136b830000-7f136b83a000 r--s 00116000 08:06 2634438                    /usr/lib/jvm/java-8-oracle/jre/lib/ext/localedata.jar
7f136b83a000-7f136b856000 r--s 00393000 08:06 2634437                    /usr/lib/jvm/java-8-oracle/jre/lib/ext/cldrdata.jar
7f136b856000-7f136b85a000 r--s 00097000 08:06 2634551                    /usr/lib/jvm/java-8-oracle/jre/lib/jsse.jar
7f136b85a000-7f136b861000 r--s 00000000 08:06 919066                     /usr/lib/x86_64-linux-gnu/gconv/gconv-modules.cache
7f136b861000-7f136b883000 r--p 00000000 08:06 1187377                    /usr/share/locale-langpack/pt_BR/LC_MESSAGES/libc.mo
7f136b883000-7f136b885000 r--s 0000b000 08:06 4336330                    /home/rafael/.sbt/boot/scala-2.10.6/org.scala-sbt/sbt/0.13.11/xsbti/interface-0.13.11.jar
7f136b885000-7f136b88f000 r--s 00085000 08:06 4336355                    /home/rafael/.sbt/boot/scala-2.10.6/org.scala-sbt/sbt/0.13.11/json4s-core_2.10-3.2.10.jar
7f136b88f000-7f136ba8f000 rw-p 00000000 00:00 0 
7f136ba8f000-7f136ba97000 r--s 00057000 08:06 4336336                    /home/rafael/.sbt/boot/scala-2.10.6/org.scala-sbt/sbt/0.13.11/completion-0.13.11.jar
7f136ba97000-7f136ba99000 r--s 00007000 08:06 4336323                    /home/rafael/.sbt/boot/scala-2.10.6/org.scala-sbt/sbt/0.13.11/compiler-ivy-integration-0.13.11.jar
7f136ba99000-7f136ba9f000 r--s 00040000 08:06 4336322                    /home/rafael/.sbt/boot/scala-2.10.6/org.scala-sbt/sbt/0.13.11/api-0.13.11.jar
7f136ba9f000-7f136baa1000 r--s 00012000 08:06 4336353                    /home/rafael/.sbt/boot/scala-2.10.6/org.scala-sbt/sbt/0.13.11/jawn-parser_2.10-0.6.0.jar
7f136baa1000-7f136baa2000 r--s 00005000 08:06 4336340                    /home/rafael/.sbt/boot/scala-2.10.6/org.scala-sbt/sbt/0.13.11/sbt-0.13.11.jar
7f136baa2000-7f136baa9000 r--s 0003f000 08:06 4336346                    /home/rafael/.sbt/boot/scala-2.10.6/org.scala-sbt/sbt/0.13.11/io-0.13.11.jar
7f136baa9000-7f136bab0000 r--s 0004b000 08:06 4336326                    /home/rafael/.sbt/boot/scala-2.10.6/org.scala-sbt/sbt/0.13.11/serialization_2.10-0.1.2.jar
7f136bab0000-7f136bab6000 r--s 00038000 08:06 4336347                    /home/rafael/.sbt/boot/scala-2.10.6/org.scala-sbt/sbt/0.13.11/compile-0.13.11.jar
7f136bab6000-7f136bab8000 r--s 0001a000 08:06 4336315                    /home/rafael/.sbt/boot/scala-2.10.6/org.scala-sbt/sbt/0.13.11/jansi-1.11.jar
7f136bab8000-7f136baba000 r--s 0000b000 08:06 4336313                    /home/rafael/.sbt/boot/scala-2.10.6/org.scala-sbt/sbt/0.13.11/tracking-0.13.11.jar
7f136baba000-7f136babe000 r--s 00039000 08:06 4336341                    /home/rafael/.sbt/boot/scala-2.10.6/org.scala-sbt/sbt/0.13.11/jline-2.13.jar
7f136babe000-7f136bac0000 r--s 00002000 08:06 4336350                    /home/rafael/.sbt/boot/scala-2.10.6/org.scala-sbt/sbt/0.13.11/test-interface-1.0.jar
7f136bac0000-7f136bac4000 r--s 0001d000 08:06 4336328                    /home/rafael/.sbt/boot/scala-2.10.6/org.scala-sbt/sbt/0.13.11/tasks-0.13.11.jar
7f136bac4000-7f136baf9000 r--s 002da000 08:06 4336334                    /home/rafael/.sbt/boot/scala-2.10.6/org.scala-sbt/sbt/0.13.11/scala-reflect-2.10.6.jar
7f136baf9000-7f136bafe000 r--s 00037000 08:06 4336337                    /home/rafael/.sbt/boot/scala-2.10.6/org.scala-sbt/sbt/0.13.11/command-0.13.11.jar
7f136bafe000-7f136bb00000 r--s 00017000 08:06 4336317                    /home/rafael/.sbt/boot/scala-2.10.6/org.scala-sbt/sbt/0.13.11/testing-0.13.11.jar
7f136bb00000-7f136bb03000 r--s 00013000 08:06 4336331                    /home/rafael/.sbt/boot/scala-2.10.6/org.scala-sbt/sbt/0.13.11/classpath-0.13.11.jar
7f136bb03000-7f136bb09000 r--s 00038000 08:06 4336354                    /home/rafael/.sbt/boot/scala-2.10.6/org.scala-sbt/sbt/0.13.11/compiler-interface-0.13.11.jar
7f136bb09000-7f136bb13000 r--s 0006e000 08:06 4336325                    /home/rafael/.sbt/boot/scala-2.10.6/org.scala-sbt/sbt/0.13.11/incremental-compiler-0.13.11.jar
7f136bb13000-7f136bb16000 r--s 00018000 08:06 4336321                    /home/rafael/.sbt/boot/scala-2.10.6/org.scala-sbt/sbt/0.13.11/logging-0.13.11.jar
7f136bb16000-7f136bb18000 r--s 00014000 08:06 4336333                    /home/rafael/.sbt/boot/scala-2.10.6/org.scala-sbt/sbt/0.13.11/apply-macro-0.13.11.jar
7f136bb18000-7f136bb1a000 r--s 00001000 08:06 4336345                    /home/rafael/.sbt/boot/scala-2.10.6/org.scala-sbt/sbt/0.13.11/cross-0.13.11.jar
7f136bb1a000-7f136bb1c000 r--s 00013000 08:06 4336327                    /home/rafael/.sbt/boot/scala-2.10.6/org.scala-sbt/sbt/0.13.11/json4s-ast_2.10-3.2.10.jar
7f136bb1c000-7f136bb21000 r--s 00024000 08:06 4336310                    /home/rafael/.sbt/boot/scala-2.10.6/org.scala-sbt/sbt/0.13.11/persist-0.13.11.jar
7f136bb21000-7f136bb2a000 r--s 0006f000 08:06 4336348                    /home/rafael/.sbt/boot/scala-2.10.6/org.scala-sbt/sbt/0.13.11/actions-0.13.11.jar
7f136bb2a000-7f136bb2e000 r--s 0001c000 08:06 4336351                    /home/rafael/.sbt/boot/scala-2.10.6/org.scala-sbt/sbt/0.13.11/compiler-integration-0.13.11.jar
7f136bb2e000-7f136bb43000 r--s 00101000 08:06 4336324                    /home/rafael/.sbt/boot/scala-2.10.6/org.scala-sbt/sbt/0.13.11/ivy-2.3.0-sbt-2cc8d2761242b072cedb0a04cb39435c4fa24f9a.jar
7f136bb43000-7f136bb65000 r--s 001bc000 08:06 4336308                    /home/rafael/.sbt/boot/scala-2.10.6/org.scala-sbt/sbt/0.13.11/ivy-0.13.11.jar
7f136bb65000-7f136bb71000 r--s 000a4000 08:06 4336339                    /home/rafael/.sbt/boot/scala-2.10.6/org.scala-sbt/sbt/0.13.11/quasiquotes_2.10-2.0.1.jar
7f136bb71000-7f136bb74000 r--s 0001d000 08:06 4336344                    /home/rafael/.sbt/boot/scala-2.10.6/org.scala-sbt/sbt/0.13.11/task-system-0.13.11.jar
7f136bb74000-7f136bb76000 r--s 00015000 08:06 4336316                    /home/rafael/.sbt/boot/scala-2.10.6/org.scala-sbt/sbt/0.13.11/classfile-0.13.11.jar
7f136bb76000-7f136bba3000 r--s 00242000 08:06 4336343                    /home/rafael/.sbt/boot/scala-2.10.6/org.scala-sbt/sbt/0.13.11/main-0.13.11.jar
7f136bba3000-7f136bbd8000 r--s 002da000 08:06 4336360                    /home/rafael/.sbt/boot/scala-2.10.6/lib/scala-reflect.jar
7f136bbd8000-7f136bbe9000 r-xp 00000000 08:06 2898011                    /usr/lib/jvm/java-8-oracle/jre/lib/amd64/libnio.so
7f136bbe9000-7f136bde8000 ---p 00011000 08:06 2898011                    /usr/lib/jvm/java-8-oracle/jre/lib/amd64/libnio.so
7f136bde8000-7f136bde9000 rw-p 00010000 08:06 2898011                    /usr/lib/jvm/java-8-oracle/jre/lib/amd64/libnio.so
7f136bde9000-7f136bdff000 r-xp 00000000 08:06 2898027                    /usr/lib/jvm/java-8-oracle/jre/lib/amd64/libnet.so
7f136bdff000-7f136bfff000 ---p 00016000 08:06 2898027                    /usr/lib/jvm/java-8-oracle/jre/lib/amd64/libnet.so
7f136bfff000-7f136c000000 rw-p 00016000 08:06 2898027                    /usr/lib/jvm/java-8-oracle/jre/lib/amd64/libnet.so
7f136c000000-7f136c021000 rw-p 00000000 00:00 0 
7f136c021000-7f1370000000 ---p 00000000 00:00 0 
7f1370000000-7f1370021000 rw-p 00000000 00:00 0 
7f1370021000-7f1374000000 ---p 00000000 00:00 0 
7f1374000000-7f137418d000 rw-p 00000000 00:00 0 
7f137418d000-7f1378000000 ---p 00000000 00:00 0 
7f1378000000-7f137823b000 rw-p 00000000 00:00 0 
7f137823b000-7f137c000000 ---p 00000000 00:00 0 
7f137c000000-7f137c021000 rw-p 00000000 00:00 0 
7f137c021000-7f1380000000 ---p 00000000 00:00 0 
7f1380000000-7f138284b000 rw-p 00000000 00:00 0 
7f138284b000-7f1384000000 ---p 00000000 00:00 0 
7f1384000000-7f1384021000 rw-p 00000000 00:00 0 
7f1384021000-7f1388000000 ---p 00000000 00:00 0 
7f1388000000-7f1388021000 rw-p 00000000 00:00 0 
7f1388021000-7f138c000000 ---p 00000000 00:00 0 
7f138c000000-7f138c021000 rw-p 00000000 00:00 0 
7f138c021000-7f1390000000 ---p 00000000 00:00 0 
7f1390000000-7f1390021000 rw-p 00000000 00:00 0 
7f1390021000-7f1394000000 ---p 00000000 00:00 0 
7f1394000000-7f1394021000 rw-p 00000000 00:00 0 
7f1394021000-7f1398000000 ---p 00000000 00:00 0 
7f1398000000-7f1398021000 rw-p 00000000 00:00 0 
7f1398021000-7f139c000000 ---p 00000000 00:00 0 
7f139c000000-7f139c021000 rw-p 00000000 00:00 0 
7f139c021000-7f13a0000000 ---p 00000000 00:00 0 
7f13a0000000-7f13a0001000 r--s 00005000 08:06 4336320                    /home/rafael/.sbt/boot/scala-2.10.6/org.scala-sbt/sbt/0.13.11/test-agent-0.13.11.jar
7f13a0001000-7f13a000f000 r--s 000bc000 08:06 4336318                    /home/rafael/.sbt/boot/scala-2.10.6/org.scala-sbt/sbt/0.13.11/scala-pickling_2.10-0.10.1.jar
7f13a000f000-7f13a0012000 r--s 0001e000 08:06 4336319                    /home/rafael/.sbt/boot/scala-2.10.6/org.scala-sbt/sbt/0.13.11/run-0.13.11.jar
7f13a0012000-7f13a001d000 r--s 00097000 08:06 4336342                    /home/rafael/.sbt/boot/scala-2.10.6/org.scala-sbt/sbt/0.13.11/main-settings-0.13.11.jar
7f13a001d000-7f13a0021000 r--s 0001b000 08:06 4336338                    /home/rafael/.sbt/boot/scala-2.10.6/org.scala-sbt/sbt/0.13.11/process-0.13.11.jar
7f13a0021000-7f13a0029000 r--s 00060000 08:06 4336311                    /home/rafael/.sbt/boot/scala-2.10.6/org.scala-sbt/sbt/0.13.11/collections-0.13.11.jar
7f13a0029000-7f13a0127000 r--s 00cd0000 08:06 4336359                    /home/rafael/.sbt/boot/scala-2.10.6/lib/scala-compiler.jar
7f13a0127000-7f13a019a000 r--s 0065b000 08:06 4336363                    /home/rafael/.sbt/boot/scala-2.10.6/lib/scala-library.jar
7f13a019a000-7f13a019b000 ---p 00000000 00:00 0 
7f13a019b000-7f13a029b000 rw-p 00000000 00:00 0                          [stack:20961]
7f13a029b000-7f13a029e000 ---p 00000000 00:00 0 
7f13a029e000-7f13a039c000 rw-p 00000000 00:00 0                          [stack:20960]
7f13a039c000-7f13a039f000 ---p 00000000 00:00 0 
7f13a039f000-7f13a049d000 rw-p 00000000 00:00 0                          [stack:20959]
7f13a049d000-7f13a04a0000 ---p 00000000 00:00 0 
7f13a04a0000-7f13a059e000 rw-p 00000000 00:00 0                          [stack:20958]
7f13a059e000-7f13a05a1000 ---p 00000000 00:00 0 
7f13a05a1000-7f13a069f000 rw-p 00000000 00:00 0                          [stack:20957]
7f13a069f000-7f13a06a2000 ---p 00000000 00:00 0 
7f13a06a2000-7f13a07a0000 rw-p 00000000 00:00 0                          [stack:20956]
7f13a07a0000-7f13a0bdb000 r--p 00000000 08:06 667609                     /usr/lib/locale/locale-archive
7f13a0bdb000-7f13a0bde000 ---p 00000000 00:00 0 
7f13a0bde000-7f13a0cdc000 rw-p 00000000 00:00 0                          [stack:20955]
7f13a0cdc000-7f13a0cdf000 ---p 00000000 00:00 0 
7f13a0cdf000-7f13a0ddd000 rw-p 00000000 00:00 0                          [stack:20954]
7f13a0ddd000-7f13a0dde000 ---p 00000000 00:00 0 
7f13a0dde000-7f13a1e3c000 rw-p 00000000 00:00 0                          [stack:20953]
7f13a1e3c000-7f13a2014000 r--s 03d1e000 08:06 2634548                    /usr/lib/jvm/java-8-oracle/jre/lib/rt.jar
7f13a2014000-7f13a4194000 rw-p 00000000 00:00 0 
7f13a4194000-7f13a4195000 ---p 00000000 00:00 0 
7f13a4195000-7f13a4295000 rw-p 00000000 00:00 0                          [stack:20952]
7f13a4295000-7f13a4296000 ---p 00000000 00:00 0 
7f13a4296000-7f13a4396000 rw-p 00000000 00:00 0                          [stack:20951]
7f13a4396000-7f13a4397000 ---p 00000000 00:00 0 
7f13a4397000-7f13a4497000 rw-p 00000000 00:00 0                          [stack:20950]
7f13a4497000-7f13a4498000 ---p 00000000 00:00 0 
7f13a4498000-7f13a45ad000 rw-p 00000000 00:00 0                          [stack:20949]
7f13a45ad000-7f13a4698000 ---p 00000000 00:00 0 
7f13a4698000-7f13a46ad000 rw-p 00000000 00:00 0 
7f13a46ad000-7f13a4798000 ---p 00000000 00:00 0 
7f13a4798000-7f13a47a7000 rw-p 00000000 00:00 0 
7f13a47a7000-7f13a4818000 ---p 00000000 00:00 0 
7f13a4818000-7f13a4828000 rw-p 00000000 00:00 0 
7f13a4828000-7f13a4bd9000 ---p 00000000 00:00 0 
7f13a4bd9000-7f13a4f79000 rwxp 00000000 00:00 0 
7f13a4f79000-7f13b3bd9000 ---p 00000000 00:00 0 
7f13b3bd9000-7f13b3bf3000 r-xp 00000000 08:06 2898019                    /usr/lib/jvm/java-8-oracle/jre/lib/amd64/libzip.so
7f13b3bf3000-7f13b3df3000 ---p 0001a000 08:06 2898019                    /usr/lib/jvm/java-8-oracle/jre/lib/amd64/libzip.so
7f13b3df3000-7f13b3df4000 rw-p 0001a000 08:06 2898019                    /usr/lib/jvm/java-8-oracle/jre/lib/amd64/libzip.so
7f13b3df4000-7f13b3dff000 r-xp 00000000 08:06 3675477                    /lib/x86_64-linux-gnu/libnss_files-2.19.so
7f13b3dff000-7f13b3ffe000 ---p 0000b000 08:06 3675477                    /lib/x86_64-linux-gnu/libnss_files-2.19.so
7f13b3ffe000-7f13b3fff000 r--p 0000a000 08:06 3675477                    /lib/x86_64-linux-gnu/libnss_files-2.19.so
7f13b3fff000-7f13b4000000 rw-p 0000b000 08:06 3675477                    /lib/x86_64-linux-gnu/libnss_files-2.19.so
7f13b4000000-7f13b4f38000 rw-p 00000000 00:00 0 
7f13b4f38000-7f13b8000000 ---p 00000000 00:00 0 
7f13b8000000-7f13b8001000 r--s 00002000 08:06 4336356                    /home/rafael/.sbt/boot/scala-2.10.6/org.scala-sbt/sbt/0.13.11/launcher-interface-1.0.0-M1.jar
7f13b8001000-7f13b8003000 r--s 00002000 08:06 4336314                    /home/rafael/.sbt/boot/scala-2.10.6/org.scala-sbt/sbt/0.13.11/control-0.13.11.jar
7f13b8003000-7f13b8005000 r--s 0000e000 08:06 4336332                    /home/rafael/.sbt/boot/scala-2.10.6/org.scala-sbt/sbt/0.13.11/logic-0.13.11.jar
7f13b8005000-7f13b8009000 r--s 00034000 08:06 4336312                    /home/rafael/.sbt/boot/scala-2.10.6/org.scala-sbt/sbt/0.13.11/jsch-0.1.46.jar
7f13b8009000-7f13b800b000 r--s 00007000 08:06 4336349                    /home/rafael/.sbt/boot/scala-2.10.6/org.scala-sbt/sbt/0.13.11/paranamer-2.6.jar
7f13b800b000-7f13b800e000 r--s 0001a000 08:06 4336352                    /home/rafael/.sbt/boot/scala-2.10.6/org.scala-sbt/sbt/0.13.11/cache-0.13.11.jar
7f13b800e000-7f13b802a000 r--s 0010c000 08:06 2107666                    /home/rafael/.IntelliJIdea15/config/plugins/Scala/launcher/sbt-launch.jar
7f13b802a000-7f13b8035000 r-xp 00000000 08:06 3675464                    /lib/x86_64-linux-gnu/libnss_nis-2.19.so
7f13b8035000-7f13b8234000 ---p 0000b000 08:06 3675464                    /lib/x86_64-linux-gnu/libnss_nis-2.19.so
7f13b8234000-7f13b8235000 r--p 0000a000 08:06 3675464                    /lib/x86_64-linux-gnu/libnss_nis-2.19.so
7f13b8235000-7f13b8236000 rw-p 0000b000 08:06 3675464                    /lib/x86_64-linux-gnu/libnss_nis-2.19.so
7f13b8236000-7f13b824d000 r-xp 00000000 08:06 3675448                    /lib/x86_64-linux-gnu/libnsl-2.19.so
7f13b824d000-7f13b844c000 ---p 00017000 08:06 3675448                    /lib/x86_64-linux-gnu/libnsl-2.19.so
7f13b844c000-7f13b844d000 r--p 00016000 08:06 3675448                    /lib/x86_64-linux-gnu/libnsl-2.19.so
7f13b844d000-7f13b844e000 rw-p 00017000 08:06 3675448                    /lib/x86_64-linux-gnu/libnsl-2.19.so
7f13b844e000-7f13b8450000 rw-p 00000000 00:00 0 
7f13b8450000-7f13b8459000 r-xp 00000000 08:06 3675447                    /lib/x86_64-linux-gnu/libnss_compat-2.19.so
7f13b8459000-7f13b8658000 ---p 00009000 08:06 3675447                    /lib/x86_64-linux-gnu/libnss_compat-2.19.so
7f13b8658000-7f13b8659000 r--p 00008000 08:06 3675447                    /lib/x86_64-linux-gnu/libnss_compat-2.19.so
7f13b8659000-7f13b865a000 rw-p 00009000 08:06 3675447                    /lib/x86_64-linux-gnu/libnss_compat-2.19.so
7f13b865a000-7f13b8684000 r-xp 00000000 08:06 2897992                    /usr/lib/jvm/java-8-oracle/jre/lib/amd64/libjava.so
7f13b8684000-7f13b8884000 ---p 0002a000 08:06 2897992                    /usr/lib/jvm/java-8-oracle/jre/lib/amd64/libjava.so
7f13b8884000-7f13b8886000 rw-p 0002a000 08:06 2897992                    /usr/lib/jvm/java-8-oracle/jre/lib/amd64/libjava.so
7f13b8886000-7f13b8893000 r-xp 00000000 08:06 2898008                    /usr/lib/jvm/java-8-oracle/jre/lib/amd64/libverify.so
7f13b8893000-7f13b8a93000 ---p 0000d000 08:06 2898008                    /usr/lib/jvm/java-8-oracle/jre/lib/amd64/libverify.so
7f13b8a93000-7f13b8a95000 rw-p 0000d000 08:06 2898008                    /usr/lib/jvm/java-8-oracle/jre/lib/amd64/libverify.so
7f13b8a95000-7f13b8a9c000 r-xp 00000000 08:06 3675471                    /lib/x86_64-linux-gnu/librt-2.19.so
7f13b8a9c000-7f13b8c9b000 ---p 00007000 08:06 3675471                    /lib/x86_64-linux-gnu/librt-2.19.so
7f13b8c9b000-7f13b8c9c000 r--p 00006000 08:06 3675471                    /lib/x86_64-linux-gnu/librt-2.19.so
7f13b8c9c000-7f13b8c9d000 rw-p 00007000 08:06 3675471                    /lib/x86_64-linux-gnu/librt-2.19.so
7f13b8c9d000-7f13b8da2000 r-xp 00000000 08:06 3675437                    /lib/x86_64-linux-gnu/libm-2.19.so
7f13b8da2000-7f13b8fa1000 ---p 00105000 08:06 3675437                    /lib/x86_64-linux-gnu/libm-2.19.so
7f13b8fa1000-7f13b8fa2000 r--p 00104000 08:06 3675437                    /lib/x86_64-linux-gnu/libm-2.19.so
7f13b8fa2000-7f13b8fa3000 rw-p 00105000 08:06 3675437                    /lib/x86_64-linux-gnu/libm-2.19.so
7f13b8fa3000-7f13b9c62000 r-xp 00000000 08:06 2898021                    /usr/lib/jvm/java-8-oracle/jre/lib/amd64/server/libjvm.so
7f13b9c62000-7f13b9e61000 ---p 00cbf000 08:06 2898021                    /usr/lib/jvm/java-8-oracle/jre/lib/amd64/server/libjvm.so
7f13b9e61000-7f13b9f3a000 rw-p 00cbe000 08:06 2898021                    /usr/lib/jvm/java-8-oracle/jre/lib/amd64/server/libjvm.so
7f13b9f3a000-7f13b9f83000 rw-p 00000000 00:00 0 
7f13b9f83000-7f13ba13e000 r-xp 00000000 08:06 3675472                    /lib/x86_64-linux-gnu/libc-2.19.so
7f13ba13e000-7f13ba33d000 ---p 001bb000 08:06 3675472                    /lib/x86_64-linux-gnu/libc-2.19.so
7f13ba33d000-7f13ba341000 r--p 001ba000 08:06 3675472                    /lib/x86_64-linux-gnu/libc-2.19.so
7f13ba341000-7f13ba343000 rw-p 001be000 08:06 3675472                    /lib/x86_64-linux-gnu/libc-2.19.so
7f13ba343000-7f13ba348000 rw-p 00000000 00:00 0 
7f13ba348000-7f13ba34b000 r-xp 00000000 08:06 3675444                    /lib/x86_64-linux-gnu/libdl-2.19.so
7f13ba34b000-7f13ba54a000 ---p 00003000 08:06 3675444                    /lib/x86_64-linux-gnu/libdl-2.19.so
7f13ba54a000-7f13ba54b000 r--p 00002000 08:06 3675444                    /lib/x86_64-linux-gnu/libdl-2.19.so
7f13ba54b000-7f13ba54c000 rw-p 00003000 08:06 3675444                    /lib/x86_64-linux-gnu/libdl-2.19.so
7f13ba54c000-7f13ba561000 r-xp 00000000 08:06 2629365                    /usr/lib/jvm/java-8-oracle/lib/amd64/jli/libjli.so
7f13ba561000-7f13ba761000 ---p 00015000 08:06 2629365                    /usr/lib/jvm/java-8-oracle/lib/amd64/jli/libjli.so
7f13ba761000-7f13ba762000 rw-p 00015000 08:06 2629365                    /usr/lib/jvm/java-8-oracle/lib/amd64/jli/libjli.so
7f13ba762000-7f13ba77b000 r-xp 00000000 08:06 3675449                    /lib/x86_64-linux-gnu/libpthread-2.19.so
7f13ba77b000-7f13ba97a000 ---p 00019000 08:06 3675449                    /lib/x86_64-linux-gnu/libpthread-2.19.so
7f13ba97a000-7f13ba97b000 r--p 00018000 08:06 3675449                    /lib/x86_64-linux-gnu/libpthread-2.19.so
7f13ba97b000-7f13ba97c000 rw-p 00019000 08:06 3675449                    /lib/x86_64-linux-gnu/libpthread-2.19.so
7f13ba97c000-7f13ba980000 rw-p 00000000 00:00 0 
7f13ba980000-7f13ba9a3000 r-xp 00000000 08:06 3675451                    /lib/x86_64-linux-gnu/ld-2.19.so
7f13ba9a3000-7f13ba9a5000 r--s 00006000 08:06 4336357                    /home/rafael/.sbt/boot/scala-2.10.6/org.scala-sbt/sbt/0.13.11/relation-0.13.11.jar
7f13ba9a5000-7f13baa76000 rw-p 00000000 00:00 0 
7f13baa76000-7f13baa79000 ---p 00000000 00:00 0 
7f13baa79000-7f13bab7b000 rw-p 00000000 00:00 0                          [stack:20948]
7f13bab7b000-7f13bab7c000 r--s 00001000 08:06 4336309                    /home/rafael/.sbt/boot/scala-2.10.6/org.scala-sbt/sbt/0.13.11/json4s-support_2.10-0.6.0.jar
7f13bab7c000-7f13bab80000 r--s 00022000 08:06 4336335                    /home/rafael/.sbt/boot/scala-2.10.6/org.scala-sbt/sbt/0.13.11/sbinary_2.10-0.4.2.jar
7f13bab80000-7f13bab83000 r--s 00018000 08:06 4336361                    /home/rafael/.sbt/boot/scala-2.10.6/lib/jansi.jar
7f13bab83000-7f13bab87000 r--s 00025000 08:06 4336362                    /home/rafael/.sbt/boot/scala-2.10.6/lib/jline.jar
7f13bab87000-7f13bab96000 rw-p 00000000 00:00 0 
7f13bab96000-7f13bab9e000 rw-s 00000000 08:06 2237481                    /tmp/hsperfdata_rafael/20947
7f13bab9e000-7f13bab9f000 rw-p 00000000 00:00 0 
7f13bab9f000-7f13baba0000 r--p 00000000 00:00 0 
7f13baba0000-7f13baba2000 rw-p 00000000 00:00 0 
7f13baba2000-7f13baba3000 r--p 00022000 08:06 3675451                    /lib/x86_64-linux-gnu/ld-2.19.so
7f13baba3000-7f13baba4000 rw-p 00023000 08:06 3675451                    /lib/x86_64-linux-gnu/ld-2.19.so
7f13baba4000-7f13baba5000 rw-p 00000000 00:00 0 
7ffdee4da000-7ffdee4fb000 rw-p 00000000 00:00 0                          [stack]
7ffdee561000-7ffdee563000 r-xp 00000000 00:00 0                          [vdso]
ffffffffff600000-ffffffffff601000 r-xp 00000000 00:00 0                  [vsyscall]

VM Arguments:
jvm_args: -Djline.terminal=jline.UnsupportedTerminal -Dsbt.log.noformat=true -Dfile.encoding=UTF-8 -Xmx768M -XX:MaxPermSize=384M 
java_command: /home/rafael/.IntelliJIdea15/config/plugins/Scala/launcher/sbt-launch.jar
java_class_path (initial): /home/rafael/.IntelliJIdea15/config/plugins/Scala/launcher/sbt-launch.jar
Launcher Type: SUN_STANDARD

Environment Variables:
JAVA_HOME=/usr/lib/jvm/java-8-oracle
PATH=/usr/local/sbin:/usr/local/bin:/usr/sbin:/usr/bin:/sbin:/bin:/usr/games:/usr/local/games:/usr/lib/jvm/java-8-oracle/bin:/usr/lib/jvm/java-8-oracle/db/bin:/usr/lib/jvm/java-8-oracle/jre/bin
LD_LIBRARY_PATH=/home/rafael/Documentos/idea-IU-143.1821.5/bin:
SHELL=/bin/bash
DISPLAY=:0

Signal Handlers:
SIGSEGV: [libjvm.so+0xabb070], sa_mask[0]=11111111011111111101111111111110, sa_flags=SA_RESTART|SA_SIGINFO
SIGBUS: [libjvm.so+0xabb070], sa_mask[0]=11111111011111111101111111111110, sa_flags=SA_RESTART|SA_SIGINFO
SIGFPE: [libjvm.so+0x918480], sa_mask[0]=11111111011111111101111111111110, sa_flags=SA_RESTART|SA_SIGINFO
SIGPIPE: [libjvm.so+0x918480], sa_mask[0]=11111111011111111101111111111110, sa_flags=SA_RESTART|SA_SIGINFO
SIGXFSZ: [libjvm.so+0x918480], sa_mask[0]=11111111011111111101111111111110, sa_flags=SA_RESTART|SA_SIGINFO
SIGILL: [libjvm.so+0x918480], sa_mask[0]=11111111011111111101111111111110, sa_flags=SA_RESTART|SA_SIGINFO
SIGUSR1: SIG_DFL, sa_mask[0]=00000000000000000000000000000000, sa_flags=none
SIGUSR2: [libjvm.so+0x919ab0], sa_mask[0]=00100000000000000000000000000000, sa_flags=SA_RESTART|SA_SIGINFO
SIGHUP: [libjvm.so+0x91aeb0], sa_mask[0]=11111111011111111101111111111110, sa_flags=SA_RESTART|SA_SIGINFO
SIGINT: [libjvm.so+0x91aeb0], sa_mask[0]=11111111011111111101111111111110, sa_flags=SA_RESTART|SA_SIGINFO
SIGTERM: [libjvm.so+0x91aeb0], sa_mask[0]=11111111011111111101111111111110, sa_flags=SA_RESTART|SA_SIGINFO
SIGQUIT: [libjvm.so+0x91aeb0], sa_mask[0]=11111111011111111101111111111110, sa_flags=SA_RESTART|SA_SIGINFO


---------------  S Y S T E M  ---------------

OS:DISTRIB_ID=Ubuntu
DISTRIB_RELEASE=14.04
DISTRIB_CODENAME=trusty
DISTRIB_DESCRIPTION="Ubuntu 14.04.4 LTS"

uname:Linux 3.13.0-85-generic #129-Ubuntu SMP Thu Mar 17 20:50:15 UTC 2016 x86_64
libc:glibc 2.19 NPTL 2.19 
rlimit: STACK 8192k, CORE 0k, NPROC 31153, NOFILE 4096, AS infinity
load average:2,64 2,35 1,91

/proc/meminfo:
MemTotal:        4009200 kB
MemFree:          130628 kB
Buffers:           16340 kB
Cached:           257908 kB
SwapCached:        90616 kB
Active:          2521676 kB
Inactive:        1057128 kB
Active(anon):    2417892 kB
Inactive(anon):   977344 kB
Active(file):     103784 kB
Inactive(file):    79784 kB
Unevictable:          72 kB
Mlocked:              72 kB
SwapTotal:       4153340 kB
SwapFree:        3204552 kB
Dirty:              2084 kB
Writeback:           240 kB
AnonPages:       3265980 kB
Mapped:           212212 kB
Shmem:             90492 kB
Slab:             139292 kB
SReclaimable:      93780 kB
SUnreclaim:        45512 kB
KernelStack:        6304 kB
PageTables:        53672 kB
NFS_Unstable:          0 kB
Bounce:                0 kB
WritebackTmp:          0 kB
CommitLimit:     6157940 kB
Committed_AS:   10123368 kB
VmallocTotal:   34359738367 kB
VmallocUsed:      115500 kB
VmallocChunk:   34359617020 kB
HardwareCorrupted:     0 kB
AnonHugePages:    817152 kB
HugePages_Total:       0
HugePages_Free:        0
HugePages_Rsvd:        0
HugePages_Surp:        0
Hugepagesize:       2048 kB
DirectMap4k:      215552 kB
DirectMap2M:     3940352 kB


CPU:total 4 (2 cores per cpu, 2 threads per core) family 6 model 58 stepping 9, cmov, cx8, fxsr, mmx, sse, sse2, sse3, ssse3, sse4.1, sse4.2, popcnt, avx, aes, clmul, erms, ht, tsc, tscinvbit, tscinv

/proc/cpuinfo:
processor	: 0
vendor_id	: GenuineIntel
cpu family	: 6
model		: 58
model name	: Intel(R) Core(TM) i5-3230M CPU @ 2.60GHz
stepping	: 9
microcode	: 0x15
cpu MHz		: 1200.000
cache size	: 3072 KB
physical id	: 0
siblings	: 4
core id		: 0
cpu cores	: 2
apicid		: 0
initial apicid	: 0
fpu		: yes
fpu_exception	: yes
cpuid level	: 13
wp		: yes
flags		: fpu vme de pse tsc msr pae mce cx8 apic sep mtrr pge mca cmov pat pse36 clflush dts acpi mmx fxsr sse sse2 ss ht tm pbe syscall nx rdtscp lm constant_tsc arch_perfmon pebs bts rep_good nopl xtopology nonstop_tsc aperfmperf eagerfpu pni pclmulqdq dtes64 monitor ds_cpl vmx est tm2 ssse3 cx16 xtpr pdcm pcid sse4_1 sse4_2 x2apic popcnt tsc_deadline_timer aes xsave avx f16c rdrand lahf_lm ida arat epb xsaveopt pln pts dtherm tpr_shadow vnmi flexpriority ept vpid fsgsbase smep erms
bogomips	: 5188.11
clflush size	: 64
cache_alignment	: 64
address sizes	: 36 bits physical, 48 bits virtual
power management:

processor	: 1
vendor_id	: GenuineIntel
cpu family	: 6
model		: 58
model name	: Intel(R) Core(TM) i5-3230M CPU @ 2.60GHz
stepping	: 9
microcode	: 0x15
cpu MHz		: 1900.000
cache size	: 3072 KB
physical id	: 0
siblings	: 4
core id		: 0
cpu cores	: 2
apicid		: 1
initial apicid	: 1
fpu		: yes
fpu_exception	: yes
cpuid level	: 13
wp		: yes
flags		: fpu vme de pse tsc msr pae mce cx8 apic sep mtrr pge mca cmov pat pse36 clflush dts acpi mmx fxsr sse sse2 ss ht tm pbe syscall nx rdtscp lm constant_tsc arch_perfmon pebs bts rep_good nopl xtopology nonstop_tsc aperfmperf eagerfpu pni pclmulqdq dtes64 monitor ds_cpl vmx est tm2 ssse3 cx16 xtpr pdcm pcid sse4_1 sse4_2 x2apic popcnt tsc_deadline_timer aes xsave avx f16c rdrand lahf_lm ida arat epb xsaveopt pln pts dtherm tpr_shadow vnmi flexpriority ept vpid fsgsbase smep erms
bogomips	: 5188.11
clflush size	: 64
cache_alignment	: 64
address sizes	: 36 bits physical, 48 bits virtual
power management:

processor	: 2
vendor_id	: GenuineIntel
cpu family	: 6
model		: 58
model name	: Intel(R) Core(TM) i5-3230M CPU @ 2.60GHz
stepping	: 9
microcode	: 0x15
cpu MHz		: 2600.000
cache size	: 3072 KB
physical id	: 0
siblings	: 4
core id		: 1
cpu cores	: 2
apicid		: 2
initial apicid	: 2
fpu		: yes
fpu_exception	: yes
cpuid level	: 13
wp		: yes
flags		: fpu vme de pse tsc msr pae mce cx8 apic sep mtrr pge mca cmov pat pse36 clflush dts acpi mmx fxsr sse sse2 ss ht tm pbe syscall nx rdtscp lm constant_tsc arch_perfmon pebs bts rep_good nopl xtopology nonstop_tsc aperfmperf eagerfpu pni pclmulqdq dtes64 monitor ds_cpl vmx est tm2 ssse3 cx16 xtpr pdcm pcid sse4_1 sse4_2 x2apic popcnt tsc_deadline_timer aes xsave avx f16c rdrand lahf_lm ida arat epb xsaveopt pln pts dtherm tpr_shadow vnmi flexpriority ept vpid fsgsbase smep erms
bogomips	: 5188.11
clflush size	: 64
cache_alignment	: 64
address sizes	: 36 bits physical, 48 bits virtual
power management:

processor	: 3
vendor_id	: GenuineIntel
cpu family	: 6
model		: 58
model name	: Intel(R) Core(TM) i5-3230M CPU @ 2.60GHz
stepping	: 9
microcode	: 0x15
cpu MHz		: 2600.000
cache size	: 3072 KB
physical id	: 0
siblings	: 4
core id		: 1
cpu cores	: 2
apicid		: 3
initial apicid	: 3
fpu		: yes
fpu_exception	: yes
cpuid level	: 13
wp		: yes
flags		: fpu vme de pse tsc msr pae mce cx8 apic sep mtrr pge mca cmov pat pse36 clflush dts acpi mmx fxsr sse sse2 ss ht tm pbe syscall nx rdtscp lm constant_tsc arch_perfmon pebs bts rep_good nopl xtopology nonstop_tsc aperfmperf eagerfpu pni pclmulqdq dtes64 monitor ds_cpl vmx est tm2 ssse3 cx16 xtpr pdcm pcid sse4_1 sse4_2 x2apic popcnt tsc_deadline_timer aes xsave avx f16c rdrand lahf_lm ida arat epb xsaveopt pln pts dtherm tpr_shadow vnmi flexpriority ept vpid fsgsbase smep erms
bogomips	: 5188.11
clflush size	: 64
cache_alignment	: 64
address sizes	: 36 bits physical, 48 bits virtual
power management:



Memory: 4k page, physical 4009200k(130628k free), swap 4153340k(3204552k free)

vm_info: Java HotSpot(TM) 64-Bit Server VM (25.77-b03) for linux-amd64 JRE (1.8.0_77-b03), built on Mar 20 2016 22:00:46 by "java_re" with gcc 4.3.0 20080428 (Red Hat 4.3.0-8)

time: Fri Apr 15 20:53:09 2016
elapsed time: 12 seconds (0d 0h 0m 12s)

